<?xml version="1.0" encoding="utf-8"?>
<TestRun id="fc1f0e54-dc42-444d-8b5d-78835f2890af" name="runneradmin@fv-az1564-133 2024-06-24 07:01:51" runUser="fv-az1564-133\runneradmin" xmlns="http://microsoft.com/schemas/VisualStudio/TeamTest/2010">
  <Times creation="2024-06-24T07:01:51.1677361+00:00" queuing="2024-06-24T07:01:51.1677363+00:00" start="2024-06-24T07:01:50.0893745+00:00" finish="2024-06-24T07:01:51.1793406+00:00" />
  <TestSettings name="default" id="dd9a0354-9c2c-4a84-a415-b312218ae1b4">
    <Deployment runDeploymentRoot="runneradmin_fv-az1564-133_2024-06-24_07_01_51" />
  </TestSettings>
  <Results>
    <UnitTestResult executionId="1a75ac12-6367-43eb-b2b1-41a3a2dd9df7" testId="b85b9cd0-1bcf-2c09-696c-ba58ea2c8960" testName="MockRepositoryTests2" computerName="fv-az1564-133" duration="00:00:00.0080389" startTime="2024-06-24T07:01:50.7119239+00:00" endTime="2024-06-24T07:01:50.7201536+00:00" testType="13cdc9d9-ddb5-4fa4-a97d-d965ccfc6d4b" outcome="Passed" testListId="8c84fa94-04c1-424b-9868-57a2d4851a1d" relativeResultsDirectory="1a75ac12-6367-43eb-b2b1-41a3a2dd9df7" />
    <UnitTestResult executionId="e8c20123-1c14-41a6-ac63-5180f2b25252" testId="4d9a623e-042e-c9ac-b488-194bbf075b36" testName="MockRepositoryTests3" computerName="fv-az1564-133" duration="00:00:00.0051438" startTime="2024-06-24T07:01:50.7204124+00:00" endTime="2024-06-24T07:01:50.7256649+00:00" testType="13cdc9d9-ddb5-4fa4-a97d-d965ccfc6d4b" outcome="Passed" testListId="8c84fa94-04c1-424b-9868-57a2d4851a1d" relativeResultsDirectory="e8c20123-1c14-41a6-ac63-5180f2b25252" />
    <UnitTestResult executionId="583de0b6-9d33-4bde-9e8d-5aeacd0224aa" testId="2486bace-5605-762b-c0ee-d108e8300ef5" testName="MockRepositoryTests4" computerName="fv-az1564-133" duration="00:00:00.0042421" startTime="2024-06-24T07:01:50.7257008+00:00" endTime="2024-06-24T07:01:50.7318357+00:00" testType="13cdc9d9-ddb5-4fa4-a97d-d965ccfc6d4b" outcome="Passed" testListId="8c84fa94-04c1-424b-9868-57a2d4851a1d" relativeResultsDirectory="583de0b6-9d33-4bde-9e8d-5aeacd0224aa" />
    <UnitTestResult executionId="d098534c-ea69-4b68-aaef-b3e0bb43a822" testId="0605805d-d351-459d-0d69-eb18696cb82e" testName="MockRepositoryTests" computerName="fv-az1564-133" duration="00:00:00.0545846" startTime="2024-06-24T07:01:50.6236291+00:00" endTime="2024-06-24T07:01:50.7080109+00:00" testType="13cdc9d9-ddb5-4fa4-a97d-d965ccfc6d4b" outcome="Passed" testListId="8c84fa94-04c1-424b-9868-57a2d4851a1d" relativeResultsDirectory="d098534c-ea69-4b68-aaef-b3e0bb43a822" />
  </Results>
  <TestDefinitions>
    <UnitTest name="MockRepositoryTests4" storage="d:\a\rcs-front\rcs-front\kassa.tests\bin\debug\net8.0\kassa.tests.dll" id="2486bace-5605-762b-c0ee-d108e8300ef5">
      <Execution id="583de0b6-9d33-4bde-9e8d-5aeacd0224aa" />
      <TestMethod codeBase="D:\a\rcs-front\rcs-front\Kassa.Tests\bin\Debug\net8.0\Kassa.Tests.dll" adapterTypeName="executor://mstestadapter/v2" className="Kassa.Tests.MockTests" name="MockRepositoryTests4" />
    </UnitTest>
    <UnitTest name="MockRepositoryTests2" storage="d:\a\rcs-front\rcs-front\kassa.tests\bin\debug\net8.0\kassa.tests.dll" id="b85b9cd0-1bcf-2c09-696c-ba58ea2c8960">
      <Execution id="1a75ac12-6367-43eb-b2b1-41a3a2dd9df7" />
      <TestMethod codeBase="D:\a\rcs-front\rcs-front\Kassa.Tests\bin\Debug\net8.0\Kassa.Tests.dll" adapterTypeName="executor://mstestadapter/v2" className="Kassa.Tests.MockTests" name="MockRepositoryTests2" />
    </UnitTest>
    <UnitTest name="MockRepositoryTests3" storage="d:\a\rcs-front\rcs-front\kassa.tests\bin\debug\net8.0\kassa.tests.dll" id="4d9a623e-042e-c9ac-b488-194bbf075b36">
      <Execution id="e8c20123-1c14-41a6-ac63-5180f2b25252" />
      <TestMethod codeBase="D:\a\rcs-front\rcs-front\Kassa.Tests\bin\Debug\net8.0\Kassa.Tests.dll" adapterTypeName="executor://mstestadapter/v2" className="Kassa.Tests.MockTests" name="MockRepositoryTests3" />
    </UnitTest>
    <UnitTest name="MockRepositoryTests" storage="d:\a\rcs-front\rcs-front\kassa.tests\bin\debug\net8.0\kassa.tests.dll" id="0605805d-d351-459d-0d69-eb18696cb82e">
      <Execution id="d098534c-ea69-4b68-aaef-b3e0bb43a822" />
      <TestMethod codeBase="D:\a\rcs-front\rcs-front\Kassa.Tests\bin\Debug\net8.0\Kassa.Tests.dll" adapterTypeName="executor://mstestadapter/v2" className="Kassa.Tests.MockTests" name="MockRepositoryTests" />
    </UnitTest>
  </TestDefinitions>
  <TestEntries>
    <TestEntry testId="b85b9cd0-1bcf-2c09-696c-ba58ea2c8960" executionId="1a75ac12-6367-43eb-b2b1-41a3a2dd9df7" testListId="8c84fa94-04c1-424b-9868-57a2d4851a1d" />
    <TestEntry testId="4d9a623e-042e-c9ac-b488-194bbf075b36" executionId="e8c20123-1c14-41a6-ac63-5180f2b25252" testListId="8c84fa94-04c1-424b-9868-57a2d4851a1d" />
    <TestEntry testId="2486bace-5605-762b-c0ee-d108e8300ef5" executionId="583de0b6-9d33-4bde-9e8d-5aeacd0224aa" testListId="8c84fa94-04c1-424b-9868-57a2d4851a1d" />
    <TestEntry testId="0605805d-d351-459d-0d69-eb18696cb82e" executionId="d098534c-ea69-4b68-aaef-b3e0bb43a822" testListId="8c84fa94-04c1-424b-9868-57a2d4851a1d" />
  </TestEntries>
  <TestLists>
    <TestList name="Results Not in a List" id="8c84fa94-04c1-424b-9868-57a2d4851a1d" />
    <TestList name="All Loaded Results" id="19431567-8539-422a-85d7-44ee4e166bda" />
  </TestLists>
  <ResultSummary outcome="Completed">
    <Counters total="4" executed="4" passed="4" failed="0" error="0" timeout="0" aborted="0" inconclusive="0" passedButRunAborted="0" notRunnable="0" notExecuted="0" disconnected="0" warning="0" completed="0" inProgress="0" pending="0" />
  </ResultSummary>
</TestRun>