<?xml version="1.0" encoding="utf-8"?>
<TestRun id="94c05d05-d428-4114-8650-2d66adfd8d6b" name="runneradmin@fv-az1489-381 2024-06-24 09:15:53" runUser="fv-az1489-381\runneradmin" xmlns="http://microsoft.com/schemas/VisualStudio/TeamTest/2010">
  <Times creation="2024-06-24T09:15:53.2562895+00:00" queuing="2024-06-24T09:15:53.2562896+00:00" start="2024-06-24T09:15:51.6747159+00:00" finish="2024-06-24T09:15:53.2757682+00:00" />
  <TestSettings name="default" id="636e684d-62a1-429b-aa8b-31f351fe105d">
    <Deployment runDeploymentRoot="runneradmin_fv-az1489-381_2024-06-24_09_15_53" />
  </TestSettings>
  <Results>
    <UnitTestResult executionId="d9bfa953-8378-40d1-94e7-1ababe6d5f2f" testId="2486bace-5605-762b-c0ee-d108e8300ef5" testName="MockRepositoryTests4" computerName="fv-az1489-381" duration="00:00:00.0031593" startTime="2024-06-24T09:15:52.3327712+00:00" endTime="2024-06-24T09:15:52.3373175+00:00" testType="13cdc9d9-ddb5-4fa4-a97d-d965ccfc6d4b" outcome="Passed" testListId="8c84fa94-04c1-424b-9868-57a2d4851a1d" relativeResultsDirectory="d9bfa953-8378-40d1-94e7-1ababe6d5f2f" />
    <UnitTestResult executionId="6ae3b086-7584-4da2-8984-b33bb3a7de5b" testId="b85b9cd0-1bcf-2c09-696c-ba58ea2c8960" testName="MockRepositoryTests2" computerName="fv-az1489-381" duration="00:00:00.0079913" startTime="2024-06-24T09:15:52.3190710+00:00" endTime="2024-06-24T09:15:52.3272377+00:00" testType="13cdc9d9-ddb5-4fa4-a97d-d965ccfc6d4b" outcome="Passed" testListId="8c84fa94-04c1-424b-9868-57a2d4851a1d" relativeResultsDirectory="6ae3b086-7584-4da2-8984-b33bb3a7de5b" />
    <UnitTestResult executionId="cf093df1-f1c3-4fe1-8a4e-5534dfd0cc71" testId="0605805d-d351-459d-0d69-eb18696cb82e" testName="MockRepositoryTests" computerName="fv-az1489-381" duration="00:00:00.0537057" startTime="2024-06-24T09:15:52.2178292+00:00" endTime="2024-06-24T09:15:52.3152491+00:00" testType="13cdc9d9-ddb5-4fa4-a97d-d965ccfc6d4b" outcome="Passed" testListId="8c84fa94-04c1-424b-9868-57a2d4851a1d" relativeResultsDirectory="cf093df1-f1c3-4fe1-8a4e-5534dfd0cc71" />
    <UnitTestResult executionId="c79186e1-9741-4ca0-b1da-560f74a73ee1" testId="4d9a623e-042e-c9ac-b488-194bbf075b36" testName="MockRepositoryTests3" computerName="fv-az1489-381" duration="00:00:00.0051259" startTime="2024-06-24T09:15:52.3275023+00:00" endTime="2024-06-24T09:15:52.3327367+00:00" testType="13cdc9d9-ddb5-4fa4-a97d-d965ccfc6d4b" outcome="Passed" testListId="8c84fa94-04c1-424b-9868-57a2d4851a1d" relativeResultsDirectory="c79186e1-9741-4ca0-b1da-560f74a73ee1" />
  </Results>
  <TestDefinitions>
    <UnitTest name="MockRepositoryTests4" storage="d:\a\rcs-front\rcs-front\kassa.tests\bin\debug\net8.0\kassa.tests.dll" id="2486bace-5605-762b-c0ee-d108e8300ef5">
      <Execution id="d9bfa953-8378-40d1-94e7-1ababe6d5f2f" />
      <TestMethod codeBase="D:\a\rcs-front\rcs-front\Kassa.Tests\bin\Debug\net8.0\Kassa.Tests.dll" adapterTypeName="executor://mstestadapter/v2" className="Kassa.Tests.MockTests" name="MockRepositoryTests4" />
    </UnitTest>
    <UnitTest name="MockRepositoryTests2" storage="d:\a\rcs-front\rcs-front\kassa.tests\bin\debug\net8.0\kassa.tests.dll" id="b85b9cd0-1bcf-2c09-696c-ba58ea2c8960">
      <Execution id="6ae3b086-7584-4da2-8984-b33bb3a7de5b" />
      <TestMethod codeBase="D:\a\rcs-front\rcs-front\Kassa.Tests\bin\Debug\net8.0\Kassa.Tests.dll" adapterTypeName="executor://mstestadapter/v2" className="Kassa.Tests.MockTests" name="MockRepositoryTests2" />
    </UnitTest>
    <UnitTest name="MockRepositoryTests3" storage="d:\a\rcs-front\rcs-front\kassa.tests\bin\debug\net8.0\kassa.tests.dll" id="4d9a623e-042e-c9ac-b488-194bbf075b36">
      <Execution id="c79186e1-9741-4ca0-b1da-560f74a73ee1" />
      <TestMethod codeBase="D:\a\rcs-front\rcs-front\Kassa.Tests\bin\Debug\net8.0\Kassa.Tests.dll" adapterTypeName="executor://mstestadapter/v2" className="Kassa.Tests.MockTests" name="MockRepositoryTests3" />
    </UnitTest>
    <UnitTest name="MockRepositoryTests" storage="d:\a\rcs-front\rcs-front\kassa.tests\bin\debug\net8.0\kassa.tests.dll" id="0605805d-d351-459d-0d69-eb18696cb82e">
      <Execution id="cf093df1-f1c3-4fe1-8a4e-5534dfd0cc71" />
      <TestMethod codeBase="D:\a\rcs-front\rcs-front\Kassa.Tests\bin\Debug\net8.0\Kassa.Tests.dll" adapterTypeName="executor://mstestadapter/v2" className="Kassa.Tests.MockTests" name="MockRepositoryTests" />
    </UnitTest>
  </TestDefinitions>
  <TestEntries>
    <TestEntry testId="2486bace-5605-762b-c0ee-d108e8300ef5" executionId="d9bfa953-8378-40d1-94e7-1ababe6d5f2f" testListId="8c84fa94-04c1-424b-9868-57a2d4851a1d" />
    <TestEntry testId="b85b9cd0-1bcf-2c09-696c-ba58ea2c8960" executionId="6ae3b086-7584-4da2-8984-b33bb3a7de5b" testListId="8c84fa94-04c1-424b-9868-57a2d4851a1d" />
    <TestEntry testId="0605805d-d351-459d-0d69-eb18696cb82e" executionId="cf093df1-f1c3-4fe1-8a4e-5534dfd0cc71" testListId="8c84fa94-04c1-424b-9868-57a2d4851a1d" />
    <TestEntry testId="4d9a623e-042e-c9ac-b488-194bbf075b36" executionId="c79186e1-9741-4ca0-b1da-560f74a73ee1" testListId="8c84fa94-04c1-424b-9868-57a2d4851a1d" />
  </TestEntries>
  <TestLists>
    <TestList name="Results Not in a List" id="8c84fa94-04c1-424b-9868-57a2d4851a1d" />
    <TestList name="All Loaded Results" id="19431567-8539-422a-85d7-44ee4e166bda" />
  </TestLists>
  <ResultSummary outcome="Completed">
    <Counters total="4" executed="4" passed="4" failed="0" error="0" timeout="0" aborted="0" inconclusive="0" passedButRunAborted="0" notRunnable="0" notExecuted="0" disconnected="0" warning="0" completed="0" inProgress="0" pending="0" />
  </ResultSummary>
</TestRun>