<?xml version="1.0" encoding="utf-8"?>
<TestRun id="c9da8283-a3ca-4a0e-84cf-e1fce8680c6e" name="runneradmin@fv-az1115-461 2024-07-17 14:30:20" runUser="fv-az1115-461\runneradmin" xmlns="http://microsoft.com/schemas/VisualStudio/TeamTest/2010">
  <Times creation="2024-07-17T14:30:20.8067984+00:00" queuing="2024-07-17T14:30:20.8067987+00:00" start="2024-07-17T14:30:18.9224265+00:00" finish="2024-07-17T14:30:20.8568674+00:00" />
  <TestSettings name="default" id="4a8e55d5-7666-48fc-8967-175460945588">
    <Deployment runDeploymentRoot="runneradmin_fv-az1115-461_2024-07-17_14_30_20" />
  </TestSettings>
  <Results>
    <UnitTestResult executionId="a96a5399-9403-45b7-a9b4-a3f066d9cb22" testId="2486bace-5605-762b-c0ee-d108e8300ef5" testName="MockRepositoryTests4" computerName="fv-az1115-461" duration="00:00:00.0030691" startTime="2024-07-17T14:30:19.6876123+00:00" endTime="2024-07-17T14:30:19.6920169+00:00" testType="13cdc9d9-ddb5-4fa4-a97d-d965ccfc6d4b" outcome="Passed" testListId="8c84fa94-04c1-424b-9868-57a2d4851a1d" relativeResultsDirectory="a96a5399-9403-45b7-a9b4-a3f066d9cb22" />
    <UnitTestResult executionId="fcdf815b-045b-45f4-9b44-6df370c95883" testId="4d9a623e-042e-c9ac-b488-194bbf075b36" testName="MockRepositoryTests3" computerName="fv-az1115-461" duration="00:00:00.0050724" startTime="2024-07-17T14:30:19.6824008+00:00" endTime="2024-07-17T14:30:19.6875803+00:00" testType="13cdc9d9-ddb5-4fa4-a97d-d965ccfc6d4b" outcome="Passed" testListId="8c84fa94-04c1-424b-9868-57a2d4851a1d" relativeResultsDirectory="fcdf815b-045b-45f4-9b44-6df370c95883" />
    <UnitTestResult executionId="418aabab-9869-46db-b314-94e47d5facc0" testId="b85b9cd0-1bcf-2c09-696c-ba58ea2c8960" testName="MockRepositoryTests2" computerName="fv-az1115-461" duration="00:00:00.0080834" startTime="2024-07-17T14:30:19.6738906+00:00" endTime="2024-07-17T14:30:19.6821363+00:00" testType="13cdc9d9-ddb5-4fa4-a97d-d965ccfc6d4b" outcome="Passed" testListId="8c84fa94-04c1-424b-9868-57a2d4851a1d" relativeResultsDirectory="418aabab-9869-46db-b314-94e47d5facc0" />
    <UnitTestResult executionId="9cd18ee9-573c-46c2-8445-7ee9dc1a3e9a" testId="0605805d-d351-459d-0d69-eb18696cb82e" testName="MockRepositoryTests" computerName="fv-az1115-461" duration="00:00:00.0396536" startTime="2024-07-17T14:30:19.5683540+00:00" endTime="2024-07-17T14:30:19.6701303+00:00" testType="13cdc9d9-ddb5-4fa4-a97d-d965ccfc6d4b" outcome="Passed" testListId="8c84fa94-04c1-424b-9868-57a2d4851a1d" relativeResultsDirectory="9cd18ee9-573c-46c2-8445-7ee9dc1a3e9a" />
  </Results>
  <TestDefinitions>
    <UnitTest name="MockRepositoryTests4" storage="d:\a\rcs-front\rcs-front\kassa.tests\bin\debug\net8.0\kassa.tests.dll" id="2486bace-5605-762b-c0ee-d108e8300ef5">
      <Execution id="a96a5399-9403-45b7-a9b4-a3f066d9cb22" />
      <TestMethod codeBase="D:\a\rcs-front\rcs-front\Kassa.Tests\bin\Debug\net8.0\Kassa.Tests.dll" adapterTypeName="executor://mstestadapter/v2" className="Kassa.Tests.MockTests" name="MockRepositoryTests4" />
    </UnitTest>
    <UnitTest name="MockRepositoryTests2" storage="d:\a\rcs-front\rcs-front\kassa.tests\bin\debug\net8.0\kassa.tests.dll" id="b85b9cd0-1bcf-2c09-696c-ba58ea2c8960">
      <Execution id="418aabab-9869-46db-b314-94e47d5facc0" />
      <TestMethod codeBase="D:\a\rcs-front\rcs-front\Kassa.Tests\bin\Debug\net8.0\Kassa.Tests.dll" adapterTypeName="executor://mstestadapter/v2" className="Kassa.Tests.MockTests" name="MockRepositoryTests2" />
    </UnitTest>
    <UnitTest name="MockRepositoryTests3" storage="d:\a\rcs-front\rcs-front\kassa.tests\bin\debug\net8.0\kassa.tests.dll" id="4d9a623e-042e-c9ac-b488-194bbf075b36">
      <Execution id="fcdf815b-045b-45f4-9b44-6df370c95883" />
      <TestMethod codeBase="D:\a\rcs-front\rcs-front\Kassa.Tests\bin\Debug\net8.0\Kassa.Tests.dll" adapterTypeName="executor://mstestadapter/v2" className="Kassa.Tests.MockTests" name="MockRepositoryTests3" />
    </UnitTest>
    <UnitTest name="MockRepositoryTests" storage="d:\a\rcs-front\rcs-front\kassa.tests\bin\debug\net8.0\kassa.tests.dll" id="0605805d-d351-459d-0d69-eb18696cb82e">
      <Execution id="9cd18ee9-573c-46c2-8445-7ee9dc1a3e9a" />
      <TestMethod codeBase="D:\a\rcs-front\rcs-front\Kassa.Tests\bin\Debug\net8.0\Kassa.Tests.dll" adapterTypeName="executor://mstestadapter/v2" className="Kassa.Tests.MockTests" name="MockRepositoryTests" />
    </UnitTest>
  </TestDefinitions>
  <TestEntries>
    <TestEntry testId="2486bace-5605-762b-c0ee-d108e8300ef5" executionId="a96a5399-9403-45b7-a9b4-a3f066d9cb22" testListId="8c84fa94-04c1-424b-9868-57a2d4851a1d" />
    <TestEntry testId="4d9a623e-042e-c9ac-b488-194bbf075b36" executionId="fcdf815b-045b-45f4-9b44-6df370c95883" testListId="8c84fa94-04c1-424b-9868-57a2d4851a1d" />
    <TestEntry testId="b85b9cd0-1bcf-2c09-696c-ba58ea2c8960" executionId="418aabab-9869-46db-b314-94e47d5facc0" testListId="8c84fa94-04c1-424b-9868-57a2d4851a1d" />
    <TestEntry testId="0605805d-d351-459d-0d69-eb18696cb82e" executionId="9cd18ee9-573c-46c2-8445-7ee9dc1a3e9a" testListId="8c84fa94-04c1-424b-9868-57a2d4851a1d" />
  </TestEntries>
  <TestLists>
    <TestList name="Results Not in a List" id="8c84fa94-04c1-424b-9868-57a2d4851a1d" />
    <TestList name="All Loaded Results" id="19431567-8539-422a-85d7-44ee4e166bda" />
  </TestLists>
  <ResultSummary outcome="Completed">
    <Counters total="4" executed="4" passed="4" failed="0" error="0" timeout="0" aborted="0" inconclusive="0" passedButRunAborted="0" notRunnable="0" notExecuted="0" disconnected="0" warning="0" completed="0" inProgress="0" pending="0" />
  </ResultSummary>
</TestRun>