<?xml version="1.0" encoding="utf-8"?>
<TestRun id="1ba0f1c2-f01a-4e07-81c9-a489334e84a9" name="runneradmin@fv-az1212-136 2024-07-10 09:22:13" runUser="fv-az1212-136\runneradmin" xmlns="http://microsoft.com/schemas/VisualStudio/TeamTest/2010">
  <Times creation="2024-07-10T09:22:13.0512654+00:00" queuing="2024-07-10T09:22:13.0512655+00:00" start="2024-07-10T09:22:12.3069572+00:00" finish="2024-07-10T09:22:13.0563480+00:00" />
  <TestSettings name="default" id="0b87103c-8e09-4f9e-a7f6-f4430ea8094d">
    <Deployment runDeploymentRoot="runneradmin_fv-az1212-136_2024-07-10_09_22_13" />
  </TestSettings>
  <Results>
    <UnitTestResult executionId="3495b2ba-a177-4b06-b62c-db3e44200e56" testId="0605805d-d351-459d-0d69-eb18696cb82e" testName="MockRepositoryTests" computerName="fv-az1212-136" duration="00:00:00.0476762" startTime="2024-07-10T09:22:12.8318764+00:00" endTime="2024-07-10T09:22:12.8931406+00:00" testType="13cdc9d9-ddb5-4fa4-a97d-d965ccfc6d4b" outcome="Passed" testListId="8c84fa94-04c1-424b-9868-57a2d4851a1d" relativeResultsDirectory="3495b2ba-a177-4b06-b62c-db3e44200e56" />
    <UnitTestResult executionId="c439d648-79e7-4f64-92fb-2f8c6c3ae499" testId="2486bace-5605-762b-c0ee-d108e8300ef5" testName="MockRepositoryTests4" computerName="fv-az1212-136" duration="00:00:00.0032640" startTime="2024-07-10T09:22:12.9114903+00:00" endTime="2024-07-10T09:22:12.9162749+00:00" testType="13cdc9d9-ddb5-4fa4-a97d-d965ccfc6d4b" outcome="Passed" testListId="8c84fa94-04c1-424b-9868-57a2d4851a1d" relativeResultsDirectory="c439d648-79e7-4f64-92fb-2f8c6c3ae499" />
    <UnitTestResult executionId="1d2e9cea-3292-40e1-8a9d-bc5a55d63ee6" testId="4d9a623e-042e-c9ac-b488-194bbf075b36" testName="MockRepositoryTests3" computerName="fv-az1212-136" duration="00:00:00.0054700" startTime="2024-07-10T09:22:12.9058056+00:00" endTime="2024-07-10T09:22:12.9114286+00:00" testType="13cdc9d9-ddb5-4fa4-a97d-d965ccfc6d4b" outcome="Passed" testListId="8c84fa94-04c1-424b-9868-57a2d4851a1d" relativeResultsDirectory="1d2e9cea-3292-40e1-8a9d-bc5a55d63ee6" />
    <UnitTestResult executionId="109a8025-a969-4333-b7dd-7abf1e154501" testId="b85b9cd0-1bcf-2c09-696c-ba58ea2c8960" testName="MockRepositoryTests2" computerName="fv-az1212-136" duration="00:00:00.0081791" startTime="2024-07-10T09:22:12.8971171+00:00" endTime="2024-07-10T09:22:12.9055271+00:00" testType="13cdc9d9-ddb5-4fa4-a97d-d965ccfc6d4b" outcome="Passed" testListId="8c84fa94-04c1-424b-9868-57a2d4851a1d" relativeResultsDirectory="109a8025-a969-4333-b7dd-7abf1e154501" />
  </Results>
  <TestDefinitions>
    <UnitTest name="MockRepositoryTests4" storage="d:\a\rcs-front\rcs-front\kassa.tests\bin\debug\net8.0\kassa.tests.dll" id="2486bace-5605-762b-c0ee-d108e8300ef5">
      <Execution id="c439d648-79e7-4f64-92fb-2f8c6c3ae499" />
      <TestMethod codeBase="D:\a\rcs-front\rcs-front\Kassa.Tests\bin\Debug\net8.0\Kassa.Tests.dll" adapterTypeName="executor://mstestadapter/v2" className="Kassa.Tests.MockTests" name="MockRepositoryTests4" />
    </UnitTest>
    <UnitTest name="MockRepositoryTests2" storage="d:\a\rcs-front\rcs-front\kassa.tests\bin\debug\net8.0\kassa.tests.dll" id="b85b9cd0-1bcf-2c09-696c-ba58ea2c8960">
      <Execution id="109a8025-a969-4333-b7dd-7abf1e154501" />
      <TestMethod codeBase="D:\a\rcs-front\rcs-front\Kassa.Tests\bin\Debug\net8.0\Kassa.Tests.dll" adapterTypeName="executor://mstestadapter/v2" className="Kassa.Tests.MockTests" name="MockRepositoryTests2" />
    </UnitTest>
    <UnitTest name="MockRepositoryTests3" storage="d:\a\rcs-front\rcs-front\kassa.tests\bin\debug\net8.0\kassa.tests.dll" id="4d9a623e-042e-c9ac-b488-194bbf075b36">
      <Execution id="1d2e9cea-3292-40e1-8a9d-bc5a55d63ee6" />
      <TestMethod codeBase="D:\a\rcs-front\rcs-front\Kassa.Tests\bin\Debug\net8.0\Kassa.Tests.dll" adapterTypeName="executor://mstestadapter/v2" className="Kassa.Tests.MockTests" name="MockRepositoryTests3" />
    </UnitTest>
    <UnitTest name="MockRepositoryTests" storage="d:\a\rcs-front\rcs-front\kassa.tests\bin\debug\net8.0\kassa.tests.dll" id="0605805d-d351-459d-0d69-eb18696cb82e">
      <Execution id="3495b2ba-a177-4b06-b62c-db3e44200e56" />
      <TestMethod codeBase="D:\a\rcs-front\rcs-front\Kassa.Tests\bin\Debug\net8.0\Kassa.Tests.dll" adapterTypeName="executor://mstestadapter/v2" className="Kassa.Tests.MockTests" name="MockRepositoryTests" />
    </UnitTest>
  </TestDefinitions>
  <TestEntries>
    <TestEntry testId="0605805d-d351-459d-0d69-eb18696cb82e" executionId="3495b2ba-a177-4b06-b62c-db3e44200e56" testListId="8c84fa94-04c1-424b-9868-57a2d4851a1d" />
    <TestEntry testId="2486bace-5605-762b-c0ee-d108e8300ef5" executionId="c439d648-79e7-4f64-92fb-2f8c6c3ae499" testListId="8c84fa94-04c1-424b-9868-57a2d4851a1d" />
    <TestEntry testId="4d9a623e-042e-c9ac-b488-194bbf075b36" executionId="1d2e9cea-3292-40e1-8a9d-bc5a55d63ee6" testListId="8c84fa94-04c1-424b-9868-57a2d4851a1d" />
    <TestEntry testId="b85b9cd0-1bcf-2c09-696c-ba58ea2c8960" executionId="109a8025-a969-4333-b7dd-7abf1e154501" testListId="8c84fa94-04c1-424b-9868-57a2d4851a1d" />
  </TestEntries>
  <TestLists>
    <TestList name="Results Not in a List" id="8c84fa94-04c1-424b-9868-57a2d4851a1d" />
    <TestList name="All Loaded Results" id="19431567-8539-422a-85d7-44ee4e166bda" />
  </TestLists>
  <ResultSummary outcome="Completed">
    <Counters total="4" executed="4" passed="4" failed="0" error="0" timeout="0" aborted="0" inconclusive="0" passedButRunAborted="0" notRunnable="0" notExecuted="0" disconnected="0" warning="0" completed="0" inProgress="0" pending="0" />
  </ResultSummary>
</TestRun>