<?xml version="1.0" encoding="utf-8"?>
<TestRun id="b392a3f8-f30d-4bee-87be-eeffae259dd4" name="runneradmin@fv-az1455-723 2024-07-10 14:21:55" runUser="fv-az1455-723\runneradmin" xmlns="http://microsoft.com/schemas/VisualStudio/TeamTest/2010">
  <Times creation="2024-07-10T14:21:55.9074492+00:00" queuing="2024-07-10T14:21:55.9074493+00:00" start="2024-07-10T14:21:55.1932530+00:00" finish="2024-07-10T14:21:55.9142021+00:00" />
  <TestSettings name="default" id="5370e70a-f1ed-43d4-8b6a-308f0de97aa7">
    <Deployment runDeploymentRoot="runneradmin_fv-az1455-723_2024-07-10_14_21_55" />
  </TestSettings>
  <Results>
    <UnitTestResult executionId="9c1dbde5-c503-4bf0-b2a1-c1e53a5be6a4" testId="0605805d-d351-459d-0d69-eb18696cb82e" testName="MockRepositoryTests" computerName="fv-az1455-723" duration="00:00:00.0573664" startTime="2024-07-10T14:21:55.6596790+00:00" endTime="2024-07-10T14:21:55.7277146+00:00" testType="13cdc9d9-ddb5-4fa4-a97d-d965ccfc6d4b" outcome="Passed" testListId="8c84fa94-04c1-424b-9868-57a2d4851a1d" relativeResultsDirectory="9c1dbde5-c503-4bf0-b2a1-c1e53a5be6a4" />
    <UnitTestResult executionId="944c0760-4b50-448b-acd1-0b2ffeab4d77" testId="b85b9cd0-1bcf-2c09-696c-ba58ea2c8960" testName="MockRepositoryTests2" computerName="fv-az1455-723" duration="00:00:00.0129677" startTime="2024-07-10T14:21:55.7334510+00:00" endTime="2024-07-10T14:21:55.7466877+00:00" testType="13cdc9d9-ddb5-4fa4-a97d-d965ccfc6d4b" outcome="Passed" testListId="8c84fa94-04c1-424b-9868-57a2d4851a1d" relativeResultsDirectory="944c0760-4b50-448b-acd1-0b2ffeab4d77" />
    <UnitTestResult executionId="4ddee9a4-2643-4bc7-b158-f29e10f697e7" testId="2486bace-5605-762b-c0ee-d108e8300ef5" testName="MockRepositoryTests4" computerName="fv-az1455-723" duration="00:00:00.0044133" startTime="2024-07-10T14:21:55.7545999+00:00" endTime="2024-07-10T14:21:55.7609495+00:00" testType="13cdc9d9-ddb5-4fa4-a97d-d965ccfc6d4b" outcome="Passed" testListId="8c84fa94-04c1-424b-9868-57a2d4851a1d" relativeResultsDirectory="4ddee9a4-2643-4bc7-b158-f29e10f697e7" />
    <UnitTestResult executionId="1c28bd13-eb71-4548-8b28-a8019803b45a" testId="4d9a623e-042e-c9ac-b488-194bbf075b36" testName="MockRepositoryTests3" computerName="fv-az1455-723" duration="00:00:00.0073281" startTime="2024-07-10T14:21:55.7470583+00:00" endTime="2024-07-10T14:21:55.7545508+00:00" testType="13cdc9d9-ddb5-4fa4-a97d-d965ccfc6d4b" outcome="Passed" testListId="8c84fa94-04c1-424b-9868-57a2d4851a1d" relativeResultsDirectory="1c28bd13-eb71-4548-8b28-a8019803b45a" />
  </Results>
  <TestDefinitions>
    <UnitTest name="MockRepositoryTests4" storage="d:\a\rcs-front\rcs-front\kassa.tests\bin\debug\net8.0\kassa.tests.dll" id="2486bace-5605-762b-c0ee-d108e8300ef5">
      <Execution id="4ddee9a4-2643-4bc7-b158-f29e10f697e7" />
      <TestMethod codeBase="D:\a\rcs-front\rcs-front\Kassa.Tests\bin\Debug\net8.0\Kassa.Tests.dll" adapterTypeName="executor://mstestadapter/v2" className="Kassa.Tests.MockTests" name="MockRepositoryTests4" />
    </UnitTest>
    <UnitTest name="MockRepositoryTests2" storage="d:\a\rcs-front\rcs-front\kassa.tests\bin\debug\net8.0\kassa.tests.dll" id="b85b9cd0-1bcf-2c09-696c-ba58ea2c8960">
      <Execution id="944c0760-4b50-448b-acd1-0b2ffeab4d77" />
      <TestMethod codeBase="D:\a\rcs-front\rcs-front\Kassa.Tests\bin\Debug\net8.0\Kassa.Tests.dll" adapterTypeName="executor://mstestadapter/v2" className="Kassa.Tests.MockTests" name="MockRepositoryTests2" />
    </UnitTest>
    <UnitTest name="MockRepositoryTests3" storage="d:\a\rcs-front\rcs-front\kassa.tests\bin\debug\net8.0\kassa.tests.dll" id="4d9a623e-042e-c9ac-b488-194bbf075b36">
      <Execution id="1c28bd13-eb71-4548-8b28-a8019803b45a" />
      <TestMethod codeBase="D:\a\rcs-front\rcs-front\Kassa.Tests\bin\Debug\net8.0\Kassa.Tests.dll" adapterTypeName="executor://mstestadapter/v2" className="Kassa.Tests.MockTests" name="MockRepositoryTests3" />
    </UnitTest>
    <UnitTest name="MockRepositoryTests" storage="d:\a\rcs-front\rcs-front\kassa.tests\bin\debug\net8.0\kassa.tests.dll" id="0605805d-d351-459d-0d69-eb18696cb82e">
      <Execution id="9c1dbde5-c503-4bf0-b2a1-c1e53a5be6a4" />
      <TestMethod codeBase="D:\a\rcs-front\rcs-front\Kassa.Tests\bin\Debug\net8.0\Kassa.Tests.dll" adapterTypeName="executor://mstestadapter/v2" className="Kassa.Tests.MockTests" name="MockRepositoryTests" />
    </UnitTest>
  </TestDefinitions>
  <TestEntries>
    <TestEntry testId="0605805d-d351-459d-0d69-eb18696cb82e" executionId="9c1dbde5-c503-4bf0-b2a1-c1e53a5be6a4" testListId="8c84fa94-04c1-424b-9868-57a2d4851a1d" />
    <TestEntry testId="b85b9cd0-1bcf-2c09-696c-ba58ea2c8960" executionId="944c0760-4b50-448b-acd1-0b2ffeab4d77" testListId="8c84fa94-04c1-424b-9868-57a2d4851a1d" />
    <TestEntry testId="2486bace-5605-762b-c0ee-d108e8300ef5" executionId="4ddee9a4-2643-4bc7-b158-f29e10f697e7" testListId="8c84fa94-04c1-424b-9868-57a2d4851a1d" />
    <TestEntry testId="4d9a623e-042e-c9ac-b488-194bbf075b36" executionId="1c28bd13-eb71-4548-8b28-a8019803b45a" testListId="8c84fa94-04c1-424b-9868-57a2d4851a1d" />
  </TestEntries>
  <TestLists>
    <TestList name="Results Not in a List" id="8c84fa94-04c1-424b-9868-57a2d4851a1d" />
    <TestList name="All Loaded Results" id="19431567-8539-422a-85d7-44ee4e166bda" />
  </TestLists>
  <ResultSummary outcome="Completed">
    <Counters total="4" executed="4" passed="4" failed="0" error="0" timeout="0" aborted="0" inconclusive="0" passedButRunAborted="0" notRunnable="0" notExecuted="0" disconnected="0" warning="0" completed="0" inProgress="0" pending="0" />
  </ResultSummary>
</TestRun>