<?xml version="1.0" encoding="utf-8"?>
<TestRun id="20210ee2-a229-4342-810b-183b76b31cd7" name="runneradmin@fv-az1347-515 2024-07-15 13:23:54" runUser="fv-az1347-515\runneradmin" xmlns="http://microsoft.com/schemas/VisualStudio/TeamTest/2010">
  <Times creation="2024-07-15T13:23:54.9068904+00:00" queuing="2024-07-15T13:23:54.9068906+00:00" start="2024-07-15T13:23:54.1807791+00:00" finish="2024-07-15T13:23:54.9137728+00:00" />
  <TestSettings name="default" id="673c03d7-433a-4935-98b8-a370990e7ec0">
    <Deployment runDeploymentRoot="runneradmin_fv-az1347-515_2024-07-15_13_23_54" />
  </TestSettings>
  <Results>
    <UnitTestResult executionId="73989441-6fc9-4764-ba05-e38147ba6b03" testId="2486bace-5605-762b-c0ee-d108e8300ef5" testName="MockRepositoryTests4" computerName="fv-az1347-515" duration="00:00:00.0043921" startTime="2024-07-15T13:23:54.7464380+00:00" endTime="2024-07-15T13:23:54.7528282+00:00" testType="13cdc9d9-ddb5-4fa4-a97d-d965ccfc6d4b" outcome="Passed" testListId="8c84fa94-04c1-424b-9868-57a2d4851a1d" relativeResultsDirectory="73989441-6fc9-4764-ba05-e38147ba6b03" />
    <UnitTestResult executionId="198d8a0e-2ad6-4e0d-9e9e-d81a5e6cf406" testId="4d9a623e-042e-c9ac-b488-194bbf075b36" testName="MockRepositoryTests3" computerName="fv-az1347-515" duration="00:00:00.0072997" startTime="2024-07-15T13:23:54.7389232+00:00" endTime="2024-07-15T13:23:54.7463787+00:00" testType="13cdc9d9-ddb5-4fa4-a97d-d965ccfc6d4b" outcome="Passed" testListId="8c84fa94-04c1-424b-9868-57a2d4851a1d" relativeResultsDirectory="198d8a0e-2ad6-4e0d-9e9e-d81a5e6cf406" />
    <UnitTestResult executionId="c0be3bcc-1bab-4c60-876b-3a344fc22dfb" testId="0605805d-d351-459d-0d69-eb18696cb82e" testName="MockRepositoryTests" computerName="fv-az1347-515" duration="00:00:00.0458443" startTime="2024-07-15T13:23:54.6636635+00:00" endTime="2024-07-15T13:23:54.7202239+00:00" testType="13cdc9d9-ddb5-4fa4-a97d-d965ccfc6d4b" outcome="Passed" testListId="8c84fa94-04c1-424b-9868-57a2d4851a1d" relativeResultsDirectory="c0be3bcc-1bab-4c60-876b-3a344fc22dfb" />
    <UnitTestResult executionId="15df2d15-d1f6-40e8-ab8b-0bf8b7a2b3e2" testId="b85b9cd0-1bcf-2c09-696c-ba58ea2c8960" testName="MockRepositoryTests2" computerName="fv-az1347-515" duration="00:00:00.0124258" startTime="2024-07-15T13:23:54.7258737+00:00" endTime="2024-07-15T13:23:54.7385748+00:00" testType="13cdc9d9-ddb5-4fa4-a97d-d965ccfc6d4b" outcome="Passed" testListId="8c84fa94-04c1-424b-9868-57a2d4851a1d" relativeResultsDirectory="15df2d15-d1f6-40e8-ab8b-0bf8b7a2b3e2" />
  </Results>
  <TestDefinitions>
    <UnitTest name="MockRepositoryTests4" storage="d:\a\rcs-front\rcs-front\kassa.tests\bin\debug\net8.0\kassa.tests.dll" id="2486bace-5605-762b-c0ee-d108e8300ef5">
      <Execution id="73989441-6fc9-4764-ba05-e38147ba6b03" />
      <TestMethod codeBase="D:\a\rcs-front\rcs-front\Kassa.Tests\bin\Debug\net8.0\Kassa.Tests.dll" adapterTypeName="executor://mstestadapter/v2" className="Kassa.Tests.MockTests" name="MockRepositoryTests4" />
    </UnitTest>
    <UnitTest name="MockRepositoryTests2" storage="d:\a\rcs-front\rcs-front\kassa.tests\bin\debug\net8.0\kassa.tests.dll" id="b85b9cd0-1bcf-2c09-696c-ba58ea2c8960">
      <Execution id="15df2d15-d1f6-40e8-ab8b-0bf8b7a2b3e2" />
      <TestMethod codeBase="D:\a\rcs-front\rcs-front\Kassa.Tests\bin\Debug\net8.0\Kassa.Tests.dll" adapterTypeName="executor://mstestadapter/v2" className="Kassa.Tests.MockTests" name="MockRepositoryTests2" />
    </UnitTest>
    <UnitTest name="MockRepositoryTests3" storage="d:\a\rcs-front\rcs-front\kassa.tests\bin\debug\net8.0\kassa.tests.dll" id="4d9a623e-042e-c9ac-b488-194bbf075b36">
      <Execution id="198d8a0e-2ad6-4e0d-9e9e-d81a5e6cf406" />
      <TestMethod codeBase="D:\a\rcs-front\rcs-front\Kassa.Tests\bin\Debug\net8.0\Kassa.Tests.dll" adapterTypeName="executor://mstestadapter/v2" className="Kassa.Tests.MockTests" name="MockRepositoryTests3" />
    </UnitTest>
    <UnitTest name="MockRepositoryTests" storage="d:\a\rcs-front\rcs-front\kassa.tests\bin\debug\net8.0\kassa.tests.dll" id="0605805d-d351-459d-0d69-eb18696cb82e">
      <Execution id="c0be3bcc-1bab-4c60-876b-3a344fc22dfb" />
      <TestMethod codeBase="D:\a\rcs-front\rcs-front\Kassa.Tests\bin\Debug\net8.0\Kassa.Tests.dll" adapterTypeName="executor://mstestadapter/v2" className="Kassa.Tests.MockTests" name="MockRepositoryTests" />
    </UnitTest>
  </TestDefinitions>
  <TestEntries>
    <TestEntry testId="2486bace-5605-762b-c0ee-d108e8300ef5" executionId="73989441-6fc9-4764-ba05-e38147ba6b03" testListId="8c84fa94-04c1-424b-9868-57a2d4851a1d" />
    <TestEntry testId="4d9a623e-042e-c9ac-b488-194bbf075b36" executionId="198d8a0e-2ad6-4e0d-9e9e-d81a5e6cf406" testListId="8c84fa94-04c1-424b-9868-57a2d4851a1d" />
    <TestEntry testId="0605805d-d351-459d-0d69-eb18696cb82e" executionId="c0be3bcc-1bab-4c60-876b-3a344fc22dfb" testListId="8c84fa94-04c1-424b-9868-57a2d4851a1d" />
    <TestEntry testId="b85b9cd0-1bcf-2c09-696c-ba58ea2c8960" executionId="15df2d15-d1f6-40e8-ab8b-0bf8b7a2b3e2" testListId="8c84fa94-04c1-424b-9868-57a2d4851a1d" />
  </TestEntries>
  <TestLists>
    <TestList name="Results Not in a List" id="8c84fa94-04c1-424b-9868-57a2d4851a1d" />
    <TestList name="All Loaded Results" id="19431567-8539-422a-85d7-44ee4e166bda" />
  </TestLists>
  <ResultSummary outcome="Completed">
    <Counters total="4" executed="4" passed="4" failed="0" error="0" timeout="0" aborted="0" inconclusive="0" passedButRunAborted="0" notRunnable="0" notExecuted="0" disconnected="0" warning="0" completed="0" inProgress="0" pending="0" />
  </ResultSummary>
</TestRun>