<?xml version="1.0" encoding="utf-8"?>
<TestRun id="360e99be-5a66-4e96-ae83-74a1d1b5b57c" name="runneradmin@fv-az663-893 2024-08-28 12:53:30" runUser="fv-az663-893\runneradmin" xmlns="http://microsoft.com/schemas/VisualStudio/TeamTest/2010">
  <Times creation="2024-08-28T12:53:30.9301865+00:00" queuing="2024-08-28T12:53:30.9301867+00:00" start="2024-08-28T12:53:29.9497294+00:00" finish="2024-08-28T12:53:30.9372368+00:00" />
  <TestSettings name="default" id="53b40cd5-69f3-4ae8-97e6-fae85ef8d4e1">
    <Deployment runDeploymentRoot="runneradmin_fv-az663-893_2024-08-28_12_53_30" />
  </TestSettings>
  <Results>
    <UnitTestResult executionId="082ebc18-356c-4109-9b33-7042b4e98434" testId="b85b9cd0-1bcf-2c09-696c-ba58ea2c8960" testName="MockRepositoryTests2" computerName="fv-az663-893" duration="00:00:00.0131633" startTime="2024-08-28T12:53:30.7010929+00:00" endTime="2024-08-28T12:53:30.7147091+00:00" testType="13cdc9d9-ddb5-4fa4-a97d-d965ccfc6d4b" outcome="Passed" testListId="8c84fa94-04c1-424b-9868-57a2d4851a1d" relativeResultsDirectory="082ebc18-356c-4109-9b33-7042b4e98434" />
    <UnitTestResult executionId="109f6453-2e52-49bc-a27b-19fd233e76ed" testId="0605805d-d351-459d-0d69-eb18696cb82e" testName="MockRepositoryTests" computerName="fv-az663-893" duration="00:00:00.0601916" startTime="2024-08-28T12:53:30.6180140+00:00" endTime="2024-08-28T12:53:30.6951466+00:00" testType="13cdc9d9-ddb5-4fa4-a97d-d965ccfc6d4b" outcome="Passed" testListId="8c84fa94-04c1-424b-9868-57a2d4851a1d" relativeResultsDirectory="109f6453-2e52-49bc-a27b-19fd233e76ed" />
    <UnitTestResult executionId="b01abb5c-4622-4f2d-95ac-2e34cd733a7a" testId="4d9a623e-042e-c9ac-b488-194bbf075b36" testName="MockRepositoryTests3" computerName="fv-az663-893" duration="00:00:00.0079867" startTime="2024-08-28T12:53:30.7151279+00:00" endTime="2024-08-28T12:53:30.7233807+00:00" testType="13cdc9d9-ddb5-4fa4-a97d-d965ccfc6d4b" outcome="Passed" testListId="8c84fa94-04c1-424b-9868-57a2d4851a1d" relativeResultsDirectory="b01abb5c-4622-4f2d-95ac-2e34cd733a7a" />
    <UnitTestResult executionId="1baebb3c-378e-4e29-9025-6acd3a26fd3e" testId="2486bace-5605-762b-c0ee-d108e8300ef5" testName="MockRepositoryTests4" computerName="fv-az663-893" duration="00:00:00.0044236" startTime="2024-08-28T12:53:30.7234638+00:00" endTime="2024-08-28T12:53:30.7299418+00:00" testType="13cdc9d9-ddb5-4fa4-a97d-d965ccfc6d4b" outcome="Passed" testListId="8c84fa94-04c1-424b-9868-57a2d4851a1d" relativeResultsDirectory="1baebb3c-378e-4e29-9025-6acd3a26fd3e" />
  </Results>
  <TestDefinitions>
    <UnitTest name="MockRepositoryTests4" storage="d:\a\rcs-front\rcs-front\kassa.tests\bin\debug\net8.0\kassa.tests.dll" id="2486bace-5605-762b-c0ee-d108e8300ef5">
      <Execution id="1baebb3c-378e-4e29-9025-6acd3a26fd3e" />
      <TestMethod codeBase="D:\a\rcs-front\rcs-front\Kassa.Tests\bin\Debug\net8.0\Kassa.Tests.dll" adapterTypeName="executor://mstestadapter/v2" className="Kassa.Tests.MockTests" name="MockRepositoryTests4" />
    </UnitTest>
    <UnitTest name="MockRepositoryTests2" storage="d:\a\rcs-front\rcs-front\kassa.tests\bin\debug\net8.0\kassa.tests.dll" id="b85b9cd0-1bcf-2c09-696c-ba58ea2c8960">
      <Execution id="082ebc18-356c-4109-9b33-7042b4e98434" />
      <TestMethod codeBase="D:\a\rcs-front\rcs-front\Kassa.Tests\bin\Debug\net8.0\Kassa.Tests.dll" adapterTypeName="executor://mstestadapter/v2" className="Kassa.Tests.MockTests" name="MockRepositoryTests2" />
    </UnitTest>
    <UnitTest name="MockRepositoryTests3" storage="d:\a\rcs-front\rcs-front\kassa.tests\bin\debug\net8.0\kassa.tests.dll" id="4d9a623e-042e-c9ac-b488-194bbf075b36">
      <Execution id="b01abb5c-4622-4f2d-95ac-2e34cd733a7a" />
      <TestMethod codeBase="D:\a\rcs-front\rcs-front\Kassa.Tests\bin\Debug\net8.0\Kassa.Tests.dll" adapterTypeName="executor://mstestadapter/v2" className="Kassa.Tests.MockTests" name="MockRepositoryTests3" />
    </UnitTest>
    <UnitTest name="MockRepositoryTests" storage="d:\a\rcs-front\rcs-front\kassa.tests\bin\debug\net8.0\kassa.tests.dll" id="0605805d-d351-459d-0d69-eb18696cb82e">
      <Execution id="109f6453-2e52-49bc-a27b-19fd233e76ed" />
      <TestMethod codeBase="D:\a\rcs-front\rcs-front\Kassa.Tests\bin\Debug\net8.0\Kassa.Tests.dll" adapterTypeName="executor://mstestadapter/v2" className="Kassa.Tests.MockTests" name="MockRepositoryTests" />
    </UnitTest>
  </TestDefinitions>
  <TestEntries>
    <TestEntry testId="b85b9cd0-1bcf-2c09-696c-ba58ea2c8960" executionId="082ebc18-356c-4109-9b33-7042b4e98434" testListId="8c84fa94-04c1-424b-9868-57a2d4851a1d" />
    <TestEntry testId="0605805d-d351-459d-0d69-eb18696cb82e" executionId="109f6453-2e52-49bc-a27b-19fd233e76ed" testListId="8c84fa94-04c1-424b-9868-57a2d4851a1d" />
    <TestEntry testId="4d9a623e-042e-c9ac-b488-194bbf075b36" executionId="b01abb5c-4622-4f2d-95ac-2e34cd733a7a" testListId="8c84fa94-04c1-424b-9868-57a2d4851a1d" />
    <TestEntry testId="2486bace-5605-762b-c0ee-d108e8300ef5" executionId="1baebb3c-378e-4e29-9025-6acd3a26fd3e" testListId="8c84fa94-04c1-424b-9868-57a2d4851a1d" />
  </TestEntries>
  <TestLists>
    <TestList name="Results Not in a List" id="8c84fa94-04c1-424b-9868-57a2d4851a1d" />
    <TestList name="All Loaded Results" id="19431567-8539-422a-85d7-44ee4e166bda" />
  </TestLists>
  <ResultSummary outcome="Completed">
    <Counters total="4" executed="4" passed="4" failed="0" error="0" timeout="0" aborted="0" inconclusive="0" passedButRunAborted="0" notRunnable="0" notExecuted="0" disconnected="0" warning="0" completed="0" inProgress="0" pending="0" />
  </ResultSummary>
</TestRun>