<?xml version="1.0" encoding="utf-8"?>
<TestRun id="b9ff083f-a7bc-4dc4-8c8b-1d28547f3368" name="runneradmin@fv-az1489-593 2024-08-02 14:57:27" runUser="fv-az1489-593\runneradmin" xmlns="http://microsoft.com/schemas/VisualStudio/TeamTest/2010">
  <Times creation="2024-08-02T14:57:27.7533220+00:00" queuing="2024-08-02T14:57:27.7533221+00:00" start="2024-08-02T14:57:26.2876092+00:00" finish="2024-08-02T14:57:27.7580436+00:00" />
  <TestSettings name="default" id="f1a59e1e-b99f-4041-a5b7-02148abc8f58">
    <Deployment runDeploymentRoot="runneradmin_fv-az1489-593_2024-08-02_14_57_27" />
  </TestSettings>
  <Results>
    <UnitTestResult executionId="7230f227-1d77-48f2-9e9f-8b67188e6be5" testId="2486bace-5605-762b-c0ee-d108e8300ef5" testName="MockRepositoryTests4" computerName="fv-az1489-593" duration="00:00:00.0030259" startTime="2024-08-02T14:57:26.9793092+00:00" endTime="2024-08-02T14:57:26.9836644+00:00" testType="13cdc9d9-ddb5-4fa4-a97d-d965ccfc6d4b" outcome="Passed" testListId="8c84fa94-04c1-424b-9868-57a2d4851a1d" relativeResultsDirectory="7230f227-1d77-48f2-9e9f-8b67188e6be5" />
    <UnitTestResult executionId="5f2df14c-9f85-4516-b8d3-e722c28da2cf" testId="4d9a623e-042e-c9ac-b488-194bbf075b36" testName="MockRepositoryTests3" computerName="fv-az1489-593" duration="00:00:00.0050248" startTime="2024-08-02T14:57:26.9741654+00:00" endTime="2024-08-02T14:57:26.9792825+00:00" testType="13cdc9d9-ddb5-4fa4-a97d-d965ccfc6d4b" outcome="Passed" testListId="8c84fa94-04c1-424b-9868-57a2d4851a1d" relativeResultsDirectory="5f2df14c-9f85-4516-b8d3-e722c28da2cf" />
    <UnitTestResult executionId="e1dfe7c1-cc0f-48d1-9e9f-fa07d89a10a5" testId="0605805d-d351-459d-0d69-eb18696cb82e" testName="MockRepositoryTests" computerName="fv-az1489-593" duration="00:00:00.0620173" startTime="2024-08-02T14:57:26.8588756+00:00" endTime="2024-08-02T14:57:26.9621299+00:00" testType="13cdc9d9-ddb5-4fa4-a97d-d965ccfc6d4b" outcome="Passed" testListId="8c84fa94-04c1-424b-9868-57a2d4851a1d" relativeResultsDirectory="e1dfe7c1-cc0f-48d1-9e9f-fa07d89a10a5" />
    <UnitTestResult executionId="93bcba63-dc44-41d0-a6d9-184d2785616f" testId="b85b9cd0-1bcf-2c09-696c-ba58ea2c8960" testName="MockRepositoryTests2" computerName="fv-az1489-593" duration="00:00:00.0079277" startTime="2024-08-02T14:57:26.9658535+00:00" endTime="2024-08-02T14:57:26.9739267+00:00" testType="13cdc9d9-ddb5-4fa4-a97d-d965ccfc6d4b" outcome="Passed" testListId="8c84fa94-04c1-424b-9868-57a2d4851a1d" relativeResultsDirectory="93bcba63-dc44-41d0-a6d9-184d2785616f" />
  </Results>
  <TestDefinitions>
    <UnitTest name="MockRepositoryTests4" storage="d:\a\rcs-front\rcs-front\kassa.tests\bin\debug\net8.0\kassa.tests.dll" id="2486bace-5605-762b-c0ee-d108e8300ef5">
      <Execution id="7230f227-1d77-48f2-9e9f-8b67188e6be5" />
      <TestMethod codeBase="D:\a\rcs-front\rcs-front\Kassa.Tests\bin\Debug\net8.0\Kassa.Tests.dll" adapterTypeName="executor://mstestadapter/v2" className="Kassa.Tests.MockTests" name="MockRepositoryTests4" />
    </UnitTest>
    <UnitTest name="MockRepositoryTests2" storage="d:\a\rcs-front\rcs-front\kassa.tests\bin\debug\net8.0\kassa.tests.dll" id="b85b9cd0-1bcf-2c09-696c-ba58ea2c8960">
      <Execution id="93bcba63-dc44-41d0-a6d9-184d2785616f" />
      <TestMethod codeBase="D:\a\rcs-front\rcs-front\Kassa.Tests\bin\Debug\net8.0\Kassa.Tests.dll" adapterTypeName="executor://mstestadapter/v2" className="Kassa.Tests.MockTests" name="MockRepositoryTests2" />
    </UnitTest>
    <UnitTest name="MockRepositoryTests3" storage="d:\a\rcs-front\rcs-front\kassa.tests\bin\debug\net8.0\kassa.tests.dll" id="4d9a623e-042e-c9ac-b488-194bbf075b36">
      <Execution id="5f2df14c-9f85-4516-b8d3-e722c28da2cf" />
      <TestMethod codeBase="D:\a\rcs-front\rcs-front\Kassa.Tests\bin\Debug\net8.0\Kassa.Tests.dll" adapterTypeName="executor://mstestadapter/v2" className="Kassa.Tests.MockTests" name="MockRepositoryTests3" />
    </UnitTest>
    <UnitTest name="MockRepositoryTests" storage="d:\a\rcs-front\rcs-front\kassa.tests\bin\debug\net8.0\kassa.tests.dll" id="0605805d-d351-459d-0d69-eb18696cb82e">
      <Execution id="e1dfe7c1-cc0f-48d1-9e9f-fa07d89a10a5" />
      <TestMethod codeBase="D:\a\rcs-front\rcs-front\Kassa.Tests\bin\Debug\net8.0\Kassa.Tests.dll" adapterTypeName="executor://mstestadapter/v2" className="Kassa.Tests.MockTests" name="MockRepositoryTests" />
    </UnitTest>
  </TestDefinitions>
  <TestEntries>
    <TestEntry testId="2486bace-5605-762b-c0ee-d108e8300ef5" executionId="7230f227-1d77-48f2-9e9f-8b67188e6be5" testListId="8c84fa94-04c1-424b-9868-57a2d4851a1d" />
    <TestEntry testId="4d9a623e-042e-c9ac-b488-194bbf075b36" executionId="5f2df14c-9f85-4516-b8d3-e722c28da2cf" testListId="8c84fa94-04c1-424b-9868-57a2d4851a1d" />
    <TestEntry testId="0605805d-d351-459d-0d69-eb18696cb82e" executionId="e1dfe7c1-cc0f-48d1-9e9f-fa07d89a10a5" testListId="8c84fa94-04c1-424b-9868-57a2d4851a1d" />
    <TestEntry testId="b85b9cd0-1bcf-2c09-696c-ba58ea2c8960" executionId="93bcba63-dc44-41d0-a6d9-184d2785616f" testListId="8c84fa94-04c1-424b-9868-57a2d4851a1d" />
  </TestEntries>
  <TestLists>
    <TestList name="Results Not in a List" id="8c84fa94-04c1-424b-9868-57a2d4851a1d" />
    <TestList name="All Loaded Results" id="19431567-8539-422a-85d7-44ee4e166bda" />
  </TestLists>
  <ResultSummary outcome="Completed">
    <Counters total="4" executed="4" passed="4" failed="0" error="0" timeout="0" aborted="0" inconclusive="0" passedButRunAborted="0" notRunnable="0" notExecuted="0" disconnected="0" warning="0" completed="0" inProgress="0" pending="0" />
  </ResultSummary>
</TestRun>