<?xml version="1.0" encoding="utf-8"?>
<TestRun id="ebdbb36f-b9b8-4d96-86eb-02ef7979c47b" name="runneradmin@fv-az1495-233 2024-07-03 10:46:56" runUser="fv-az1495-233\runneradmin" xmlns="http://microsoft.com/schemas/VisualStudio/TeamTest/2010">
  <Times creation="2024-07-03T10:46:56.4247460+00:00" queuing="2024-07-03T10:46:56.4247461+00:00" start="2024-07-03T10:46:54.3245081+00:00" finish="2024-07-03T10:46:56.4514334+00:00" />
  <TestSettings name="default" id="7b38d5fa-de19-4bac-a208-b67c2c43d3ca">
    <Deployment runDeploymentRoot="runneradmin_fv-az1495-233_2024-07-03_10_46_56" />
  </TestSettings>
  <Results>
    <UnitTestResult executionId="15d34ad2-8f84-4e7a-a3a5-ee50cad932d1" testId="b85b9cd0-1bcf-2c09-696c-ba58ea2c8960" testName="MockRepositoryTests2" computerName="fv-az1495-233" duration="00:00:00.0084505" startTime="2024-07-03T10:46:55.1916832+00:00" endTime="2024-07-03T10:46:55.2003529+00:00" testType="13cdc9d9-ddb5-4fa4-a97d-d965ccfc6d4b" outcome="Passed" testListId="8c84fa94-04c1-424b-9868-57a2d4851a1d" relativeResultsDirectory="15d34ad2-8f84-4e7a-a3a5-ee50cad932d1" />
    <UnitTestResult executionId="7a40f7f1-e773-473b-8138-4e901c4db381" testId="0605805d-d351-459d-0d69-eb18696cb82e" testName="MockRepositoryTests" computerName="fv-az1495-233" duration="00:00:00.0852633" startTime="2024-07-03T10:46:55.0054185+00:00" endTime="2024-07-03T10:46:55.1877884+00:00" testType="13cdc9d9-ddb5-4fa4-a97d-d965ccfc6d4b" outcome="Passed" testListId="8c84fa94-04c1-424b-9868-57a2d4851a1d" relativeResultsDirectory="7a40f7f1-e773-473b-8138-4e901c4db381" />
    <UnitTestResult executionId="53746e2e-5efc-4e8b-b29f-3786b2b543c5" testId="2486bace-5605-762b-c0ee-d108e8300ef5" testName="MockRepositoryTests4" computerName="fv-az1495-233" duration="00:00:00.0043712" startTime="2024-07-03T10:46:55.2088280+00:00" endTime="2024-07-03T10:46:55.2151822+00:00" testType="13cdc9d9-ddb5-4fa4-a97d-d965ccfc6d4b" outcome="Passed" testListId="8c84fa94-04c1-424b-9868-57a2d4851a1d" relativeResultsDirectory="53746e2e-5efc-4e8b-b29f-3786b2b543c5" />
    <UnitTestResult executionId="02b5be2d-eae9-418d-812f-b6c3ff8ff801" testId="4d9a623e-042e-c9ac-b488-194bbf075b36" testName="MockRepositoryTests3" computerName="fv-az1495-233" duration="00:00:00.0078744" startTime="2024-07-03T10:46:55.2007203+00:00" endTime="2024-07-03T10:46:55.2087785+00:00" testType="13cdc9d9-ddb5-4fa4-a97d-d965ccfc6d4b" outcome="Passed" testListId="8c84fa94-04c1-424b-9868-57a2d4851a1d" relativeResultsDirectory="02b5be2d-eae9-418d-812f-b6c3ff8ff801" />
  </Results>
  <TestDefinitions>
    <UnitTest name="MockRepositoryTests4" storage="d:\a\rcs-front\rcs-front\kassa.tests\bin\debug\net8.0\kassa.tests.dll" id="2486bace-5605-762b-c0ee-d108e8300ef5">
      <Execution id="53746e2e-5efc-4e8b-b29f-3786b2b543c5" />
      <TestMethod codeBase="D:\a\rcs-front\rcs-front\Kassa.Tests\bin\Debug\net8.0\Kassa.Tests.dll" adapterTypeName="executor://mstestadapter/v2" className="Kassa.Tests.MockTests" name="MockRepositoryTests4" />
    </UnitTest>
    <UnitTest name="MockRepositoryTests2" storage="d:\a\rcs-front\rcs-front\kassa.tests\bin\debug\net8.0\kassa.tests.dll" id="b85b9cd0-1bcf-2c09-696c-ba58ea2c8960">
      <Execution id="15d34ad2-8f84-4e7a-a3a5-ee50cad932d1" />
      <TestMethod codeBase="D:\a\rcs-front\rcs-front\Kassa.Tests\bin\Debug\net8.0\Kassa.Tests.dll" adapterTypeName="executor://mstestadapter/v2" className="Kassa.Tests.MockTests" name="MockRepositoryTests2" />
    </UnitTest>
    <UnitTest name="MockRepositoryTests3" storage="d:\a\rcs-front\rcs-front\kassa.tests\bin\debug\net8.0\kassa.tests.dll" id="4d9a623e-042e-c9ac-b488-194bbf075b36">
      <Execution id="02b5be2d-eae9-418d-812f-b6c3ff8ff801" />
      <TestMethod codeBase="D:\a\rcs-front\rcs-front\Kassa.Tests\bin\Debug\net8.0\Kassa.Tests.dll" adapterTypeName="executor://mstestadapter/v2" className="Kassa.Tests.MockTests" name="MockRepositoryTests3" />
    </UnitTest>
    <UnitTest name="MockRepositoryTests" storage="d:\a\rcs-front\rcs-front\kassa.tests\bin\debug\net8.0\kassa.tests.dll" id="0605805d-d351-459d-0d69-eb18696cb82e">
      <Execution id="7a40f7f1-e773-473b-8138-4e901c4db381" />
      <TestMethod codeBase="D:\a\rcs-front\rcs-front\Kassa.Tests\bin\Debug\net8.0\Kassa.Tests.dll" adapterTypeName="executor://mstestadapter/v2" className="Kassa.Tests.MockTests" name="MockRepositoryTests" />
    </UnitTest>
  </TestDefinitions>
  <TestEntries>
    <TestEntry testId="b85b9cd0-1bcf-2c09-696c-ba58ea2c8960" executionId="15d34ad2-8f84-4e7a-a3a5-ee50cad932d1" testListId="8c84fa94-04c1-424b-9868-57a2d4851a1d" />
    <TestEntry testId="0605805d-d351-459d-0d69-eb18696cb82e" executionId="7a40f7f1-e773-473b-8138-4e901c4db381" testListId="8c84fa94-04c1-424b-9868-57a2d4851a1d" />
    <TestEntry testId="2486bace-5605-762b-c0ee-d108e8300ef5" executionId="53746e2e-5efc-4e8b-b29f-3786b2b543c5" testListId="8c84fa94-04c1-424b-9868-57a2d4851a1d" />
    <TestEntry testId="4d9a623e-042e-c9ac-b488-194bbf075b36" executionId="02b5be2d-eae9-418d-812f-b6c3ff8ff801" testListId="8c84fa94-04c1-424b-9868-57a2d4851a1d" />
  </TestEntries>
  <TestLists>
    <TestList name="Results Not in a List" id="8c84fa94-04c1-424b-9868-57a2d4851a1d" />
    <TestList name="All Loaded Results" id="19431567-8539-422a-85d7-44ee4e166bda" />
  </TestLists>
  <ResultSummary outcome="Completed">
    <Counters total="4" executed="4" passed="4" failed="0" error="0" timeout="0" aborted="0" inconclusive="0" passedButRunAborted="0" notRunnable="0" notExecuted="0" disconnected="0" warning="0" completed="0" inProgress="0" pending="0" />
  </ResultSummary>
</TestRun>