<?xml version="1.0" encoding="utf-8"?>
<TestRun id="02f55844-fad3-427b-ad9b-4c0ea43d6095" name="runneradmin@fv-az653-877 2024-07-30 09:47:12" runUser="fv-az653-877\runneradmin" xmlns="http://microsoft.com/schemas/VisualStudio/TeamTest/2010">
  <Times creation="2024-07-30T09:47:12.2924026+00:00" queuing="2024-07-30T09:47:12.2924027+00:00" start="2024-07-30T09:47:10.8968131+00:00" finish="2024-07-30T09:47:12.2981400+00:00" />
  <TestSettings name="default" id="819f96e2-dabd-4670-8a5a-f99d3418f85c">
    <Deployment runDeploymentRoot="runneradmin_fv-az653-877_2024-07-30_09_47_12" />
  </TestSettings>
  <Results>
    <UnitTestResult executionId="cc22710b-9e71-4f2e-ae40-209fec6bdffb" testId="0605805d-d351-459d-0d69-eb18696cb82e" testName="MockRepositoryTests" computerName="fv-az653-877" duration="00:00:00.0562769" startTime="2024-07-30T09:47:11.4145591+00:00" endTime="2024-07-30T09:47:11.4967729+00:00" testType="13cdc9d9-ddb5-4fa4-a97d-d965ccfc6d4b" outcome="Passed" testListId="8c84fa94-04c1-424b-9868-57a2d4851a1d" relativeResultsDirectory="cc22710b-9e71-4f2e-ae40-209fec6bdffb" />
    <UnitTestResult executionId="4218b883-d1bf-46ed-9958-d422da218df3" testId="4d9a623e-042e-c9ac-b488-194bbf075b36" testName="MockRepositoryTests3" computerName="fv-az653-877" duration="00:00:00.0072459" startTime="2024-07-30T09:47:11.5154585+00:00" endTime="2024-07-30T09:47:11.5228300+00:00" testType="13cdc9d9-ddb5-4fa4-a97d-d965ccfc6d4b" outcome="Passed" testListId="8c84fa94-04c1-424b-9868-57a2d4851a1d" relativeResultsDirectory="4218b883-d1bf-46ed-9958-d422da218df3" />
    <UnitTestResult executionId="715841a4-8e0d-4020-91f5-ae07ff094f28" testId="2486bace-5605-762b-c0ee-d108e8300ef5" testName="MockRepositoryTests4" computerName="fv-az653-877" duration="00:00:00.0043974" startTime="2024-07-30T09:47:11.5228666+00:00" endTime="2024-07-30T09:47:11.5291060+00:00" testType="13cdc9d9-ddb5-4fa4-a97d-d965ccfc6d4b" outcome="Passed" testListId="8c84fa94-04c1-424b-9868-57a2d4851a1d" relativeResultsDirectory="715841a4-8e0d-4020-91f5-ae07ff094f28" />
    <UnitTestResult executionId="63d0f9a8-3f3d-4c27-b1e4-271c65383096" testId="b85b9cd0-1bcf-2c09-696c-ba58ea2c8960" testName="MockRepositoryTests2" computerName="fv-az653-877" duration="00:00:00.0124051" startTime="2024-07-30T09:47:11.5025011+00:00" endTime="2024-07-30T09:47:11.5151103+00:00" testType="13cdc9d9-ddb5-4fa4-a97d-d965ccfc6d4b" outcome="Passed" testListId="8c84fa94-04c1-424b-9868-57a2d4851a1d" relativeResultsDirectory="63d0f9a8-3f3d-4c27-b1e4-271c65383096" />
  </Results>
  <TestDefinitions>
    <UnitTest name="MockRepositoryTests4" storage="d:\a\rcs-front\rcs-front\kassa.tests\bin\debug\net8.0\kassa.tests.dll" id="2486bace-5605-762b-c0ee-d108e8300ef5">
      <Execution id="715841a4-8e0d-4020-91f5-ae07ff094f28" />
      <TestMethod codeBase="D:\a\rcs-front\rcs-front\Kassa.Tests\bin\Debug\net8.0\Kassa.Tests.dll" adapterTypeName="executor://mstestadapter/v2" className="Kassa.Tests.MockTests" name="MockRepositoryTests4" />
    </UnitTest>
    <UnitTest name="MockRepositoryTests2" storage="d:\a\rcs-front\rcs-front\kassa.tests\bin\debug\net8.0\kassa.tests.dll" id="b85b9cd0-1bcf-2c09-696c-ba58ea2c8960">
      <Execution id="63d0f9a8-3f3d-4c27-b1e4-271c65383096" />
      <TestMethod codeBase="D:\a\rcs-front\rcs-front\Kassa.Tests\bin\Debug\net8.0\Kassa.Tests.dll" adapterTypeName="executor://mstestadapter/v2" className="Kassa.Tests.MockTests" name="MockRepositoryTests2" />
    </UnitTest>
    <UnitTest name="MockRepositoryTests3" storage="d:\a\rcs-front\rcs-front\kassa.tests\bin\debug\net8.0\kassa.tests.dll" id="4d9a623e-042e-c9ac-b488-194bbf075b36">
      <Execution id="4218b883-d1bf-46ed-9958-d422da218df3" />
      <TestMethod codeBase="D:\a\rcs-front\rcs-front\Kassa.Tests\bin\Debug\net8.0\Kassa.Tests.dll" adapterTypeName="executor://mstestadapter/v2" className="Kassa.Tests.MockTests" name="MockRepositoryTests3" />
    </UnitTest>
    <UnitTest name="MockRepositoryTests" storage="d:\a\rcs-front\rcs-front\kassa.tests\bin\debug\net8.0\kassa.tests.dll" id="0605805d-d351-459d-0d69-eb18696cb82e">
      <Execution id="cc22710b-9e71-4f2e-ae40-209fec6bdffb" />
      <TestMethod codeBase="D:\a\rcs-front\rcs-front\Kassa.Tests\bin\Debug\net8.0\Kassa.Tests.dll" adapterTypeName="executor://mstestadapter/v2" className="Kassa.Tests.MockTests" name="MockRepositoryTests" />
    </UnitTest>
  </TestDefinitions>
  <TestEntries>
    <TestEntry testId="0605805d-d351-459d-0d69-eb18696cb82e" executionId="cc22710b-9e71-4f2e-ae40-209fec6bdffb" testListId="8c84fa94-04c1-424b-9868-57a2d4851a1d" />
    <TestEntry testId="4d9a623e-042e-c9ac-b488-194bbf075b36" executionId="4218b883-d1bf-46ed-9958-d422da218df3" testListId="8c84fa94-04c1-424b-9868-57a2d4851a1d" />
    <TestEntry testId="2486bace-5605-762b-c0ee-d108e8300ef5" executionId="715841a4-8e0d-4020-91f5-ae07ff094f28" testListId="8c84fa94-04c1-424b-9868-57a2d4851a1d" />
    <TestEntry testId="b85b9cd0-1bcf-2c09-696c-ba58ea2c8960" executionId="63d0f9a8-3f3d-4c27-b1e4-271c65383096" testListId="8c84fa94-04c1-424b-9868-57a2d4851a1d" />
  </TestEntries>
  <TestLists>
    <TestList name="Results Not in a List" id="8c84fa94-04c1-424b-9868-57a2d4851a1d" />
    <TestList name="All Loaded Results" id="19431567-8539-422a-85d7-44ee4e166bda" />
  </TestLists>
  <ResultSummary outcome="Completed">
    <Counters total="4" executed="4" passed="4" failed="0" error="0" timeout="0" aborted="0" inconclusive="0" passedButRunAborted="0" notRunnable="0" notExecuted="0" disconnected="0" warning="0" completed="0" inProgress="0" pending="0" />
  </ResultSummary>
</TestRun>