<?xml version="1.0" encoding="utf-8"?>
<TestRun id="32784564-4e4e-4e69-bf7c-35eb47c05f33" name="runneradmin@fv-az1390-505 2024-08-02 14:07:15" runUser="fv-az1390-505\runneradmin" xmlns="http://microsoft.com/schemas/VisualStudio/TeamTest/2010">
  <Times creation="2024-08-02T14:07:15.6607205+00:00" queuing="2024-08-02T14:07:15.6607207+00:00" start="2024-08-02T14:07:13.9630062+00:00" finish="2024-08-02T14:07:15.6656344+00:00" />
  <TestSettings name="default" id="f0f012a1-871c-4662-9b31-8f2f12452371">
    <Deployment runDeploymentRoot="runneradmin_fv-az1390-505_2024-08-02_14_07_15" />
  </TestSettings>
  <Results>
    <UnitTestResult executionId="eaa3f0b3-d03f-40f4-9e09-1479e6941377" testId="b85b9cd0-1bcf-2c09-696c-ba58ea2c8960" testName="MockRepositoryTests2" computerName="fv-az1390-505" duration="00:00:00.0085304" startTime="2024-08-02T14:07:14.5869997+00:00" endTime="2024-08-02T14:07:14.5957101+00:00" testType="13cdc9d9-ddb5-4fa4-a97d-d965ccfc6d4b" outcome="Passed" testListId="8c84fa94-04c1-424b-9868-57a2d4851a1d" relativeResultsDirectory="eaa3f0b3-d03f-40f4-9e09-1479e6941377" />
    <UnitTestResult executionId="604377b4-e8d7-4c0e-a2e3-0169ec85ba44" testId="0605805d-d351-459d-0d69-eb18696cb82e" testName="MockRepositoryTests" computerName="fv-az1390-505" duration="00:00:00.0470298" startTime="2024-08-02T14:07:14.4684932+00:00" endTime="2024-08-02T14:07:14.5830291+00:00" testType="13cdc9d9-ddb5-4fa4-a97d-d965ccfc6d4b" outcome="Passed" testListId="8c84fa94-04c1-424b-9868-57a2d4851a1d" relativeResultsDirectory="604377b4-e8d7-4c0e-a2e3-0169ec85ba44" />
    <UnitTestResult executionId="f328b086-ff98-4463-8dbb-77593b74fe4e" testId="2486bace-5605-762b-c0ee-d108e8300ef5" testName="MockRepositoryTests4" computerName="fv-az1390-505" duration="00:00:00.0030041" startTime="2024-08-02T14:07:14.6012091+00:00" endTime="2024-08-02T14:07:14.6055772+00:00" testType="13cdc9d9-ddb5-4fa4-a97d-d965ccfc6d4b" outcome="Passed" testListId="8c84fa94-04c1-424b-9868-57a2d4851a1d" relativeResultsDirectory="f328b086-ff98-4463-8dbb-77593b74fe4e" />
    <UnitTestResult executionId="37fda713-a6b9-4c33-9d6a-eef6efbd1e59" testId="4d9a623e-042e-c9ac-b488-194bbf075b36" testName="MockRepositoryTests3" computerName="fv-az1390-505" duration="00:00:00.0051110" startTime="2024-08-02T14:07:14.5959631+00:00" endTime="2024-08-02T14:07:14.6011782+00:00" testType="13cdc9d9-ddb5-4fa4-a97d-d965ccfc6d4b" outcome="Passed" testListId="8c84fa94-04c1-424b-9868-57a2d4851a1d" relativeResultsDirectory="37fda713-a6b9-4c33-9d6a-eef6efbd1e59" />
  </Results>
  <TestDefinitions>
    <UnitTest name="MockRepositoryTests4" storage="d:\a\rcs-front\rcs-front\kassa.tests\bin\debug\net8.0\kassa.tests.dll" id="2486bace-5605-762b-c0ee-d108e8300ef5">
      <Execution id="f328b086-ff98-4463-8dbb-77593b74fe4e" />
      <TestMethod codeBase="D:\a\rcs-front\rcs-front\Kassa.Tests\bin\Debug\net8.0\Kassa.Tests.dll" adapterTypeName="executor://mstestadapter/v2" className="Kassa.Tests.MockTests" name="MockRepositoryTests4" />
    </UnitTest>
    <UnitTest name="MockRepositoryTests2" storage="d:\a\rcs-front\rcs-front\kassa.tests\bin\debug\net8.0\kassa.tests.dll" id="b85b9cd0-1bcf-2c09-696c-ba58ea2c8960">
      <Execution id="eaa3f0b3-d03f-40f4-9e09-1479e6941377" />
      <TestMethod codeBase="D:\a\rcs-front\rcs-front\Kassa.Tests\bin\Debug\net8.0\Kassa.Tests.dll" adapterTypeName="executor://mstestadapter/v2" className="Kassa.Tests.MockTests" name="MockRepositoryTests2" />
    </UnitTest>
    <UnitTest name="MockRepositoryTests3" storage="d:\a\rcs-front\rcs-front\kassa.tests\bin\debug\net8.0\kassa.tests.dll" id="4d9a623e-042e-c9ac-b488-194bbf075b36">
      <Execution id="37fda713-a6b9-4c33-9d6a-eef6efbd1e59" />
      <TestMethod codeBase="D:\a\rcs-front\rcs-front\Kassa.Tests\bin\Debug\net8.0\Kassa.Tests.dll" adapterTypeName="executor://mstestadapter/v2" className="Kassa.Tests.MockTests" name="MockRepositoryTests3" />
    </UnitTest>
    <UnitTest name="MockRepositoryTests" storage="d:\a\rcs-front\rcs-front\kassa.tests\bin\debug\net8.0\kassa.tests.dll" id="0605805d-d351-459d-0d69-eb18696cb82e">
      <Execution id="604377b4-e8d7-4c0e-a2e3-0169ec85ba44" />
      <TestMethod codeBase="D:\a\rcs-front\rcs-front\Kassa.Tests\bin\Debug\net8.0\Kassa.Tests.dll" adapterTypeName="executor://mstestadapter/v2" className="Kassa.Tests.MockTests" name="MockRepositoryTests" />
    </UnitTest>
  </TestDefinitions>
  <TestEntries>
    <TestEntry testId="b85b9cd0-1bcf-2c09-696c-ba58ea2c8960" executionId="eaa3f0b3-d03f-40f4-9e09-1479e6941377" testListId="8c84fa94-04c1-424b-9868-57a2d4851a1d" />
    <TestEntry testId="0605805d-d351-459d-0d69-eb18696cb82e" executionId="604377b4-e8d7-4c0e-a2e3-0169ec85ba44" testListId="8c84fa94-04c1-424b-9868-57a2d4851a1d" />
    <TestEntry testId="2486bace-5605-762b-c0ee-d108e8300ef5" executionId="f328b086-ff98-4463-8dbb-77593b74fe4e" testListId="8c84fa94-04c1-424b-9868-57a2d4851a1d" />
    <TestEntry testId="4d9a623e-042e-c9ac-b488-194bbf075b36" executionId="37fda713-a6b9-4c33-9d6a-eef6efbd1e59" testListId="8c84fa94-04c1-424b-9868-57a2d4851a1d" />
  </TestEntries>
  <TestLists>
    <TestList name="Results Not in a List" id="8c84fa94-04c1-424b-9868-57a2d4851a1d" />
    <TestList name="All Loaded Results" id="19431567-8539-422a-85d7-44ee4e166bda" />
  </TestLists>
  <ResultSummary outcome="Completed">
    <Counters total="4" executed="4" passed="4" failed="0" error="0" timeout="0" aborted="0" inconclusive="0" passedButRunAborted="0" notRunnable="0" notExecuted="0" disconnected="0" warning="0" completed="0" inProgress="0" pending="0" />
  </ResultSummary>
</TestRun>