<?xml version="1.0" encoding="utf-8"?>
<TestRun id="5b768ed3-1d95-48f9-97f6-9684fc42c2e7" name="runneradmin@fv-az1212-782 2024-07-26 15:06:25" runUser="fv-az1212-782\runneradmin" xmlns="http://microsoft.com/schemas/VisualStudio/TeamTest/2010">
  <Times creation="2024-07-26T15:06:25.3314732+00:00" queuing="2024-07-26T15:06:25.3314733+00:00" start="2024-07-26T15:06:23.5215344+00:00" finish="2024-07-26T15:06:25.3362700+00:00" />
  <TestSettings name="default" id="695d9d66-9756-471f-a6f7-f92ab833bb8a">
    <Deployment runDeploymentRoot="runneradmin_fv-az1212-782_2024-07-26_15_06_25" />
  </TestSettings>
  <Results>
    <UnitTestResult executionId="9900b3fd-e25f-4702-979b-dae713af2213" testId="4d9a623e-042e-c9ac-b488-194bbf075b36" testName="MockRepositoryTests3" computerName="fv-az1212-782" duration="00:00:00.0050106" startTime="2024-07-26T15:06:24.1586506+00:00" endTime="2024-07-26T15:06:24.1637664+00:00" testType="13cdc9d9-ddb5-4fa4-a97d-d965ccfc6d4b" outcome="Passed" testListId="8c84fa94-04c1-424b-9868-57a2d4851a1d" relativeResultsDirectory="9900b3fd-e25f-4702-979b-dae713af2213" />
    <UnitTestResult executionId="0dee65b9-778e-404f-ae73-413a36f52dcc" testId="b85b9cd0-1bcf-2c09-696c-ba58ea2c8960" testName="MockRepositoryTests2" computerName="fv-az1212-782" duration="00:00:00.0079884" startTime="2024-07-26T15:06:24.1502639+00:00" endTime="2024-07-26T15:06:24.1583949+00:00" testType="13cdc9d9-ddb5-4fa4-a97d-d965ccfc6d4b" outcome="Passed" testListId="8c84fa94-04c1-424b-9868-57a2d4851a1d" relativeResultsDirectory="0dee65b9-778e-404f-ae73-413a36f52dcc" />
    <UnitTestResult executionId="8766800e-773d-4045-afa7-ee00824d3575" testId="0605805d-d351-459d-0d69-eb18696cb82e" testName="MockRepositoryTests" computerName="fv-az1212-782" duration="00:00:00.0583497" startTime="2024-07-26T15:06:24.0526536+00:00" endTime="2024-07-26T15:06:24.1465444+00:00" testType="13cdc9d9-ddb5-4fa4-a97d-d965ccfc6d4b" outcome="Passed" testListId="8c84fa94-04c1-424b-9868-57a2d4851a1d" relativeResultsDirectory="8766800e-773d-4045-afa7-ee00824d3575" />
    <UnitTestResult executionId="df630b46-b09a-4c55-94fc-dd71808e4ee8" testId="2486bace-5605-762b-c0ee-d108e8300ef5" testName="MockRepositoryTests4" computerName="fv-az1212-782" duration="00:00:00.0030471" startTime="2024-07-26T15:06:24.1637940+00:00" endTime="2024-07-26T15:06:24.1681357+00:00" testType="13cdc9d9-ddb5-4fa4-a97d-d965ccfc6d4b" outcome="Passed" testListId="8c84fa94-04c1-424b-9868-57a2d4851a1d" relativeResultsDirectory="df630b46-b09a-4c55-94fc-dd71808e4ee8" />
  </Results>
  <TestDefinitions>
    <UnitTest name="MockRepositoryTests4" storage="d:\a\rcs-front\rcs-front\kassa.tests\bin\debug\net8.0\kassa.tests.dll" id="2486bace-5605-762b-c0ee-d108e8300ef5">
      <Execution id="df630b46-b09a-4c55-94fc-dd71808e4ee8" />
      <TestMethod codeBase="D:\a\rcs-front\rcs-front\Kassa.Tests\bin\Debug\net8.0\Kassa.Tests.dll" adapterTypeName="executor://mstestadapter/v2" className="Kassa.Tests.MockTests" name="MockRepositoryTests4" />
    </UnitTest>
    <UnitTest name="MockRepositoryTests2" storage="d:\a\rcs-front\rcs-front\kassa.tests\bin\debug\net8.0\kassa.tests.dll" id="b85b9cd0-1bcf-2c09-696c-ba58ea2c8960">
      <Execution id="0dee65b9-778e-404f-ae73-413a36f52dcc" />
      <TestMethod codeBase="D:\a\rcs-front\rcs-front\Kassa.Tests\bin\Debug\net8.0\Kassa.Tests.dll" adapterTypeName="executor://mstestadapter/v2" className="Kassa.Tests.MockTests" name="MockRepositoryTests2" />
    </UnitTest>
    <UnitTest name="MockRepositoryTests3" storage="d:\a\rcs-front\rcs-front\kassa.tests\bin\debug\net8.0\kassa.tests.dll" id="4d9a623e-042e-c9ac-b488-194bbf075b36">
      <Execution id="9900b3fd-e25f-4702-979b-dae713af2213" />
      <TestMethod codeBase="D:\a\rcs-front\rcs-front\Kassa.Tests\bin\Debug\net8.0\Kassa.Tests.dll" adapterTypeName="executor://mstestadapter/v2" className="Kassa.Tests.MockTests" name="MockRepositoryTests3" />
    </UnitTest>
    <UnitTest name="MockRepositoryTests" storage="d:\a\rcs-front\rcs-front\kassa.tests\bin\debug\net8.0\kassa.tests.dll" id="0605805d-d351-459d-0d69-eb18696cb82e">
      <Execution id="8766800e-773d-4045-afa7-ee00824d3575" />
      <TestMethod codeBase="D:\a\rcs-front\rcs-front\Kassa.Tests\bin\Debug\net8.0\Kassa.Tests.dll" adapterTypeName="executor://mstestadapter/v2" className="Kassa.Tests.MockTests" name="MockRepositoryTests" />
    </UnitTest>
  </TestDefinitions>
  <TestEntries>
    <TestEntry testId="4d9a623e-042e-c9ac-b488-194bbf075b36" executionId="9900b3fd-e25f-4702-979b-dae713af2213" testListId="8c84fa94-04c1-424b-9868-57a2d4851a1d" />
    <TestEntry testId="b85b9cd0-1bcf-2c09-696c-ba58ea2c8960" executionId="0dee65b9-778e-404f-ae73-413a36f52dcc" testListId="8c84fa94-04c1-424b-9868-57a2d4851a1d" />
    <TestEntry testId="0605805d-d351-459d-0d69-eb18696cb82e" executionId="8766800e-773d-4045-afa7-ee00824d3575" testListId="8c84fa94-04c1-424b-9868-57a2d4851a1d" />
    <TestEntry testId="2486bace-5605-762b-c0ee-d108e8300ef5" executionId="df630b46-b09a-4c55-94fc-dd71808e4ee8" testListId="8c84fa94-04c1-424b-9868-57a2d4851a1d" />
  </TestEntries>
  <TestLists>
    <TestList name="Results Not in a List" id="8c84fa94-04c1-424b-9868-57a2d4851a1d" />
    <TestList name="All Loaded Results" id="19431567-8539-422a-85d7-44ee4e166bda" />
  </TestLists>
  <ResultSummary outcome="Completed">
    <Counters total="4" executed="4" passed="4" failed="0" error="0" timeout="0" aborted="0" inconclusive="0" passedButRunAborted="0" notRunnable="0" notExecuted="0" disconnected="0" warning="0" completed="0" inProgress="0" pending="0" />
  </ResultSummary>
</TestRun>