<?xml version="1.0" encoding="utf-8"?>
<TestRun id="876b5e6f-6cf9-43d3-91ea-59780ef02655" name="runneradmin@fv-az980-186 2024-07-04 09:48:38" runUser="fv-az980-186\runneradmin" xmlns="http://microsoft.com/schemas/VisualStudio/TeamTest/2010">
  <Times creation="2024-07-04T09:48:38.1632600+00:00" queuing="2024-07-04T09:48:38.1632602+00:00" start="2024-07-04T09:48:35.3695215+00:00" finish="2024-07-04T09:48:38.1679334+00:00" />
  <TestSettings name="default" id="3163942b-1c0b-4f02-9114-8d9eaf83704c">
    <Deployment runDeploymentRoot="runneradmin_fv-az980-186_2024-07-04_09_48_38" />
  </TestSettings>
  <Results>
    <UnitTestResult executionId="1cf96940-0d24-4acd-9e1f-960ca71107a6" testId="0605805d-d351-459d-0d69-eb18696cb82e" testName="MockRepositoryTests" computerName="fv-az980-186" duration="00:00:00.0382918" startTime="2024-07-04T09:48:36.2810147+00:00" endTime="2024-07-04T09:48:36.3678830+00:00" testType="13cdc9d9-ddb5-4fa4-a97d-d965ccfc6d4b" outcome="Passed" testListId="8c84fa94-04c1-424b-9868-57a2d4851a1d" relativeResultsDirectory="1cf96940-0d24-4acd-9e1f-960ca71107a6" />
    <UnitTestResult executionId="f802aa3f-d483-4961-876e-16eec44cda40" testId="4d9a623e-042e-c9ac-b488-194bbf075b36" testName="MockRepositoryTests3" computerName="fv-az980-186" duration="00:00:00.0049983" startTime="2024-07-04T09:48:36.3798652+00:00" endTime="2024-07-04T09:48:36.3849563+00:00" testType="13cdc9d9-ddb5-4fa4-a97d-d965ccfc6d4b" outcome="Passed" testListId="8c84fa94-04c1-424b-9868-57a2d4851a1d" relativeResultsDirectory="f802aa3f-d483-4961-876e-16eec44cda40" />
    <UnitTestResult executionId="55c73fce-cb73-450c-82d8-d7676903b7f8" testId="2486bace-5605-762b-c0ee-d108e8300ef5" testName="MockRepositoryTests4" computerName="fv-az980-186" duration="00:00:00.0029976" startTime="2024-07-04T09:48:36.3849830+00:00" endTime="2024-07-04T09:48:36.3892867+00:00" testType="13cdc9d9-ddb5-4fa4-a97d-d965ccfc6d4b" outcome="Passed" testListId="8c84fa94-04c1-424b-9868-57a2d4851a1d" relativeResultsDirectory="55c73fce-cb73-450c-82d8-d7676903b7f8" />
    <UnitTestResult executionId="ab32c433-f79e-451d-b774-27adfb3adda5" testId="b85b9cd0-1bcf-2c09-696c-ba58ea2c8960" testName="MockRepositoryTests2" computerName="fv-az980-186" duration="00:00:00.0079036" startTime="2024-07-04T09:48:36.3715460+00:00" endTime="2024-07-04T09:48:36.3796211+00:00" testType="13cdc9d9-ddb5-4fa4-a97d-d965ccfc6d4b" outcome="Passed" testListId="8c84fa94-04c1-424b-9868-57a2d4851a1d" relativeResultsDirectory="ab32c433-f79e-451d-b774-27adfb3adda5" />
  </Results>
  <TestDefinitions>
    <UnitTest name="MockRepositoryTests4" storage="d:\a\rcs-front\rcs-front\kassa.tests\bin\debug\net8.0\kassa.tests.dll" id="2486bace-5605-762b-c0ee-d108e8300ef5">
      <Execution id="55c73fce-cb73-450c-82d8-d7676903b7f8" />
      <TestMethod codeBase="D:\a\rcs-front\rcs-front\Kassa.Tests\bin\Debug\net8.0\Kassa.Tests.dll" adapterTypeName="executor://mstestadapter/v2" className="Kassa.Tests.MockTests" name="MockRepositoryTests4" />
    </UnitTest>
    <UnitTest name="MockRepositoryTests2" storage="d:\a\rcs-front\rcs-front\kassa.tests\bin\debug\net8.0\kassa.tests.dll" id="b85b9cd0-1bcf-2c09-696c-ba58ea2c8960">
      <Execution id="ab32c433-f79e-451d-b774-27adfb3adda5" />
      <TestMethod codeBase="D:\a\rcs-front\rcs-front\Kassa.Tests\bin\Debug\net8.0\Kassa.Tests.dll" adapterTypeName="executor://mstestadapter/v2" className="Kassa.Tests.MockTests" name="MockRepositoryTests2" />
    </UnitTest>
    <UnitTest name="MockRepositoryTests3" storage="d:\a\rcs-front\rcs-front\kassa.tests\bin\debug\net8.0\kassa.tests.dll" id="4d9a623e-042e-c9ac-b488-194bbf075b36">
      <Execution id="f802aa3f-d483-4961-876e-16eec44cda40" />
      <TestMethod codeBase="D:\a\rcs-front\rcs-front\Kassa.Tests\bin\Debug\net8.0\Kassa.Tests.dll" adapterTypeName="executor://mstestadapter/v2" className="Kassa.Tests.MockTests" name="MockRepositoryTests3" />
    </UnitTest>
    <UnitTest name="MockRepositoryTests" storage="d:\a\rcs-front\rcs-front\kassa.tests\bin\debug\net8.0\kassa.tests.dll" id="0605805d-d351-459d-0d69-eb18696cb82e">
      <Execution id="1cf96940-0d24-4acd-9e1f-960ca71107a6" />
      <TestMethod codeBase="D:\a\rcs-front\rcs-front\Kassa.Tests\bin\Debug\net8.0\Kassa.Tests.dll" adapterTypeName="executor://mstestadapter/v2" className="Kassa.Tests.MockTests" name="MockRepositoryTests" />
    </UnitTest>
  </TestDefinitions>
  <TestEntries>
    <TestEntry testId="0605805d-d351-459d-0d69-eb18696cb82e" executionId="1cf96940-0d24-4acd-9e1f-960ca71107a6" testListId="8c84fa94-04c1-424b-9868-57a2d4851a1d" />
    <TestEntry testId="4d9a623e-042e-c9ac-b488-194bbf075b36" executionId="f802aa3f-d483-4961-876e-16eec44cda40" testListId="8c84fa94-04c1-424b-9868-57a2d4851a1d" />
    <TestEntry testId="2486bace-5605-762b-c0ee-d108e8300ef5" executionId="55c73fce-cb73-450c-82d8-d7676903b7f8" testListId="8c84fa94-04c1-424b-9868-57a2d4851a1d" />
    <TestEntry testId="b85b9cd0-1bcf-2c09-696c-ba58ea2c8960" executionId="ab32c433-f79e-451d-b774-27adfb3adda5" testListId="8c84fa94-04c1-424b-9868-57a2d4851a1d" />
  </TestEntries>
  <TestLists>
    <TestList name="Results Not in a List" id="8c84fa94-04c1-424b-9868-57a2d4851a1d" />
    <TestList name="All Loaded Results" id="19431567-8539-422a-85d7-44ee4e166bda" />
  </TestLists>
  <ResultSummary outcome="Completed">
    <Counters total="4" executed="4" passed="4" failed="0" error="0" timeout="0" aborted="0" inconclusive="0" passedButRunAborted="0" notRunnable="0" notExecuted="0" disconnected="0" warning="0" completed="0" inProgress="0" pending="0" />
  </ResultSummary>
</TestRun>