<?xml version="1.0" encoding="utf-8"?>
<TestRun id="8e2c5859-42f5-4bdc-a3da-a580ca39d630" name="runneradmin@fv-az534-260 2024-07-09 10:20:49" runUser="fv-az534-260\runneradmin" xmlns="http://microsoft.com/schemas/VisualStudio/TeamTest/2010">
  <Times creation="2024-07-09T10:20:49.7981645+00:00" queuing="2024-07-09T10:20:49.7981647+00:00" start="2024-07-09T10:20:48.0437938+00:00" finish="2024-07-09T10:20:49.8034712+00:00" />
  <TestSettings name="default" id="4d0569e6-37b3-4235-9cfb-5199d004ce76">
    <Deployment runDeploymentRoot="runneradmin_fv-az534-260_2024-07-09_10_20_49" />
  </TestSettings>
  <Results>
    <UnitTestResult executionId="386a792e-0575-4ee1-b80c-59ebc0c4052e" testId="b85b9cd0-1bcf-2c09-696c-ba58ea2c8960" testName="MockRepositoryTests2" computerName="fv-az534-260" duration="00:00:00.0082977" startTime="2024-07-09T10:20:48.6874720+00:00" endTime="2024-07-09T10:20:48.6959888+00:00" testType="13cdc9d9-ddb5-4fa4-a97d-d965ccfc6d4b" outcome="Passed" testListId="8c84fa94-04c1-424b-9868-57a2d4851a1d" relativeResultsDirectory="386a792e-0575-4ee1-b80c-59ebc0c4052e" />
    <UnitTestResult executionId="1f8b48ed-6cc8-411f-87d1-404f0de86f4f" testId="4d9a623e-042e-c9ac-b488-194bbf075b36" testName="MockRepositoryTests3" computerName="fv-az534-260" duration="00:00:00.0051916" startTime="2024-07-09T10:20:48.6962674+00:00" endTime="2024-07-09T10:20:48.7015881+00:00" testType="13cdc9d9-ddb5-4fa4-a97d-d965ccfc6d4b" outcome="Passed" testListId="8c84fa94-04c1-424b-9868-57a2d4851a1d" relativeResultsDirectory="1f8b48ed-6cc8-411f-87d1-404f0de86f4f" />
    <UnitTestResult executionId="05e84f70-93a0-4744-8af5-5e53fdfd251f" testId="0605805d-d351-459d-0d69-eb18696cb82e" testName="MockRepositoryTests" computerName="fv-az534-260" duration="00:00:00.0416016" startTime="2024-07-09T10:20:48.6064485+00:00" endTime="2024-07-09T10:20:48.6836481+00:00" testType="13cdc9d9-ddb5-4fa4-a97d-d965ccfc6d4b" outcome="Passed" testListId="8c84fa94-04c1-424b-9868-57a2d4851a1d" relativeResultsDirectory="05e84f70-93a0-4744-8af5-5e53fdfd251f" />
    <UnitTestResult executionId="3326a9fa-a37f-4c8a-9089-0e048f34ef5f" testId="2486bace-5605-762b-c0ee-d108e8300ef5" testName="MockRepositoryTests4" computerName="fv-az534-260" duration="00:00:00.0030985" startTime="2024-07-09T10:20:48.7016287+00:00" endTime="2024-07-09T10:20:48.7062268+00:00" testType="13cdc9d9-ddb5-4fa4-a97d-d965ccfc6d4b" outcome="Passed" testListId="8c84fa94-04c1-424b-9868-57a2d4851a1d" relativeResultsDirectory="3326a9fa-a37f-4c8a-9089-0e048f34ef5f" />
  </Results>
  <TestDefinitions>
    <UnitTest name="MockRepositoryTests4" storage="d:\a\rcs-front\rcs-front\kassa.tests\bin\debug\net8.0\kassa.tests.dll" id="2486bace-5605-762b-c0ee-d108e8300ef5">
      <Execution id="3326a9fa-a37f-4c8a-9089-0e048f34ef5f" />
      <TestMethod codeBase="D:\a\rcs-front\rcs-front\Kassa.Tests\bin\Debug\net8.0\Kassa.Tests.dll" adapterTypeName="executor://mstestadapter/v2" className="Kassa.Tests.MockTests" name="MockRepositoryTests4" />
    </UnitTest>
    <UnitTest name="MockRepositoryTests2" storage="d:\a\rcs-front\rcs-front\kassa.tests\bin\debug\net8.0\kassa.tests.dll" id="b85b9cd0-1bcf-2c09-696c-ba58ea2c8960">
      <Execution id="386a792e-0575-4ee1-b80c-59ebc0c4052e" />
      <TestMethod codeBase="D:\a\rcs-front\rcs-front\Kassa.Tests\bin\Debug\net8.0\Kassa.Tests.dll" adapterTypeName="executor://mstestadapter/v2" className="Kassa.Tests.MockTests" name="MockRepositoryTests2" />
    </UnitTest>
    <UnitTest name="MockRepositoryTests3" storage="d:\a\rcs-front\rcs-front\kassa.tests\bin\debug\net8.0\kassa.tests.dll" id="4d9a623e-042e-c9ac-b488-194bbf075b36">
      <Execution id="1f8b48ed-6cc8-411f-87d1-404f0de86f4f" />
      <TestMethod codeBase="D:\a\rcs-front\rcs-front\Kassa.Tests\bin\Debug\net8.0\Kassa.Tests.dll" adapterTypeName="executor://mstestadapter/v2" className="Kassa.Tests.MockTests" name="MockRepositoryTests3" />
    </UnitTest>
    <UnitTest name="MockRepositoryTests" storage="d:\a\rcs-front\rcs-front\kassa.tests\bin\debug\net8.0\kassa.tests.dll" id="0605805d-d351-459d-0d69-eb18696cb82e">
      <Execution id="05e84f70-93a0-4744-8af5-5e53fdfd251f" />
      <TestMethod codeBase="D:\a\rcs-front\rcs-front\Kassa.Tests\bin\Debug\net8.0\Kassa.Tests.dll" adapterTypeName="executor://mstestadapter/v2" className="Kassa.Tests.MockTests" name="MockRepositoryTests" />
    </UnitTest>
  </TestDefinitions>
  <TestEntries>
    <TestEntry testId="b85b9cd0-1bcf-2c09-696c-ba58ea2c8960" executionId="386a792e-0575-4ee1-b80c-59ebc0c4052e" testListId="8c84fa94-04c1-424b-9868-57a2d4851a1d" />
    <TestEntry testId="4d9a623e-042e-c9ac-b488-194bbf075b36" executionId="1f8b48ed-6cc8-411f-87d1-404f0de86f4f" testListId="8c84fa94-04c1-424b-9868-57a2d4851a1d" />
    <TestEntry testId="0605805d-d351-459d-0d69-eb18696cb82e" executionId="05e84f70-93a0-4744-8af5-5e53fdfd251f" testListId="8c84fa94-04c1-424b-9868-57a2d4851a1d" />
    <TestEntry testId="2486bace-5605-762b-c0ee-d108e8300ef5" executionId="3326a9fa-a37f-4c8a-9089-0e048f34ef5f" testListId="8c84fa94-04c1-424b-9868-57a2d4851a1d" />
  </TestEntries>
  <TestLists>
    <TestList name="Results Not in a List" id="8c84fa94-04c1-424b-9868-57a2d4851a1d" />
    <TestList name="All Loaded Results" id="19431567-8539-422a-85d7-44ee4e166bda" />
  </TestLists>
  <ResultSummary outcome="Completed">
    <Counters total="4" executed="4" passed="4" failed="0" error="0" timeout="0" aborted="0" inconclusive="0" passedButRunAborted="0" notRunnable="0" notExecuted="0" disconnected="0" warning="0" completed="0" inProgress="0" pending="0" />
  </ResultSummary>
</TestRun>