<?xml version="1.0" encoding="utf-8"?>
<TestRun id="fca4858d-22eb-4962-ac3e-aec6dfdc90e9" name="runneradmin@fv-az1212-611 2024-07-30 13:18:52" runUser="fv-az1212-611\runneradmin" xmlns="http://microsoft.com/schemas/VisualStudio/TeamTest/2010">
  <Times creation="2024-07-30T13:18:52.4917450+00:00" queuing="2024-07-30T13:18:52.4917451+00:00" start="2024-07-30T13:18:50.6925683+00:00" finish="2024-07-30T13:18:52.4966512+00:00" />
  <TestSettings name="default" id="c3ebf7b3-71c0-4c3c-b4b2-56edbb8d4966">
    <Deployment runDeploymentRoot="runneradmin_fv-az1212-611_2024-07-30_13_18_52" />
  </TestSettings>
  <Results>
    <UnitTestResult executionId="fd14d695-9f7a-4cbd-8bce-140a42653c4a" testId="4d9a623e-042e-c9ac-b488-194bbf075b36" testName="MockRepositoryTests3" computerName="fv-az1212-611" duration="00:00:00.0051378" startTime="2024-07-30T13:18:51.3499700+00:00" endTime="2024-07-30T13:18:51.3552065+00:00" testType="13cdc9d9-ddb5-4fa4-a97d-d965ccfc6d4b" outcome="Passed" testListId="8c84fa94-04c1-424b-9868-57a2d4851a1d" relativeResultsDirectory="fd14d695-9f7a-4cbd-8bce-140a42653c4a" />
    <UnitTestResult executionId="dd879424-f455-4d94-8fec-ed7a63e3d82b" testId="2486bace-5605-762b-c0ee-d108e8300ef5" testName="MockRepositoryTests4" computerName="fv-az1212-611" duration="00:00:00.0030380" startTime="2024-07-30T13:18:51.3552355+00:00" endTime="2024-07-30T13:18:51.3596445+00:00" testType="13cdc9d9-ddb5-4fa4-a97d-d965ccfc6d4b" outcome="Passed" testListId="8c84fa94-04c1-424b-9868-57a2d4851a1d" relativeResultsDirectory="dd879424-f455-4d94-8fec-ed7a63e3d82b" />
    <UnitTestResult executionId="7ad55fcb-3aa5-4cc4-a435-77112090c54a" testId="b85b9cd0-1bcf-2c09-696c-ba58ea2c8960" testName="MockRepositoryTests2" computerName="fv-az1212-611" duration="00:00:00.0080250" startTime="2024-07-30T13:18:51.3415311+00:00" endTime="2024-07-30T13:18:51.3497195+00:00" testType="13cdc9d9-ddb5-4fa4-a97d-d965ccfc6d4b" outcome="Passed" testListId="8c84fa94-04c1-424b-9868-57a2d4851a1d" relativeResultsDirectory="7ad55fcb-3aa5-4cc4-a435-77112090c54a" />
    <UnitTestResult executionId="b9677f8e-7b84-4ff7-8296-1efe56de1a46" testId="0605805d-d351-459d-0d69-eb18696cb82e" testName="MockRepositoryTests" computerName="fv-az1212-611" duration="00:00:00.0570877" startTime="2024-07-30T13:18:51.2395588+00:00" endTime="2024-07-30T13:18:51.3377999+00:00" testType="13cdc9d9-ddb5-4fa4-a97d-d965ccfc6d4b" outcome="Passed" testListId="8c84fa94-04c1-424b-9868-57a2d4851a1d" relativeResultsDirectory="b9677f8e-7b84-4ff7-8296-1efe56de1a46" />
  </Results>
  <TestDefinitions>
    <UnitTest name="MockRepositoryTests4" storage="d:\a\rcs-front\rcs-front\kassa.tests\bin\debug\net8.0\kassa.tests.dll" id="2486bace-5605-762b-c0ee-d108e8300ef5">
      <Execution id="dd879424-f455-4d94-8fec-ed7a63e3d82b" />
      <TestMethod codeBase="D:\a\rcs-front\rcs-front\Kassa.Tests\bin\Debug\net8.0\Kassa.Tests.dll" adapterTypeName="executor://mstestadapter/v2" className="Kassa.Tests.MockTests" name="MockRepositoryTests4" />
    </UnitTest>
    <UnitTest name="MockRepositoryTests2" storage="d:\a\rcs-front\rcs-front\kassa.tests\bin\debug\net8.0\kassa.tests.dll" id="b85b9cd0-1bcf-2c09-696c-ba58ea2c8960">
      <Execution id="7ad55fcb-3aa5-4cc4-a435-77112090c54a" />
      <TestMethod codeBase="D:\a\rcs-front\rcs-front\Kassa.Tests\bin\Debug\net8.0\Kassa.Tests.dll" adapterTypeName="executor://mstestadapter/v2" className="Kassa.Tests.MockTests" name="MockRepositoryTests2" />
    </UnitTest>
    <UnitTest name="MockRepositoryTests3" storage="d:\a\rcs-front\rcs-front\kassa.tests\bin\debug\net8.0\kassa.tests.dll" id="4d9a623e-042e-c9ac-b488-194bbf075b36">
      <Execution id="fd14d695-9f7a-4cbd-8bce-140a42653c4a" />
      <TestMethod codeBase="D:\a\rcs-front\rcs-front\Kassa.Tests\bin\Debug\net8.0\Kassa.Tests.dll" adapterTypeName="executor://mstestadapter/v2" className="Kassa.Tests.MockTests" name="MockRepositoryTests3" />
    </UnitTest>
    <UnitTest name="MockRepositoryTests" storage="d:\a\rcs-front\rcs-front\kassa.tests\bin\debug\net8.0\kassa.tests.dll" id="0605805d-d351-459d-0d69-eb18696cb82e">
      <Execution id="b9677f8e-7b84-4ff7-8296-1efe56de1a46" />
      <TestMethod codeBase="D:\a\rcs-front\rcs-front\Kassa.Tests\bin\Debug\net8.0\Kassa.Tests.dll" adapterTypeName="executor://mstestadapter/v2" className="Kassa.Tests.MockTests" name="MockRepositoryTests" />
    </UnitTest>
  </TestDefinitions>
  <TestEntries>
    <TestEntry testId="4d9a623e-042e-c9ac-b488-194bbf075b36" executionId="fd14d695-9f7a-4cbd-8bce-140a42653c4a" testListId="8c84fa94-04c1-424b-9868-57a2d4851a1d" />
    <TestEntry testId="2486bace-5605-762b-c0ee-d108e8300ef5" executionId="dd879424-f455-4d94-8fec-ed7a63e3d82b" testListId="8c84fa94-04c1-424b-9868-57a2d4851a1d" />
    <TestEntry testId="b85b9cd0-1bcf-2c09-696c-ba58ea2c8960" executionId="7ad55fcb-3aa5-4cc4-a435-77112090c54a" testListId="8c84fa94-04c1-424b-9868-57a2d4851a1d" />
    <TestEntry testId="0605805d-d351-459d-0d69-eb18696cb82e" executionId="b9677f8e-7b84-4ff7-8296-1efe56de1a46" testListId="8c84fa94-04c1-424b-9868-57a2d4851a1d" />
  </TestEntries>
  <TestLists>
    <TestList name="Results Not in a List" id="8c84fa94-04c1-424b-9868-57a2d4851a1d" />
    <TestList name="All Loaded Results" id="19431567-8539-422a-85d7-44ee4e166bda" />
  </TestLists>
  <ResultSummary outcome="Completed">
    <Counters total="4" executed="4" passed="4" failed="0" error="0" timeout="0" aborted="0" inconclusive="0" passedButRunAborted="0" notRunnable="0" notExecuted="0" disconnected="0" warning="0" completed="0" inProgress="0" pending="0" />
  </ResultSummary>
</TestRun>