<?xml version="1.0" encoding="utf-8"?>
<TestRun id="f78dd89d-faf7-488c-abea-e8426b341afb" name="runneradmin@fv-az1390-734 2024-08-19 06:53:33" runUser="fv-az1390-734\runneradmin" xmlns="http://microsoft.com/schemas/VisualStudio/TeamTest/2010">
  <Times creation="2024-08-19T06:53:33.1907980+00:00" queuing="2024-08-19T06:53:33.1907981+00:00" start="2024-08-19T06:53:32.3742101+00:00" finish="2024-08-19T06:53:33.1954547+00:00" />
  <TestSettings name="default" id="16d1fbdf-7ab5-44e1-9e98-c61936539b66">
    <Deployment runDeploymentRoot="runneradmin_fv-az1390-734_2024-08-19_06_53_33" />
  </TestSettings>
  <Results>
    <UnitTestResult executionId="e7ca694c-2be8-4225-a00d-38c72784aa71" testId="0605805d-d351-459d-0d69-eb18696cb82e" testName="MockRepositoryTests" computerName="fv-az1390-734" duration="00:00:00.0469945" startTime="2024-08-19T06:53:32.9507749+00:00" endTime="2024-08-19T06:53:33.0129735+00:00" testType="13cdc9d9-ddb5-4fa4-a97d-d965ccfc6d4b" outcome="Passed" testListId="8c84fa94-04c1-424b-9868-57a2d4851a1d" relativeResultsDirectory="e7ca694c-2be8-4225-a00d-38c72784aa71" />
    <UnitTestResult executionId="6fe3eecf-1631-4a83-8125-f74381bc84dd" testId="2486bace-5605-762b-c0ee-d108e8300ef5" testName="MockRepositoryTests4" computerName="fv-az1390-734" duration="00:00:00.0031968" startTime="2024-08-19T06:53:33.0306681+00:00" endTime="2024-08-19T06:53:33.0352490+00:00" testType="13cdc9d9-ddb5-4fa4-a97d-d965ccfc6d4b" outcome="Passed" testListId="8c84fa94-04c1-424b-9868-57a2d4851a1d" relativeResultsDirectory="6fe3eecf-1631-4a83-8125-f74381bc84dd" />
    <UnitTestResult executionId="1e83aa08-d246-43c2-bff4-31600b9980d0" testId="b85b9cd0-1bcf-2c09-696c-ba58ea2c8960" testName="MockRepositoryTests2" computerName="fv-az1390-734" duration="00:00:00.0079590" startTime="2024-08-19T06:53:33.0170022+00:00" endTime="2024-08-19T06:53:33.0251480+00:00" testType="13cdc9d9-ddb5-4fa4-a97d-d965ccfc6d4b" outcome="Passed" testListId="8c84fa94-04c1-424b-9868-57a2d4851a1d" relativeResultsDirectory="1e83aa08-d246-43c2-bff4-31600b9980d0" />
    <UnitTestResult executionId="0a170a75-597a-44e3-9b62-31684421f6c3" testId="4d9a623e-042e-c9ac-b488-194bbf075b36" testName="MockRepositoryTests3" computerName="fv-az1390-734" duration="00:00:00.0051282" startTime="2024-08-19T06:53:33.0254072+00:00" endTime="2024-08-19T06:53:33.0306393+00:00" testType="13cdc9d9-ddb5-4fa4-a97d-d965ccfc6d4b" outcome="Passed" testListId="8c84fa94-04c1-424b-9868-57a2d4851a1d" relativeResultsDirectory="0a170a75-597a-44e3-9b62-31684421f6c3" />
  </Results>
  <TestDefinitions>
    <UnitTest name="MockRepositoryTests4" storage="d:\a\rcs-front\rcs-front\kassa.tests\bin\debug\net8.0\kassa.tests.dll" id="2486bace-5605-762b-c0ee-d108e8300ef5">
      <Execution id="6fe3eecf-1631-4a83-8125-f74381bc84dd" />
      <TestMethod codeBase="D:\a\rcs-front\rcs-front\Kassa.Tests\bin\Debug\net8.0\Kassa.Tests.dll" adapterTypeName="executor://mstestadapter/v2" className="Kassa.Tests.MockTests" name="MockRepositoryTests4" />
    </UnitTest>
    <UnitTest name="MockRepositoryTests2" storage="d:\a\rcs-front\rcs-front\kassa.tests\bin\debug\net8.0\kassa.tests.dll" id="b85b9cd0-1bcf-2c09-696c-ba58ea2c8960">
      <Execution id="1e83aa08-d246-43c2-bff4-31600b9980d0" />
      <TestMethod codeBase="D:\a\rcs-front\rcs-front\Kassa.Tests\bin\Debug\net8.0\Kassa.Tests.dll" adapterTypeName="executor://mstestadapter/v2" className="Kassa.Tests.MockTests" name="MockRepositoryTests2" />
    </UnitTest>
    <UnitTest name="MockRepositoryTests3" storage="d:\a\rcs-front\rcs-front\kassa.tests\bin\debug\net8.0\kassa.tests.dll" id="4d9a623e-042e-c9ac-b488-194bbf075b36">
      <Execution id="0a170a75-597a-44e3-9b62-31684421f6c3" />
      <TestMethod codeBase="D:\a\rcs-front\rcs-front\Kassa.Tests\bin\Debug\net8.0\Kassa.Tests.dll" adapterTypeName="executor://mstestadapter/v2" className="Kassa.Tests.MockTests" name="MockRepositoryTests3" />
    </UnitTest>
    <UnitTest name="MockRepositoryTests" storage="d:\a\rcs-front\rcs-front\kassa.tests\bin\debug\net8.0\kassa.tests.dll" id="0605805d-d351-459d-0d69-eb18696cb82e">
      <Execution id="e7ca694c-2be8-4225-a00d-38c72784aa71" />
      <TestMethod codeBase="D:\a\rcs-front\rcs-front\Kassa.Tests\bin\Debug\net8.0\Kassa.Tests.dll" adapterTypeName="executor://mstestadapter/v2" className="Kassa.Tests.MockTests" name="MockRepositoryTests" />
    </UnitTest>
  </TestDefinitions>
  <TestEntries>
    <TestEntry testId="0605805d-d351-459d-0d69-eb18696cb82e" executionId="e7ca694c-2be8-4225-a00d-38c72784aa71" testListId="8c84fa94-04c1-424b-9868-57a2d4851a1d" />
    <TestEntry testId="2486bace-5605-762b-c0ee-d108e8300ef5" executionId="6fe3eecf-1631-4a83-8125-f74381bc84dd" testListId="8c84fa94-04c1-424b-9868-57a2d4851a1d" />
    <TestEntry testId="b85b9cd0-1bcf-2c09-696c-ba58ea2c8960" executionId="1e83aa08-d246-43c2-bff4-31600b9980d0" testListId="8c84fa94-04c1-424b-9868-57a2d4851a1d" />
    <TestEntry testId="4d9a623e-042e-c9ac-b488-194bbf075b36" executionId="0a170a75-597a-44e3-9b62-31684421f6c3" testListId="8c84fa94-04c1-424b-9868-57a2d4851a1d" />
  </TestEntries>
  <TestLists>
    <TestList name="Results Not in a List" id="8c84fa94-04c1-424b-9868-57a2d4851a1d" />
    <TestList name="All Loaded Results" id="19431567-8539-422a-85d7-44ee4e166bda" />
  </TestLists>
  <ResultSummary outcome="Completed">
    <Counters total="4" executed="4" passed="4" failed="0" error="0" timeout="0" aborted="0" inconclusive="0" passedButRunAborted="0" notRunnable="0" notExecuted="0" disconnected="0" warning="0" completed="0" inProgress="0" pending="0" />
  </ResultSummary>
</TestRun>