<?xml version="1.0" encoding="utf-8"?>
<TestRun id="1b85394c-4b1b-4be8-b4c4-c4913bb3732e" name="runneradmin@fv-az844-432 2024-08-22 14:34:36" runUser="fv-az844-432\runneradmin" xmlns="http://microsoft.com/schemas/VisualStudio/TeamTest/2010">
  <Times creation="2024-08-22T14:34:36.1255196+00:00" queuing="2024-08-22T14:34:36.1255198+00:00" start="2024-08-22T14:34:35.2573936+00:00" finish="2024-08-22T14:34:36.1312040+00:00" />
  <TestSettings name="default" id="18c6e18e-97e1-4d07-a515-270b9cee7a08">
    <Deployment runDeploymentRoot="runneradmin_fv-az844-432_2024-08-22_14_34_36" />
  </TestSettings>
  <Results>
    <UnitTestResult executionId="4bcf1bfb-94c2-49cc-ba28-8c8ef64e8fce" testId="0605805d-d351-459d-0d69-eb18696cb82e" testName="MockRepositoryTests" computerName="fv-az844-432" duration="00:00:00.0439239" startTime="2024-08-22T14:34:35.8745377+00:00" endTime="2024-08-22T14:34:35.9336876+00:00" testType="13cdc9d9-ddb5-4fa4-a97d-d965ccfc6d4b" outcome="Passed" testListId="8c84fa94-04c1-424b-9868-57a2d4851a1d" relativeResultsDirectory="4bcf1bfb-94c2-49cc-ba28-8c8ef64e8fce" />
    <UnitTestResult executionId="15fc65f1-bd1f-4b4b-a8fc-203ef57ed544" testId="2486bace-5605-762b-c0ee-d108e8300ef5" testName="MockRepositoryTests4" computerName="fv-az844-432" duration="00:00:00.0043447" startTime="2024-08-22T14:34:35.9566284+00:00" endTime="2024-08-22T14:34:35.9629132+00:00" testType="13cdc9d9-ddb5-4fa4-a97d-d965ccfc6d4b" outcome="Passed" testListId="8c84fa94-04c1-424b-9868-57a2d4851a1d" relativeResultsDirectory="15fc65f1-bd1f-4b4b-a8fc-203ef57ed544" />
    <UnitTestResult executionId="64009913-1b68-48ff-b24a-cdf5d3052287" testId="b85b9cd0-1bcf-2c09-696c-ba58ea2c8960" testName="MockRepositoryTests2" computerName="fv-az844-432" duration="00:00:00.0110889" startTime="2024-08-22T14:34:35.9374842+00:00" endTime="2024-08-22T14:34:35.9487999+00:00" testType="13cdc9d9-ddb5-4fa4-a97d-d965ccfc6d4b" outcome="Passed" testListId="8c84fa94-04c1-424b-9868-57a2d4851a1d" relativeResultsDirectory="64009913-1b68-48ff-b24a-cdf5d3052287" />
    <UnitTestResult executionId="b3f3f482-01ad-4ac3-a2a4-cff5c4491a81" testId="4d9a623e-042e-c9ac-b488-194bbf075b36" testName="MockRepositoryTests3" computerName="fv-az844-432" duration="00:00:00.0072432" startTime="2024-08-22T14:34:35.9491948+00:00" endTime="2024-08-22T14:34:35.9565827+00:00" testType="13cdc9d9-ddb5-4fa4-a97d-d965ccfc6d4b" outcome="Passed" testListId="8c84fa94-04c1-424b-9868-57a2d4851a1d" relativeResultsDirectory="b3f3f482-01ad-4ac3-a2a4-cff5c4491a81" />
  </Results>
  <TestDefinitions>
    <UnitTest name="MockRepositoryTests4" storage="d:\a\rcs-front\rcs-front\kassa.tests\bin\debug\net8.0\kassa.tests.dll" id="2486bace-5605-762b-c0ee-d108e8300ef5">
      <Execution id="15fc65f1-bd1f-4b4b-a8fc-203ef57ed544" />
      <TestMethod codeBase="D:\a\rcs-front\rcs-front\Kassa.Tests\bin\Debug\net8.0\Kassa.Tests.dll" adapterTypeName="executor://mstestadapter/v2" className="Kassa.Tests.MockTests" name="MockRepositoryTests4" />
    </UnitTest>
    <UnitTest name="MockRepositoryTests2" storage="d:\a\rcs-front\rcs-front\kassa.tests\bin\debug\net8.0\kassa.tests.dll" id="b85b9cd0-1bcf-2c09-696c-ba58ea2c8960">
      <Execution id="64009913-1b68-48ff-b24a-cdf5d3052287" />
      <TestMethod codeBase="D:\a\rcs-front\rcs-front\Kassa.Tests\bin\Debug\net8.0\Kassa.Tests.dll" adapterTypeName="executor://mstestadapter/v2" className="Kassa.Tests.MockTests" name="MockRepositoryTests2" />
    </UnitTest>
    <UnitTest name="MockRepositoryTests3" storage="d:\a\rcs-front\rcs-front\kassa.tests\bin\debug\net8.0\kassa.tests.dll" id="4d9a623e-042e-c9ac-b488-194bbf075b36">
      <Execution id="b3f3f482-01ad-4ac3-a2a4-cff5c4491a81" />
      <TestMethod codeBase="D:\a\rcs-front\rcs-front\Kassa.Tests\bin\Debug\net8.0\Kassa.Tests.dll" adapterTypeName="executor://mstestadapter/v2" className="Kassa.Tests.MockTests" name="MockRepositoryTests3" />
    </UnitTest>
    <UnitTest name="MockRepositoryTests" storage="d:\a\rcs-front\rcs-front\kassa.tests\bin\debug\net8.0\kassa.tests.dll" id="0605805d-d351-459d-0d69-eb18696cb82e">
      <Execution id="4bcf1bfb-94c2-49cc-ba28-8c8ef64e8fce" />
      <TestMethod codeBase="D:\a\rcs-front\rcs-front\Kassa.Tests\bin\Debug\net8.0\Kassa.Tests.dll" adapterTypeName="executor://mstestadapter/v2" className="Kassa.Tests.MockTests" name="MockRepositoryTests" />
    </UnitTest>
  </TestDefinitions>
  <TestEntries>
    <TestEntry testId="0605805d-d351-459d-0d69-eb18696cb82e" executionId="4bcf1bfb-94c2-49cc-ba28-8c8ef64e8fce" testListId="8c84fa94-04c1-424b-9868-57a2d4851a1d" />
    <TestEntry testId="2486bace-5605-762b-c0ee-d108e8300ef5" executionId="15fc65f1-bd1f-4b4b-a8fc-203ef57ed544" testListId="8c84fa94-04c1-424b-9868-57a2d4851a1d" />
    <TestEntry testId="b85b9cd0-1bcf-2c09-696c-ba58ea2c8960" executionId="64009913-1b68-48ff-b24a-cdf5d3052287" testListId="8c84fa94-04c1-424b-9868-57a2d4851a1d" />
    <TestEntry testId="4d9a623e-042e-c9ac-b488-194bbf075b36" executionId="b3f3f482-01ad-4ac3-a2a4-cff5c4491a81" testListId="8c84fa94-04c1-424b-9868-57a2d4851a1d" />
  </TestEntries>
  <TestLists>
    <TestList name="Results Not in a List" id="8c84fa94-04c1-424b-9868-57a2d4851a1d" />
    <TestList name="All Loaded Results" id="19431567-8539-422a-85d7-44ee4e166bda" />
  </TestLists>
  <ResultSummary outcome="Completed">
    <Counters total="4" executed="4" passed="4" failed="0" error="0" timeout="0" aborted="0" inconclusive="0" passedButRunAborted="0" notRunnable="0" notExecuted="0" disconnected="0" warning="0" completed="0" inProgress="0" pending="0" />
  </ResultSummary>
</TestRun>