<?xml version="1.0" encoding="utf-8"?>
<TestRun id="186866f7-163e-45a7-a146-3cc0b561a16e" name="runneradmin@fv-az1115-235 2024-09-03 14:39:39" runUser="fv-az1115-235\runneradmin" xmlns="http://microsoft.com/schemas/VisualStudio/TeamTest/2010">
  <Times creation="2024-09-03T14:39:39.7079554+00:00" queuing="2024-09-03T14:39:39.7079557+00:00" start="2024-09-03T14:39:35.5999891+00:00" finish="2024-09-03T14:39:39.7138395+00:00" />
  <TestSettings name="default" id="a1657935-97bd-4e54-ac8d-dcf0a96166f8">
    <Deployment runDeploymentRoot="runneradmin_fv-az1115-235_2024-09-03_14_39_39" />
  </TestSettings>
  <Results>
    <UnitTestResult executionId="7e00ad6f-3590-4e7f-b8a6-9d2f692b3c29" testId="4d9a623e-042e-c9ac-b488-194bbf075b36" testName="MockRepositoryTests3" computerName="fv-az1115-235" duration="00:00:00.0058252" startTime="2024-09-03T14:39:38.5820021+00:00" endTime="2024-09-03T14:39:38.5880883+00:00" testType="13cdc9d9-ddb5-4fa4-a97d-d965ccfc6d4b" outcome="Passed" testListId="8c84fa94-04c1-424b-9868-57a2d4851a1d" relativeResultsDirectory="7e00ad6f-3590-4e7f-b8a6-9d2f692b3c29" />
    <UnitTestResult executionId="695bc81f-92e9-4e35-91d5-325f287a3050" testId="0605805d-d351-459d-0d69-eb18696cb82e" testName="MockRepositoryTests" computerName="fv-az1115-235" duration="00:00:00.0416456" startTime="2024-09-03T14:39:38.5299481+00:00" endTime="2024-09-03T14:39:38.5719367+00:00" testType="13cdc9d9-ddb5-4fa4-a97d-d965ccfc6d4b" outcome="Passed" testListId="8c84fa94-04c1-424b-9868-57a2d4851a1d" relativeResultsDirectory="695bc81f-92e9-4e35-91d5-325f287a3050" />
    <UnitTestResult executionId="6e0582c5-9beb-4d40-8833-017845111dd5" testId="42517f55-819d-1745-5aff-9e87da2cf069" testName="IntoSeveralEqualPartChangingTotalTest" computerName="fv-az1115-235" duration="00:00:00.0018491" startTime="2024-09-03T14:39:38.5261879+00:00" endTime="2024-09-03T14:39:38.5283527+00:00" testType="13cdc9d9-ddb5-4fa4-a97d-d965ccfc6d4b" outcome="Passed" testListId="8c84fa94-04c1-424b-9868-57a2d4851a1d" relativeResultsDirectory="6e0582c5-9beb-4d40-8833-017845111dd5" />
    <UnitTestResult executionId="8bf0809f-24c4-45cc-8090-01ac22f0d6e5" testId="dc1388c2-cdbe-63f3-c39a-1ba8dd07596e" testName="IntoSeveralEqualPartChangingServingDividerTest" computerName="fv-az1115-235" duration="00:00:00.0003319" startTime="2024-09-03T14:39:38.5292884+00:00" endTime="2024-09-03T14:39:38.5299038+00:00" testType="13cdc9d9-ddb5-4fa4-a97d-d965ccfc6d4b" outcome="Passed" testListId="8c84fa94-04c1-424b-9868-57a2d4851a1d" relativeResultsDirectory="8bf0809f-24c4-45cc-8090-01ac22f0d6e5" />
    <UnitTestResult executionId="4bcd1975-6406-4a0d-9bd6-fe421ad870e7" testId="2486bace-5605-762b-c0ee-d108e8300ef5" testName="MockRepositoryTests4" computerName="fv-az1115-235" duration="00:00:00.0034451" startTime="2024-09-03T14:39:38.5881641+00:00" endTime="2024-09-03T14:39:38.5927779+00:00" testType="13cdc9d9-ddb5-4fa4-a97d-d965ccfc6d4b" outcome="Passed" testListId="8c84fa94-04c1-424b-9868-57a2d4851a1d" relativeResultsDirectory="4bcd1975-6406-4a0d-9bd6-fe421ad870e7" />
    <UnitTestResult executionId="9fc9453a-22ed-44d6-9b26-2f004fb10c73" testId="b85b9cd0-1bcf-2c09-696c-ba58ea2c8960" testName="MockRepositoryTests2" computerName="fv-az1115-235" duration="00:00:00.0095156" startTime="2024-09-03T14:39:38.5720764+00:00" endTime="2024-09-03T14:39:38.5818584+00:00" testType="13cdc9d9-ddb5-4fa4-a97d-d965ccfc6d4b" outcome="Passed" testListId="8c84fa94-04c1-424b-9868-57a2d4851a1d" relativeResultsDirectory="9fc9453a-22ed-44d6-9b26-2f004fb10c73" />
    <UnitTestResult executionId="6a8094bc-1e87-4529-b189-039a9008403c" testId="b14ed372-5092-16be-ef0f-a37705e5b90e" testName="IntoSeveralEqualPartChangingCountOfServingTest" computerName="fv-az1115-235" duration="00:00:00.0004042" startTime="2024-09-03T14:39:38.5286719+00:00" endTime="2024-09-03T14:39:38.5292411+00:00" testType="13cdc9d9-ddb5-4fa4-a97d-d965ccfc6d4b" outcome="Passed" testListId="8c84fa94-04c1-424b-9868-57a2d4851a1d" relativeResultsDirectory="6a8094bc-1e87-4529-b189-039a9008403c" />
    <UnitTestResult executionId="223611e4-cc08-4b10-8af4-b6933e4eb65b" testId="84b67449-b2d8-2fdc-fbf6-70dc0749c3d7" testName="IntoSeveralEqualPartTest" computerName="fv-az1115-235" duration="00:00:00.1193296" startTime="2024-09-03T14:39:38.3651689+00:00" endTime="2024-09-03T14:39:38.5211425+00:00" testType="13cdc9d9-ddb5-4fa4-a97d-d965ccfc6d4b" outcome="Passed" testListId="8c84fa94-04c1-424b-9868-57a2d4851a1d" relativeResultsDirectory="223611e4-cc08-4b10-8af4-b6933e4eb65b">
      <Output>
        <StdOut>Debug Trace:&#xD;
LogHost: *** Detected Unit Test Runner, setting MainThreadScheduler to CurrentThread *** (.cctor)&#xD;
LogHost: If we are not actually in a test runner, please file a bug

 (.cctor)&#xD;
LogHost: ReactiveUI acts differently under a test runner, see the docs
 (.cctor)&#xD;
LogHost: for more info about what to expect (.cctor)</StdOut>
      </Output>
    </UnitTestResult>
  </Results>
  <TestDefinitions>
    <UnitTest name="MockRepositoryTests4" storage="d:\a\rcs-front\rcs-front\kassa.tests\bin\debug\net8.0\kassa.tests.dll" id="2486bace-5605-762b-c0ee-d108e8300ef5">
      <Execution id="4bcd1975-6406-4a0d-9bd6-fe421ad870e7" />
      <TestMethod codeBase="D:\a\rcs-front\rcs-front\Kassa.Tests\bin\Debug\net8.0\Kassa.Tests.dll" adapterTypeName="executor://mstestadapter/v2" className="Kassa.Tests.MockTests" name="MockRepositoryTests4" />
    </UnitTest>
    <UnitTest name="MockRepositoryTests2" storage="d:\a\rcs-front\rcs-front\kassa.tests\bin\debug\net8.0\kassa.tests.dll" id="b85b9cd0-1bcf-2c09-696c-ba58ea2c8960">
      <Execution id="9fc9453a-22ed-44d6-9b26-2f004fb10c73" />
      <TestMethod codeBase="D:\a\rcs-front\rcs-front\Kassa.Tests\bin\Debug\net8.0\Kassa.Tests.dll" adapterTypeName="executor://mstestadapter/v2" className="Kassa.Tests.MockTests" name="MockRepositoryTests2" />
    </UnitTest>
    <UnitTest name="IntoSeveralEqualPartTest" storage="d:\a\rcs-front\rcs-front\kassa.tests\bin\debug\net8.0\kassa.tests.dll" id="84b67449-b2d8-2fdc-fbf6-70dc0749c3d7">
      <Execution id="223611e4-cc08-4b10-8af4-b6933e4eb65b" />
      <TestMethod codeBase="D:\a\rcs-front\rcs-front\Kassa.Tests\bin\Debug\net8.0\Kassa.Tests.dll" adapterTypeName="executor://mstestadapter/v2" className="Kassa.Tests.MethodOfDivisionTests" name="IntoSeveralEqualPartTest" />
    </UnitTest>
    <UnitTest name="IntoSeveralEqualPartChangingServingDividerTest" storage="d:\a\rcs-front\rcs-front\kassa.tests\bin\debug\net8.0\kassa.tests.dll" id="dc1388c2-cdbe-63f3-c39a-1ba8dd07596e">
      <Execution id="8bf0809f-24c4-45cc-8090-01ac22f0d6e5" />
      <TestMethod codeBase="D:\a\rcs-front\rcs-front\Kassa.Tests\bin\Debug\net8.0\Kassa.Tests.dll" adapterTypeName="executor://mstestadapter/v2" className="Kassa.Tests.MethodOfDivisionTests" name="IntoSeveralEqualPartChangingServingDividerTest" />
    </UnitTest>
    <UnitTest name="MockRepositoryTests3" storage="d:\a\rcs-front\rcs-front\kassa.tests\bin\debug\net8.0\kassa.tests.dll" id="4d9a623e-042e-c9ac-b488-194bbf075b36">
      <Execution id="7e00ad6f-3590-4e7f-b8a6-9d2f692b3c29" />
      <TestMethod codeBase="D:\a\rcs-front\rcs-front\Kassa.Tests\bin\Debug\net8.0\Kassa.Tests.dll" adapterTypeName="executor://mstestadapter/v2" className="Kassa.Tests.MockTests" name="MockRepositoryTests3" />
    </UnitTest>
    <UnitTest name="IntoSeveralEqualPartChangingTotalTest" storage="d:\a\rcs-front\rcs-front\kassa.tests\bin\debug\net8.0\kassa.tests.dll" id="42517f55-819d-1745-5aff-9e87da2cf069">
      <Execution id="6e0582c5-9beb-4d40-8833-017845111dd5" />
      <TestMethod codeBase="D:\a\rcs-front\rcs-front\Kassa.Tests\bin\Debug\net8.0\Kassa.Tests.dll" adapterTypeName="executor://mstestadapter/v2" className="Kassa.Tests.MethodOfDivisionTests" name="IntoSeveralEqualPartChangingTotalTest" />
    </UnitTest>
    <UnitTest name="IntoSeveralEqualPartChangingCountOfServingTest" storage="d:\a\rcs-front\rcs-front\kassa.tests\bin\debug\net8.0\kassa.tests.dll" id="b14ed372-5092-16be-ef0f-a37705e5b90e">
      <Execution id="6a8094bc-1e87-4529-b189-039a9008403c" />
      <TestMethod codeBase="D:\a\rcs-front\rcs-front\Kassa.Tests\bin\Debug\net8.0\Kassa.Tests.dll" adapterTypeName="executor://mstestadapter/v2" className="Kassa.Tests.MethodOfDivisionTests" name="IntoSeveralEqualPartChangingCountOfServingTest" />
    </UnitTest>
    <UnitTest name="MockRepositoryTests" storage="d:\a\rcs-front\rcs-front\kassa.tests\bin\debug\net8.0\kassa.tests.dll" id="0605805d-d351-459d-0d69-eb18696cb82e">
      <Execution id="695bc81f-92e9-4e35-91d5-325f287a3050" />
      <TestMethod codeBase="D:\a\rcs-front\rcs-front\Kassa.Tests\bin\Debug\net8.0\Kassa.Tests.dll" adapterTypeName="executor://mstestadapter/v2" className="Kassa.Tests.MockTests" name="MockRepositoryTests" />
    </UnitTest>
  </TestDefinitions>
  <TestEntries>
    <TestEntry testId="4d9a623e-042e-c9ac-b488-194bbf075b36" executionId="7e00ad6f-3590-4e7f-b8a6-9d2f692b3c29" testListId="8c84fa94-04c1-424b-9868-57a2d4851a1d" />
    <TestEntry testId="0605805d-d351-459d-0d69-eb18696cb82e" executionId="695bc81f-92e9-4e35-91d5-325f287a3050" testListId="8c84fa94-04c1-424b-9868-57a2d4851a1d" />
    <TestEntry testId="42517f55-819d-1745-5aff-9e87da2cf069" executionId="6e0582c5-9beb-4d40-8833-017845111dd5" testListId="8c84fa94-04c1-424b-9868-57a2d4851a1d" />
    <TestEntry testId="dc1388c2-cdbe-63f3-c39a-1ba8dd07596e" executionId="8bf0809f-24c4-45cc-8090-01ac22f0d6e5" testListId="8c84fa94-04c1-424b-9868-57a2d4851a1d" />
    <TestEntry testId="2486bace-5605-762b-c0ee-d108e8300ef5" executionId="4bcd1975-6406-4a0d-9bd6-fe421ad870e7" testListId="8c84fa94-04c1-424b-9868-57a2d4851a1d" />
    <TestEntry testId="b85b9cd0-1bcf-2c09-696c-ba58ea2c8960" executionId="9fc9453a-22ed-44d6-9b26-2f004fb10c73" testListId="8c84fa94-04c1-424b-9868-57a2d4851a1d" />
    <TestEntry testId="b14ed372-5092-16be-ef0f-a37705e5b90e" executionId="6a8094bc-1e87-4529-b189-039a9008403c" testListId="8c84fa94-04c1-424b-9868-57a2d4851a1d" />
    <TestEntry testId="84b67449-b2d8-2fdc-fbf6-70dc0749c3d7" executionId="223611e4-cc08-4b10-8af4-b6933e4eb65b" testListId="8c84fa94-04c1-424b-9868-57a2d4851a1d" />
  </TestEntries>
  <TestLists>
    <TestList name="Results Not in a List" id="8c84fa94-04c1-424b-9868-57a2d4851a1d" />
    <TestList name="All Loaded Results" id="19431567-8539-422a-85d7-44ee4e166bda" />
  </TestLists>
  <ResultSummary outcome="Completed">
    <Counters total="8" executed="8" passed="8" failed="0" error="0" timeout="0" aborted="0" inconclusive="0" passedButRunAborted="0" notRunnable="0" notExecuted="0" disconnected="0" warning="0" completed="0" inProgress="0" pending="0" />
  </ResultSummary>
</TestRun>