<?xml version="1.0" encoding="utf-8"?>
<TestRun id="eca99cb2-5134-4a8f-8745-7da00848896e" name="runneradmin@fv-az1455-723 2024-07-12 08:47:09" runUser="fv-az1455-723\runneradmin" xmlns="http://microsoft.com/schemas/VisualStudio/TeamTest/2010">
  <Times creation="2024-07-12T08:47:09.9194327+00:00" queuing="2024-07-12T08:47:09.9194329+00:00" start="2024-07-12T08:47:09.1360810+00:00" finish="2024-07-12T08:47:09.9262061+00:00" />
  <TestSettings name="default" id="8d0d1205-30a8-4082-a39e-d666f8e0c888">
    <Deployment runDeploymentRoot="runneradmin_fv-az1455-723_2024-07-12_08_47_09" />
  </TestSettings>
  <Results>
    <UnitTestResult executionId="383fa329-6a90-4a1c-bcbf-9126d4bdc080" testId="2486bace-5605-762b-c0ee-d108e8300ef5" testName="MockRepositoryTests4" computerName="fv-az1455-723" duration="00:00:00.0043246" startTime="2024-07-12T08:47:09.7587261+00:00" endTime="2024-07-12T08:47:09.7650085+00:00" testType="13cdc9d9-ddb5-4fa4-a97d-d965ccfc6d4b" outcome="Passed" testListId="8c84fa94-04c1-424b-9868-57a2d4851a1d" relativeResultsDirectory="383fa329-6a90-4a1c-bcbf-9126d4bdc080" />
    <UnitTestResult executionId="b235c529-1a67-46f6-b4d4-f3c5f666798b" testId="0605805d-d351-459d-0d69-eb18696cb82e" testName="MockRepositoryTests" computerName="fv-az1455-723" duration="00:00:00.0578328" startTime="2024-07-12T08:47:09.6607842+00:00" endTime="2024-07-12T08:47:09.7326749+00:00" testType="13cdc9d9-ddb5-4fa4-a97d-d965ccfc6d4b" outcome="Passed" testListId="8c84fa94-04c1-424b-9868-57a2d4851a1d" relativeResultsDirectory="b235c529-1a67-46f6-b4d4-f3c5f666798b" />
    <UnitTestResult executionId="61d3bd14-ed16-4e7c-9cc9-31ac14328318" testId="b85b9cd0-1bcf-2c09-696c-ba58ea2c8960" testName="MockRepositoryTests2" computerName="fv-az1455-723" duration="00:00:00.0125200" startTime="2024-07-12T08:47:09.7382029+00:00" endTime="2024-07-12T08:47:09.7509589+00:00" testType="13cdc9d9-ddb5-4fa4-a97d-d965ccfc6d4b" outcome="Passed" testListId="8c84fa94-04c1-424b-9868-57a2d4851a1d" relativeResultsDirectory="61d3bd14-ed16-4e7c-9cc9-31ac14328318" />
    <UnitTestResult executionId="53c11bf8-c694-4610-9b9e-a25ee24bcb7a" testId="4d9a623e-042e-c9ac-b488-194bbf075b36" testName="MockRepositoryTests3" computerName="fv-az1455-723" duration="00:00:00.0072171" startTime="2024-07-12T08:47:09.7513282+00:00" endTime="2024-07-12T08:47:09.7586833+00:00" testType="13cdc9d9-ddb5-4fa4-a97d-d965ccfc6d4b" outcome="Passed" testListId="8c84fa94-04c1-424b-9868-57a2d4851a1d" relativeResultsDirectory="53c11bf8-c694-4610-9b9e-a25ee24bcb7a" />
  </Results>
  <TestDefinitions>
    <UnitTest name="MockRepositoryTests4" storage="d:\a\rcs-front\rcs-front\kassa.tests\bin\debug\net8.0\kassa.tests.dll" id="2486bace-5605-762b-c0ee-d108e8300ef5">
      <Execution id="383fa329-6a90-4a1c-bcbf-9126d4bdc080" />
      <TestMethod codeBase="D:\a\rcs-front\rcs-front\Kassa.Tests\bin\Debug\net8.0\Kassa.Tests.dll" adapterTypeName="executor://mstestadapter/v2" className="Kassa.Tests.MockTests" name="MockRepositoryTests4" />
    </UnitTest>
    <UnitTest name="MockRepositoryTests2" storage="d:\a\rcs-front\rcs-front\kassa.tests\bin\debug\net8.0\kassa.tests.dll" id="b85b9cd0-1bcf-2c09-696c-ba58ea2c8960">
      <Execution id="61d3bd14-ed16-4e7c-9cc9-31ac14328318" />
      <TestMethod codeBase="D:\a\rcs-front\rcs-front\Kassa.Tests\bin\Debug\net8.0\Kassa.Tests.dll" adapterTypeName="executor://mstestadapter/v2" className="Kassa.Tests.MockTests" name="MockRepositoryTests2" />
    </UnitTest>
    <UnitTest name="MockRepositoryTests3" storage="d:\a\rcs-front\rcs-front\kassa.tests\bin\debug\net8.0\kassa.tests.dll" id="4d9a623e-042e-c9ac-b488-194bbf075b36">
      <Execution id="53c11bf8-c694-4610-9b9e-a25ee24bcb7a" />
      <TestMethod codeBase="D:\a\rcs-front\rcs-front\Kassa.Tests\bin\Debug\net8.0\Kassa.Tests.dll" adapterTypeName="executor://mstestadapter/v2" className="Kassa.Tests.MockTests" name="MockRepositoryTests3" />
    </UnitTest>
    <UnitTest name="MockRepositoryTests" storage="d:\a\rcs-front\rcs-front\kassa.tests\bin\debug\net8.0\kassa.tests.dll" id="0605805d-d351-459d-0d69-eb18696cb82e">
      <Execution id="b235c529-1a67-46f6-b4d4-f3c5f666798b" />
      <TestMethod codeBase="D:\a\rcs-front\rcs-front\Kassa.Tests\bin\Debug\net8.0\Kassa.Tests.dll" adapterTypeName="executor://mstestadapter/v2" className="Kassa.Tests.MockTests" name="MockRepositoryTests" />
    </UnitTest>
  </TestDefinitions>
  <TestEntries>
    <TestEntry testId="2486bace-5605-762b-c0ee-d108e8300ef5" executionId="383fa329-6a90-4a1c-bcbf-9126d4bdc080" testListId="8c84fa94-04c1-424b-9868-57a2d4851a1d" />
    <TestEntry testId="0605805d-d351-459d-0d69-eb18696cb82e" executionId="b235c529-1a67-46f6-b4d4-f3c5f666798b" testListId="8c84fa94-04c1-424b-9868-57a2d4851a1d" />
    <TestEntry testId="b85b9cd0-1bcf-2c09-696c-ba58ea2c8960" executionId="61d3bd14-ed16-4e7c-9cc9-31ac14328318" testListId="8c84fa94-04c1-424b-9868-57a2d4851a1d" />
    <TestEntry testId="4d9a623e-042e-c9ac-b488-194bbf075b36" executionId="53c11bf8-c694-4610-9b9e-a25ee24bcb7a" testListId="8c84fa94-04c1-424b-9868-57a2d4851a1d" />
  </TestEntries>
  <TestLists>
    <TestList name="Results Not in a List" id="8c84fa94-04c1-424b-9868-57a2d4851a1d" />
    <TestList name="All Loaded Results" id="19431567-8539-422a-85d7-44ee4e166bda" />
  </TestLists>
  <ResultSummary outcome="Completed">
    <Counters total="4" executed="4" passed="4" failed="0" error="0" timeout="0" aborted="0" inconclusive="0" passedButRunAborted="0" notRunnable="0" notExecuted="0" disconnected="0" warning="0" completed="0" inProgress="0" pending="0" />
  </ResultSummary>
</TestRun>