<?xml version="1.0" encoding="utf-8"?>
<TestRun id="0d7dfda8-9d45-4c25-94e5-398b48a94ad6" name="runneradmin@fv-az1115-461 2024-07-18 11:55:09" runUser="fv-az1115-461\runneradmin" xmlns="http://microsoft.com/schemas/VisualStudio/TeamTest/2010">
  <Times creation="2024-07-18T11:55:09.4755195+00:00" queuing="2024-07-18T11:55:09.4755197+00:00" start="2024-07-18T11:55:07.3971170+00:00" finish="2024-07-18T11:55:09.4999285+00:00" />
  <TestSettings name="default" id="17435b91-24fa-44dc-8a6d-b006c8229fcc">
    <Deployment runDeploymentRoot="runneradmin_fv-az1115-461_2024-07-18_11_55_09" />
  </TestSettings>
  <Results>
    <UnitTestResult executionId="3b09b986-5d10-41a3-b8ce-d9b94ba61004" testId="2486bace-5605-762b-c0ee-d108e8300ef5" testName="MockRepositoryTests4" computerName="fv-az1115-461" duration="00:00:00.0033755" startTime="2024-07-18T11:55:08.0872696+00:00" endTime="2024-07-18T11:55:08.0922071+00:00" testType="13cdc9d9-ddb5-4fa4-a97d-d965ccfc6d4b" outcome="Passed" testListId="8c84fa94-04c1-424b-9868-57a2d4851a1d" relativeResultsDirectory="3b09b986-5d10-41a3-b8ce-d9b94ba61004" />
    <UnitTestResult executionId="9312535d-95e8-4cc3-8ae4-7e1dca4312a1" testId="0605805d-d351-459d-0d69-eb18696cb82e" testName="MockRepositoryTests" computerName="fv-az1115-461" duration="00:00:00.0672525" startTime="2024-07-18T11:55:07.9632356+00:00" endTime="2024-07-18T11:55:08.0675854+00:00" testType="13cdc9d9-ddb5-4fa4-a97d-d965ccfc6d4b" outcome="Passed" testListId="8c84fa94-04c1-424b-9868-57a2d4851a1d" relativeResultsDirectory="9312535d-95e8-4cc3-8ae4-7e1dca4312a1" />
    <UnitTestResult executionId="8c7864e1-bf0c-46eb-b6a8-18260e163855" testId="4d9a623e-042e-c9ac-b488-194bbf075b36" testName="MockRepositoryTests3" computerName="fv-az1115-461" duration="00:00:00.0056540" startTime="2024-07-18T11:55:08.0813261+00:00" endTime="2024-07-18T11:55:08.0871968+00:00" testType="13cdc9d9-ddb5-4fa4-a97d-d965ccfc6d4b" outcome="Passed" testListId="8c84fa94-04c1-424b-9868-57a2d4851a1d" relativeResultsDirectory="8c7864e1-bf0c-46eb-b6a8-18260e163855" />
    <UnitTestResult executionId="2ee8a28a-ec34-4fb9-89d0-cbf75545ca72" testId="b85b9cd0-1bcf-2c09-696c-ba58ea2c8960" testName="MockRepositoryTests2" computerName="fv-az1115-461" duration="00:00:00.0088076" startTime="2024-07-18T11:55:08.0718742+00:00" endTime="2024-07-18T11:55:08.0809896+00:00" testType="13cdc9d9-ddb5-4fa4-a97d-d965ccfc6d4b" outcome="Passed" testListId="8c84fa94-04c1-424b-9868-57a2d4851a1d" relativeResultsDirectory="2ee8a28a-ec34-4fb9-89d0-cbf75545ca72" />
  </Results>
  <TestDefinitions>
    <UnitTest name="MockRepositoryTests4" storage="d:\a\rcs-front\rcs-front\kassa.tests\bin\debug\net8.0\kassa.tests.dll" id="2486bace-5605-762b-c0ee-d108e8300ef5">
      <Execution id="3b09b986-5d10-41a3-b8ce-d9b94ba61004" />
      <TestMethod codeBase="D:\a\rcs-front\rcs-front\Kassa.Tests\bin\Debug\net8.0\Kassa.Tests.dll" adapterTypeName="executor://mstestadapter/v2" className="Kassa.Tests.MockTests" name="MockRepositoryTests4" />
    </UnitTest>
    <UnitTest name="MockRepositoryTests2" storage="d:\a\rcs-front\rcs-front\kassa.tests\bin\debug\net8.0\kassa.tests.dll" id="b85b9cd0-1bcf-2c09-696c-ba58ea2c8960">
      <Execution id="2ee8a28a-ec34-4fb9-89d0-cbf75545ca72" />
      <TestMethod codeBase="D:\a\rcs-front\rcs-front\Kassa.Tests\bin\Debug\net8.0\Kassa.Tests.dll" adapterTypeName="executor://mstestadapter/v2" className="Kassa.Tests.MockTests" name="MockRepositoryTests2" />
    </UnitTest>
    <UnitTest name="MockRepositoryTests3" storage="d:\a\rcs-front\rcs-front\kassa.tests\bin\debug\net8.0\kassa.tests.dll" id="4d9a623e-042e-c9ac-b488-194bbf075b36">
      <Execution id="8c7864e1-bf0c-46eb-b6a8-18260e163855" />
      <TestMethod codeBase="D:\a\rcs-front\rcs-front\Kassa.Tests\bin\Debug\net8.0\Kassa.Tests.dll" adapterTypeName="executor://mstestadapter/v2" className="Kassa.Tests.MockTests" name="MockRepositoryTests3" />
    </UnitTest>
    <UnitTest name="MockRepositoryTests" storage="d:\a\rcs-front\rcs-front\kassa.tests\bin\debug\net8.0\kassa.tests.dll" id="0605805d-d351-459d-0d69-eb18696cb82e">
      <Execution id="9312535d-95e8-4cc3-8ae4-7e1dca4312a1" />
      <TestMethod codeBase="D:\a\rcs-front\rcs-front\Kassa.Tests\bin\Debug\net8.0\Kassa.Tests.dll" adapterTypeName="executor://mstestadapter/v2" className="Kassa.Tests.MockTests" name="MockRepositoryTests" />
    </UnitTest>
  </TestDefinitions>
  <TestEntries>
    <TestEntry testId="2486bace-5605-762b-c0ee-d108e8300ef5" executionId="3b09b986-5d10-41a3-b8ce-d9b94ba61004" testListId="8c84fa94-04c1-424b-9868-57a2d4851a1d" />
    <TestEntry testId="0605805d-d351-459d-0d69-eb18696cb82e" executionId="9312535d-95e8-4cc3-8ae4-7e1dca4312a1" testListId="8c84fa94-04c1-424b-9868-57a2d4851a1d" />
    <TestEntry testId="4d9a623e-042e-c9ac-b488-194bbf075b36" executionId="8c7864e1-bf0c-46eb-b6a8-18260e163855" testListId="8c84fa94-04c1-424b-9868-57a2d4851a1d" />
    <TestEntry testId="b85b9cd0-1bcf-2c09-696c-ba58ea2c8960" executionId="2ee8a28a-ec34-4fb9-89d0-cbf75545ca72" testListId="8c84fa94-04c1-424b-9868-57a2d4851a1d" />
  </TestEntries>
  <TestLists>
    <TestList name="Results Not in a List" id="8c84fa94-04c1-424b-9868-57a2d4851a1d" />
    <TestList name="All Loaded Results" id="19431567-8539-422a-85d7-44ee4e166bda" />
  </TestLists>
  <ResultSummary outcome="Completed">
    <Counters total="4" executed="4" passed="4" failed="0" error="0" timeout="0" aborted="0" inconclusive="0" passedButRunAborted="0" notRunnable="0" notExecuted="0" disconnected="0" warning="0" completed="0" inProgress="0" pending="0" />
  </ResultSummary>
</TestRun>