<?xml version="1.0" encoding="utf-8"?>
<TestRun id="9112f649-94f2-4dde-b1be-568d38f505f8" name="runneradmin@fv-az1105-899 2024-10-03 10:50:31" runUser="fv-az1105-899\runneradmin" xmlns="http://microsoft.com/schemas/VisualStudio/TeamTest/2010">
  <Times creation="2024-10-03T10:50:31.0503642+00:00" queuing="2024-10-03T10:50:31.0503643+00:00" start="2024-10-03T10:50:29.9218255+00:00" finish="2024-10-03T10:50:31.0552832+00:00" />
  <TestSettings name="default" id="b51841ad-e6e9-43a5-91af-5280a3c46bf6">
    <Deployment runDeploymentRoot="runneradmin_fv-az1105-899_2024-10-03_10_50_31" />
  </TestSettings>
  <Results>
    <UnitTestResult executionId="5186ab6a-b1ca-4c64-b9d6-8373d05cc407" testId="84b67449-b2d8-2fdc-fbf6-70dc0749c3d7" testName="IntoSeveralEqualPartTest" computerName="fv-az1105-899" duration="00:00:00.2539832" startTime="2024-10-03T10:50:30.4713556+00:00" endTime="2024-10-03T10:50:30.7755103+00:00" testType="13cdc9d9-ddb5-4fa4-a97d-d965ccfc6d4b" outcome="Passed" testListId="8c84fa94-04c1-424b-9868-57a2d4851a1d" relativeResultsDirectory="5186ab6a-b1ca-4c64-b9d6-8373d05cc407">
      <Output>
        <StdOut>Debug Trace:&#xD;
LogHost: *** Detected Unit Test Runner, setting MainThreadScheduler to CurrentThread *** (.cctor)&#xD;
LogHost: If we are not actually in a test runner, please file a bug

 (.cctor)&#xD;
LogHost: ReactiveUI acts differently under a test runner, see the docs
 (.cctor)&#xD;
LogHost: for more info about what to expect (.cctor)</StdOut>
      </Output>
    </UnitTestResult>
    <UnitTestResult executionId="243e15a5-553c-4994-a026-ac0949fb2128" testId="0605805d-d351-459d-0d69-eb18696cb82e" testName="MockRepositoryTests" computerName="fv-az1105-899" duration="00:00:00.0553315" startTime="2024-10-03T10:50:30.7854337+00:00" endTime="2024-10-03T10:50:30.8410212+00:00" testType="13cdc9d9-ddb5-4fa4-a97d-d965ccfc6d4b" outcome="Passed" testListId="8c84fa94-04c1-424b-9868-57a2d4851a1d" relativeResultsDirectory="243e15a5-553c-4994-a026-ac0949fb2128" />
    <UnitTestResult executionId="60de1314-9eaa-43b9-afa3-544d9e836177" testId="2486bace-5605-762b-c0ee-d108e8300ef5" testName="MockRepositoryTests4" computerName="fv-az1105-899" duration="00:00:00.0044440" startTime="2024-10-03T10:50:30.8596125+00:00" endTime="2024-10-03T10:50:30.8654176+00:00" testType="13cdc9d9-ddb5-4fa4-a97d-d965ccfc6d4b" outcome="Passed" testListId="8c84fa94-04c1-424b-9868-57a2d4851a1d" relativeResultsDirectory="60de1314-9eaa-43b9-afa3-544d9e836177" />
    <UnitTestResult executionId="514961d2-6858-4004-96de-12c1bc2370b6" testId="dc1388c2-cdbe-63f3-c39a-1ba8dd07596e" testName="IntoSeveralEqualPartChangingServingDividerTest" computerName="fv-az1105-899" duration="00:00:00.0003408" startTime="2024-10-03T10:50:30.7847876+00:00" endTime="2024-10-03T10:50:30.7853996+00:00" testType="13cdc9d9-ddb5-4fa4-a97d-d965ccfc6d4b" outcome="Passed" testListId="8c84fa94-04c1-424b-9868-57a2d4851a1d" relativeResultsDirectory="514961d2-6858-4004-96de-12c1bc2370b6" />
    <UnitTestResult executionId="18035416-6d02-4bbd-affa-544f33b3fa35" testId="42517f55-819d-1745-5aff-9e87da2cf069" testName="IntoSeveralEqualPartChangingTotalTest" computerName="fv-az1105-899" duration="00:00:00.0018313" startTime="2024-10-03T10:50:30.7817961+00:00" endTime="2024-10-03T10:50:30.7838809+00:00" testType="13cdc9d9-ddb5-4fa4-a97d-d965ccfc6d4b" outcome="Passed" testListId="8c84fa94-04c1-424b-9868-57a2d4851a1d" relativeResultsDirectory="18035416-6d02-4bbd-affa-544f33b3fa35" />
    <UnitTestResult executionId="99a3fdb4-fec1-4406-ab86-0998193da495" testId="b14ed372-5092-16be-ef0f-a37705e5b90e" testName="IntoSeveralEqualPartChangingCountOfServingTest" computerName="fv-az1105-899" duration="00:00:00.0003742" startTime="2024-10-03T10:50:30.7842615+00:00" endTime="2024-10-03T10:50:30.7847514+00:00" testType="13cdc9d9-ddb5-4fa4-a97d-d965ccfc6d4b" outcome="Passed" testListId="8c84fa94-04c1-424b-9868-57a2d4851a1d" relativeResultsDirectory="99a3fdb4-fec1-4406-ab86-0998193da495" />
    <UnitTestResult executionId="1d298343-625e-4998-853a-981b08e7dfa3" testId="b85b9cd0-1bcf-2c09-696c-ba58ea2c8960" testName="MockRepositoryTests2" computerName="fv-az1105-899" duration="00:00:00.0106768" startTime="2024-10-03T10:50:30.8411054+00:00" endTime="2024-10-03T10:50:30.8519690+00:00" testType="13cdc9d9-ddb5-4fa4-a97d-d965ccfc6d4b" outcome="Passed" testListId="8c84fa94-04c1-424b-9868-57a2d4851a1d" relativeResultsDirectory="1d298343-625e-4998-853a-981b08e7dfa3" />
    <UnitTestResult executionId="93ab3a74-b526-45fe-bf0a-be0fc953154c" testId="4d9a623e-042e-c9ac-b488-194bbf075b36" testName="MockRepositoryTests3" computerName="fv-az1105-899" duration="00:00:00.0073635" startTime="2024-10-03T10:50:30.8520391+00:00" endTime="2024-10-03T10:50:30.8595535+00:00" testType="13cdc9d9-ddb5-4fa4-a97d-d965ccfc6d4b" outcome="Passed" testListId="8c84fa94-04c1-424b-9868-57a2d4851a1d" relativeResultsDirectory="93ab3a74-b526-45fe-bf0a-be0fc953154c" />
  </Results>
  <TestDefinitions>
    <UnitTest name="MockRepositoryTests4" storage="d:\a\rcs-front\rcs-front\kassa.tests\bin\debug\net8.0\kassa.tests.dll" id="2486bace-5605-762b-c0ee-d108e8300ef5">
      <Execution id="60de1314-9eaa-43b9-afa3-544d9e836177" />
      <TestMethod codeBase="D:\a\rcs-front\rcs-front\Kassa.Tests\bin\Debug\net8.0\Kassa.Tests.dll" adapterTypeName="executor://mstestadapter/v2" className="Kassa.Tests.MockTests" name="MockRepositoryTests4" />
    </UnitTest>
    <UnitTest name="MockRepositoryTests2" storage="d:\a\rcs-front\rcs-front\kassa.tests\bin\debug\net8.0\kassa.tests.dll" id="b85b9cd0-1bcf-2c09-696c-ba58ea2c8960">
      <Execution id="1d298343-625e-4998-853a-981b08e7dfa3" />
      <TestMethod codeBase="D:\a\rcs-front\rcs-front\Kassa.Tests\bin\Debug\net8.0\Kassa.Tests.dll" adapterTypeName="executor://mstestadapter/v2" className="Kassa.Tests.MockTests" name="MockRepositoryTests2" />
    </UnitTest>
    <UnitTest name="IntoSeveralEqualPartTest" storage="d:\a\rcs-front\rcs-front\kassa.tests\bin\debug\net8.0\kassa.tests.dll" id="84b67449-b2d8-2fdc-fbf6-70dc0749c3d7">
      <Execution id="5186ab6a-b1ca-4c64-b9d6-8373d05cc407" />
      <TestMethod codeBase="D:\a\rcs-front\rcs-front\Kassa.Tests\bin\Debug\net8.0\Kassa.Tests.dll" adapterTypeName="executor://mstestadapter/v2" className="Kassa.Tests.MethodOfDivisionTests" name="IntoSeveralEqualPartTest" />
    </UnitTest>
    <UnitTest name="IntoSeveralEqualPartChangingServingDividerTest" storage="d:\a\rcs-front\rcs-front\kassa.tests\bin\debug\net8.0\kassa.tests.dll" id="dc1388c2-cdbe-63f3-c39a-1ba8dd07596e">
      <Execution id="514961d2-6858-4004-96de-12c1bc2370b6" />
      <TestMethod codeBase="D:\a\rcs-front\rcs-front\Kassa.Tests\bin\Debug\net8.0\Kassa.Tests.dll" adapterTypeName="executor://mstestadapter/v2" className="Kassa.Tests.MethodOfDivisionTests" name="IntoSeveralEqualPartChangingServingDividerTest" />
    </UnitTest>
    <UnitTest name="MockRepositoryTests3" storage="d:\a\rcs-front\rcs-front\kassa.tests\bin\debug\net8.0\kassa.tests.dll" id="4d9a623e-042e-c9ac-b488-194bbf075b36">
      <Execution id="93ab3a74-b526-45fe-bf0a-be0fc953154c" />
      <TestMethod codeBase="D:\a\rcs-front\rcs-front\Kassa.Tests\bin\Debug\net8.0\Kassa.Tests.dll" adapterTypeName="executor://mstestadapter/v2" className="Kassa.Tests.MockTests" name="MockRepositoryTests3" />
    </UnitTest>
    <UnitTest name="IntoSeveralEqualPartChangingTotalTest" storage="d:\a\rcs-front\rcs-front\kassa.tests\bin\debug\net8.0\kassa.tests.dll" id="42517f55-819d-1745-5aff-9e87da2cf069">
      <Execution id="18035416-6d02-4bbd-affa-544f33b3fa35" />
      <TestMethod codeBase="D:\a\rcs-front\rcs-front\Kassa.Tests\bin\Debug\net8.0\Kassa.Tests.dll" adapterTypeName="executor://mstestadapter/v2" className="Kassa.Tests.MethodOfDivisionTests" name="IntoSeveralEqualPartChangingTotalTest" />
    </UnitTest>
    <UnitTest name="IntoSeveralEqualPartChangingCountOfServingTest" storage="d:\a\rcs-front\rcs-front\kassa.tests\bin\debug\net8.0\kassa.tests.dll" id="b14ed372-5092-16be-ef0f-a37705e5b90e">
      <Execution id="99a3fdb4-fec1-4406-ab86-0998193da495" />
      <TestMethod codeBase="D:\a\rcs-front\rcs-front\Kassa.Tests\bin\Debug\net8.0\Kassa.Tests.dll" adapterTypeName="executor://mstestadapter/v2" className="Kassa.Tests.MethodOfDivisionTests" name="IntoSeveralEqualPartChangingCountOfServingTest" />
    </UnitTest>
    <UnitTest name="MockRepositoryTests" storage="d:\a\rcs-front\rcs-front\kassa.tests\bin\debug\net8.0\kassa.tests.dll" id="0605805d-d351-459d-0d69-eb18696cb82e">
      <Execution id="243e15a5-553c-4994-a026-ac0949fb2128" />
      <TestMethod codeBase="D:\a\rcs-front\rcs-front\Kassa.Tests\bin\Debug\net8.0\Kassa.Tests.dll" adapterTypeName="executor://mstestadapter/v2" className="Kassa.Tests.MockTests" name="MockRepositoryTests" />
    </UnitTest>
  </TestDefinitions>
  <TestEntries>
    <TestEntry testId="84b67449-b2d8-2fdc-fbf6-70dc0749c3d7" executionId="5186ab6a-b1ca-4c64-b9d6-8373d05cc407" testListId="8c84fa94-04c1-424b-9868-57a2d4851a1d" />
    <TestEntry testId="0605805d-d351-459d-0d69-eb18696cb82e" executionId="243e15a5-553c-4994-a026-ac0949fb2128" testListId="8c84fa94-04c1-424b-9868-57a2d4851a1d" />
    <TestEntry testId="2486bace-5605-762b-c0ee-d108e8300ef5" executionId="60de1314-9eaa-43b9-afa3-544d9e836177" testListId="8c84fa94-04c1-424b-9868-57a2d4851a1d" />
    <TestEntry testId="dc1388c2-cdbe-63f3-c39a-1ba8dd07596e" executionId="514961d2-6858-4004-96de-12c1bc2370b6" testListId="8c84fa94-04c1-424b-9868-57a2d4851a1d" />
    <TestEntry testId="42517f55-819d-1745-5aff-9e87da2cf069" executionId="18035416-6d02-4bbd-affa-544f33b3fa35" testListId="8c84fa94-04c1-424b-9868-57a2d4851a1d" />
    <TestEntry testId="b14ed372-5092-16be-ef0f-a37705e5b90e" executionId="99a3fdb4-fec1-4406-ab86-0998193da495" testListId="8c84fa94-04c1-424b-9868-57a2d4851a1d" />
    <TestEntry testId="b85b9cd0-1bcf-2c09-696c-ba58ea2c8960" executionId="1d298343-625e-4998-853a-981b08e7dfa3" testListId="8c84fa94-04c1-424b-9868-57a2d4851a1d" />
    <TestEntry testId="4d9a623e-042e-c9ac-b488-194bbf075b36" executionId="93ab3a74-b526-45fe-bf0a-be0fc953154c" testListId="8c84fa94-04c1-424b-9868-57a2d4851a1d" />
  </TestEntries>
  <TestLists>
    <TestList name="Results Not in a List" id="8c84fa94-04c1-424b-9868-57a2d4851a1d" />
    <TestList name="All Loaded Results" id="19431567-8539-422a-85d7-44ee4e166bda" />
  </TestLists>
  <ResultSummary outcome="Completed">
    <Counters total="8" executed="8" passed="8" failed="0" error="0" timeout="0" aborted="0" inconclusive="0" passedButRunAborted="0" notRunnable="0" notExecuted="0" disconnected="0" warning="0" completed="0" inProgress="0" pending="0" />
  </ResultSummary>
</TestRun>