<?xml version="1.0" encoding="utf-8"?>
<TestRun id="16ce40b5-4613-4b3f-a830-8caf911d827d" name="runneradmin@fv-az1489-202 2024-07-16 08:05:25" runUser="fv-az1489-202\runneradmin" xmlns="http://microsoft.com/schemas/VisualStudio/TeamTest/2010">
  <Times creation="2024-07-16T08:05:25.9365817+00:00" queuing="2024-07-16T08:05:25.9365821+00:00" start="2024-07-16T08:05:25.0736168+00:00" finish="2024-07-16T08:05:25.9415446+00:00" />
  <TestSettings name="default" id="1f062e7b-a587-4a51-943d-15af1aedbcb2">
    <Deployment runDeploymentRoot="runneradmin_fv-az1489-202_2024-07-16_08_05_25" />
  </TestSettings>
  <Results>
    <UnitTestResult executionId="12ea43be-7229-420e-b23a-f8e96d2a4590" testId="b85b9cd0-1bcf-2c09-696c-ba58ea2c8960" testName="MockRepositoryTests2" computerName="fv-az1489-202" duration="00:00:00.0158913" startTime="2024-07-16T08:05:25.7532481+00:00" endTime="2024-07-16T08:05:25.7694647+00:00" testType="13cdc9d9-ddb5-4fa4-a97d-d965ccfc6d4b" outcome="Passed" testListId="8c84fa94-04c1-424b-9868-57a2d4851a1d" relativeResultsDirectory="12ea43be-7229-420e-b23a-f8e96d2a4590" />
    <UnitTestResult executionId="db371d96-01ca-4611-ab3a-583d5db4ba5e" testId="0605805d-d351-459d-0d69-eb18696cb82e" testName="MockRepositoryTests" computerName="fv-az1489-202" duration="00:00:00.0601530" startTime="2024-07-16T08:05:25.6732722+00:00" endTime="2024-07-16T08:05:25.7476183+00:00" testType="13cdc9d9-ddb5-4fa4-a97d-d965ccfc6d4b" outcome="Passed" testListId="8c84fa94-04c1-424b-9868-57a2d4851a1d" relativeResultsDirectory="db371d96-01ca-4611-ab3a-583d5db4ba5e" />
    <UnitTestResult executionId="60a2f201-8c9a-4ff5-b2c2-52555be56c54" testId="2486bace-5605-762b-c0ee-d108e8300ef5" testName="MockRepositoryTests4" computerName="fv-az1489-202" duration="00:00:00.0045339" startTime="2024-07-16T08:05:25.7777811+00:00" endTime="2024-07-16T08:05:25.7843691+00:00" testType="13cdc9d9-ddb5-4fa4-a97d-d965ccfc6d4b" outcome="Passed" testListId="8c84fa94-04c1-424b-9868-57a2d4851a1d" relativeResultsDirectory="60a2f201-8c9a-4ff5-b2c2-52555be56c54" />
    <UnitTestResult executionId="db16aec8-ace2-4a29-b4a4-97c41b916696" testId="4d9a623e-042e-c9ac-b488-194bbf075b36" testName="MockRepositoryTests3" computerName="fv-az1489-202" duration="00:00:00.0076758" startTime="2024-07-16T08:05:25.7698528+00:00" endTime="2024-07-16T08:05:25.7777184+00:00" testType="13cdc9d9-ddb5-4fa4-a97d-d965ccfc6d4b" outcome="Passed" testListId="8c84fa94-04c1-424b-9868-57a2d4851a1d" relativeResultsDirectory="db16aec8-ace2-4a29-b4a4-97c41b916696" />
  </Results>
  <TestDefinitions>
    <UnitTest name="MockRepositoryTests4" storage="d:\a\rcs-front\rcs-front\kassa.tests\bin\debug\net8.0\kassa.tests.dll" id="2486bace-5605-762b-c0ee-d108e8300ef5">
      <Execution id="60a2f201-8c9a-4ff5-b2c2-52555be56c54" />
      <TestMethod codeBase="D:\a\rcs-front\rcs-front\Kassa.Tests\bin\Debug\net8.0\Kassa.Tests.dll" adapterTypeName="executor://mstestadapter/v2" className="Kassa.Tests.MockTests" name="MockRepositoryTests4" />
    </UnitTest>
    <UnitTest name="MockRepositoryTests2" storage="d:\a\rcs-front\rcs-front\kassa.tests\bin\debug\net8.0\kassa.tests.dll" id="b85b9cd0-1bcf-2c09-696c-ba58ea2c8960">
      <Execution id="12ea43be-7229-420e-b23a-f8e96d2a4590" />
      <TestMethod codeBase="D:\a\rcs-front\rcs-front\Kassa.Tests\bin\Debug\net8.0\Kassa.Tests.dll" adapterTypeName="executor://mstestadapter/v2" className="Kassa.Tests.MockTests" name="MockRepositoryTests2" />
    </UnitTest>
    <UnitTest name="MockRepositoryTests3" storage="d:\a\rcs-front\rcs-front\kassa.tests\bin\debug\net8.0\kassa.tests.dll" id="4d9a623e-042e-c9ac-b488-194bbf075b36">
      <Execution id="db16aec8-ace2-4a29-b4a4-97c41b916696" />
      <TestMethod codeBase="D:\a\rcs-front\rcs-front\Kassa.Tests\bin\Debug\net8.0\Kassa.Tests.dll" adapterTypeName="executor://mstestadapter/v2" className="Kassa.Tests.MockTests" name="MockRepositoryTests3" />
    </UnitTest>
    <UnitTest name="MockRepositoryTests" storage="d:\a\rcs-front\rcs-front\kassa.tests\bin\debug\net8.0\kassa.tests.dll" id="0605805d-d351-459d-0d69-eb18696cb82e">
      <Execution id="db371d96-01ca-4611-ab3a-583d5db4ba5e" />
      <TestMethod codeBase="D:\a\rcs-front\rcs-front\Kassa.Tests\bin\Debug\net8.0\Kassa.Tests.dll" adapterTypeName="executor://mstestadapter/v2" className="Kassa.Tests.MockTests" name="MockRepositoryTests" />
    </UnitTest>
  </TestDefinitions>
  <TestEntries>
    <TestEntry testId="b85b9cd0-1bcf-2c09-696c-ba58ea2c8960" executionId="12ea43be-7229-420e-b23a-f8e96d2a4590" testListId="8c84fa94-04c1-424b-9868-57a2d4851a1d" />
    <TestEntry testId="0605805d-d351-459d-0d69-eb18696cb82e" executionId="db371d96-01ca-4611-ab3a-583d5db4ba5e" testListId="8c84fa94-04c1-424b-9868-57a2d4851a1d" />
    <TestEntry testId="2486bace-5605-762b-c0ee-d108e8300ef5" executionId="60a2f201-8c9a-4ff5-b2c2-52555be56c54" testListId="8c84fa94-04c1-424b-9868-57a2d4851a1d" />
    <TestEntry testId="4d9a623e-042e-c9ac-b488-194bbf075b36" executionId="db16aec8-ace2-4a29-b4a4-97c41b916696" testListId="8c84fa94-04c1-424b-9868-57a2d4851a1d" />
  </TestEntries>
  <TestLists>
    <TestList name="Results Not in a List" id="8c84fa94-04c1-424b-9868-57a2d4851a1d" />
    <TestList name="All Loaded Results" id="19431567-8539-422a-85d7-44ee4e166bda" />
  </TestLists>
  <ResultSummary outcome="Completed">
    <Counters total="4" executed="4" passed="4" failed="0" error="0" timeout="0" aborted="0" inconclusive="0" passedButRunAborted="0" notRunnable="0" notExecuted="0" disconnected="0" warning="0" completed="0" inProgress="0" pending="0" />
  </ResultSummary>
</TestRun>