<?xml version="1.0" encoding="utf-8"?>
<TestRun id="2c054da5-f5ff-45e6-b901-250809b0a6c3" name="runneradmin@fv-az1785-215 2024-08-01 16:41:12" runUser="fv-az1785-215\runneradmin" xmlns="http://microsoft.com/schemas/VisualStudio/TeamTest/2010">
  <Times creation="2024-08-01T16:41:12.9392480+00:00" queuing="2024-08-01T16:41:12.9392481+00:00" start="2024-08-01T16:41:10.9465454+00:00" finish="2024-08-01T16:41:12.9439419+00:00" />
  <TestSettings name="default" id="ebc52996-0b81-43be-935f-99d441675a75">
    <Deployment runDeploymentRoot="runneradmin_fv-az1785-215_2024-08-01_16_41_12" />
  </TestSettings>
  <Results>
    <UnitTestResult executionId="d66bc752-9180-48aa-9399-c94d64177dfe" testId="0605805d-d351-459d-0d69-eb18696cb82e" testName="MockRepositoryTests" computerName="fv-az1785-215" duration="00:00:00.0715663" startTime="2024-08-01T16:41:11.6087226+00:00" endTime="2024-08-01T16:41:11.7363393+00:00" testType="13cdc9d9-ddb5-4fa4-a97d-d965ccfc6d4b" outcome="Passed" testListId="8c84fa94-04c1-424b-9868-57a2d4851a1d" relativeResultsDirectory="d66bc752-9180-48aa-9399-c94d64177dfe" />
    <UnitTestResult executionId="d15bf1e0-5345-4821-8f27-8c6e80f9a8c9" testId="2486bace-5605-762b-c0ee-d108e8300ef5" testName="MockRepositoryTests4" computerName="fv-az1785-215" duration="00:00:00.0029855" startTime="2024-08-01T16:41:11.7534755+00:00" endTime="2024-08-01T16:41:11.7577511+00:00" testType="13cdc9d9-ddb5-4fa4-a97d-d965ccfc6d4b" outcome="Passed" testListId="8c84fa94-04c1-424b-9868-57a2d4851a1d" relativeResultsDirectory="d15bf1e0-5345-4821-8f27-8c6e80f9a8c9" />
    <UnitTestResult executionId="8cb13052-d6ad-477e-8b7e-3f20b2fd98f9" testId="b85b9cd0-1bcf-2c09-696c-ba58ea2c8960" testName="MockRepositoryTests2" computerName="fv-az1785-215" duration="00:00:00.0079181" startTime="2024-08-01T16:41:11.7400486+00:00" endTime="2024-08-01T16:41:11.7481092+00:00" testType="13cdc9d9-ddb5-4fa4-a97d-d965ccfc6d4b" outcome="Passed" testListId="8c84fa94-04c1-424b-9868-57a2d4851a1d" relativeResultsDirectory="8cb13052-d6ad-477e-8b7e-3f20b2fd98f9" />
    <UnitTestResult executionId="a82e89ee-8689-41f2-8423-c3ef76f002e9" testId="4d9a623e-042e-c9ac-b488-194bbf075b36" testName="MockRepositoryTests3" computerName="fv-az1785-215" duration="00:00:00.0050019" startTime="2024-08-01T16:41:11.7483528+00:00" endTime="2024-08-01T16:41:11.7534488+00:00" testType="13cdc9d9-ddb5-4fa4-a97d-d965ccfc6d4b" outcome="Passed" testListId="8c84fa94-04c1-424b-9868-57a2d4851a1d" relativeResultsDirectory="a82e89ee-8689-41f2-8423-c3ef76f002e9" />
  </Results>
  <TestDefinitions>
    <UnitTest name="MockRepositoryTests4" storage="d:\a\rcs-front\rcs-front\kassa.tests\bin\debug\net8.0\kassa.tests.dll" id="2486bace-5605-762b-c0ee-d108e8300ef5">
      <Execution id="d15bf1e0-5345-4821-8f27-8c6e80f9a8c9" />
      <TestMethod codeBase="D:\a\rcs-front\rcs-front\Kassa.Tests\bin\Debug\net8.0\Kassa.Tests.dll" adapterTypeName="executor://mstestadapter/v2" className="Kassa.Tests.MockTests" name="MockRepositoryTests4" />
    </UnitTest>
    <UnitTest name="MockRepositoryTests2" storage="d:\a\rcs-front\rcs-front\kassa.tests\bin\debug\net8.0\kassa.tests.dll" id="b85b9cd0-1bcf-2c09-696c-ba58ea2c8960">
      <Execution id="8cb13052-d6ad-477e-8b7e-3f20b2fd98f9" />
      <TestMethod codeBase="D:\a\rcs-front\rcs-front\Kassa.Tests\bin\Debug\net8.0\Kassa.Tests.dll" adapterTypeName="executor://mstestadapter/v2" className="Kassa.Tests.MockTests" name="MockRepositoryTests2" />
    </UnitTest>
    <UnitTest name="MockRepositoryTests3" storage="d:\a\rcs-front\rcs-front\kassa.tests\bin\debug\net8.0\kassa.tests.dll" id="4d9a623e-042e-c9ac-b488-194bbf075b36">
      <Execution id="a82e89ee-8689-41f2-8423-c3ef76f002e9" />
      <TestMethod codeBase="D:\a\rcs-front\rcs-front\Kassa.Tests\bin\Debug\net8.0\Kassa.Tests.dll" adapterTypeName="executor://mstestadapter/v2" className="Kassa.Tests.MockTests" name="MockRepositoryTests3" />
    </UnitTest>
    <UnitTest name="MockRepositoryTests" storage="d:\a\rcs-front\rcs-front\kassa.tests\bin\debug\net8.0\kassa.tests.dll" id="0605805d-d351-459d-0d69-eb18696cb82e">
      <Execution id="d66bc752-9180-48aa-9399-c94d64177dfe" />
      <TestMethod codeBase="D:\a\rcs-front\rcs-front\Kassa.Tests\bin\Debug\net8.0\Kassa.Tests.dll" adapterTypeName="executor://mstestadapter/v2" className="Kassa.Tests.MockTests" name="MockRepositoryTests" />
    </UnitTest>
  </TestDefinitions>
  <TestEntries>
    <TestEntry testId="0605805d-d351-459d-0d69-eb18696cb82e" executionId="d66bc752-9180-48aa-9399-c94d64177dfe" testListId="8c84fa94-04c1-424b-9868-57a2d4851a1d" />
    <TestEntry testId="2486bace-5605-762b-c0ee-d108e8300ef5" executionId="d15bf1e0-5345-4821-8f27-8c6e80f9a8c9" testListId="8c84fa94-04c1-424b-9868-57a2d4851a1d" />
    <TestEntry testId="b85b9cd0-1bcf-2c09-696c-ba58ea2c8960" executionId="8cb13052-d6ad-477e-8b7e-3f20b2fd98f9" testListId="8c84fa94-04c1-424b-9868-57a2d4851a1d" />
    <TestEntry testId="4d9a623e-042e-c9ac-b488-194bbf075b36" executionId="a82e89ee-8689-41f2-8423-c3ef76f002e9" testListId="8c84fa94-04c1-424b-9868-57a2d4851a1d" />
  </TestEntries>
  <TestLists>
    <TestList name="Results Not in a List" id="8c84fa94-04c1-424b-9868-57a2d4851a1d" />
    <TestList name="All Loaded Results" id="19431567-8539-422a-85d7-44ee4e166bda" />
  </TestLists>
  <ResultSummary outcome="Completed">
    <Counters total="4" executed="4" passed="4" failed="0" error="0" timeout="0" aborted="0" inconclusive="0" passedButRunAborted="0" notRunnable="0" notExecuted="0" disconnected="0" warning="0" completed="0" inProgress="0" pending="0" />
  </ResultSummary>
</TestRun>