<?xml version="1.0" encoding="utf-8"?>
<TestRun id="bb36851d-bdd8-4b5c-b8a6-2ab9c363c8b8" name="runneradmin@fv-az1760-127 2024-08-15 13:09:25" runUser="fv-az1760-127\runneradmin" xmlns="http://microsoft.com/schemas/VisualStudio/TeamTest/2010">
  <Times creation="2024-08-15T13:09:25.7323721+00:00" queuing="2024-08-15T13:09:25.7323723+00:00" start="2024-08-15T13:09:24.8818720+00:00" finish="2024-08-15T13:09:25.7394567+00:00" />
  <TestSettings name="default" id="6bdb82a3-bbd0-48a0-8066-31416cf59b3e">
    <Deployment runDeploymentRoot="runneradmin_fv-az1760-127_2024-08-15_13_09_25" />
  </TestSettings>
  <Results>
    <UnitTestResult executionId="baab9980-37dc-4335-baa6-e376d26285d9" testId="4d9a623e-042e-c9ac-b488-194bbf075b36" testName="MockRepositoryTests3" computerName="fv-az1760-127" duration="00:00:00.0070742" startTime="2024-08-15T13:09:25.5428680+00:00" endTime="2024-08-15T13:09:25.5501027+00:00" testType="13cdc9d9-ddb5-4fa4-a97d-d965ccfc6d4b" outcome="Passed" testListId="8c84fa94-04c1-424b-9868-57a2d4851a1d" relativeResultsDirectory="baab9980-37dc-4335-baa6-e376d26285d9" />
    <UnitTestResult executionId="94695585-e6fa-4be3-9886-3c0c2c676e47" testId="0605805d-d351-459d-0d69-eb18696cb82e" testName="MockRepositoryTests" computerName="fv-az1760-127" duration="00:00:00.0440978" startTime="2024-08-15T13:09:25.4705575+00:00" endTime="2024-08-15T13:09:25.5301001+00:00" testType="13cdc9d9-ddb5-4fa4-a97d-d965ccfc6d4b" outcome="Passed" testListId="8c84fa94-04c1-424b-9868-57a2d4851a1d" relativeResultsDirectory="94695585-e6fa-4be3-9886-3c0c2c676e47" />
    <UnitTestResult executionId="a580cb6c-fe18-4d54-8414-272d1c5679d1" testId="2486bace-5605-762b-c0ee-d108e8300ef5" testName="MockRepositoryTests4" computerName="fv-az1760-127" duration="00:00:00.0044148" startTime="2024-08-15T13:09:25.5501577+00:00" endTime="2024-08-15T13:09:25.5565960+00:00" testType="13cdc9d9-ddb5-4fa4-a97d-d965ccfc6d4b" outcome="Passed" testListId="8c84fa94-04c1-424b-9868-57a2d4851a1d" relativeResultsDirectory="a580cb6c-fe18-4d54-8414-272d1c5679d1" />
    <UnitTestResult executionId="683c016d-68dd-4ee8-8efc-be99c64a58f1" testId="b85b9cd0-1bcf-2c09-696c-ba58ea2c8960" testName="MockRepositoryTests2" computerName="fv-az1760-127" duration="00:00:00.0082946" startTime="2024-08-15T13:09:25.5339786+00:00" endTime="2024-08-15T13:09:25.5425120+00:00" testType="13cdc9d9-ddb5-4fa4-a97d-d965ccfc6d4b" outcome="Passed" testListId="8c84fa94-04c1-424b-9868-57a2d4851a1d" relativeResultsDirectory="683c016d-68dd-4ee8-8efc-be99c64a58f1" />
  </Results>
  <TestDefinitions>
    <UnitTest name="MockRepositoryTests4" storage="d:\a\rcs-front\rcs-front\kassa.tests\bin\debug\net8.0\kassa.tests.dll" id="2486bace-5605-762b-c0ee-d108e8300ef5">
      <Execution id="a580cb6c-fe18-4d54-8414-272d1c5679d1" />
      <TestMethod codeBase="D:\a\rcs-front\rcs-front\Kassa.Tests\bin\Debug\net8.0\Kassa.Tests.dll" adapterTypeName="executor://mstestadapter/v2" className="Kassa.Tests.MockTests" name="MockRepositoryTests4" />
    </UnitTest>
    <UnitTest name="MockRepositoryTests2" storage="d:\a\rcs-front\rcs-front\kassa.tests\bin\debug\net8.0\kassa.tests.dll" id="b85b9cd0-1bcf-2c09-696c-ba58ea2c8960">
      <Execution id="683c016d-68dd-4ee8-8efc-be99c64a58f1" />
      <TestMethod codeBase="D:\a\rcs-front\rcs-front\Kassa.Tests\bin\Debug\net8.0\Kassa.Tests.dll" adapterTypeName="executor://mstestadapter/v2" className="Kassa.Tests.MockTests" name="MockRepositoryTests2" />
    </UnitTest>
    <UnitTest name="MockRepositoryTests3" storage="d:\a\rcs-front\rcs-front\kassa.tests\bin\debug\net8.0\kassa.tests.dll" id="4d9a623e-042e-c9ac-b488-194bbf075b36">
      <Execution id="baab9980-37dc-4335-baa6-e376d26285d9" />
      <TestMethod codeBase="D:\a\rcs-front\rcs-front\Kassa.Tests\bin\Debug\net8.0\Kassa.Tests.dll" adapterTypeName="executor://mstestadapter/v2" className="Kassa.Tests.MockTests" name="MockRepositoryTests3" />
    </UnitTest>
    <UnitTest name="MockRepositoryTests" storage="d:\a\rcs-front\rcs-front\kassa.tests\bin\debug\net8.0\kassa.tests.dll" id="0605805d-d351-459d-0d69-eb18696cb82e">
      <Execution id="94695585-e6fa-4be3-9886-3c0c2c676e47" />
      <TestMethod codeBase="D:\a\rcs-front\rcs-front\Kassa.Tests\bin\Debug\net8.0\Kassa.Tests.dll" adapterTypeName="executor://mstestadapter/v2" className="Kassa.Tests.MockTests" name="MockRepositoryTests" />
    </UnitTest>
  </TestDefinitions>
  <TestEntries>
    <TestEntry testId="4d9a623e-042e-c9ac-b488-194bbf075b36" executionId="baab9980-37dc-4335-baa6-e376d26285d9" testListId="8c84fa94-04c1-424b-9868-57a2d4851a1d" />
    <TestEntry testId="0605805d-d351-459d-0d69-eb18696cb82e" executionId="94695585-e6fa-4be3-9886-3c0c2c676e47" testListId="8c84fa94-04c1-424b-9868-57a2d4851a1d" />
    <TestEntry testId="2486bace-5605-762b-c0ee-d108e8300ef5" executionId="a580cb6c-fe18-4d54-8414-272d1c5679d1" testListId="8c84fa94-04c1-424b-9868-57a2d4851a1d" />
    <TestEntry testId="b85b9cd0-1bcf-2c09-696c-ba58ea2c8960" executionId="683c016d-68dd-4ee8-8efc-be99c64a58f1" testListId="8c84fa94-04c1-424b-9868-57a2d4851a1d" />
  </TestEntries>
  <TestLists>
    <TestList name="Results Not in a List" id="8c84fa94-04c1-424b-9868-57a2d4851a1d" />
    <TestList name="All Loaded Results" id="19431567-8539-422a-85d7-44ee4e166bda" />
  </TestLists>
  <ResultSummary outcome="Completed">
    <Counters total="4" executed="4" passed="4" failed="0" error="0" timeout="0" aborted="0" inconclusive="0" passedButRunAborted="0" notRunnable="0" notExecuted="0" disconnected="0" warning="0" completed="0" inProgress="0" pending="0" />
  </ResultSummary>
</TestRun>