<?xml version="1.0" encoding="utf-8"?>
<TestRun id="a4efa7a9-a878-4f30-849b-21ecc0ea7dd9" name="runneradmin@fv-az1435-712 2024-07-11 11:38:18" runUser="fv-az1435-712\runneradmin" xmlns="http://microsoft.com/schemas/VisualStudio/TeamTest/2010">
  <Times creation="2024-07-11T11:38:18.3622674+00:00" queuing="2024-07-11T11:38:18.3622678+00:00" start="2024-07-11T11:38:17.6188617+00:00" finish="2024-07-11T11:38:18.3675946+00:00" />
  <TestSettings name="default" id="adba9e31-b12f-4a98-8421-fb4e4c28b84c">
    <Deployment runDeploymentRoot="runneradmin_fv-az1435-712_2024-07-11_11_38_18" />
  </TestSettings>
  <Results>
    <UnitTestResult executionId="3ae0d063-441a-4eef-8791-1cab9aedeb3e" testId="4d9a623e-042e-c9ac-b488-194bbf075b36" testName="MockRepositoryTests3" computerName="fv-az1435-712" duration="00:00:00.0057498" startTime="2024-07-11T11:38:18.1957448+00:00" endTime="2024-07-11T11:38:18.2017115+00:00" testType="13cdc9d9-ddb5-4fa4-a97d-d965ccfc6d4b" outcome="Passed" testListId="8c84fa94-04c1-424b-9868-57a2d4851a1d" relativeResultsDirectory="3ae0d063-441a-4eef-8791-1cab9aedeb3e" />
    <UnitTestResult executionId="c26c77a6-5466-4400-9491-fab6b8c85022" testId="2486bace-5605-762b-c0ee-d108e8300ef5" testName="MockRepositoryTests4" computerName="fv-az1435-712" duration="00:00:00.0035521" startTime="2024-07-11T11:38:18.2017830+00:00" endTime="2024-07-11T11:38:18.2070005+00:00" testType="13cdc9d9-ddb5-4fa4-a97d-d965ccfc6d4b" outcome="Passed" testListId="8c84fa94-04c1-424b-9868-57a2d4851a1d" relativeResultsDirectory="c26c77a6-5466-4400-9491-fab6b8c85022" />
    <UnitTestResult executionId="275b35ce-a2c1-4279-a0c3-035d0cbafe09" testId="0605805d-d351-459d-0d69-eb18696cb82e" testName="MockRepositoryTests" computerName="fv-az1435-712" duration="00:00:00.0493880" startTime="2024-07-11T11:38:18.1122877+00:00" endTime="2024-07-11T11:38:18.1754213+00:00" testType="13cdc9d9-ddb5-4fa4-a97d-d965ccfc6d4b" outcome="Passed" testListId="8c84fa94-04c1-424b-9868-57a2d4851a1d" relativeResultsDirectory="275b35ce-a2c1-4279-a0c3-035d0cbafe09" />
    <UnitTestResult executionId="926a747d-4858-439d-8180-d57d2359e629" testId="b85b9cd0-1bcf-2c09-696c-ba58ea2c8960" testName="MockRepositoryTests2" computerName="fv-az1435-712" duration="00:00:00.0123032" startTime="2024-07-11T11:38:18.1827045+00:00" endTime="2024-07-11T11:38:18.1954154+00:00" testType="13cdc9d9-ddb5-4fa4-a97d-d965ccfc6d4b" outcome="Passed" testListId="8c84fa94-04c1-424b-9868-57a2d4851a1d" relativeResultsDirectory="926a747d-4858-439d-8180-d57d2359e629" />
  </Results>
  <TestDefinitions>
    <UnitTest name="MockRepositoryTests4" storage="d:\a\rcs-front\rcs-front\kassa.tests\bin\debug\net8.0\kassa.tests.dll" id="2486bace-5605-762b-c0ee-d108e8300ef5">
      <Execution id="c26c77a6-5466-4400-9491-fab6b8c85022" />
      <TestMethod codeBase="D:\a\rcs-front\rcs-front\Kassa.Tests\bin\Debug\net8.0\Kassa.Tests.dll" adapterTypeName="executor://mstestadapter/v2" className="Kassa.Tests.MockTests" name="MockRepositoryTests4" />
    </UnitTest>
    <UnitTest name="MockRepositoryTests2" storage="d:\a\rcs-front\rcs-front\kassa.tests\bin\debug\net8.0\kassa.tests.dll" id="b85b9cd0-1bcf-2c09-696c-ba58ea2c8960">
      <Execution id="926a747d-4858-439d-8180-d57d2359e629" />
      <TestMethod codeBase="D:\a\rcs-front\rcs-front\Kassa.Tests\bin\Debug\net8.0\Kassa.Tests.dll" adapterTypeName="executor://mstestadapter/v2" className="Kassa.Tests.MockTests" name="MockRepositoryTests2" />
    </UnitTest>
    <UnitTest name="MockRepositoryTests3" storage="d:\a\rcs-front\rcs-front\kassa.tests\bin\debug\net8.0\kassa.tests.dll" id="4d9a623e-042e-c9ac-b488-194bbf075b36">
      <Execution id="3ae0d063-441a-4eef-8791-1cab9aedeb3e" />
      <TestMethod codeBase="D:\a\rcs-front\rcs-front\Kassa.Tests\bin\Debug\net8.0\Kassa.Tests.dll" adapterTypeName="executor://mstestadapter/v2" className="Kassa.Tests.MockTests" name="MockRepositoryTests3" />
    </UnitTest>
    <UnitTest name="MockRepositoryTests" storage="d:\a\rcs-front\rcs-front\kassa.tests\bin\debug\net8.0\kassa.tests.dll" id="0605805d-d351-459d-0d69-eb18696cb82e">
      <Execution id="275b35ce-a2c1-4279-a0c3-035d0cbafe09" />
      <TestMethod codeBase="D:\a\rcs-front\rcs-front\Kassa.Tests\bin\Debug\net8.0\Kassa.Tests.dll" adapterTypeName="executor://mstestadapter/v2" className="Kassa.Tests.MockTests" name="MockRepositoryTests" />
    </UnitTest>
  </TestDefinitions>
  <TestEntries>
    <TestEntry testId="4d9a623e-042e-c9ac-b488-194bbf075b36" executionId="3ae0d063-441a-4eef-8791-1cab9aedeb3e" testListId="8c84fa94-04c1-424b-9868-57a2d4851a1d" />
    <TestEntry testId="2486bace-5605-762b-c0ee-d108e8300ef5" executionId="c26c77a6-5466-4400-9491-fab6b8c85022" testListId="8c84fa94-04c1-424b-9868-57a2d4851a1d" />
    <TestEntry testId="0605805d-d351-459d-0d69-eb18696cb82e" executionId="275b35ce-a2c1-4279-a0c3-035d0cbafe09" testListId="8c84fa94-04c1-424b-9868-57a2d4851a1d" />
    <TestEntry testId="b85b9cd0-1bcf-2c09-696c-ba58ea2c8960" executionId="926a747d-4858-439d-8180-d57d2359e629" testListId="8c84fa94-04c1-424b-9868-57a2d4851a1d" />
  </TestEntries>
  <TestLists>
    <TestList name="Results Not in a List" id="8c84fa94-04c1-424b-9868-57a2d4851a1d" />
    <TestList name="All Loaded Results" id="19431567-8539-422a-85d7-44ee4e166bda" />
  </TestLists>
  <ResultSummary outcome="Completed">
    <Counters total="4" executed="4" passed="4" failed="0" error="0" timeout="0" aborted="0" inconclusive="0" passedButRunAborted="0" notRunnable="0" notExecuted="0" disconnected="0" warning="0" completed="0" inProgress="0" pending="0" />
  </ResultSummary>
</TestRun>