<?xml version="1.0" encoding="utf-8"?>
<TestRun id="a10db64c-fde7-4e37-aa4e-93f27c74fbc7" name="runneradmin@fv-az521-876 2024-07-10 13:49:51" runUser="fv-az521-876\runneradmin" xmlns="http://microsoft.com/schemas/VisualStudio/TeamTest/2010">
  <Times creation="2024-07-10T13:49:51.5212885+00:00" queuing="2024-07-10T13:49:51.5212887+00:00" start="2024-07-10T13:49:50.7925445+00:00" finish="2024-07-10T13:49:51.5279273+00:00" />
  <TestSettings name="default" id="6b8f20bd-ac35-45b2-ab71-26be0cf16b9e">
    <Deployment runDeploymentRoot="runneradmin_fv-az521-876_2024-07-10_13_49_51" />
  </TestSettings>
  <Results>
    <UnitTestResult executionId="d8e4c89e-0626-46e1-a92f-c0d672c6e68c" testId="b85b9cd0-1bcf-2c09-696c-ba58ea2c8960" testName="MockRepositoryTests2" computerName="fv-az521-876" duration="00:00:00.0124480" startTime="2024-07-10T13:49:51.3495947+00:00" endTime="2024-07-10T13:49:51.3622751+00:00" testType="13cdc9d9-ddb5-4fa4-a97d-d965ccfc6d4b" outcome="Passed" testListId="8c84fa94-04c1-424b-9868-57a2d4851a1d" relativeResultsDirectory="d8e4c89e-0626-46e1-a92f-c0d672c6e68c" />
    <UnitTestResult executionId="82565162-5e33-42d0-9dcb-568ee80ffbb7" testId="0605805d-d351-459d-0d69-eb18696cb82e" testName="MockRepositoryTests" computerName="fv-az521-876" duration="00:00:00.0485976" startTime="2024-07-10T13:49:51.2835104+00:00" endTime="2024-07-10T13:49:51.3438994+00:00" testType="13cdc9d9-ddb5-4fa4-a97d-d965ccfc6d4b" outcome="Passed" testListId="8c84fa94-04c1-424b-9868-57a2d4851a1d" relativeResultsDirectory="82565162-5e33-42d0-9dcb-568ee80ffbb7" />
    <UnitTestResult executionId="e2ae0bf8-d30c-4967-a14d-b246b851b04c" testId="2486bace-5605-762b-c0ee-d108e8300ef5" testName="MockRepositoryTests4" computerName="fv-az521-876" duration="00:00:00.0030422" startTime="2024-07-10T13:49:51.3679101+00:00" endTime="2024-07-10T13:49:51.3723373+00:00" testType="13cdc9d9-ddb5-4fa4-a97d-d965ccfc6d4b" outcome="Passed" testListId="8c84fa94-04c1-424b-9868-57a2d4851a1d" relativeResultsDirectory="e2ae0bf8-d30c-4967-a14d-b246b851b04c" />
    <UnitTestResult executionId="e5877932-8d94-4f74-9eda-92e8b31de40a" testId="4d9a623e-042e-c9ac-b488-194bbf075b36" testName="MockRepositoryTests3" computerName="fv-az521-876" duration="00:00:00.0050697" startTime="2024-07-10T13:49:51.3626938+00:00" endTime="2024-07-10T13:49:51.3678754+00:00" testType="13cdc9d9-ddb5-4fa4-a97d-d965ccfc6d4b" outcome="Passed" testListId="8c84fa94-04c1-424b-9868-57a2d4851a1d" relativeResultsDirectory="e5877932-8d94-4f74-9eda-92e8b31de40a" />
  </Results>
  <TestDefinitions>
    <UnitTest name="MockRepositoryTests4" storage="d:\a\rcs-front\rcs-front\kassa.tests\bin\debug\net8.0\kassa.tests.dll" id="2486bace-5605-762b-c0ee-d108e8300ef5">
      <Execution id="e2ae0bf8-d30c-4967-a14d-b246b851b04c" />
      <TestMethod codeBase="D:\a\rcs-front\rcs-front\Kassa.Tests\bin\Debug\net8.0\Kassa.Tests.dll" adapterTypeName="executor://mstestadapter/v2" className="Kassa.Tests.MockTests" name="MockRepositoryTests4" />
    </UnitTest>
    <UnitTest name="MockRepositoryTests2" storage="d:\a\rcs-front\rcs-front\kassa.tests\bin\debug\net8.0\kassa.tests.dll" id="b85b9cd0-1bcf-2c09-696c-ba58ea2c8960">
      <Execution id="d8e4c89e-0626-46e1-a92f-c0d672c6e68c" />
      <TestMethod codeBase="D:\a\rcs-front\rcs-front\Kassa.Tests\bin\Debug\net8.0\Kassa.Tests.dll" adapterTypeName="executor://mstestadapter/v2" className="Kassa.Tests.MockTests" name="MockRepositoryTests2" />
    </UnitTest>
    <UnitTest name="MockRepositoryTests3" storage="d:\a\rcs-front\rcs-front\kassa.tests\bin\debug\net8.0\kassa.tests.dll" id="4d9a623e-042e-c9ac-b488-194bbf075b36">
      <Execution id="e5877932-8d94-4f74-9eda-92e8b31de40a" />
      <TestMethod codeBase="D:\a\rcs-front\rcs-front\Kassa.Tests\bin\Debug\net8.0\Kassa.Tests.dll" adapterTypeName="executor://mstestadapter/v2" className="Kassa.Tests.MockTests" name="MockRepositoryTests3" />
    </UnitTest>
    <UnitTest name="MockRepositoryTests" storage="d:\a\rcs-front\rcs-front\kassa.tests\bin\debug\net8.0\kassa.tests.dll" id="0605805d-d351-459d-0d69-eb18696cb82e">
      <Execution id="82565162-5e33-42d0-9dcb-568ee80ffbb7" />
      <TestMethod codeBase="D:\a\rcs-front\rcs-front\Kassa.Tests\bin\Debug\net8.0\Kassa.Tests.dll" adapterTypeName="executor://mstestadapter/v2" className="Kassa.Tests.MockTests" name="MockRepositoryTests" />
    </UnitTest>
  </TestDefinitions>
  <TestEntries>
    <TestEntry testId="b85b9cd0-1bcf-2c09-696c-ba58ea2c8960" executionId="d8e4c89e-0626-46e1-a92f-c0d672c6e68c" testListId="8c84fa94-04c1-424b-9868-57a2d4851a1d" />
    <TestEntry testId="0605805d-d351-459d-0d69-eb18696cb82e" executionId="82565162-5e33-42d0-9dcb-568ee80ffbb7" testListId="8c84fa94-04c1-424b-9868-57a2d4851a1d" />
    <TestEntry testId="2486bace-5605-762b-c0ee-d108e8300ef5" executionId="e2ae0bf8-d30c-4967-a14d-b246b851b04c" testListId="8c84fa94-04c1-424b-9868-57a2d4851a1d" />
    <TestEntry testId="4d9a623e-042e-c9ac-b488-194bbf075b36" executionId="e5877932-8d94-4f74-9eda-92e8b31de40a" testListId="8c84fa94-04c1-424b-9868-57a2d4851a1d" />
  </TestEntries>
  <TestLists>
    <TestList name="Results Not in a List" id="8c84fa94-04c1-424b-9868-57a2d4851a1d" />
    <TestList name="All Loaded Results" id="19431567-8539-422a-85d7-44ee4e166bda" />
  </TestLists>
  <ResultSummary outcome="Completed">
    <Counters total="4" executed="4" passed="4" failed="0" error="0" timeout="0" aborted="0" inconclusive="0" passedButRunAborted="0" notRunnable="0" notExecuted="0" disconnected="0" warning="0" completed="0" inProgress="0" pending="0" />
  </ResultSummary>
</TestRun>