<?xml version="1.0" encoding="utf-8"?>
<TestRun id="11c92d87-f6b7-422f-81e3-e27040e9f2b5" name="runneradmin@fv-az980-186 2024-07-05 08:13:56" runUser="fv-az980-186\runneradmin" xmlns="http://microsoft.com/schemas/VisualStudio/TeamTest/2010">
  <Times creation="2024-07-05T08:13:56.9310126+00:00" queuing="2024-07-05T08:13:56.9310128+00:00" start="2024-07-05T08:13:54.6518029+00:00" finish="2024-07-05T08:13:57.0083030+00:00" />
  <TestSettings name="default" id="8d3ed5a5-4708-443e-9fda-6ba2e445d13f">
    <Deployment runDeploymentRoot="runneradmin_fv-az980-186_2024-07-05_08_13_56" />
  </TestSettings>
  <Results>
    <UnitTestResult executionId="f6f59fdf-3ea8-4040-a1b9-13900a60ff76" testId="b85b9cd0-1bcf-2c09-696c-ba58ea2c8960" testName="MockRepositoryTests2" computerName="fv-az980-186" duration="00:00:00.0080592" startTime="2024-07-05T08:13:55.3814011+00:00" endTime="2024-07-05T08:13:55.3896255+00:00" testType="13cdc9d9-ddb5-4fa4-a97d-d965ccfc6d4b" outcome="Passed" testListId="8c84fa94-04c1-424b-9868-57a2d4851a1d" relativeResultsDirectory="f6f59fdf-3ea8-4040-a1b9-13900a60ff76" />
    <UnitTestResult executionId="9a753645-fc6d-414a-9546-ed3f1a4370ac" testId="2486bace-5605-762b-c0ee-d108e8300ef5" testName="MockRepositoryTests4" computerName="fv-az980-186" duration="00:00:00.0029912" startTime="2024-07-05T08:13:55.3949920+00:00" endTime="2024-07-05T08:13:55.3993536+00:00" testType="13cdc9d9-ddb5-4fa4-a97d-d965ccfc6d4b" outcome="Passed" testListId="8c84fa94-04c1-424b-9868-57a2d4851a1d" relativeResultsDirectory="9a753645-fc6d-414a-9546-ed3f1a4370ac" />
    <UnitTestResult executionId="01fb9949-a689-4a6d-8997-5a4e430cbe80" testId="0605805d-d351-459d-0d69-eb18696cb82e" testName="MockRepositoryTests" computerName="fv-az980-186" duration="00:00:00.0415908" startTime="2024-07-05T08:13:55.2806119+00:00" endTime="2024-07-05T08:13:55.3772588+00:00" testType="13cdc9d9-ddb5-4fa4-a97d-d965ccfc6d4b" outcome="Passed" testListId="8c84fa94-04c1-424b-9868-57a2d4851a1d" relativeResultsDirectory="01fb9949-a689-4a6d-8997-5a4e430cbe80" />
    <UnitTestResult executionId="544293ae-b749-4e7a-8a2d-10b530df95d6" testId="4d9a623e-042e-c9ac-b488-194bbf075b36" testName="MockRepositoryTests3" computerName="fv-az980-186" duration="00:00:00.0049924" startTime="2024-07-05T08:13:55.3898684+00:00" endTime="2024-07-05T08:13:55.3949621+00:00" testType="13cdc9d9-ddb5-4fa4-a97d-d965ccfc6d4b" outcome="Passed" testListId="8c84fa94-04c1-424b-9868-57a2d4851a1d" relativeResultsDirectory="544293ae-b749-4e7a-8a2d-10b530df95d6" />
  </Results>
  <TestDefinitions>
    <UnitTest name="MockRepositoryTests4" storage="d:\a\rcs-front\rcs-front\kassa.tests\bin\debug\net8.0\kassa.tests.dll" id="2486bace-5605-762b-c0ee-d108e8300ef5">
      <Execution id="9a753645-fc6d-414a-9546-ed3f1a4370ac" />
      <TestMethod codeBase="D:\a\rcs-front\rcs-front\Kassa.Tests\bin\Debug\net8.0\Kassa.Tests.dll" adapterTypeName="executor://mstestadapter/v2" className="Kassa.Tests.MockTests" name="MockRepositoryTests4" />
    </UnitTest>
    <UnitTest name="MockRepositoryTests2" storage="d:\a\rcs-front\rcs-front\kassa.tests\bin\debug\net8.0\kassa.tests.dll" id="b85b9cd0-1bcf-2c09-696c-ba58ea2c8960">
      <Execution id="f6f59fdf-3ea8-4040-a1b9-13900a60ff76" />
      <TestMethod codeBase="D:\a\rcs-front\rcs-front\Kassa.Tests\bin\Debug\net8.0\Kassa.Tests.dll" adapterTypeName="executor://mstestadapter/v2" className="Kassa.Tests.MockTests" name="MockRepositoryTests2" />
    </UnitTest>
    <UnitTest name="MockRepositoryTests3" storage="d:\a\rcs-front\rcs-front\kassa.tests\bin\debug\net8.0\kassa.tests.dll" id="4d9a623e-042e-c9ac-b488-194bbf075b36">
      <Execution id="544293ae-b749-4e7a-8a2d-10b530df95d6" />
      <TestMethod codeBase="D:\a\rcs-front\rcs-front\Kassa.Tests\bin\Debug\net8.0\Kassa.Tests.dll" adapterTypeName="executor://mstestadapter/v2" className="Kassa.Tests.MockTests" name="MockRepositoryTests3" />
    </UnitTest>
    <UnitTest name="MockRepositoryTests" storage="d:\a\rcs-front\rcs-front\kassa.tests\bin\debug\net8.0\kassa.tests.dll" id="0605805d-d351-459d-0d69-eb18696cb82e">
      <Execution id="01fb9949-a689-4a6d-8997-5a4e430cbe80" />
      <TestMethod codeBase="D:\a\rcs-front\rcs-front\Kassa.Tests\bin\Debug\net8.0\Kassa.Tests.dll" adapterTypeName="executor://mstestadapter/v2" className="Kassa.Tests.MockTests" name="MockRepositoryTests" />
    </UnitTest>
  </TestDefinitions>
  <TestEntries>
    <TestEntry testId="b85b9cd0-1bcf-2c09-696c-ba58ea2c8960" executionId="f6f59fdf-3ea8-4040-a1b9-13900a60ff76" testListId="8c84fa94-04c1-424b-9868-57a2d4851a1d" />
    <TestEntry testId="2486bace-5605-762b-c0ee-d108e8300ef5" executionId="9a753645-fc6d-414a-9546-ed3f1a4370ac" testListId="8c84fa94-04c1-424b-9868-57a2d4851a1d" />
    <TestEntry testId="0605805d-d351-459d-0d69-eb18696cb82e" executionId="01fb9949-a689-4a6d-8997-5a4e430cbe80" testListId="8c84fa94-04c1-424b-9868-57a2d4851a1d" />
    <TestEntry testId="4d9a623e-042e-c9ac-b488-194bbf075b36" executionId="544293ae-b749-4e7a-8a2d-10b530df95d6" testListId="8c84fa94-04c1-424b-9868-57a2d4851a1d" />
  </TestEntries>
  <TestLists>
    <TestList name="Results Not in a List" id="8c84fa94-04c1-424b-9868-57a2d4851a1d" />
    <TestList name="All Loaded Results" id="19431567-8539-422a-85d7-44ee4e166bda" />
  </TestLists>
  <ResultSummary outcome="Completed">
    <Counters total="4" executed="4" passed="4" failed="0" error="0" timeout="0" aborted="0" inconclusive="0" passedButRunAborted="0" notRunnable="0" notExecuted="0" disconnected="0" warning="0" completed="0" inProgress="0" pending="0" />
  </ResultSummary>
</TestRun>