<?xml version="1.0" encoding="utf-8"?>
<TestRun id="6e4c131d-ce2a-4180-89ea-e8a5f30b5dfc" name="runneradmin@fv-az1785-817 2024-09-02 17:17:30" runUser="fv-az1785-817\runneradmin" xmlns="http://microsoft.com/schemas/VisualStudio/TeamTest/2010">
  <Times creation="2024-09-02T17:17:30.9804622+00:00" queuing="2024-09-02T17:17:30.9804623+00:00" start="2024-09-02T17:17:29.3566804+00:00" finish="2024-09-02T17:17:30.9851091+00:00" />
  <TestSettings name="default" id="45285d29-0457-4214-b971-440017a9c22a">
    <Deployment runDeploymentRoot="runneradmin_fv-az1785-817_2024-09-02_17_17_30" />
  </TestSettings>
  <Results>
    <UnitTestResult executionId="01c0285b-bda4-49e8-9c37-f4469d38d5b5" testId="b85b9cd0-1bcf-2c09-696c-ba58ea2c8960" testName="MockRepositoryTests2" computerName="fv-az1785-817" duration="00:00:00.0128063" startTime="2024-09-02T17:17:29.9439515+00:00" endTime="2024-09-02T17:17:29.9569891+00:00" testType="13cdc9d9-ddb5-4fa4-a97d-d965ccfc6d4b" outcome="Passed" testListId="8c84fa94-04c1-424b-9868-57a2d4851a1d" relativeResultsDirectory="01c0285b-bda4-49e8-9c37-f4469d38d5b5" />
    <UnitTestResult executionId="f76c7c0d-d4de-4e86-b605-9d11689e1fc6" testId="0605805d-d351-459d-0d69-eb18696cb82e" testName="MockRepositoryTests" computerName="fv-az1785-817" duration="00:00:00.0558098" startTime="2024-09-02T17:17:29.8456528+00:00" endTime="2024-09-02T17:17:29.9385006+00:00" testType="13cdc9d9-ddb5-4fa4-a97d-d965ccfc6d4b" outcome="Passed" testListId="8c84fa94-04c1-424b-9868-57a2d4851a1d" relativeResultsDirectory="f76c7c0d-d4de-4e86-b605-9d11689e1fc6" />
    <UnitTestResult executionId="8c1dfbe7-fe1e-46e9-9a27-7aa8b06b9c57" testId="2486bace-5605-762b-c0ee-d108e8300ef5" testName="MockRepositoryTests4" computerName="fv-az1785-817" duration="00:00:00.0044793" startTime="2024-09-02T17:17:29.9647509+00:00" endTime="2024-09-02T17:17:29.9710952+00:00" testType="13cdc9d9-ddb5-4fa4-a97d-d965ccfc6d4b" outcome="Passed" testListId="8c84fa94-04c1-424b-9868-57a2d4851a1d" relativeResultsDirectory="8c1dfbe7-fe1e-46e9-9a27-7aa8b06b9c57" />
    <UnitTestResult executionId="b9f97fd0-d4b6-4668-92dd-07dd302f7604" testId="4d9a623e-042e-c9ac-b488-194bbf075b36" testName="MockRepositoryTests3" computerName="fv-az1785-817" duration="00:00:00.0072080" startTime="2024-09-02T17:17:29.9573735+00:00" endTime="2024-09-02T17:17:29.9647159+00:00" testType="13cdc9d9-ddb5-4fa4-a97d-d965ccfc6d4b" outcome="Passed" testListId="8c84fa94-04c1-424b-9868-57a2d4851a1d" relativeResultsDirectory="b9f97fd0-d4b6-4668-92dd-07dd302f7604" />
  </Results>
  <TestDefinitions>
    <UnitTest name="MockRepositoryTests4" storage="d:\a\rcs-front\rcs-front\kassa.tests\bin\debug\net8.0\kassa.tests.dll" id="2486bace-5605-762b-c0ee-d108e8300ef5">
      <Execution id="8c1dfbe7-fe1e-46e9-9a27-7aa8b06b9c57" />
      <TestMethod codeBase="D:\a\rcs-front\rcs-front\Kassa.Tests\bin\Debug\net8.0\Kassa.Tests.dll" adapterTypeName="executor://mstestadapter/v2" className="Kassa.Tests.MockTests" name="MockRepositoryTests4" />
    </UnitTest>
    <UnitTest name="MockRepositoryTests2" storage="d:\a\rcs-front\rcs-front\kassa.tests\bin\debug\net8.0\kassa.tests.dll" id="b85b9cd0-1bcf-2c09-696c-ba58ea2c8960">
      <Execution id="01c0285b-bda4-49e8-9c37-f4469d38d5b5" />
      <TestMethod codeBase="D:\a\rcs-front\rcs-front\Kassa.Tests\bin\Debug\net8.0\Kassa.Tests.dll" adapterTypeName="executor://mstestadapter/v2" className="Kassa.Tests.MockTests" name="MockRepositoryTests2" />
    </UnitTest>
    <UnitTest name="MockRepositoryTests3" storage="d:\a\rcs-front\rcs-front\kassa.tests\bin\debug\net8.0\kassa.tests.dll" id="4d9a623e-042e-c9ac-b488-194bbf075b36">
      <Execution id="b9f97fd0-d4b6-4668-92dd-07dd302f7604" />
      <TestMethod codeBase="D:\a\rcs-front\rcs-front\Kassa.Tests\bin\Debug\net8.0\Kassa.Tests.dll" adapterTypeName="executor://mstestadapter/v2" className="Kassa.Tests.MockTests" name="MockRepositoryTests3" />
    </UnitTest>
    <UnitTest name="MockRepositoryTests" storage="d:\a\rcs-front\rcs-front\kassa.tests\bin\debug\net8.0\kassa.tests.dll" id="0605805d-d351-459d-0d69-eb18696cb82e">
      <Execution id="f76c7c0d-d4de-4e86-b605-9d11689e1fc6" />
      <TestMethod codeBase="D:\a\rcs-front\rcs-front\Kassa.Tests\bin\Debug\net8.0\Kassa.Tests.dll" adapterTypeName="executor://mstestadapter/v2" className="Kassa.Tests.MockTests" name="MockRepositoryTests" />
    </UnitTest>
  </TestDefinitions>
  <TestEntries>
    <TestEntry testId="b85b9cd0-1bcf-2c09-696c-ba58ea2c8960" executionId="01c0285b-bda4-49e8-9c37-f4469d38d5b5" testListId="8c84fa94-04c1-424b-9868-57a2d4851a1d" />
    <TestEntry testId="0605805d-d351-459d-0d69-eb18696cb82e" executionId="f76c7c0d-d4de-4e86-b605-9d11689e1fc6" testListId="8c84fa94-04c1-424b-9868-57a2d4851a1d" />
    <TestEntry testId="2486bace-5605-762b-c0ee-d108e8300ef5" executionId="8c1dfbe7-fe1e-46e9-9a27-7aa8b06b9c57" testListId="8c84fa94-04c1-424b-9868-57a2d4851a1d" />
    <TestEntry testId="4d9a623e-042e-c9ac-b488-194bbf075b36" executionId="b9f97fd0-d4b6-4668-92dd-07dd302f7604" testListId="8c84fa94-04c1-424b-9868-57a2d4851a1d" />
  </TestEntries>
  <TestLists>
    <TestList name="Results Not in a List" id="8c84fa94-04c1-424b-9868-57a2d4851a1d" />
    <TestList name="All Loaded Results" id="19431567-8539-422a-85d7-44ee4e166bda" />
  </TestLists>
  <ResultSummary outcome="Completed">
    <Counters total="4" executed="4" passed="4" failed="0" error="0" timeout="0" aborted="0" inconclusive="0" passedButRunAborted="0" notRunnable="0" notExecuted="0" disconnected="0" warning="0" completed="0" inProgress="0" pending="0" />
  </ResultSummary>
</TestRun>