<?xml version="1.0" encoding="utf-8"?>
<TestRun id="cd5b38d7-5e0b-411f-b0e1-86b2dc81e2ce" name="runneradmin@fv-az653-499 2024-06-26 11:27:42" runUser="fv-az653-499\runneradmin" xmlns="http://microsoft.com/schemas/VisualStudio/TeamTest/2010">
  <Times creation="2024-06-26T11:27:42.4939985+00:00" queuing="2024-06-26T11:27:42.4939987+00:00" start="2024-06-26T11:27:41.0374621+00:00" finish="2024-06-26T11:27:42.5121131+00:00" />
  <TestSettings name="default" id="7f5202b3-a8cb-492f-8bd4-b6a7469905e0">
    <Deployment runDeploymentRoot="runneradmin_fv-az653-499_2024-06-26_11_27_42" />
  </TestSettings>
  <Results>
    <UnitTestResult executionId="67b3edbb-012a-47d3-9406-a979ae7ba4eb" testId="b85b9cd0-1bcf-2c09-696c-ba58ea2c8960" testName="MockRepositoryTests2" computerName="fv-az653-499" duration="00:00:00.0079003" startTime="2024-06-26T11:27:41.7419497+00:00" endTime="2024-06-26T11:27:41.7500128+00:00" testType="13cdc9d9-ddb5-4fa4-a97d-d965ccfc6d4b" outcome="Passed" testListId="8c84fa94-04c1-424b-9868-57a2d4851a1d" relativeResultsDirectory="67b3edbb-012a-47d3-9406-a979ae7ba4eb" />
    <UnitTestResult executionId="cc97efb6-0cc6-44b2-9eda-346d29ec9f7a" testId="0605805d-d351-459d-0d69-eb18696cb82e" testName="MockRepositoryTests" computerName="fv-az653-499" duration="00:00:00.0622201" startTime="2024-06-26T11:27:41.6318643+00:00" endTime="2024-06-26T11:27:41.7378233+00:00" testType="13cdc9d9-ddb5-4fa4-a97d-d965ccfc6d4b" outcome="Passed" testListId="8c84fa94-04c1-424b-9868-57a2d4851a1d" relativeResultsDirectory="cc97efb6-0cc6-44b2-9eda-346d29ec9f7a" />
    <UnitTestResult executionId="0f166024-0ebc-4837-9c39-b583ceb4a760" testId="2486bace-5605-762b-c0ee-d108e8300ef5" testName="MockRepositoryTests4" computerName="fv-az653-499" duration="00:00:00.0035136" startTime="2024-06-26T11:27:41.7560766+00:00" endTime="2024-06-26T11:27:41.7611318+00:00" testType="13cdc9d9-ddb5-4fa4-a97d-d965ccfc6d4b" outcome="Passed" testListId="8c84fa94-04c1-424b-9868-57a2d4851a1d" relativeResultsDirectory="0f166024-0ebc-4837-9c39-b583ceb4a760" />
    <UnitTestResult executionId="ba221bab-e368-476e-a1ce-2e3891fd15c6" testId="4d9a623e-042e-c9ac-b488-194bbf075b36" testName="MockRepositoryTests3" computerName="fv-az653-499" duration="00:00:00.0056915" startTime="2024-06-26T11:27:41.7502569+00:00" endTime="2024-06-26T11:27:41.7560479+00:00" testType="13cdc9d9-ddb5-4fa4-a97d-d965ccfc6d4b" outcome="Passed" testListId="8c84fa94-04c1-424b-9868-57a2d4851a1d" relativeResultsDirectory="ba221bab-e368-476e-a1ce-2e3891fd15c6" />
  </Results>
  <TestDefinitions>
    <UnitTest name="MockRepositoryTests4" storage="d:\a\rcs-front\rcs-front\kassa.tests\bin\debug\net8.0\kassa.tests.dll" id="2486bace-5605-762b-c0ee-d108e8300ef5">
      <Execution id="0f166024-0ebc-4837-9c39-b583ceb4a760" />
      <TestMethod codeBase="D:\a\rcs-front\rcs-front\Kassa.Tests\bin\Debug\net8.0\Kassa.Tests.dll" adapterTypeName="executor://mstestadapter/v2" className="Kassa.Tests.MockTests" name="MockRepositoryTests4" />
    </UnitTest>
    <UnitTest name="MockRepositoryTests2" storage="d:\a\rcs-front\rcs-front\kassa.tests\bin\debug\net8.0\kassa.tests.dll" id="b85b9cd0-1bcf-2c09-696c-ba58ea2c8960">
      <Execution id="67b3edbb-012a-47d3-9406-a979ae7ba4eb" />
      <TestMethod codeBase="D:\a\rcs-front\rcs-front\Kassa.Tests\bin\Debug\net8.0\Kassa.Tests.dll" adapterTypeName="executor://mstestadapter/v2" className="Kassa.Tests.MockTests" name="MockRepositoryTests2" />
    </UnitTest>
    <UnitTest name="MockRepositoryTests3" storage="d:\a\rcs-front\rcs-front\kassa.tests\bin\debug\net8.0\kassa.tests.dll" id="4d9a623e-042e-c9ac-b488-194bbf075b36">
      <Execution id="ba221bab-e368-476e-a1ce-2e3891fd15c6" />
      <TestMethod codeBase="D:\a\rcs-front\rcs-front\Kassa.Tests\bin\Debug\net8.0\Kassa.Tests.dll" adapterTypeName="executor://mstestadapter/v2" className="Kassa.Tests.MockTests" name="MockRepositoryTests3" />
    </UnitTest>
    <UnitTest name="MockRepositoryTests" storage="d:\a\rcs-front\rcs-front\kassa.tests\bin\debug\net8.0\kassa.tests.dll" id="0605805d-d351-459d-0d69-eb18696cb82e">
      <Execution id="cc97efb6-0cc6-44b2-9eda-346d29ec9f7a" />
      <TestMethod codeBase="D:\a\rcs-front\rcs-front\Kassa.Tests\bin\Debug\net8.0\Kassa.Tests.dll" adapterTypeName="executor://mstestadapter/v2" className="Kassa.Tests.MockTests" name="MockRepositoryTests" />
    </UnitTest>
  </TestDefinitions>
  <TestEntries>
    <TestEntry testId="b85b9cd0-1bcf-2c09-696c-ba58ea2c8960" executionId="67b3edbb-012a-47d3-9406-a979ae7ba4eb" testListId="8c84fa94-04c1-424b-9868-57a2d4851a1d" />
    <TestEntry testId="0605805d-d351-459d-0d69-eb18696cb82e" executionId="cc97efb6-0cc6-44b2-9eda-346d29ec9f7a" testListId="8c84fa94-04c1-424b-9868-57a2d4851a1d" />
    <TestEntry testId="2486bace-5605-762b-c0ee-d108e8300ef5" executionId="0f166024-0ebc-4837-9c39-b583ceb4a760" testListId="8c84fa94-04c1-424b-9868-57a2d4851a1d" />
    <TestEntry testId="4d9a623e-042e-c9ac-b488-194bbf075b36" executionId="ba221bab-e368-476e-a1ce-2e3891fd15c6" testListId="8c84fa94-04c1-424b-9868-57a2d4851a1d" />
  </TestEntries>
  <TestLists>
    <TestList name="Results Not in a List" id="8c84fa94-04c1-424b-9868-57a2d4851a1d" />
    <TestList name="All Loaded Results" id="19431567-8539-422a-85d7-44ee4e166bda" />
  </TestLists>
  <ResultSummary outcome="Completed">
    <Counters total="4" executed="4" passed="4" failed="0" error="0" timeout="0" aborted="0" inconclusive="0" passedButRunAborted="0" notRunnable="0" notExecuted="0" disconnected="0" warning="0" completed="0" inProgress="0" pending="0" />
  </ResultSummary>
</TestRun>