<?xml version="1.0" encoding="utf-8"?>
<TestRun id="b6a6d700-defc-4324-a11d-e1f18d76d796" name="runneradmin@fv-az521-945 2024-07-02 09:41:15" runUser="fv-az521-945\runneradmin" xmlns="http://microsoft.com/schemas/VisualStudio/TeamTest/2010">
  <Times creation="2024-07-02T09:41:15.3251309+00:00" queuing="2024-07-02T09:41:15.3251311+00:00" start="2024-07-02T09:41:13.7373309+00:00" finish="2024-07-02T09:41:15.3298618+00:00" />
  <TestSettings name="default" id="e55c4ac4-8d83-4695-a88c-6af5eb4326a3">
    <Deployment runDeploymentRoot="runneradmin_fv-az521-945_2024-07-02_09_41_15" />
  </TestSettings>
  <Results>
    <UnitTestResult executionId="e78eca24-625f-4fad-b3b4-a89323b36a1d" testId="b85b9cd0-1bcf-2c09-696c-ba58ea2c8960" testName="MockRepositoryTests2" computerName="fv-az521-945" duration="00:00:00.0081682" startTime="2024-07-02T09:41:14.3589076+00:00" endTime="2024-07-02T09:41:14.3672847+00:00" testType="13cdc9d9-ddb5-4fa4-a97d-d965ccfc6d4b" outcome="Passed" testListId="8c84fa94-04c1-424b-9868-57a2d4851a1d" relativeResultsDirectory="e78eca24-625f-4fad-b3b4-a89323b36a1d" />
    <UnitTestResult executionId="070f1f98-1d1c-428b-9eb8-3814eeefa163" testId="0605805d-d351-459d-0d69-eb18696cb82e" testName="MockRepositoryTests" computerName="fv-az521-945" duration="00:00:00.0584838" startTime="2024-07-02T09:41:14.2543279+00:00" endTime="2024-07-02T09:41:14.3551378+00:00" testType="13cdc9d9-ddb5-4fa4-a97d-d965ccfc6d4b" outcome="Passed" testListId="8c84fa94-04c1-424b-9868-57a2d4851a1d" relativeResultsDirectory="070f1f98-1d1c-428b-9eb8-3814eeefa163" />
    <UnitTestResult executionId="ebb0cd1c-7e78-4718-bab4-924ba813c229" testId="2486bace-5605-762b-c0ee-d108e8300ef5" testName="MockRepositoryTests4" computerName="fv-az521-945" duration="00:00:00.0030757" startTime="2024-07-02T09:41:14.3728436+00:00" endTime="2024-07-02T09:41:14.3773011+00:00" testType="13cdc9d9-ddb5-4fa4-a97d-d965ccfc6d4b" outcome="Passed" testListId="8c84fa94-04c1-424b-9868-57a2d4851a1d" relativeResultsDirectory="ebb0cd1c-7e78-4718-bab4-924ba813c229" />
    <UnitTestResult executionId="3d915e54-2658-4628-abe4-6cf12ae11214" testId="4d9a623e-042e-c9ac-b488-194bbf075b36" testName="MockRepositoryTests3" computerName="fv-az521-945" duration="00:00:00.0051485" startTime="2024-07-02T09:41:14.3675459+00:00" endTime="2024-07-02T09:41:14.3728088+00:00" testType="13cdc9d9-ddb5-4fa4-a97d-d965ccfc6d4b" outcome="Passed" testListId="8c84fa94-04c1-424b-9868-57a2d4851a1d" relativeResultsDirectory="3d915e54-2658-4628-abe4-6cf12ae11214" />
  </Results>
  <TestDefinitions>
    <UnitTest name="MockRepositoryTests4" storage="d:\a\rcs-front\rcs-front\kassa.tests\bin\debug\net8.0\kassa.tests.dll" id="2486bace-5605-762b-c0ee-d108e8300ef5">
      <Execution id="ebb0cd1c-7e78-4718-bab4-924ba813c229" />
      <TestMethod codeBase="D:\a\rcs-front\rcs-front\Kassa.Tests\bin\Debug\net8.0\Kassa.Tests.dll" adapterTypeName="executor://mstestadapter/v2" className="Kassa.Tests.MockTests" name="MockRepositoryTests4" />
    </UnitTest>
    <UnitTest name="MockRepositoryTests2" storage="d:\a\rcs-front\rcs-front\kassa.tests\bin\debug\net8.0\kassa.tests.dll" id="b85b9cd0-1bcf-2c09-696c-ba58ea2c8960">
      <Execution id="e78eca24-625f-4fad-b3b4-a89323b36a1d" />
      <TestMethod codeBase="D:\a\rcs-front\rcs-front\Kassa.Tests\bin\Debug\net8.0\Kassa.Tests.dll" adapterTypeName="executor://mstestadapter/v2" className="Kassa.Tests.MockTests" name="MockRepositoryTests2" />
    </UnitTest>
    <UnitTest name="MockRepositoryTests3" storage="d:\a\rcs-front\rcs-front\kassa.tests\bin\debug\net8.0\kassa.tests.dll" id="4d9a623e-042e-c9ac-b488-194bbf075b36">
      <Execution id="3d915e54-2658-4628-abe4-6cf12ae11214" />
      <TestMethod codeBase="D:\a\rcs-front\rcs-front\Kassa.Tests\bin\Debug\net8.0\Kassa.Tests.dll" adapterTypeName="executor://mstestadapter/v2" className="Kassa.Tests.MockTests" name="MockRepositoryTests3" />
    </UnitTest>
    <UnitTest name="MockRepositoryTests" storage="d:\a\rcs-front\rcs-front\kassa.tests\bin\debug\net8.0\kassa.tests.dll" id="0605805d-d351-459d-0d69-eb18696cb82e">
      <Execution id="070f1f98-1d1c-428b-9eb8-3814eeefa163" />
      <TestMethod codeBase="D:\a\rcs-front\rcs-front\Kassa.Tests\bin\Debug\net8.0\Kassa.Tests.dll" adapterTypeName="executor://mstestadapter/v2" className="Kassa.Tests.MockTests" name="MockRepositoryTests" />
    </UnitTest>
  </TestDefinitions>
  <TestEntries>
    <TestEntry testId="b85b9cd0-1bcf-2c09-696c-ba58ea2c8960" executionId="e78eca24-625f-4fad-b3b4-a89323b36a1d" testListId="8c84fa94-04c1-424b-9868-57a2d4851a1d" />
    <TestEntry testId="0605805d-d351-459d-0d69-eb18696cb82e" executionId="070f1f98-1d1c-428b-9eb8-3814eeefa163" testListId="8c84fa94-04c1-424b-9868-57a2d4851a1d" />
    <TestEntry testId="2486bace-5605-762b-c0ee-d108e8300ef5" executionId="ebb0cd1c-7e78-4718-bab4-924ba813c229" testListId="8c84fa94-04c1-424b-9868-57a2d4851a1d" />
    <TestEntry testId="4d9a623e-042e-c9ac-b488-194bbf075b36" executionId="3d915e54-2658-4628-abe4-6cf12ae11214" testListId="8c84fa94-04c1-424b-9868-57a2d4851a1d" />
  </TestEntries>
  <TestLists>
    <TestList name="Results Not in a List" id="8c84fa94-04c1-424b-9868-57a2d4851a1d" />
    <TestList name="All Loaded Results" id="19431567-8539-422a-85d7-44ee4e166bda" />
  </TestLists>
  <ResultSummary outcome="Completed">
    <Counters total="4" executed="4" passed="4" failed="0" error="0" timeout="0" aborted="0" inconclusive="0" passedButRunAborted="0" notRunnable="0" notExecuted="0" disconnected="0" warning="0" completed="0" inProgress="0" pending="0" />
  </ResultSummary>
</TestRun>