<?xml version="1.0" encoding="utf-8"?>
<TestRun id="161494c5-4a2c-4d9f-b81f-ab437fa87361" name="runneradmin@fv-az1760-67 2024-06-19 13:56:25" runUser="fv-az1760-67\runneradmin" xmlns="http://microsoft.com/schemas/VisualStudio/TeamTest/2010">
  <Times creation="2024-06-19T13:56:25.1069104+00:00" queuing="2024-06-19T13:56:25.1069106+00:00" start="2024-06-19T13:56:24.2512261+00:00" finish="2024-06-19T13:56:25.1138574+00:00" />
  <TestSettings name="default" id="97520f5f-52f5-4f5c-9f21-db41ab9fa406">
    <Deployment runDeploymentRoot="runneradmin_fv-az1760-67_2024-06-19_13_56_25" />
  </TestSettings>
  <Results>
    <UnitTestResult executionId="05fb3002-1f3d-4c21-ab9f-a0af8f94d07f" testId="b85b9cd0-1bcf-2c09-696c-ba58ea2c8960" testName="MockRepositoryTests2" computerName="fv-az1760-67" duration="00:00:00.0132657" startTime="2024-06-19T13:56:24.9076214+00:00" endTime="2024-06-19T13:56:24.9211788+00:00" testType="13cdc9d9-ddb5-4fa4-a97d-d965ccfc6d4b" outcome="Passed" testListId="8c84fa94-04c1-424b-9868-57a2d4851a1d" relativeResultsDirectory="05fb3002-1f3d-4c21-ab9f-a0af8f94d07f" />
    <UnitTestResult executionId="1e6f6819-416a-436c-9697-c8e194d0e1d5" testId="0605805d-d351-459d-0d69-eb18696cb82e" testName="MockRepositoryTests" computerName="fv-az1760-67" duration="00:00:00.0530977" startTime="2024-06-19T13:56:24.8341632+00:00" endTime="2024-06-19T13:56:24.9020050+00:00" testType="13cdc9d9-ddb5-4fa4-a97d-d965ccfc6d4b" outcome="Passed" testListId="8c84fa94-04c1-424b-9868-57a2d4851a1d" relativeResultsDirectory="1e6f6819-416a-436c-9697-c8e194d0e1d5" />
    <UnitTestResult executionId="d3c46054-f034-480a-8cd2-408760693cc3" testId="4d9a623e-042e-c9ac-b488-194bbf075b36" testName="MockRepositoryTests3" computerName="fv-az1760-67" duration="00:00:00.0077960" startTime="2024-06-19T13:56:24.9215537+00:00" endTime="2024-06-19T13:56:24.9295273+00:00" testType="13cdc9d9-ddb5-4fa4-a97d-d965ccfc6d4b" outcome="Passed" testListId="8c84fa94-04c1-424b-9868-57a2d4851a1d" relativeResultsDirectory="d3c46054-f034-480a-8cd2-408760693cc3" />
    <UnitTestResult executionId="b4fe7337-66fd-44fb-893d-17b2e91d0ae0" testId="2486bace-5605-762b-c0ee-d108e8300ef5" testName="MockRepositoryTests4" computerName="fv-az1760-67" duration="00:00:00.0044658" startTime="2024-06-19T13:56:24.9295806+00:00" endTime="2024-06-19T13:56:24.9360404+00:00" testType="13cdc9d9-ddb5-4fa4-a97d-d965ccfc6d4b" outcome="Passed" testListId="8c84fa94-04c1-424b-9868-57a2d4851a1d" relativeResultsDirectory="b4fe7337-66fd-44fb-893d-17b2e91d0ae0" />
  </Results>
  <TestDefinitions>
    <UnitTest name="MockRepositoryTests4" storage="d:\a\rcs-front\rcs-front\kassa.tests\bin\debug\net8.0\kassa.tests.dll" id="2486bace-5605-762b-c0ee-d108e8300ef5">
      <Execution id="b4fe7337-66fd-44fb-893d-17b2e91d0ae0" />
      <TestMethod codeBase="D:\a\rcs-front\rcs-front\Kassa.Tests\bin\Debug\net8.0\Kassa.Tests.dll" adapterTypeName="executor://mstestadapter/v2" className="Kassa.Tests.MockTests" name="MockRepositoryTests4" />
    </UnitTest>
    <UnitTest name="MockRepositoryTests2" storage="d:\a\rcs-front\rcs-front\kassa.tests\bin\debug\net8.0\kassa.tests.dll" id="b85b9cd0-1bcf-2c09-696c-ba58ea2c8960">
      <Execution id="05fb3002-1f3d-4c21-ab9f-a0af8f94d07f" />
      <TestMethod codeBase="D:\a\rcs-front\rcs-front\Kassa.Tests\bin\Debug\net8.0\Kassa.Tests.dll" adapterTypeName="executor://mstestadapter/v2" className="Kassa.Tests.MockTests" name="MockRepositoryTests2" />
    </UnitTest>
    <UnitTest name="MockRepositoryTests3" storage="d:\a\rcs-front\rcs-front\kassa.tests\bin\debug\net8.0\kassa.tests.dll" id="4d9a623e-042e-c9ac-b488-194bbf075b36">
      <Execution id="d3c46054-f034-480a-8cd2-408760693cc3" />
      <TestMethod codeBase="D:\a\rcs-front\rcs-front\Kassa.Tests\bin\Debug\net8.0\Kassa.Tests.dll" adapterTypeName="executor://mstestadapter/v2" className="Kassa.Tests.MockTests" name="MockRepositoryTests3" />
    </UnitTest>
    <UnitTest name="MockRepositoryTests" storage="d:\a\rcs-front\rcs-front\kassa.tests\bin\debug\net8.0\kassa.tests.dll" id="0605805d-d351-459d-0d69-eb18696cb82e">
      <Execution id="1e6f6819-416a-436c-9697-c8e194d0e1d5" />
      <TestMethod codeBase="D:\a\rcs-front\rcs-front\Kassa.Tests\bin\Debug\net8.0\Kassa.Tests.dll" adapterTypeName="executor://mstestadapter/v2" className="Kassa.Tests.MockTests" name="MockRepositoryTests" />
    </UnitTest>
  </TestDefinitions>
  <TestEntries>
    <TestEntry testId="b85b9cd0-1bcf-2c09-696c-ba58ea2c8960" executionId="05fb3002-1f3d-4c21-ab9f-a0af8f94d07f" testListId="8c84fa94-04c1-424b-9868-57a2d4851a1d" />
    <TestEntry testId="0605805d-d351-459d-0d69-eb18696cb82e" executionId="1e6f6819-416a-436c-9697-c8e194d0e1d5" testListId="8c84fa94-04c1-424b-9868-57a2d4851a1d" />
    <TestEntry testId="4d9a623e-042e-c9ac-b488-194bbf075b36" executionId="d3c46054-f034-480a-8cd2-408760693cc3" testListId="8c84fa94-04c1-424b-9868-57a2d4851a1d" />
    <TestEntry testId="2486bace-5605-762b-c0ee-d108e8300ef5" executionId="b4fe7337-66fd-44fb-893d-17b2e91d0ae0" testListId="8c84fa94-04c1-424b-9868-57a2d4851a1d" />
  </TestEntries>
  <TestLists>
    <TestList name="Results Not in a List" id="8c84fa94-04c1-424b-9868-57a2d4851a1d" />
    <TestList name="All Loaded Results" id="19431567-8539-422a-85d7-44ee4e166bda" />
  </TestLists>
  <ResultSummary outcome="Completed">
    <Counters total="4" executed="4" passed="4" failed="0" error="0" timeout="0" aborted="0" inconclusive="0" passedButRunAborted="0" notRunnable="0" notExecuted="0" disconnected="0" warning="0" completed="0" inProgress="0" pending="0" />
  </ResultSummary>
</TestRun>