<?xml version="1.0" encoding="utf-8"?>
<TestRun id="25b2e90f-6d13-4f10-989d-b3cda15be95e" name="runneradmin@fv-az1111-282 2024-09-02 16:34:37" runUser="fv-az1111-282\runneradmin" xmlns="http://microsoft.com/schemas/VisualStudio/TeamTest/2010">
  <Times creation="2024-09-02T16:34:37.6318028+00:00" queuing="2024-09-02T16:34:37.6318030+00:00" start="2024-09-02T16:34:35.8937259+00:00" finish="2024-09-02T16:34:37.6382234+00:00" />
  <TestSettings name="default" id="8b071be2-3cd1-49a5-9296-f27bbcff99de">
    <Deployment runDeploymentRoot="runneradmin_fv-az1111-282_2024-09-02_16_34_37" />
  </TestSettings>
  <Results>
    <UnitTestResult executionId="dc33a43a-18c2-4831-89ec-c39f45e95e39" testId="2486bace-5605-762b-c0ee-d108e8300ef5" testName="MockRepositoryTests4" computerName="fv-az1111-282" duration="00:00:00.0043684" startTime="2024-09-02T16:34:36.5532290+00:00" endTime="2024-09-02T16:34:36.5595291+00:00" testType="13cdc9d9-ddb5-4fa4-a97d-d965ccfc6d4b" outcome="Passed" testListId="8c84fa94-04c1-424b-9868-57a2d4851a1d" relativeResultsDirectory="dc33a43a-18c2-4831-89ec-c39f45e95e39" />
    <UnitTestResult executionId="cd740ec8-8f9d-41c1-be39-55294523262f" testId="0605805d-d351-459d-0d69-eb18696cb82e" testName="MockRepositoryTests" computerName="fv-az1111-282" duration="00:00:00.0562443" startTime="2024-09-02T16:34:36.4380382+00:00" endTime="2024-09-02T16:34:36.5272486+00:00" testType="13cdc9d9-ddb5-4fa4-a97d-d965ccfc6d4b" outcome="Passed" testListId="8c84fa94-04c1-424b-9868-57a2d4851a1d" relativeResultsDirectory="cd740ec8-8f9d-41c1-be39-55294523262f" />
    <UnitTestResult executionId="bbe32387-b3c4-4db6-8412-764cef2c4ae8" testId="b85b9cd0-1bcf-2c09-696c-ba58ea2c8960" testName="MockRepositoryTests2" computerName="fv-az1111-282" duration="00:00:00.0125748" startTime="2024-09-02T16:34:36.5327364+00:00" endTime="2024-09-02T16:34:36.5455403+00:00" testType="13cdc9d9-ddb5-4fa4-a97d-d965ccfc6d4b" outcome="Passed" testListId="8c84fa94-04c1-424b-9868-57a2d4851a1d" relativeResultsDirectory="bbe32387-b3c4-4db6-8412-764cef2c4ae8" />
    <UnitTestResult executionId="e05f7f29-cc71-40df-b6d3-acb74971363d" testId="4d9a623e-042e-c9ac-b488-194bbf075b36" testName="MockRepositoryTests3" computerName="fv-az1111-282" duration="00:00:00.0071585" startTime="2024-09-02T16:34:36.5458921+00:00" endTime="2024-09-02T16:34:36.5531883+00:00" testType="13cdc9d9-ddb5-4fa4-a97d-d965ccfc6d4b" outcome="Passed" testListId="8c84fa94-04c1-424b-9868-57a2d4851a1d" relativeResultsDirectory="e05f7f29-cc71-40df-b6d3-acb74971363d" />
  </Results>
  <TestDefinitions>
    <UnitTest name="MockRepositoryTests4" storage="d:\a\rcs-front\rcs-front\kassa.tests\bin\debug\net8.0\kassa.tests.dll" id="2486bace-5605-762b-c0ee-d108e8300ef5">
      <Execution id="dc33a43a-18c2-4831-89ec-c39f45e95e39" />
      <TestMethod codeBase="D:\a\rcs-front\rcs-front\Kassa.Tests\bin\Debug\net8.0\Kassa.Tests.dll" adapterTypeName="executor://mstestadapter/v2" className="Kassa.Tests.MockTests" name="MockRepositoryTests4" />
    </UnitTest>
    <UnitTest name="MockRepositoryTests2" storage="d:\a\rcs-front\rcs-front\kassa.tests\bin\debug\net8.0\kassa.tests.dll" id="b85b9cd0-1bcf-2c09-696c-ba58ea2c8960">
      <Execution id="bbe32387-b3c4-4db6-8412-764cef2c4ae8" />
      <TestMethod codeBase="D:\a\rcs-front\rcs-front\Kassa.Tests\bin\Debug\net8.0\Kassa.Tests.dll" adapterTypeName="executor://mstestadapter/v2" className="Kassa.Tests.MockTests" name="MockRepositoryTests2" />
    </UnitTest>
    <UnitTest name="MockRepositoryTests3" storage="d:\a\rcs-front\rcs-front\kassa.tests\bin\debug\net8.0\kassa.tests.dll" id="4d9a623e-042e-c9ac-b488-194bbf075b36">
      <Execution id="e05f7f29-cc71-40df-b6d3-acb74971363d" />
      <TestMethod codeBase="D:\a\rcs-front\rcs-front\Kassa.Tests\bin\Debug\net8.0\Kassa.Tests.dll" adapterTypeName="executor://mstestadapter/v2" className="Kassa.Tests.MockTests" name="MockRepositoryTests3" />
    </UnitTest>
    <UnitTest name="MockRepositoryTests" storage="d:\a\rcs-front\rcs-front\kassa.tests\bin\debug\net8.0\kassa.tests.dll" id="0605805d-d351-459d-0d69-eb18696cb82e">
      <Execution id="cd740ec8-8f9d-41c1-be39-55294523262f" />
      <TestMethod codeBase="D:\a\rcs-front\rcs-front\Kassa.Tests\bin\Debug\net8.0\Kassa.Tests.dll" adapterTypeName="executor://mstestadapter/v2" className="Kassa.Tests.MockTests" name="MockRepositoryTests" />
    </UnitTest>
  </TestDefinitions>
  <TestEntries>
    <TestEntry testId="2486bace-5605-762b-c0ee-d108e8300ef5" executionId="dc33a43a-18c2-4831-89ec-c39f45e95e39" testListId="8c84fa94-04c1-424b-9868-57a2d4851a1d" />
    <TestEntry testId="0605805d-d351-459d-0d69-eb18696cb82e" executionId="cd740ec8-8f9d-41c1-be39-55294523262f" testListId="8c84fa94-04c1-424b-9868-57a2d4851a1d" />
    <TestEntry testId="b85b9cd0-1bcf-2c09-696c-ba58ea2c8960" executionId="bbe32387-b3c4-4db6-8412-764cef2c4ae8" testListId="8c84fa94-04c1-424b-9868-57a2d4851a1d" />
    <TestEntry testId="4d9a623e-042e-c9ac-b488-194bbf075b36" executionId="e05f7f29-cc71-40df-b6d3-acb74971363d" testListId="8c84fa94-04c1-424b-9868-57a2d4851a1d" />
  </TestEntries>
  <TestLists>
    <TestList name="Results Not in a List" id="8c84fa94-04c1-424b-9868-57a2d4851a1d" />
    <TestList name="All Loaded Results" id="19431567-8539-422a-85d7-44ee4e166bda" />
  </TestLists>
  <ResultSummary outcome="Completed">
    <Counters total="4" executed="4" passed="4" failed="0" error="0" timeout="0" aborted="0" inconclusive="0" passedButRunAborted="0" notRunnable="0" notExecuted="0" disconnected="0" warning="0" completed="0" inProgress="0" pending="0" />
  </ResultSummary>
</TestRun>