<?xml version="1.0" encoding="utf-8"?>
<TestRun id="e6f3225f-268b-4151-bc8d-72a84962ea12" name="runneradmin@fv-az980-61 2024-08-19 08:07:48" runUser="fv-az980-61\runneradmin" xmlns="http://microsoft.com/schemas/VisualStudio/TeamTest/2010">
  <Times creation="2024-08-19T08:07:48.4582593+00:00" queuing="2024-08-19T08:07:48.4582596+00:00" start="2024-08-19T08:07:47.6289760+00:00" finish="2024-08-19T08:07:48.4630087+00:00" />
  <TestSettings name="default" id="ef77ad0f-423d-4343-b586-a89c59a76703">
    <Deployment runDeploymentRoot="runneradmin_fv-az980-61_2024-08-19_08_07_48" />
  </TestSettings>
  <Results>
    <UnitTestResult executionId="677029f4-a01b-4302-882f-3f90332b2935" testId="b85b9cd0-1bcf-2c09-696c-ba58ea2c8960" testName="MockRepositoryTests2" computerName="fv-az980-61" duration="00:00:00.0080885" startTime="2024-08-19T08:07:48.2841115+00:00" endTime="2024-08-19T08:07:48.2924026+00:00" testType="13cdc9d9-ddb5-4fa4-a97d-d965ccfc6d4b" outcome="Passed" testListId="8c84fa94-04c1-424b-9868-57a2d4851a1d" relativeResultsDirectory="677029f4-a01b-4302-882f-3f90332b2935" />
    <UnitTestResult executionId="d789cdb6-a21b-40cf-9e5b-1b6373379541" testId="0605805d-d351-459d-0d69-eb18696cb82e" testName="MockRepositoryTests" computerName="fv-az980-61" duration="00:00:00.0395187" startTime="2024-08-19T08:07:48.2287981+00:00" endTime="2024-08-19T08:07:48.2801424+00:00" testType="13cdc9d9-ddb5-4fa4-a97d-d965ccfc6d4b" outcome="Passed" testListId="8c84fa94-04c1-424b-9868-57a2d4851a1d" relativeResultsDirectory="d789cdb6-a21b-40cf-9e5b-1b6373379541" />
    <UnitTestResult executionId="6171016c-09de-464c-924a-841ea672b31f" testId="4d9a623e-042e-c9ac-b488-194bbf075b36" testName="MockRepositoryTests3" computerName="fv-az980-61" duration="00:00:00.0052183" startTime="2024-08-19T08:07:48.2926712+00:00" endTime="2024-08-19T08:07:48.2980150+00:00" testType="13cdc9d9-ddb5-4fa4-a97d-d965ccfc6d4b" outcome="Passed" testListId="8c84fa94-04c1-424b-9868-57a2d4851a1d" relativeResultsDirectory="6171016c-09de-464c-924a-841ea672b31f" />
    <UnitTestResult executionId="69be2428-936b-4039-9aa2-eeac5abeeee9" testId="2486bace-5605-762b-c0ee-d108e8300ef5" testName="MockRepositoryTests4" computerName="fv-az980-61" duration="00:00:00.0039993" startTime="2024-08-19T08:07:48.2980544+00:00" endTime="2024-08-19T08:07:48.3036038+00:00" testType="13cdc9d9-ddb5-4fa4-a97d-d965ccfc6d4b" outcome="Passed" testListId="8c84fa94-04c1-424b-9868-57a2d4851a1d" relativeResultsDirectory="69be2428-936b-4039-9aa2-eeac5abeeee9" />
  </Results>
  <TestDefinitions>
    <UnitTest name="MockRepositoryTests4" storage="d:\a\rcs-front\rcs-front\kassa.tests\bin\debug\net8.0\kassa.tests.dll" id="2486bace-5605-762b-c0ee-d108e8300ef5">
      <Execution id="69be2428-936b-4039-9aa2-eeac5abeeee9" />
      <TestMethod codeBase="D:\a\rcs-front\rcs-front\Kassa.Tests\bin\Debug\net8.0\Kassa.Tests.dll" adapterTypeName="executor://mstestadapter/v2" className="Kassa.Tests.MockTests" name="MockRepositoryTests4" />
    </UnitTest>
    <UnitTest name="MockRepositoryTests2" storage="d:\a\rcs-front\rcs-front\kassa.tests\bin\debug\net8.0\kassa.tests.dll" id="b85b9cd0-1bcf-2c09-696c-ba58ea2c8960">
      <Execution id="677029f4-a01b-4302-882f-3f90332b2935" />
      <TestMethod codeBase="D:\a\rcs-front\rcs-front\Kassa.Tests\bin\Debug\net8.0\Kassa.Tests.dll" adapterTypeName="executor://mstestadapter/v2" className="Kassa.Tests.MockTests" name="MockRepositoryTests2" />
    </UnitTest>
    <UnitTest name="MockRepositoryTests3" storage="d:\a\rcs-front\rcs-front\kassa.tests\bin\debug\net8.0\kassa.tests.dll" id="4d9a623e-042e-c9ac-b488-194bbf075b36">
      <Execution id="6171016c-09de-464c-924a-841ea672b31f" />
      <TestMethod codeBase="D:\a\rcs-front\rcs-front\Kassa.Tests\bin\Debug\net8.0\Kassa.Tests.dll" adapterTypeName="executor://mstestadapter/v2" className="Kassa.Tests.MockTests" name="MockRepositoryTests3" />
    </UnitTest>
    <UnitTest name="MockRepositoryTests" storage="d:\a\rcs-front\rcs-front\kassa.tests\bin\debug\net8.0\kassa.tests.dll" id="0605805d-d351-459d-0d69-eb18696cb82e">
      <Execution id="d789cdb6-a21b-40cf-9e5b-1b6373379541" />
      <TestMethod codeBase="D:\a\rcs-front\rcs-front\Kassa.Tests\bin\Debug\net8.0\Kassa.Tests.dll" adapterTypeName="executor://mstestadapter/v2" className="Kassa.Tests.MockTests" name="MockRepositoryTests" />
    </UnitTest>
  </TestDefinitions>
  <TestEntries>
    <TestEntry testId="b85b9cd0-1bcf-2c09-696c-ba58ea2c8960" executionId="677029f4-a01b-4302-882f-3f90332b2935" testListId="8c84fa94-04c1-424b-9868-57a2d4851a1d" />
    <TestEntry testId="0605805d-d351-459d-0d69-eb18696cb82e" executionId="d789cdb6-a21b-40cf-9e5b-1b6373379541" testListId="8c84fa94-04c1-424b-9868-57a2d4851a1d" />
    <TestEntry testId="4d9a623e-042e-c9ac-b488-194bbf075b36" executionId="6171016c-09de-464c-924a-841ea672b31f" testListId="8c84fa94-04c1-424b-9868-57a2d4851a1d" />
    <TestEntry testId="2486bace-5605-762b-c0ee-d108e8300ef5" executionId="69be2428-936b-4039-9aa2-eeac5abeeee9" testListId="8c84fa94-04c1-424b-9868-57a2d4851a1d" />
  </TestEntries>
  <TestLists>
    <TestList name="Results Not in a List" id="8c84fa94-04c1-424b-9868-57a2d4851a1d" />
    <TestList name="All Loaded Results" id="19431567-8539-422a-85d7-44ee4e166bda" />
  </TestLists>
  <ResultSummary outcome="Completed">
    <Counters total="4" executed="4" passed="4" failed="0" error="0" timeout="0" aborted="0" inconclusive="0" passedButRunAborted="0" notRunnable="0" notExecuted="0" disconnected="0" warning="0" completed="0" inProgress="0" pending="0" />
  </ResultSummary>
</TestRun>