<?xml version="1.0" encoding="utf-8"?>
<TestRun id="fcb0dfba-0e8a-4513-9473-12e70c917616" name="runneradmin@fv-az844-813 2024-07-08 09:50:22" runUser="fv-az844-813\runneradmin" xmlns="http://microsoft.com/schemas/VisualStudio/TeamTest/2010">
  <Times creation="2024-07-08T09:50:22.5449400+00:00" queuing="2024-07-08T09:50:22.5449402+00:00" start="2024-07-08T09:50:20.1680896+00:00" finish="2024-07-08T09:50:22.5496917+00:00" />
  <TestSettings name="default" id="8f2ffc88-f7ae-4f44-9b55-4b62fa3afbca">
    <Deployment runDeploymentRoot="runneradmin_fv-az844-813_2024-07-08_09_50_22" />
  </TestSettings>
  <Results>
    <UnitTestResult executionId="07028b61-3fd5-4ede-a22b-0cc36798c5c3" testId="4d9a623e-042e-c9ac-b488-194bbf075b36" testName="MockRepositoryTests3" computerName="fv-az844-813" duration="00:00:00.0050425" startTime="2024-07-08T09:50:20.8916256+00:00" endTime="2024-07-08T09:50:20.8967644+00:00" testType="13cdc9d9-ddb5-4fa4-a97d-d965ccfc6d4b" outcome="Passed" testListId="8c84fa94-04c1-424b-9868-57a2d4851a1d" relativeResultsDirectory="07028b61-3fd5-4ede-a22b-0cc36798c5c3" />
    <UnitTestResult executionId="405059f8-e936-4a7c-8ee9-3d82a62a10c7" testId="0605805d-d351-459d-0d69-eb18696cb82e" testName="MockRepositoryTests" computerName="fv-az844-813" duration="00:00:00.0389448" startTime="2024-07-08T09:50:20.7994990+00:00" endTime="2024-07-08T09:50:20.8796065+00:00" testType="13cdc9d9-ddb5-4fa4-a97d-d965ccfc6d4b" outcome="Passed" testListId="8c84fa94-04c1-424b-9868-57a2d4851a1d" relativeResultsDirectory="405059f8-e936-4a7c-8ee9-3d82a62a10c7" />
    <UnitTestResult executionId="8d48b1e2-e7a0-4c53-88e1-c1c928123d7a" testId="2486bace-5605-762b-c0ee-d108e8300ef5" testName="MockRepositoryTests4" computerName="fv-az844-813" duration="00:00:00.0030322" startTime="2024-07-08T09:50:20.8967921+00:00" endTime="2024-07-08T09:50:20.9011602+00:00" testType="13cdc9d9-ddb5-4fa4-a97d-d965ccfc6d4b" outcome="Passed" testListId="8c84fa94-04c1-424b-9868-57a2d4851a1d" relativeResultsDirectory="8d48b1e2-e7a0-4c53-88e1-c1c928123d7a" />
    <UnitTestResult executionId="b2cb933b-5056-4f4d-b71b-79764abf95f7" testId="b85b9cd0-1bcf-2c09-696c-ba58ea2c8960" testName="MockRepositoryTests2" computerName="fv-az844-813" duration="00:00:00.0079127" startTime="2024-07-08T09:50:20.8833341+00:00" endTime="2024-07-08T09:50:20.8913888+00:00" testType="13cdc9d9-ddb5-4fa4-a97d-d965ccfc6d4b" outcome="Passed" testListId="8c84fa94-04c1-424b-9868-57a2d4851a1d" relativeResultsDirectory="b2cb933b-5056-4f4d-b71b-79764abf95f7" />
  </Results>
  <TestDefinitions>
    <UnitTest name="MockRepositoryTests4" storage="d:\a\rcs-front\rcs-front\kassa.tests\bin\debug\net8.0\kassa.tests.dll" id="2486bace-5605-762b-c0ee-d108e8300ef5">
      <Execution id="8d48b1e2-e7a0-4c53-88e1-c1c928123d7a" />
      <TestMethod codeBase="D:\a\rcs-front\rcs-front\Kassa.Tests\bin\Debug\net8.0\Kassa.Tests.dll" adapterTypeName="executor://mstestadapter/v2" className="Kassa.Tests.MockTests" name="MockRepositoryTests4" />
    </UnitTest>
    <UnitTest name="MockRepositoryTests2" storage="d:\a\rcs-front\rcs-front\kassa.tests\bin\debug\net8.0\kassa.tests.dll" id="b85b9cd0-1bcf-2c09-696c-ba58ea2c8960">
      <Execution id="b2cb933b-5056-4f4d-b71b-79764abf95f7" />
      <TestMethod codeBase="D:\a\rcs-front\rcs-front\Kassa.Tests\bin\Debug\net8.0\Kassa.Tests.dll" adapterTypeName="executor://mstestadapter/v2" className="Kassa.Tests.MockTests" name="MockRepositoryTests2" />
    </UnitTest>
    <UnitTest name="MockRepositoryTests3" storage="d:\a\rcs-front\rcs-front\kassa.tests\bin\debug\net8.0\kassa.tests.dll" id="4d9a623e-042e-c9ac-b488-194bbf075b36">
      <Execution id="07028b61-3fd5-4ede-a22b-0cc36798c5c3" />
      <TestMethod codeBase="D:\a\rcs-front\rcs-front\Kassa.Tests\bin\Debug\net8.0\Kassa.Tests.dll" adapterTypeName="executor://mstestadapter/v2" className="Kassa.Tests.MockTests" name="MockRepositoryTests3" />
    </UnitTest>
    <UnitTest name="MockRepositoryTests" storage="d:\a\rcs-front\rcs-front\kassa.tests\bin\debug\net8.0\kassa.tests.dll" id="0605805d-d351-459d-0d69-eb18696cb82e">
      <Execution id="405059f8-e936-4a7c-8ee9-3d82a62a10c7" />
      <TestMethod codeBase="D:\a\rcs-front\rcs-front\Kassa.Tests\bin\Debug\net8.0\Kassa.Tests.dll" adapterTypeName="executor://mstestadapter/v2" className="Kassa.Tests.MockTests" name="MockRepositoryTests" />
    </UnitTest>
  </TestDefinitions>
  <TestEntries>
    <TestEntry testId="4d9a623e-042e-c9ac-b488-194bbf075b36" executionId="07028b61-3fd5-4ede-a22b-0cc36798c5c3" testListId="8c84fa94-04c1-424b-9868-57a2d4851a1d" />
    <TestEntry testId="0605805d-d351-459d-0d69-eb18696cb82e" executionId="405059f8-e936-4a7c-8ee9-3d82a62a10c7" testListId="8c84fa94-04c1-424b-9868-57a2d4851a1d" />
    <TestEntry testId="2486bace-5605-762b-c0ee-d108e8300ef5" executionId="8d48b1e2-e7a0-4c53-88e1-c1c928123d7a" testListId="8c84fa94-04c1-424b-9868-57a2d4851a1d" />
    <TestEntry testId="b85b9cd0-1bcf-2c09-696c-ba58ea2c8960" executionId="b2cb933b-5056-4f4d-b71b-79764abf95f7" testListId="8c84fa94-04c1-424b-9868-57a2d4851a1d" />
  </TestEntries>
  <TestLists>
    <TestList name="Results Not in a List" id="8c84fa94-04c1-424b-9868-57a2d4851a1d" />
    <TestList name="All Loaded Results" id="19431567-8539-422a-85d7-44ee4e166bda" />
  </TestLists>
  <ResultSummary outcome="Completed">
    <Counters total="4" executed="4" passed="4" failed="0" error="0" timeout="0" aborted="0" inconclusive="0" passedButRunAborted="0" notRunnable="0" notExecuted="0" disconnected="0" warning="0" completed="0" inProgress="0" pending="0" />
  </ResultSummary>
</TestRun>