<?xml version="1.0" encoding="utf-8"?>
<TestRun id="91570488-a0f8-4693-97b4-608b5fcece40" name="runneradmin@fv-az1212-320 2024-08-14 11:46:20" runUser="fv-az1212-320\runneradmin" xmlns="http://microsoft.com/schemas/VisualStudio/TeamTest/2010">
  <Times creation="2024-08-14T11:46:20.6981135+00:00" queuing="2024-08-14T11:46:20.6981138+00:00" start="2024-08-14T11:46:19.9436217+00:00" finish="2024-08-14T11:46:20.7027210+00:00" />
  <TestSettings name="default" id="92aee9b7-f860-4c55-867a-158c0e59bb23">
    <Deployment runDeploymentRoot="runneradmin_fv-az1212-320_2024-08-14_11_46_20" />
  </TestSettings>
  <Results>
    <UnitTestResult executionId="5f92f61b-46c0-4781-92e3-268a6ed9d3dd" testId="4d9a623e-042e-c9ac-b488-194bbf075b36" testName="MockRepositoryTests3" computerName="fv-az1212-320" duration="00:00:00.0055399" startTime="2024-08-14T11:46:20.5639850+00:00" endTime="2024-08-14T11:46:20.5696684+00:00" testType="13cdc9d9-ddb5-4fa4-a97d-d965ccfc6d4b" outcome="Passed" testListId="8c84fa94-04c1-424b-9868-57a2d4851a1d" relativeResultsDirectory="5f92f61b-46c0-4781-92e3-268a6ed9d3dd" />
    <UnitTestResult executionId="b0790b98-2261-47b9-aa36-742398475358" testId="b85b9cd0-1bcf-2c09-696c-ba58ea2c8960" testName="MockRepositoryTests2" computerName="fv-az1212-320" duration="00:00:00.0125673" startTime="2024-08-14T11:46:20.5508173+00:00" endTime="2024-08-14T11:46:20.5636129+00:00" testType="13cdc9d9-ddb5-4fa4-a97d-d965ccfc6d4b" outcome="Passed" testListId="8c84fa94-04c1-424b-9868-57a2d4851a1d" relativeResultsDirectory="b0790b98-2261-47b9-aa36-742398475358" />
    <UnitTestResult executionId="755c6e99-ebca-4de0-a621-4fafa10bcf31" testId="2486bace-5605-762b-c0ee-d108e8300ef5" testName="MockRepositoryTests4" computerName="fv-az1212-320" duration="00:00:00.0030021" startTime="2024-08-14T11:46:20.5697004+00:00" endTime="2024-08-14T11:46:20.5740917+00:00" testType="13cdc9d9-ddb5-4fa4-a97d-d965ccfc6d4b" outcome="Passed" testListId="8c84fa94-04c1-424b-9868-57a2d4851a1d" relativeResultsDirectory="755c6e99-ebca-4de0-a621-4fafa10bcf31" />
    <UnitTestResult executionId="70f8d371-5d0c-4b38-ba43-419b8dd5a998" testId="0605805d-d351-459d-0d69-eb18696cb82e" testName="MockRepositoryTests" computerName="fv-az1212-320" duration="00:00:00.0565189" startTime="2024-08-14T11:46:20.4732536+00:00" endTime="2024-08-14T11:46:20.5454012+00:00" testType="13cdc9d9-ddb5-4fa4-a97d-d965ccfc6d4b" outcome="Passed" testListId="8c84fa94-04c1-424b-9868-57a2d4851a1d" relativeResultsDirectory="70f8d371-5d0c-4b38-ba43-419b8dd5a998" />
  </Results>
  <TestDefinitions>
    <UnitTest name="MockRepositoryTests4" storage="d:\a\rcs-front\rcs-front\kassa.tests\bin\debug\net8.0\kassa.tests.dll" id="2486bace-5605-762b-c0ee-d108e8300ef5">
      <Execution id="755c6e99-ebca-4de0-a621-4fafa10bcf31" />
      <TestMethod codeBase="D:\a\rcs-front\rcs-front\Kassa.Tests\bin\Debug\net8.0\Kassa.Tests.dll" adapterTypeName="executor://mstestadapter/v2" className="Kassa.Tests.MockTests" name="MockRepositoryTests4" />
    </UnitTest>
    <UnitTest name="MockRepositoryTests2" storage="d:\a\rcs-front\rcs-front\kassa.tests\bin\debug\net8.0\kassa.tests.dll" id="b85b9cd0-1bcf-2c09-696c-ba58ea2c8960">
      <Execution id="b0790b98-2261-47b9-aa36-742398475358" />
      <TestMethod codeBase="D:\a\rcs-front\rcs-front\Kassa.Tests\bin\Debug\net8.0\Kassa.Tests.dll" adapterTypeName="executor://mstestadapter/v2" className="Kassa.Tests.MockTests" name="MockRepositoryTests2" />
    </UnitTest>
    <UnitTest name="MockRepositoryTests3" storage="d:\a\rcs-front\rcs-front\kassa.tests\bin\debug\net8.0\kassa.tests.dll" id="4d9a623e-042e-c9ac-b488-194bbf075b36">
      <Execution id="5f92f61b-46c0-4781-92e3-268a6ed9d3dd" />
      <TestMethod codeBase="D:\a\rcs-front\rcs-front\Kassa.Tests\bin\Debug\net8.0\Kassa.Tests.dll" adapterTypeName="executor://mstestadapter/v2" className="Kassa.Tests.MockTests" name="MockRepositoryTests3" />
    </UnitTest>
    <UnitTest name="MockRepositoryTests" storage="d:\a\rcs-front\rcs-front\kassa.tests\bin\debug\net8.0\kassa.tests.dll" id="0605805d-d351-459d-0d69-eb18696cb82e">
      <Execution id="70f8d371-5d0c-4b38-ba43-419b8dd5a998" />
      <TestMethod codeBase="D:\a\rcs-front\rcs-front\Kassa.Tests\bin\Debug\net8.0\Kassa.Tests.dll" adapterTypeName="executor://mstestadapter/v2" className="Kassa.Tests.MockTests" name="MockRepositoryTests" />
    </UnitTest>
  </TestDefinitions>
  <TestEntries>
    <TestEntry testId="4d9a623e-042e-c9ac-b488-194bbf075b36" executionId="5f92f61b-46c0-4781-92e3-268a6ed9d3dd" testListId="8c84fa94-04c1-424b-9868-57a2d4851a1d" />
    <TestEntry testId="b85b9cd0-1bcf-2c09-696c-ba58ea2c8960" executionId="b0790b98-2261-47b9-aa36-742398475358" testListId="8c84fa94-04c1-424b-9868-57a2d4851a1d" />
    <TestEntry testId="2486bace-5605-762b-c0ee-d108e8300ef5" executionId="755c6e99-ebca-4de0-a621-4fafa10bcf31" testListId="8c84fa94-04c1-424b-9868-57a2d4851a1d" />
    <TestEntry testId="0605805d-d351-459d-0d69-eb18696cb82e" executionId="70f8d371-5d0c-4b38-ba43-419b8dd5a998" testListId="8c84fa94-04c1-424b-9868-57a2d4851a1d" />
  </TestEntries>
  <TestLists>
    <TestList name="Results Not in a List" id="8c84fa94-04c1-424b-9868-57a2d4851a1d" />
    <TestList name="All Loaded Results" id="19431567-8539-422a-85d7-44ee4e166bda" />
  </TestLists>
  <ResultSummary outcome="Completed">
    <Counters total="4" executed="4" passed="4" failed="0" error="0" timeout="0" aborted="0" inconclusive="0" passedButRunAborted="0" notRunnable="0" notExecuted="0" disconnected="0" warning="0" completed="0" inProgress="0" pending="0" />
  </ResultSummary>
</TestRun>