<?xml version="1.0" encoding="utf-8"?>
<TestRun id="7c6467fd-1bdd-4dfa-952c-ca6eec9a7bd4" name="runneradmin@fv-az1564-609 2024-07-01 13:20:25" runUser="fv-az1564-609\runneradmin" xmlns="http://microsoft.com/schemas/VisualStudio/TeamTest/2010">
  <Times creation="2024-07-01T13:20:25.5772298+00:00" queuing="2024-07-01T13:20:25.5772299+00:00" start="2024-07-01T13:20:24.0269552+00:00" finish="2024-07-01T13:20:25.5822989+00:00" />
  <TestSettings name="default" id="ac1d404a-fe35-48b5-892f-17a0322d9f24">
    <Deployment runDeploymentRoot="runneradmin_fv-az1564-609_2024-07-01_13_20_25" />
  </TestSettings>
  <Results>
    <UnitTestResult executionId="5962f701-2db5-4d03-bba6-9ccf45a8931d" testId="2486bace-5605-762b-c0ee-d108e8300ef5" testName="MockRepositoryTests4" computerName="fv-az1564-609" duration="00:00:00.0029822" startTime="2024-07-01T13:20:24.6631215+00:00" endTime="2024-07-01T13:20:24.6674488+00:00" testType="13cdc9d9-ddb5-4fa4-a97d-d965ccfc6d4b" outcome="Passed" testListId="8c84fa94-04c1-424b-9868-57a2d4851a1d" relativeResultsDirectory="5962f701-2db5-4d03-bba6-9ccf45a8931d" />
    <UnitTestResult executionId="578abeae-365f-402f-bee0-c61f1896d306" testId="0605805d-d351-459d-0d69-eb18696cb82e" testName="MockRepositoryTests" computerName="fv-az1564-609" duration="00:00:00.0611613" startTime="2024-07-01T13:20:24.5562258+00:00" endTime="2024-07-01T13:20:24.6458827+00:00" testType="13cdc9d9-ddb5-4fa4-a97d-d965ccfc6d4b" outcome="Passed" testListId="8c84fa94-04c1-424b-9868-57a2d4851a1d" relativeResultsDirectory="578abeae-365f-402f-bee0-c61f1896d306" />
    <UnitTestResult executionId="2b90f3ba-a3bf-404d-a9ce-c416a8388e75" testId="b85b9cd0-1bcf-2c09-696c-ba58ea2c8960" testName="MockRepositoryTests2" computerName="fv-az1564-609" duration="00:00:00.0079785" startTime="2024-07-01T13:20:24.6496032+00:00" endTime="2024-07-01T13:20:24.6577327+00:00" testType="13cdc9d9-ddb5-4fa4-a97d-d965ccfc6d4b" outcome="Passed" testListId="8c84fa94-04c1-424b-9868-57a2d4851a1d" relativeResultsDirectory="2b90f3ba-a3bf-404d-a9ce-c416a8388e75" />
    <UnitTestResult executionId="3f26d3f9-65ad-4b3b-a9a0-ba2417658b6f" testId="4d9a623e-042e-c9ac-b488-194bbf075b36" testName="MockRepositoryTests3" computerName="fv-az1564-609" duration="00:00:00.0050259" startTime="2024-07-01T13:20:24.6579730+00:00" endTime="2024-07-01T13:20:24.6630943+00:00" testType="13cdc9d9-ddb5-4fa4-a97d-d965ccfc6d4b" outcome="Passed" testListId="8c84fa94-04c1-424b-9868-57a2d4851a1d" relativeResultsDirectory="3f26d3f9-65ad-4b3b-a9a0-ba2417658b6f" />
  </Results>
  <TestDefinitions>
    <UnitTest name="MockRepositoryTests4" storage="d:\a\rcs-front\rcs-front\kassa.tests\bin\debug\net8.0\kassa.tests.dll" id="2486bace-5605-762b-c0ee-d108e8300ef5">
      <Execution id="5962f701-2db5-4d03-bba6-9ccf45a8931d" />
      <TestMethod codeBase="D:\a\rcs-front\rcs-front\Kassa.Tests\bin\Debug\net8.0\Kassa.Tests.dll" adapterTypeName="executor://mstestadapter/v2" className="Kassa.Tests.MockTests" name="MockRepositoryTests4" />
    </UnitTest>
    <UnitTest name="MockRepositoryTests2" storage="d:\a\rcs-front\rcs-front\kassa.tests\bin\debug\net8.0\kassa.tests.dll" id="b85b9cd0-1bcf-2c09-696c-ba58ea2c8960">
      <Execution id="2b90f3ba-a3bf-404d-a9ce-c416a8388e75" />
      <TestMethod codeBase="D:\a\rcs-front\rcs-front\Kassa.Tests\bin\Debug\net8.0\Kassa.Tests.dll" adapterTypeName="executor://mstestadapter/v2" className="Kassa.Tests.MockTests" name="MockRepositoryTests2" />
    </UnitTest>
    <UnitTest name="MockRepositoryTests3" storage="d:\a\rcs-front\rcs-front\kassa.tests\bin\debug\net8.0\kassa.tests.dll" id="4d9a623e-042e-c9ac-b488-194bbf075b36">
      <Execution id="3f26d3f9-65ad-4b3b-a9a0-ba2417658b6f" />
      <TestMethod codeBase="D:\a\rcs-front\rcs-front\Kassa.Tests\bin\Debug\net8.0\Kassa.Tests.dll" adapterTypeName="executor://mstestadapter/v2" className="Kassa.Tests.MockTests" name="MockRepositoryTests3" />
    </UnitTest>
    <UnitTest name="MockRepositoryTests" storage="d:\a\rcs-front\rcs-front\kassa.tests\bin\debug\net8.0\kassa.tests.dll" id="0605805d-d351-459d-0d69-eb18696cb82e">
      <Execution id="578abeae-365f-402f-bee0-c61f1896d306" />
      <TestMethod codeBase="D:\a\rcs-front\rcs-front\Kassa.Tests\bin\Debug\net8.0\Kassa.Tests.dll" adapterTypeName="executor://mstestadapter/v2" className="Kassa.Tests.MockTests" name="MockRepositoryTests" />
    </UnitTest>
  </TestDefinitions>
  <TestEntries>
    <TestEntry testId="2486bace-5605-762b-c0ee-d108e8300ef5" executionId="5962f701-2db5-4d03-bba6-9ccf45a8931d" testListId="8c84fa94-04c1-424b-9868-57a2d4851a1d" />
    <TestEntry testId="0605805d-d351-459d-0d69-eb18696cb82e" executionId="578abeae-365f-402f-bee0-c61f1896d306" testListId="8c84fa94-04c1-424b-9868-57a2d4851a1d" />
    <TestEntry testId="b85b9cd0-1bcf-2c09-696c-ba58ea2c8960" executionId="2b90f3ba-a3bf-404d-a9ce-c416a8388e75" testListId="8c84fa94-04c1-424b-9868-57a2d4851a1d" />
    <TestEntry testId="4d9a623e-042e-c9ac-b488-194bbf075b36" executionId="3f26d3f9-65ad-4b3b-a9a0-ba2417658b6f" testListId="8c84fa94-04c1-424b-9868-57a2d4851a1d" />
  </TestEntries>
  <TestLists>
    <TestList name="Results Not in a List" id="8c84fa94-04c1-424b-9868-57a2d4851a1d" />
    <TestList name="All Loaded Results" id="19431567-8539-422a-85d7-44ee4e166bda" />
  </TestLists>
  <ResultSummary outcome="Completed">
    <Counters total="4" executed="4" passed="4" failed="0" error="0" timeout="0" aborted="0" inconclusive="0" passedButRunAborted="0" notRunnable="0" notExecuted="0" disconnected="0" warning="0" completed="0" inProgress="0" pending="0" />
  </ResultSummary>
</TestRun>