<?xml version="1.0" encoding="utf-8"?>
<TestRun id="48175fa6-3ae7-4fdb-af50-c7bd33a14829" name="runneradmin@fv-az586-198 2024-06-20 08:01:56" runUser="fv-az586-198\runneradmin" xmlns="http://microsoft.com/schemas/VisualStudio/TeamTest/2010">
  <Times creation="2024-06-20T08:01:56.4465733+00:00" queuing="2024-06-20T08:01:56.4465735+00:00" start="2024-06-20T08:01:55.5780946+00:00" finish="2024-06-20T08:01:56.4517160+00:00" />
  <TestSettings name="default" id="60b0ad9e-e883-4945-8026-36e460569769">
    <Deployment runDeploymentRoot="runneradmin_fv-az586-198_2024-06-20_08_01_56" />
  </TestSettings>
  <Results>
    <UnitTestResult executionId="8619451f-62c7-4cb8-bff4-9bf20eabe700" testId="b85b9cd0-1bcf-2c09-696c-ba58ea2c8960" testName="MockRepositoryTests2" computerName="fv-az586-198" duration="00:00:00.0128227" startTime="2024-06-20T08:01:56.2658311+00:00" endTime="2024-06-20T08:01:56.2789543+00:00" testType="13cdc9d9-ddb5-4fa4-a97d-d965ccfc6d4b" outcome="Passed" testListId="8c84fa94-04c1-424b-9868-57a2d4851a1d" relativeResultsDirectory="8619451f-62c7-4cb8-bff4-9bf20eabe700" />
    <UnitTestResult executionId="094fb704-f08b-4f0c-bfb8-ee17c5929c41" testId="2486bace-5605-762b-c0ee-d108e8300ef5" testName="MockRepositoryTests4" computerName="fv-az586-198" duration="00:00:00.0044652" startTime="2024-06-20T08:01:56.2871977+00:00" endTime="2024-06-20T08:01:56.2937551+00:00" testType="13cdc9d9-ddb5-4fa4-a97d-d965ccfc6d4b" outcome="Passed" testListId="8c84fa94-04c1-424b-9868-57a2d4851a1d" relativeResultsDirectory="094fb704-f08b-4f0c-bfb8-ee17c5929c41" />
    <UnitTestResult executionId="42695985-ab6c-446d-899d-ba883b90fe36" testId="4d9a623e-042e-c9ac-b488-194bbf075b36" testName="MockRepositoryTests3" computerName="fv-az586-198" duration="00:00:00.0075615" startTime="2024-06-20T08:01:56.2793570+00:00" endTime="2024-06-20T08:01:56.2871037+00:00" testType="13cdc9d9-ddb5-4fa4-a97d-d965ccfc6d4b" outcome="Passed" testListId="8c84fa94-04c1-424b-9868-57a2d4851a1d" relativeResultsDirectory="42695985-ab6c-446d-899d-ba883b90fe36" />
    <UnitTestResult executionId="fd8ce01c-4c49-4a6f-af32-e537f30992fd" testId="0605805d-d351-459d-0d69-eb18696cb82e" testName="MockRepositoryTests" computerName="fv-az586-198" duration="00:00:00.0586382" startTime="2024-06-20T08:01:56.1872977+00:00" endTime="2024-06-20T08:01:56.2602530+00:00" testType="13cdc9d9-ddb5-4fa4-a97d-d965ccfc6d4b" outcome="Passed" testListId="8c84fa94-04c1-424b-9868-57a2d4851a1d" relativeResultsDirectory="fd8ce01c-4c49-4a6f-af32-e537f30992fd" />
  </Results>
  <TestDefinitions>
    <UnitTest name="MockRepositoryTests4" storage="d:\a\rcs-front\rcs-front\kassa.tests\bin\debug\net8.0\kassa.tests.dll" id="2486bace-5605-762b-c0ee-d108e8300ef5">
      <Execution id="094fb704-f08b-4f0c-bfb8-ee17c5929c41" />
      <TestMethod codeBase="D:\a\rcs-front\rcs-front\Kassa.Tests\bin\Debug\net8.0\Kassa.Tests.dll" adapterTypeName="executor://mstestadapter/v2" className="Kassa.Tests.MockTests" name="MockRepositoryTests4" />
    </UnitTest>
    <UnitTest name="MockRepositoryTests2" storage="d:\a\rcs-front\rcs-front\kassa.tests\bin\debug\net8.0\kassa.tests.dll" id="b85b9cd0-1bcf-2c09-696c-ba58ea2c8960">
      <Execution id="8619451f-62c7-4cb8-bff4-9bf20eabe700" />
      <TestMethod codeBase="D:\a\rcs-front\rcs-front\Kassa.Tests\bin\Debug\net8.0\Kassa.Tests.dll" adapterTypeName="executor://mstestadapter/v2" className="Kassa.Tests.MockTests" name="MockRepositoryTests2" />
    </UnitTest>
    <UnitTest name="MockRepositoryTests3" storage="d:\a\rcs-front\rcs-front\kassa.tests\bin\debug\net8.0\kassa.tests.dll" id="4d9a623e-042e-c9ac-b488-194bbf075b36">
      <Execution id="42695985-ab6c-446d-899d-ba883b90fe36" />
      <TestMethod codeBase="D:\a\rcs-front\rcs-front\Kassa.Tests\bin\Debug\net8.0\Kassa.Tests.dll" adapterTypeName="executor://mstestadapter/v2" className="Kassa.Tests.MockTests" name="MockRepositoryTests3" />
    </UnitTest>
    <UnitTest name="MockRepositoryTests" storage="d:\a\rcs-front\rcs-front\kassa.tests\bin\debug\net8.0\kassa.tests.dll" id="0605805d-d351-459d-0d69-eb18696cb82e">
      <Execution id="fd8ce01c-4c49-4a6f-af32-e537f30992fd" />
      <TestMethod codeBase="D:\a\rcs-front\rcs-front\Kassa.Tests\bin\Debug\net8.0\Kassa.Tests.dll" adapterTypeName="executor://mstestadapter/v2" className="Kassa.Tests.MockTests" name="MockRepositoryTests" />
    </UnitTest>
  </TestDefinitions>
  <TestEntries>
    <TestEntry testId="b85b9cd0-1bcf-2c09-696c-ba58ea2c8960" executionId="8619451f-62c7-4cb8-bff4-9bf20eabe700" testListId="8c84fa94-04c1-424b-9868-57a2d4851a1d" />
    <TestEntry testId="2486bace-5605-762b-c0ee-d108e8300ef5" executionId="094fb704-f08b-4f0c-bfb8-ee17c5929c41" testListId="8c84fa94-04c1-424b-9868-57a2d4851a1d" />
    <TestEntry testId="4d9a623e-042e-c9ac-b488-194bbf075b36" executionId="42695985-ab6c-446d-899d-ba883b90fe36" testListId="8c84fa94-04c1-424b-9868-57a2d4851a1d" />
    <TestEntry testId="0605805d-d351-459d-0d69-eb18696cb82e" executionId="fd8ce01c-4c49-4a6f-af32-e537f30992fd" testListId="8c84fa94-04c1-424b-9868-57a2d4851a1d" />
  </TestEntries>
  <TestLists>
    <TestList name="Results Not in a List" id="8c84fa94-04c1-424b-9868-57a2d4851a1d" />
    <TestList name="All Loaded Results" id="19431567-8539-422a-85d7-44ee4e166bda" />
  </TestLists>
  <ResultSummary outcome="Completed">
    <Counters total="4" executed="4" passed="4" failed="0" error="0" timeout="0" aborted="0" inconclusive="0" passedButRunAborted="0" notRunnable="0" notExecuted="0" disconnected="0" warning="0" completed="0" inProgress="0" pending="0" />
  </ResultSummary>
</TestRun>