<?xml version="1.0" encoding="utf-8"?>
<TestRun id="6ffbc03f-a763-4a36-b073-84a6ddc61eca" name="runneradmin@fv-az663-1 2024-08-02 13:30:36" runUser="fv-az663-1\runneradmin" xmlns="http://microsoft.com/schemas/VisualStudio/TeamTest/2010">
  <Times creation="2024-08-02T13:30:36.5838158+00:00" queuing="2024-08-02T13:30:36.5838159+00:00" start="2024-08-02T13:30:34.0751725+00:00" finish="2024-08-02T13:30:36.5887702+00:00" />
  <TestSettings name="default" id="73722423-1f4a-4ebb-bdb4-d0d371415684">
    <Deployment runDeploymentRoot="runneradmin_fv-az663-1_2024-08-02_13_30_36" />
  </TestSettings>
  <Results>
    <UnitTestResult executionId="7d55567c-61d3-4ead-b77f-a5ccd097d2ad" testId="b85b9cd0-1bcf-2c09-696c-ba58ea2c8960" testName="MockRepositoryTests2" computerName="fv-az663-1" duration="00:00:00.0081391" startTime="2024-08-02T13:30:34.9657408+00:00" endTime="2024-08-02T13:30:34.9740777+00:00" testType="13cdc9d9-ddb5-4fa4-a97d-d965ccfc6d4b" outcome="Passed" testListId="8c84fa94-04c1-424b-9868-57a2d4851a1d" relativeResultsDirectory="7d55567c-61d3-4ead-b77f-a5ccd097d2ad" />
    <UnitTestResult executionId="e32ae699-a63c-4bba-9ccb-52a22874c169" testId="0605805d-d351-459d-0d69-eb18696cb82e" testName="MockRepositoryTests" computerName="fv-az663-1" duration="00:00:00.0415708" startTime="2024-08-02T13:30:34.8718175+00:00" endTime="2024-08-02T13:30:34.9619349+00:00" testType="13cdc9d9-ddb5-4fa4-a97d-d965ccfc6d4b" outcome="Passed" testListId="8c84fa94-04c1-424b-9868-57a2d4851a1d" relativeResultsDirectory="e32ae699-a63c-4bba-9ccb-52a22874c169" />
    <UnitTestResult executionId="29ea7e46-39d2-48a3-a3d6-aad250222630" testId="2486bace-5605-762b-c0ee-d108e8300ef5" testName="MockRepositoryTests4" computerName="fv-az663-1" duration="00:00:00.0030908" startTime="2024-08-02T13:30:34.9797049+00:00" endTime="2024-08-02T13:30:34.9842368+00:00" testType="13cdc9d9-ddb5-4fa4-a97d-d965ccfc6d4b" outcome="Passed" testListId="8c84fa94-04c1-424b-9868-57a2d4851a1d" relativeResultsDirectory="29ea7e46-39d2-48a3-a3d6-aad250222630" />
    <UnitTestResult executionId="6a2e32bd-b33f-4659-9963-2de6507984f7" testId="4d9a623e-042e-c9ac-b488-194bbf075b36" testName="MockRepositoryTests3" computerName="fv-az663-1" duration="00:00:00.0052143" startTime="2024-08-02T13:30:34.9743424+00:00" endTime="2024-08-02T13:30:34.9796682+00:00" testType="13cdc9d9-ddb5-4fa4-a97d-d965ccfc6d4b" outcome="Passed" testListId="8c84fa94-04c1-424b-9868-57a2d4851a1d" relativeResultsDirectory="6a2e32bd-b33f-4659-9963-2de6507984f7" />
  </Results>
  <TestDefinitions>
    <UnitTest name="MockRepositoryTests4" storage="d:\a\rcs-front\rcs-front\kassa.tests\bin\debug\net8.0\kassa.tests.dll" id="2486bace-5605-762b-c0ee-d108e8300ef5">
      <Execution id="29ea7e46-39d2-48a3-a3d6-aad250222630" />
      <TestMethod codeBase="D:\a\rcs-front\rcs-front\Kassa.Tests\bin\Debug\net8.0\Kassa.Tests.dll" adapterTypeName="executor://mstestadapter/v2" className="Kassa.Tests.MockTests" name="MockRepositoryTests4" />
    </UnitTest>
    <UnitTest name="MockRepositoryTests2" storage="d:\a\rcs-front\rcs-front\kassa.tests\bin\debug\net8.0\kassa.tests.dll" id="b85b9cd0-1bcf-2c09-696c-ba58ea2c8960">
      <Execution id="7d55567c-61d3-4ead-b77f-a5ccd097d2ad" />
      <TestMethod codeBase="D:\a\rcs-front\rcs-front\Kassa.Tests\bin\Debug\net8.0\Kassa.Tests.dll" adapterTypeName="executor://mstestadapter/v2" className="Kassa.Tests.MockTests" name="MockRepositoryTests2" />
    </UnitTest>
    <UnitTest name="MockRepositoryTests3" storage="d:\a\rcs-front\rcs-front\kassa.tests\bin\debug\net8.0\kassa.tests.dll" id="4d9a623e-042e-c9ac-b488-194bbf075b36">
      <Execution id="6a2e32bd-b33f-4659-9963-2de6507984f7" />
      <TestMethod codeBase="D:\a\rcs-front\rcs-front\Kassa.Tests\bin\Debug\net8.0\Kassa.Tests.dll" adapterTypeName="executor://mstestadapter/v2" className="Kassa.Tests.MockTests" name="MockRepositoryTests3" />
    </UnitTest>
    <UnitTest name="MockRepositoryTests" storage="d:\a\rcs-front\rcs-front\kassa.tests\bin\debug\net8.0\kassa.tests.dll" id="0605805d-d351-459d-0d69-eb18696cb82e">
      <Execution id="e32ae699-a63c-4bba-9ccb-52a22874c169" />
      <TestMethod codeBase="D:\a\rcs-front\rcs-front\Kassa.Tests\bin\Debug\net8.0\Kassa.Tests.dll" adapterTypeName="executor://mstestadapter/v2" className="Kassa.Tests.MockTests" name="MockRepositoryTests" />
    </UnitTest>
  </TestDefinitions>
  <TestEntries>
    <TestEntry testId="b85b9cd0-1bcf-2c09-696c-ba58ea2c8960" executionId="7d55567c-61d3-4ead-b77f-a5ccd097d2ad" testListId="8c84fa94-04c1-424b-9868-57a2d4851a1d" />
    <TestEntry testId="0605805d-d351-459d-0d69-eb18696cb82e" executionId="e32ae699-a63c-4bba-9ccb-52a22874c169" testListId="8c84fa94-04c1-424b-9868-57a2d4851a1d" />
    <TestEntry testId="2486bace-5605-762b-c0ee-d108e8300ef5" executionId="29ea7e46-39d2-48a3-a3d6-aad250222630" testListId="8c84fa94-04c1-424b-9868-57a2d4851a1d" />
    <TestEntry testId="4d9a623e-042e-c9ac-b488-194bbf075b36" executionId="6a2e32bd-b33f-4659-9963-2de6507984f7" testListId="8c84fa94-04c1-424b-9868-57a2d4851a1d" />
  </TestEntries>
  <TestLists>
    <TestList name="Results Not in a List" id="8c84fa94-04c1-424b-9868-57a2d4851a1d" />
    <TestList name="All Loaded Results" id="19431567-8539-422a-85d7-44ee4e166bda" />
  </TestLists>
  <ResultSummary outcome="Completed">
    <Counters total="4" executed="4" passed="4" failed="0" error="0" timeout="0" aborted="0" inconclusive="0" passedButRunAborted="0" notRunnable="0" notExecuted="0" disconnected="0" warning="0" completed="0" inProgress="0" pending="0" />
  </ResultSummary>
</TestRun>