<?xml version="1.0" encoding="utf-8"?>
<TestRun id="203523df-e185-4f42-87a6-0c71698cd1e9" name="runneradmin@fv-az521-640 2024-07-16 14:18:36" runUser="fv-az521-640\runneradmin" xmlns="http://microsoft.com/schemas/VisualStudio/TeamTest/2010">
  <Times creation="2024-07-16T14:18:36.7213302+00:00" queuing="2024-07-16T14:18:36.7213304+00:00" start="2024-07-16T14:18:35.9371902+00:00" finish="2024-07-16T14:18:36.7274140+00:00" />
  <TestSettings name="default" id="bf2884f8-4dbe-4a1e-a51a-6c85c8e0ff1b">
    <Deployment runDeploymentRoot="runneradmin_fv-az521-640_2024-07-16_14_18_36" />
  </TestSettings>
  <Results>
    <UnitTestResult executionId="f7cf61f6-00f7-4c56-b890-74a843b3755a" testId="b85b9cd0-1bcf-2c09-696c-ba58ea2c8960" testName="MockRepositoryTests2" computerName="fv-az521-640" duration="00:00:00.0126095" startTime="2024-07-16T14:18:36.5549004+00:00" endTime="2024-07-16T14:18:36.5677602+00:00" testType="13cdc9d9-ddb5-4fa4-a97d-d965ccfc6d4b" outcome="Passed" testListId="8c84fa94-04c1-424b-9868-57a2d4851a1d" relativeResultsDirectory="f7cf61f6-00f7-4c56-b890-74a843b3755a" />
    <UnitTestResult executionId="ac96b41e-939e-4831-aae6-07fa5644f840" testId="2486bace-5605-762b-c0ee-d108e8300ef5" testName="MockRepositoryTests4" computerName="fv-az521-640" duration="00:00:00.0041670" startTime="2024-07-16T14:18:36.5752716+00:00" endTime="2024-07-16T14:18:36.5813959+00:00" testType="13cdc9d9-ddb5-4fa4-a97d-d965ccfc6d4b" outcome="Passed" testListId="8c84fa94-04c1-424b-9868-57a2d4851a1d" relativeResultsDirectory="ac96b41e-939e-4831-aae6-07fa5644f840" />
    <UnitTestResult executionId="593d4c8e-de4d-4af9-91fb-f7bfaea76a44" testId="4d9a623e-042e-c9ac-b488-194bbf075b36" testName="MockRepositoryTests3" computerName="fv-az521-640" duration="00:00:00.0069786" startTime="2024-07-16T14:18:36.5681109+00:00" endTime="2024-07-16T14:18:36.5752277+00:00" testType="13cdc9d9-ddb5-4fa4-a97d-d965ccfc6d4b" outcome="Passed" testListId="8c84fa94-04c1-424b-9868-57a2d4851a1d" relativeResultsDirectory="593d4c8e-de4d-4af9-91fb-f7bfaea76a44" />
    <UnitTestResult executionId="2312d79f-e936-46ee-a723-6338658280af" testId="0605805d-d351-459d-0d69-eb18696cb82e" testName="MockRepositoryTests" computerName="fv-az521-640" duration="00:00:00.0515928" startTime="2024-07-16T14:18:36.4848424+00:00" endTime="2024-07-16T14:18:36.5493369+00:00" testType="13cdc9d9-ddb5-4fa4-a97d-d965ccfc6d4b" outcome="Passed" testListId="8c84fa94-04c1-424b-9868-57a2d4851a1d" relativeResultsDirectory="2312d79f-e936-46ee-a723-6338658280af" />
  </Results>
  <TestDefinitions>
    <UnitTest name="MockRepositoryTests4" storage="d:\a\rcs-front\rcs-front\kassa.tests\bin\debug\net8.0\kassa.tests.dll" id="2486bace-5605-762b-c0ee-d108e8300ef5">
      <Execution id="ac96b41e-939e-4831-aae6-07fa5644f840" />
      <TestMethod codeBase="D:\a\rcs-front\rcs-front\Kassa.Tests\bin\Debug\net8.0\Kassa.Tests.dll" adapterTypeName="executor://mstestadapter/v2" className="Kassa.Tests.MockTests" name="MockRepositoryTests4" />
    </UnitTest>
    <UnitTest name="MockRepositoryTests2" storage="d:\a\rcs-front\rcs-front\kassa.tests\bin\debug\net8.0\kassa.tests.dll" id="b85b9cd0-1bcf-2c09-696c-ba58ea2c8960">
      <Execution id="f7cf61f6-00f7-4c56-b890-74a843b3755a" />
      <TestMethod codeBase="D:\a\rcs-front\rcs-front\Kassa.Tests\bin\Debug\net8.0\Kassa.Tests.dll" adapterTypeName="executor://mstestadapter/v2" className="Kassa.Tests.MockTests" name="MockRepositoryTests2" />
    </UnitTest>
    <UnitTest name="MockRepositoryTests3" storage="d:\a\rcs-front\rcs-front\kassa.tests\bin\debug\net8.0\kassa.tests.dll" id="4d9a623e-042e-c9ac-b488-194bbf075b36">
      <Execution id="593d4c8e-de4d-4af9-91fb-f7bfaea76a44" />
      <TestMethod codeBase="D:\a\rcs-front\rcs-front\Kassa.Tests\bin\Debug\net8.0\Kassa.Tests.dll" adapterTypeName="executor://mstestadapter/v2" className="Kassa.Tests.MockTests" name="MockRepositoryTests3" />
    </UnitTest>
    <UnitTest name="MockRepositoryTests" storage="d:\a\rcs-front\rcs-front\kassa.tests\bin\debug\net8.0\kassa.tests.dll" id="0605805d-d351-459d-0d69-eb18696cb82e">
      <Execution id="2312d79f-e936-46ee-a723-6338658280af" />
      <TestMethod codeBase="D:\a\rcs-front\rcs-front\Kassa.Tests\bin\Debug\net8.0\Kassa.Tests.dll" adapterTypeName="executor://mstestadapter/v2" className="Kassa.Tests.MockTests" name="MockRepositoryTests" />
    </UnitTest>
  </TestDefinitions>
  <TestEntries>
    <TestEntry testId="b85b9cd0-1bcf-2c09-696c-ba58ea2c8960" executionId="f7cf61f6-00f7-4c56-b890-74a843b3755a" testListId="8c84fa94-04c1-424b-9868-57a2d4851a1d" />
    <TestEntry testId="2486bace-5605-762b-c0ee-d108e8300ef5" executionId="ac96b41e-939e-4831-aae6-07fa5644f840" testListId="8c84fa94-04c1-424b-9868-57a2d4851a1d" />
    <TestEntry testId="4d9a623e-042e-c9ac-b488-194bbf075b36" executionId="593d4c8e-de4d-4af9-91fb-f7bfaea76a44" testListId="8c84fa94-04c1-424b-9868-57a2d4851a1d" />
    <TestEntry testId="0605805d-d351-459d-0d69-eb18696cb82e" executionId="2312d79f-e936-46ee-a723-6338658280af" testListId="8c84fa94-04c1-424b-9868-57a2d4851a1d" />
  </TestEntries>
  <TestLists>
    <TestList name="Results Not in a List" id="8c84fa94-04c1-424b-9868-57a2d4851a1d" />
    <TestList name="All Loaded Results" id="19431567-8539-422a-85d7-44ee4e166bda" />
  </TestLists>
  <ResultSummary outcome="Completed">
    <Counters total="4" executed="4" passed="4" failed="0" error="0" timeout="0" aborted="0" inconclusive="0" passedButRunAborted="0" notRunnable="0" notExecuted="0" disconnected="0" warning="0" completed="0" inProgress="0" pending="0" />
  </ResultSummary>
</TestRun>