<?xml version="1.0" encoding="utf-8"?>
<TestRun id="6a59e1f7-19d9-4b55-a8c8-1132de4ff823" name="runneradmin@fv-az653-427 2024-07-10 08:54:15" runUser="fv-az653-427\runneradmin" xmlns="http://microsoft.com/schemas/VisualStudio/TeamTest/2010">
  <Times creation="2024-07-10T08:54:15.0876720+00:00" queuing="2024-07-10T08:54:15.0876723+00:00" start="2024-07-10T08:54:14.3645623+00:00" finish="2024-07-10T08:54:15.0944678+00:00" />
  <TestSettings name="default" id="be8d9a03-d80f-4792-b0e8-f002363516cc">
    <Deployment runDeploymentRoot="runneradmin_fv-az653-427_2024-07-10_08_54_15" />
  </TestSettings>
  <Results>
    <UnitTestResult executionId="1aafe04a-167c-46ee-a49d-1ad4a22f3be7" testId="2486bace-5605-762b-c0ee-d108e8300ef5" testName="MockRepositoryTests4" computerName="fv-az653-427" duration="00:00:00.0044200" startTime="2024-07-10T08:54:14.9224982+00:00" endTime="2024-07-10T08:54:14.9288495+00:00" testType="13cdc9d9-ddb5-4fa4-a97d-d965ccfc6d4b" outcome="Passed" testListId="8c84fa94-04c1-424b-9868-57a2d4851a1d" relativeResultsDirectory="1aafe04a-167c-46ee-a49d-1ad4a22f3be7" />
    <UnitTestResult executionId="cc9bd29f-bf6f-43dc-8d9f-a0c1ce4a2a12" testId="4d9a623e-042e-c9ac-b488-194bbf075b36" testName="MockRepositoryTests3" computerName="fv-az653-427" duration="00:00:00.0061629" startTime="2024-07-10T08:54:14.9161714+00:00" endTime="2024-07-10T08:54:14.9224542+00:00" testType="13cdc9d9-ddb5-4fa4-a97d-d965ccfc6d4b" outcome="Passed" testListId="8c84fa94-04c1-424b-9868-57a2d4851a1d" relativeResultsDirectory="cc9bd29f-bf6f-43dc-8d9f-a0c1ce4a2a12" />
    <UnitTestResult executionId="d70dcdc4-3a3b-40a2-bbb2-c19fdf03d157" testId="b85b9cd0-1bcf-2c09-696c-ba58ea2c8960" testName="MockRepositoryTests2" computerName="fv-az653-427" duration="00:00:00.0079092" startTime="2024-07-10T08:54:14.9078322+00:00" endTime="2024-07-10T08:54:14.9159189+00:00" testType="13cdc9d9-ddb5-4fa4-a97d-d965ccfc6d4b" outcome="Passed" testListId="8c84fa94-04c1-424b-9868-57a2d4851a1d" relativeResultsDirectory="d70dcdc4-3a3b-40a2-bbb2-c19fdf03d157" />
    <UnitTestResult executionId="bcbd24f0-ddcd-4ac8-a915-0fd56759249a" testId="0605805d-d351-459d-0d69-eb18696cb82e" testName="MockRepositoryTests" computerName="fv-az653-427" duration="00:00:00.0460352" startTime="2024-07-10T08:54:14.8482399+00:00" endTime="2024-07-10T08:54:14.9041298+00:00" testType="13cdc9d9-ddb5-4fa4-a97d-d965ccfc6d4b" outcome="Passed" testListId="8c84fa94-04c1-424b-9868-57a2d4851a1d" relativeResultsDirectory="bcbd24f0-ddcd-4ac8-a915-0fd56759249a" />
  </Results>
  <TestDefinitions>
    <UnitTest name="MockRepositoryTests4" storage="d:\a\rcs-front\rcs-front\kassa.tests\bin\debug\net8.0\kassa.tests.dll" id="2486bace-5605-762b-c0ee-d108e8300ef5">
      <Execution id="1aafe04a-167c-46ee-a49d-1ad4a22f3be7" />
      <TestMethod codeBase="D:\a\rcs-front\rcs-front\Kassa.Tests\bin\Debug\net8.0\Kassa.Tests.dll" adapterTypeName="executor://mstestadapter/v2" className="Kassa.Tests.MockTests" name="MockRepositoryTests4" />
    </UnitTest>
    <UnitTest name="MockRepositoryTests2" storage="d:\a\rcs-front\rcs-front\kassa.tests\bin\debug\net8.0\kassa.tests.dll" id="b85b9cd0-1bcf-2c09-696c-ba58ea2c8960">
      <Execution id="d70dcdc4-3a3b-40a2-bbb2-c19fdf03d157" />
      <TestMethod codeBase="D:\a\rcs-front\rcs-front\Kassa.Tests\bin\Debug\net8.0\Kassa.Tests.dll" adapterTypeName="executor://mstestadapter/v2" className="Kassa.Tests.MockTests" name="MockRepositoryTests2" />
    </UnitTest>
    <UnitTest name="MockRepositoryTests3" storage="d:\a\rcs-front\rcs-front\kassa.tests\bin\debug\net8.0\kassa.tests.dll" id="4d9a623e-042e-c9ac-b488-194bbf075b36">
      <Execution id="cc9bd29f-bf6f-43dc-8d9f-a0c1ce4a2a12" />
      <TestMethod codeBase="D:\a\rcs-front\rcs-front\Kassa.Tests\bin\Debug\net8.0\Kassa.Tests.dll" adapterTypeName="executor://mstestadapter/v2" className="Kassa.Tests.MockTests" name="MockRepositoryTests3" />
    </UnitTest>
    <UnitTest name="MockRepositoryTests" storage="d:\a\rcs-front\rcs-front\kassa.tests\bin\debug\net8.0\kassa.tests.dll" id="0605805d-d351-459d-0d69-eb18696cb82e">
      <Execution id="bcbd24f0-ddcd-4ac8-a915-0fd56759249a" />
      <TestMethod codeBase="D:\a\rcs-front\rcs-front\Kassa.Tests\bin\Debug\net8.0\Kassa.Tests.dll" adapterTypeName="executor://mstestadapter/v2" className="Kassa.Tests.MockTests" name="MockRepositoryTests" />
    </UnitTest>
  </TestDefinitions>
  <TestEntries>
    <TestEntry testId="2486bace-5605-762b-c0ee-d108e8300ef5" executionId="1aafe04a-167c-46ee-a49d-1ad4a22f3be7" testListId="8c84fa94-04c1-424b-9868-57a2d4851a1d" />
    <TestEntry testId="4d9a623e-042e-c9ac-b488-194bbf075b36" executionId="cc9bd29f-bf6f-43dc-8d9f-a0c1ce4a2a12" testListId="8c84fa94-04c1-424b-9868-57a2d4851a1d" />
    <TestEntry testId="b85b9cd0-1bcf-2c09-696c-ba58ea2c8960" executionId="d70dcdc4-3a3b-40a2-bbb2-c19fdf03d157" testListId="8c84fa94-04c1-424b-9868-57a2d4851a1d" />
    <TestEntry testId="0605805d-d351-459d-0d69-eb18696cb82e" executionId="bcbd24f0-ddcd-4ac8-a915-0fd56759249a" testListId="8c84fa94-04c1-424b-9868-57a2d4851a1d" />
  </TestEntries>
  <TestLists>
    <TestList name="Results Not in a List" id="8c84fa94-04c1-424b-9868-57a2d4851a1d" />
    <TestList name="All Loaded Results" id="19431567-8539-422a-85d7-44ee4e166bda" />
  </TestLists>
  <ResultSummary outcome="Completed">
    <Counters total="4" executed="4" passed="4" failed="0" error="0" timeout="0" aborted="0" inconclusive="0" passedButRunAborted="0" notRunnable="0" notExecuted="0" disconnected="0" warning="0" completed="0" inProgress="0" pending="0" />
  </ResultSummary>
</TestRun>