<?xml version="1.0" encoding="utf-8"?>
<TestRun id="93da2429-9cd4-42be-98a0-7cb7b09fa3dc" name="runneradmin@fv-az1495-233 2024-07-03 08:38:01" runUser="fv-az1495-233\runneradmin" xmlns="http://microsoft.com/schemas/VisualStudio/TeamTest/2010">
  <Times creation="2024-07-03T08:38:01.5452959+00:00" queuing="2024-07-03T08:38:01.5452961+00:00" start="2024-07-03T08:38:00.3236454+00:00" finish="2024-07-03T08:38:01.5511425+00:00" />
  <TestSettings name="default" id="f443596c-35af-4378-8a37-cc2b01d220ed">
    <Deployment runDeploymentRoot="runneradmin_fv-az1495-233_2024-07-03_08_38_01" />
  </TestSettings>
  <Results>
    <UnitTestResult executionId="1168c6a6-9187-4cc6-874f-f538e4f547a4" testId="b85b9cd0-1bcf-2c09-696c-ba58ea2c8960" testName="MockRepositoryTests2" computerName="fv-az1495-233" duration="00:00:00.0080623" startTime="2024-07-03T08:38:00.9497328+00:00" endTime="2024-07-03T08:38:00.9579835+00:00" testType="13cdc9d9-ddb5-4fa4-a97d-d965ccfc6d4b" outcome="Passed" testListId="8c84fa94-04c1-424b-9868-57a2d4851a1d" relativeResultsDirectory="1168c6a6-9187-4cc6-874f-f538e4f547a4" />
    <UnitTestResult executionId="1594856a-7aac-4cf7-a8d8-3faf63eeeb7c" testId="0605805d-d351-459d-0d69-eb18696cb82e" testName="MockRepositoryTests" computerName="fv-az1495-233" duration="00:00:00.0738591" startTime="2024-07-03T08:38:00.8209283+00:00" endTime="2024-07-03T08:38:00.9448254+00:00" testType="13cdc9d9-ddb5-4fa4-a97d-d965ccfc6d4b" outcome="Passed" testListId="8c84fa94-04c1-424b-9868-57a2d4851a1d" relativeResultsDirectory="1594856a-7aac-4cf7-a8d8-3faf63eeeb7c" />
    <UnitTestResult executionId="cf270b17-f090-4296-8727-124525d96094" testId="2486bace-5605-762b-c0ee-d108e8300ef5" testName="MockRepositoryTests4" computerName="fv-az1495-233" duration="00:00:00.0030607" startTime="2024-07-03T08:38:00.9635068+00:00" endTime="2024-07-03T08:38:00.9679517+00:00" testType="13cdc9d9-ddb5-4fa4-a97d-d965ccfc6d4b" outcome="Passed" testListId="8c84fa94-04c1-424b-9868-57a2d4851a1d" relativeResultsDirectory="cf270b17-f090-4296-8727-124525d96094" />
    <UnitTestResult executionId="38bd0c81-c7f2-47a3-9297-127583bad519" testId="4d9a623e-042e-c9ac-b488-194bbf075b36" testName="MockRepositoryTests3" computerName="fv-az1495-233" duration="00:00:00.0051135" startTime="2024-07-03T08:38:00.9582515+00:00" endTime="2024-07-03T08:38:00.9634782+00:00" testType="13cdc9d9-ddb5-4fa4-a97d-d965ccfc6d4b" outcome="Passed" testListId="8c84fa94-04c1-424b-9868-57a2d4851a1d" relativeResultsDirectory="38bd0c81-c7f2-47a3-9297-127583bad519" />
  </Results>
  <TestDefinitions>
    <UnitTest name="MockRepositoryTests4" storage="d:\a\rcs-front\rcs-front\kassa.tests\bin\debug\net8.0\kassa.tests.dll" id="2486bace-5605-762b-c0ee-d108e8300ef5">
      <Execution id="cf270b17-f090-4296-8727-124525d96094" />
      <TestMethod codeBase="D:\a\rcs-front\rcs-front\Kassa.Tests\bin\Debug\net8.0\Kassa.Tests.dll" adapterTypeName="executor://mstestadapter/v2" className="Kassa.Tests.MockTests" name="MockRepositoryTests4" />
    </UnitTest>
    <UnitTest name="MockRepositoryTests2" storage="d:\a\rcs-front\rcs-front\kassa.tests\bin\debug\net8.0\kassa.tests.dll" id="b85b9cd0-1bcf-2c09-696c-ba58ea2c8960">
      <Execution id="1168c6a6-9187-4cc6-874f-f538e4f547a4" />
      <TestMethod codeBase="D:\a\rcs-front\rcs-front\Kassa.Tests\bin\Debug\net8.0\Kassa.Tests.dll" adapterTypeName="executor://mstestadapter/v2" className="Kassa.Tests.MockTests" name="MockRepositoryTests2" />
    </UnitTest>
    <UnitTest name="MockRepositoryTests3" storage="d:\a\rcs-front\rcs-front\kassa.tests\bin\debug\net8.0\kassa.tests.dll" id="4d9a623e-042e-c9ac-b488-194bbf075b36">
      <Execution id="38bd0c81-c7f2-47a3-9297-127583bad519" />
      <TestMethod codeBase="D:\a\rcs-front\rcs-front\Kassa.Tests\bin\Debug\net8.0\Kassa.Tests.dll" adapterTypeName="executor://mstestadapter/v2" className="Kassa.Tests.MockTests" name="MockRepositoryTests3" />
    </UnitTest>
    <UnitTest name="MockRepositoryTests" storage="d:\a\rcs-front\rcs-front\kassa.tests\bin\debug\net8.0\kassa.tests.dll" id="0605805d-d351-459d-0d69-eb18696cb82e">
      <Execution id="1594856a-7aac-4cf7-a8d8-3faf63eeeb7c" />
      <TestMethod codeBase="D:\a\rcs-front\rcs-front\Kassa.Tests\bin\Debug\net8.0\Kassa.Tests.dll" adapterTypeName="executor://mstestadapter/v2" className="Kassa.Tests.MockTests" name="MockRepositoryTests" />
    </UnitTest>
  </TestDefinitions>
  <TestEntries>
    <TestEntry testId="b85b9cd0-1bcf-2c09-696c-ba58ea2c8960" executionId="1168c6a6-9187-4cc6-874f-f538e4f547a4" testListId="8c84fa94-04c1-424b-9868-57a2d4851a1d" />
    <TestEntry testId="0605805d-d351-459d-0d69-eb18696cb82e" executionId="1594856a-7aac-4cf7-a8d8-3faf63eeeb7c" testListId="8c84fa94-04c1-424b-9868-57a2d4851a1d" />
    <TestEntry testId="2486bace-5605-762b-c0ee-d108e8300ef5" executionId="cf270b17-f090-4296-8727-124525d96094" testListId="8c84fa94-04c1-424b-9868-57a2d4851a1d" />
    <TestEntry testId="4d9a623e-042e-c9ac-b488-194bbf075b36" executionId="38bd0c81-c7f2-47a3-9297-127583bad519" testListId="8c84fa94-04c1-424b-9868-57a2d4851a1d" />
  </TestEntries>
  <TestLists>
    <TestList name="Results Not in a List" id="8c84fa94-04c1-424b-9868-57a2d4851a1d" />
    <TestList name="All Loaded Results" id="19431567-8539-422a-85d7-44ee4e166bda" />
  </TestLists>
  <ResultSummary outcome="Completed">
    <Counters total="4" executed="4" passed="4" failed="0" error="0" timeout="0" aborted="0" inconclusive="0" passedButRunAborted="0" notRunnable="0" notExecuted="0" disconnected="0" warning="0" completed="0" inProgress="0" pending="0" />
  </ResultSummary>
</TestRun>