<?xml version="1.0" encoding="utf-8"?>
<TestRun id="3fc4c6a6-6a85-49f7-95e8-97dc20deb81b" name="runneradmin@fv-az521-223 2024-07-31 16:30:58" runUser="fv-az521-223\runneradmin" xmlns="http://microsoft.com/schemas/VisualStudio/TeamTest/2010">
  <Times creation="2024-07-31T16:30:58.8438494+00:00" queuing="2024-07-31T16:30:58.8438495+00:00" start="2024-07-31T16:30:57.2517593+00:00" finish="2024-07-31T16:30:58.8852914+00:00" />
  <TestSettings name="default" id="2cb36f13-0fc7-4374-ac0e-6eef2ee3c81f">
    <Deployment runDeploymentRoot="runneradmin_fv-az521-223_2024-07-31_16_30_58" />
  </TestSettings>
  <Results>
    <UnitTestResult executionId="2f3d9364-b63d-4ca7-b050-1fff1f0f2f19" testId="2486bace-5605-762b-c0ee-d108e8300ef5" testName="MockRepositoryTests4" computerName="fv-az521-223" duration="00:00:00.0033465" startTime="2024-07-31T16:30:57.9589642+00:00" endTime="2024-07-31T16:30:57.9641272+00:00" testType="13cdc9d9-ddb5-4fa4-a97d-d965ccfc6d4b" outcome="Passed" testListId="8c84fa94-04c1-424b-9868-57a2d4851a1d" relativeResultsDirectory="2f3d9364-b63d-4ca7-b050-1fff1f0f2f19" />
    <UnitTestResult executionId="65b70485-46fc-4372-9f56-d8c442e4801a" testId="0605805d-d351-459d-0d69-eb18696cb82e" testName="MockRepositoryTests" computerName="fv-az521-223" duration="00:00:00.0817166" startTime="2024-07-31T16:30:57.8208816+00:00" endTime="2024-07-31T16:30:57.9416766+00:00" testType="13cdc9d9-ddb5-4fa4-a97d-d965ccfc6d4b" outcome="Passed" testListId="8c84fa94-04c1-424b-9868-57a2d4851a1d" relativeResultsDirectory="65b70485-46fc-4372-9f56-d8c442e4801a" />
    <UnitTestResult executionId="f412c482-4ab9-4cb0-a86e-36a2856ecf1b" testId="b85b9cd0-1bcf-2c09-696c-ba58ea2c8960" testName="MockRepositoryTests2" computerName="fv-az521-223" duration="00:00:00.0079793" startTime="2024-07-31T16:30:57.9454146+00:00" endTime="2024-07-31T16:30:57.9535622+00:00" testType="13cdc9d9-ddb5-4fa4-a97d-d965ccfc6d4b" outcome="Passed" testListId="8c84fa94-04c1-424b-9868-57a2d4851a1d" relativeResultsDirectory="f412c482-4ab9-4cb0-a86e-36a2856ecf1b" />
    <UnitTestResult executionId="880ad104-b632-4050-9b23-b1f63c3f2b5a" testId="4d9a623e-042e-c9ac-b488-194bbf075b36" testName="MockRepositoryTests3" computerName="fv-az521-223" duration="00:00:00.0050322" startTime="2024-07-31T16:30:57.9538130+00:00" endTime="2024-07-31T16:30:57.9589374+00:00" testType="13cdc9d9-ddb5-4fa4-a97d-d965ccfc6d4b" outcome="Passed" testListId="8c84fa94-04c1-424b-9868-57a2d4851a1d" relativeResultsDirectory="880ad104-b632-4050-9b23-b1f63c3f2b5a" />
  </Results>
  <TestDefinitions>
    <UnitTest name="MockRepositoryTests4" storage="d:\a\rcs-front\rcs-front\kassa.tests\bin\debug\net8.0\kassa.tests.dll" id="2486bace-5605-762b-c0ee-d108e8300ef5">
      <Execution id="2f3d9364-b63d-4ca7-b050-1fff1f0f2f19" />
      <TestMethod codeBase="D:\a\rcs-front\rcs-front\Kassa.Tests\bin\Debug\net8.0\Kassa.Tests.dll" adapterTypeName="executor://mstestadapter/v2" className="Kassa.Tests.MockTests" name="MockRepositoryTests4" />
    </UnitTest>
    <UnitTest name="MockRepositoryTests2" storage="d:\a\rcs-front\rcs-front\kassa.tests\bin\debug\net8.0\kassa.tests.dll" id="b85b9cd0-1bcf-2c09-696c-ba58ea2c8960">
      <Execution id="f412c482-4ab9-4cb0-a86e-36a2856ecf1b" />
      <TestMethod codeBase="D:\a\rcs-front\rcs-front\Kassa.Tests\bin\Debug\net8.0\Kassa.Tests.dll" adapterTypeName="executor://mstestadapter/v2" className="Kassa.Tests.MockTests" name="MockRepositoryTests2" />
    </UnitTest>
    <UnitTest name="MockRepositoryTests3" storage="d:\a\rcs-front\rcs-front\kassa.tests\bin\debug\net8.0\kassa.tests.dll" id="4d9a623e-042e-c9ac-b488-194bbf075b36">
      <Execution id="880ad104-b632-4050-9b23-b1f63c3f2b5a" />
      <TestMethod codeBase="D:\a\rcs-front\rcs-front\Kassa.Tests\bin\Debug\net8.0\Kassa.Tests.dll" adapterTypeName="executor://mstestadapter/v2" className="Kassa.Tests.MockTests" name="MockRepositoryTests3" />
    </UnitTest>
    <UnitTest name="MockRepositoryTests" storage="d:\a\rcs-front\rcs-front\kassa.tests\bin\debug\net8.0\kassa.tests.dll" id="0605805d-d351-459d-0d69-eb18696cb82e">
      <Execution id="65b70485-46fc-4372-9f56-d8c442e4801a" />
      <TestMethod codeBase="D:\a\rcs-front\rcs-front\Kassa.Tests\bin\Debug\net8.0\Kassa.Tests.dll" adapterTypeName="executor://mstestadapter/v2" className="Kassa.Tests.MockTests" name="MockRepositoryTests" />
    </UnitTest>
  </TestDefinitions>
  <TestEntries>
    <TestEntry testId="2486bace-5605-762b-c0ee-d108e8300ef5" executionId="2f3d9364-b63d-4ca7-b050-1fff1f0f2f19" testListId="8c84fa94-04c1-424b-9868-57a2d4851a1d" />
    <TestEntry testId="0605805d-d351-459d-0d69-eb18696cb82e" executionId="65b70485-46fc-4372-9f56-d8c442e4801a" testListId="8c84fa94-04c1-424b-9868-57a2d4851a1d" />
    <TestEntry testId="b85b9cd0-1bcf-2c09-696c-ba58ea2c8960" executionId="f412c482-4ab9-4cb0-a86e-36a2856ecf1b" testListId="8c84fa94-04c1-424b-9868-57a2d4851a1d" />
    <TestEntry testId="4d9a623e-042e-c9ac-b488-194bbf075b36" executionId="880ad104-b632-4050-9b23-b1f63c3f2b5a" testListId="8c84fa94-04c1-424b-9868-57a2d4851a1d" />
  </TestEntries>
  <TestLists>
    <TestList name="Results Not in a List" id="8c84fa94-04c1-424b-9868-57a2d4851a1d" />
    <TestList name="All Loaded Results" id="19431567-8539-422a-85d7-44ee4e166bda" />
  </TestLists>
  <ResultSummary outcome="Completed">
    <Counters total="4" executed="4" passed="4" failed="0" error="0" timeout="0" aborted="0" inconclusive="0" passedButRunAborted="0" notRunnable="0" notExecuted="0" disconnected="0" warning="0" completed="0" inProgress="0" pending="0" />
  </ResultSummary>
</TestRun>