<?xml version="1.0" encoding="utf-8"?>
<TestRun id="59e0d1d3-d1d5-4827-abdd-15ff2412a618" name="runneradmin@fv-az1785-215 2024-08-01 06:25:56" runUser="fv-az1785-215\runneradmin" xmlns="http://microsoft.com/schemas/VisualStudio/TeamTest/2010">
  <Times creation="2024-08-01T06:25:56.7540111+00:00" queuing="2024-08-01T06:25:56.7540113+00:00" start="2024-08-01T06:25:55.1478938+00:00" finish="2024-08-01T06:25:56.7610398+00:00" />
  <TestSettings name="default" id="ff1feae5-af12-4a32-b927-ca32f0e9eb9a">
    <Deployment runDeploymentRoot="runneradmin_fv-az1785-215_2024-08-01_06_25_56" />
  </TestSettings>
  <Results>
    <UnitTestResult executionId="509f0a3d-b1b5-42b8-8d46-6258b946b0eb" testId="4d9a623e-042e-c9ac-b488-194bbf075b36" testName="MockRepositoryTests3" computerName="fv-az1785-215" duration="00:00:00.0051321" startTime="2024-08-01T06:25:55.8117200+00:00" endTime="2024-08-01T06:25:55.8169523+00:00" testType="13cdc9d9-ddb5-4fa4-a97d-d965ccfc6d4b" outcome="Passed" testListId="8c84fa94-04c1-424b-9868-57a2d4851a1d" relativeResultsDirectory="509f0a3d-b1b5-42b8-8d46-6258b946b0eb" />
    <UnitTestResult executionId="ce7de917-c975-45af-87fd-c96427bd93d2" testId="0605805d-d351-459d-0d69-eb18696cb82e" testName="MockRepositoryTests" computerName="fv-az1785-215" duration="00:00:00.0590813" startTime="2024-08-01T06:25:55.7117982+00:00" endTime="2024-08-01T06:25:55.7994844+00:00" testType="13cdc9d9-ddb5-4fa4-a97d-d965ccfc6d4b" outcome="Passed" testListId="8c84fa94-04c1-424b-9868-57a2d4851a1d" relativeResultsDirectory="ce7de917-c975-45af-87fd-c96427bd93d2" />
    <UnitTestResult executionId="a6e98542-a9d1-4ee9-ad18-070b0b02ba37" testId="b85b9cd0-1bcf-2c09-696c-ba58ea2c8960" testName="MockRepositoryTests2" computerName="fv-az1785-215" duration="00:00:00.0080914" startTime="2024-08-01T06:25:55.8032179+00:00" endTime="2024-08-01T06:25:55.8114732+00:00" testType="13cdc9d9-ddb5-4fa4-a97d-d965ccfc6d4b" outcome="Passed" testListId="8c84fa94-04c1-424b-9868-57a2d4851a1d" relativeResultsDirectory="a6e98542-a9d1-4ee9-ad18-070b0b02ba37" />
    <UnitTestResult executionId="223100a9-42a9-401d-81fa-cc99ab2f6c55" testId="2486bace-5605-762b-c0ee-d108e8300ef5" testName="MockRepositoryTests4" computerName="fv-az1785-215" duration="00:00:00.0030309" startTime="2024-08-01T06:25:55.8169850+00:00" endTime="2024-08-01T06:25:55.8213402+00:00" testType="13cdc9d9-ddb5-4fa4-a97d-d965ccfc6d4b" outcome="Passed" testListId="8c84fa94-04c1-424b-9868-57a2d4851a1d" relativeResultsDirectory="223100a9-42a9-401d-81fa-cc99ab2f6c55" />
  </Results>
  <TestDefinitions>
    <UnitTest name="MockRepositoryTests4" storage="d:\a\rcs-front\rcs-front\kassa.tests\bin\debug\net8.0\kassa.tests.dll" id="2486bace-5605-762b-c0ee-d108e8300ef5">
      <Execution id="223100a9-42a9-401d-81fa-cc99ab2f6c55" />
      <TestMethod codeBase="D:\a\rcs-front\rcs-front\Kassa.Tests\bin\Debug\net8.0\Kassa.Tests.dll" adapterTypeName="executor://mstestadapter/v2" className="Kassa.Tests.MockTests" name="MockRepositoryTests4" />
    </UnitTest>
    <UnitTest name="MockRepositoryTests2" storage="d:\a\rcs-front\rcs-front\kassa.tests\bin\debug\net8.0\kassa.tests.dll" id="b85b9cd0-1bcf-2c09-696c-ba58ea2c8960">
      <Execution id="a6e98542-a9d1-4ee9-ad18-070b0b02ba37" />
      <TestMethod codeBase="D:\a\rcs-front\rcs-front\Kassa.Tests\bin\Debug\net8.0\Kassa.Tests.dll" adapterTypeName="executor://mstestadapter/v2" className="Kassa.Tests.MockTests" name="MockRepositoryTests2" />
    </UnitTest>
    <UnitTest name="MockRepositoryTests3" storage="d:\a\rcs-front\rcs-front\kassa.tests\bin\debug\net8.0\kassa.tests.dll" id="4d9a623e-042e-c9ac-b488-194bbf075b36">
      <Execution id="509f0a3d-b1b5-42b8-8d46-6258b946b0eb" />
      <TestMethod codeBase="D:\a\rcs-front\rcs-front\Kassa.Tests\bin\Debug\net8.0\Kassa.Tests.dll" adapterTypeName="executor://mstestadapter/v2" className="Kassa.Tests.MockTests" name="MockRepositoryTests3" />
    </UnitTest>
    <UnitTest name="MockRepositoryTests" storage="d:\a\rcs-front\rcs-front\kassa.tests\bin\debug\net8.0\kassa.tests.dll" id="0605805d-d351-459d-0d69-eb18696cb82e">
      <Execution id="ce7de917-c975-45af-87fd-c96427bd93d2" />
      <TestMethod codeBase="D:\a\rcs-front\rcs-front\Kassa.Tests\bin\Debug\net8.0\Kassa.Tests.dll" adapterTypeName="executor://mstestadapter/v2" className="Kassa.Tests.MockTests" name="MockRepositoryTests" />
    </UnitTest>
  </TestDefinitions>
  <TestEntries>
    <TestEntry testId="4d9a623e-042e-c9ac-b488-194bbf075b36" executionId="509f0a3d-b1b5-42b8-8d46-6258b946b0eb" testListId="8c84fa94-04c1-424b-9868-57a2d4851a1d" />
    <TestEntry testId="0605805d-d351-459d-0d69-eb18696cb82e" executionId="ce7de917-c975-45af-87fd-c96427bd93d2" testListId="8c84fa94-04c1-424b-9868-57a2d4851a1d" />
    <TestEntry testId="b85b9cd0-1bcf-2c09-696c-ba58ea2c8960" executionId="a6e98542-a9d1-4ee9-ad18-070b0b02ba37" testListId="8c84fa94-04c1-424b-9868-57a2d4851a1d" />
    <TestEntry testId="2486bace-5605-762b-c0ee-d108e8300ef5" executionId="223100a9-42a9-401d-81fa-cc99ab2f6c55" testListId="8c84fa94-04c1-424b-9868-57a2d4851a1d" />
  </TestEntries>
  <TestLists>
    <TestList name="Results Not in a List" id="8c84fa94-04c1-424b-9868-57a2d4851a1d" />
    <TestList name="All Loaded Results" id="19431567-8539-422a-85d7-44ee4e166bda" />
  </TestLists>
  <ResultSummary outcome="Completed">
    <Counters total="4" executed="4" passed="4" failed="0" error="0" timeout="0" aborted="0" inconclusive="0" passedButRunAborted="0" notRunnable="0" notExecuted="0" disconnected="0" warning="0" completed="0" inProgress="0" pending="0" />
  </ResultSummary>
</TestRun>