<?xml version="1.0" encoding="utf-8"?>
<TestRun id="440998a1-4330-4e95-9740-ed4d814219d8" name="runneradmin@fv-az1115-258 2024-08-13 09:55:54" runUser="fv-az1115-258\runneradmin" xmlns="http://microsoft.com/schemas/VisualStudio/TeamTest/2010">
  <Times creation="2024-08-13T09:55:54.1128221+00:00" queuing="2024-08-13T09:55:54.1128222+00:00" start="2024-08-13T09:55:52.2168915+00:00" finish="2024-08-13T09:55:54.1389125+00:00" />
  <TestSettings name="default" id="adde7420-b477-478e-be6d-17858b2be7af">
    <Deployment runDeploymentRoot="runneradmin_fv-az1115-258_2024-08-13_09_55_54" />
  </TestSettings>
  <Results>
    <UnitTestResult executionId="aa38500b-f618-4eb8-9161-13498203ec60" testId="2486bace-5605-762b-c0ee-d108e8300ef5" testName="MockRepositoryTests4" computerName="fv-az1115-258" duration="00:00:00.0032013" startTime="2024-08-13T09:55:52.9079039+00:00" endTime="2024-08-13T09:55:52.9125421+00:00" testType="13cdc9d9-ddb5-4fa4-a97d-d965ccfc6d4b" outcome="Passed" testListId="8c84fa94-04c1-424b-9868-57a2d4851a1d" relativeResultsDirectory="aa38500b-f618-4eb8-9161-13498203ec60" />
    <UnitTestResult executionId="43e68568-13ba-4964-807d-260addcc98b2" testId="0605805d-d351-459d-0d69-eb18696cb82e" testName="MockRepositoryTests" computerName="fv-az1115-258" duration="00:00:00.0651318" startTime="2024-08-13T09:55:52.7841281+00:00" endTime="2024-08-13T09:55:52.8900472+00:00" testType="13cdc9d9-ddb5-4fa4-a97d-d965ccfc6d4b" outcome="Passed" testListId="8c84fa94-04c1-424b-9868-57a2d4851a1d" relativeResultsDirectory="43e68568-13ba-4964-807d-260addcc98b2" />
    <UnitTestResult executionId="e8784cf1-d9f9-4dc1-afe8-985cd4010072" testId="b85b9cd0-1bcf-2c09-696c-ba58ea2c8960" testName="MockRepositoryTests2" computerName="fv-az1115-258" duration="00:00:00.0081427" startTime="2024-08-13T09:55:52.8939226+00:00" endTime="2024-08-13T09:55:52.9022836+00:00" testType="13cdc9d9-ddb5-4fa4-a97d-d965ccfc6d4b" outcome="Passed" testListId="8c84fa94-04c1-424b-9868-57a2d4851a1d" relativeResultsDirectory="e8784cf1-d9f9-4dc1-afe8-985cd4010072" />
    <UnitTestResult executionId="a95f1f78-e051-4d21-b236-9b2fe77e5036" testId="4d9a623e-042e-c9ac-b488-194bbf075b36" testName="MockRepositoryTests3" computerName="fv-az1115-258" duration="00:00:00.0051956" startTime="2024-08-13T09:55:52.9025515+00:00" endTime="2024-08-13T09:55:52.9078657+00:00" testType="13cdc9d9-ddb5-4fa4-a97d-d965ccfc6d4b" outcome="Passed" testListId="8c84fa94-04c1-424b-9868-57a2d4851a1d" relativeResultsDirectory="a95f1f78-e051-4d21-b236-9b2fe77e5036" />
  </Results>
  <TestDefinitions>
    <UnitTest name="MockRepositoryTests4" storage="d:\a\rcs-front\rcs-front\kassa.tests\bin\debug\net8.0\kassa.tests.dll" id="2486bace-5605-762b-c0ee-d108e8300ef5">
      <Execution id="aa38500b-f618-4eb8-9161-13498203ec60" />
      <TestMethod codeBase="D:\a\rcs-front\rcs-front\Kassa.Tests\bin\Debug\net8.0\Kassa.Tests.dll" adapterTypeName="executor://mstestadapter/v2" className="Kassa.Tests.MockTests" name="MockRepositoryTests4" />
    </UnitTest>
    <UnitTest name="MockRepositoryTests2" storage="d:\a\rcs-front\rcs-front\kassa.tests\bin\debug\net8.0\kassa.tests.dll" id="b85b9cd0-1bcf-2c09-696c-ba58ea2c8960">
      <Execution id="e8784cf1-d9f9-4dc1-afe8-985cd4010072" />
      <TestMethod codeBase="D:\a\rcs-front\rcs-front\Kassa.Tests\bin\Debug\net8.0\Kassa.Tests.dll" adapterTypeName="executor://mstestadapter/v2" className="Kassa.Tests.MockTests" name="MockRepositoryTests2" />
    </UnitTest>
    <UnitTest name="MockRepositoryTests3" storage="d:\a\rcs-front\rcs-front\kassa.tests\bin\debug\net8.0\kassa.tests.dll" id="4d9a623e-042e-c9ac-b488-194bbf075b36">
      <Execution id="a95f1f78-e051-4d21-b236-9b2fe77e5036" />
      <TestMethod codeBase="D:\a\rcs-front\rcs-front\Kassa.Tests\bin\Debug\net8.0\Kassa.Tests.dll" adapterTypeName="executor://mstestadapter/v2" className="Kassa.Tests.MockTests" name="MockRepositoryTests3" />
    </UnitTest>
    <UnitTest name="MockRepositoryTests" storage="d:\a\rcs-front\rcs-front\kassa.tests\bin\debug\net8.0\kassa.tests.dll" id="0605805d-d351-459d-0d69-eb18696cb82e">
      <Execution id="43e68568-13ba-4964-807d-260addcc98b2" />
      <TestMethod codeBase="D:\a\rcs-front\rcs-front\Kassa.Tests\bin\Debug\net8.0\Kassa.Tests.dll" adapterTypeName="executor://mstestadapter/v2" className="Kassa.Tests.MockTests" name="MockRepositoryTests" />
    </UnitTest>
  </TestDefinitions>
  <TestEntries>
    <TestEntry testId="2486bace-5605-762b-c0ee-d108e8300ef5" executionId="aa38500b-f618-4eb8-9161-13498203ec60" testListId="8c84fa94-04c1-424b-9868-57a2d4851a1d" />
    <TestEntry testId="0605805d-d351-459d-0d69-eb18696cb82e" executionId="43e68568-13ba-4964-807d-260addcc98b2" testListId="8c84fa94-04c1-424b-9868-57a2d4851a1d" />
    <TestEntry testId="b85b9cd0-1bcf-2c09-696c-ba58ea2c8960" executionId="e8784cf1-d9f9-4dc1-afe8-985cd4010072" testListId="8c84fa94-04c1-424b-9868-57a2d4851a1d" />
    <TestEntry testId="4d9a623e-042e-c9ac-b488-194bbf075b36" executionId="a95f1f78-e051-4d21-b236-9b2fe77e5036" testListId="8c84fa94-04c1-424b-9868-57a2d4851a1d" />
  </TestEntries>
  <TestLists>
    <TestList name="Results Not in a List" id="8c84fa94-04c1-424b-9868-57a2d4851a1d" />
    <TestList name="All Loaded Results" id="19431567-8539-422a-85d7-44ee4e166bda" />
  </TestLists>
  <ResultSummary outcome="Completed">
    <Counters total="4" executed="4" passed="4" failed="0" error="0" timeout="0" aborted="0" inconclusive="0" passedButRunAborted="0" notRunnable="0" notExecuted="0" disconnected="0" warning="0" completed="0" inProgress="0" pending="0" />
  </ResultSummary>
</TestRun>