<?xml version="1.0" encoding="utf-8"?>
<TestRun id="6f791e82-63d7-4026-8a6a-10dc3e05754b" name="runneradmin@fv-az534-769 2024-07-16 13:43:31" runUser="fv-az534-769\runneradmin" xmlns="http://microsoft.com/schemas/VisualStudio/TeamTest/2010">
  <Times creation="2024-07-16T13:43:31.5252105+00:00" queuing="2024-07-16T13:43:31.5252107+00:00" start="2024-07-16T13:43:30.8304604+00:00" finish="2024-07-16T13:43:31.5300239+00:00" />
  <TestSettings name="default" id="025d5d49-583f-436d-8765-23d376c93db4">
    <Deployment runDeploymentRoot="runneradmin_fv-az534-769_2024-07-16_13_43_31" />
  </TestSettings>
  <Results>
    <UnitTestResult executionId="1201e390-f4d1-439e-b48a-2855fe60b260" testId="b85b9cd0-1bcf-2c09-696c-ba58ea2c8960" testName="MockRepositoryTests2" computerName="fv-az534-769" duration="00:00:00.0128325" startTime="2024-07-16T13:43:31.3674317+00:00" endTime="2024-07-16T13:43:31.3805477+00:00" testType="13cdc9d9-ddb5-4fa4-a97d-d965ccfc6d4b" outcome="Passed" testListId="8c84fa94-04c1-424b-9868-57a2d4851a1d" relativeResultsDirectory="1201e390-f4d1-439e-b48a-2855fe60b260" />
    <UnitTestResult executionId="677886ce-9c97-4a92-9991-6c00d057d1bf" testId="2486bace-5605-762b-c0ee-d108e8300ef5" testName="MockRepositoryTests4" computerName="fv-az534-769" duration="00:00:00.0044083" startTime="2024-07-16T13:43:31.3884731+00:00" endTime="2024-07-16T13:43:31.3948433+00:00" testType="13cdc9d9-ddb5-4fa4-a97d-d965ccfc6d4b" outcome="Passed" testListId="8c84fa94-04c1-424b-9868-57a2d4851a1d" relativeResultsDirectory="677886ce-9c97-4a92-9991-6c00d057d1bf" />
    <UnitTestResult executionId="71cbe1f6-985b-4090-884e-5a5c495a5b64" testId="0605805d-d351-459d-0d69-eb18696cb82e" testName="MockRepositoryTests" computerName="fv-az534-769" duration="00:00:00.0473120" startTime="2024-07-16T13:43:31.3035044+00:00" endTime="2024-07-16T13:43:31.3620345+00:00" testType="13cdc9d9-ddb5-4fa4-a97d-d965ccfc6d4b" outcome="Passed" testListId="8c84fa94-04c1-424b-9868-57a2d4851a1d" relativeResultsDirectory="71cbe1f6-985b-4090-884e-5a5c495a5b64" />
    <UnitTestResult executionId="235b3762-c358-4cd5-b7a9-d9f94f2d54a0" testId="4d9a623e-042e-c9ac-b488-194bbf075b36" testName="MockRepositoryTests3" computerName="fv-az534-769" duration="00:00:00.0073819" startTime="2024-07-16T13:43:31.3809074+00:00" endTime="2024-07-16T13:43:31.3884371+00:00" testType="13cdc9d9-ddb5-4fa4-a97d-d965ccfc6d4b" outcome="Passed" testListId="8c84fa94-04c1-424b-9868-57a2d4851a1d" relativeResultsDirectory="235b3762-c358-4cd5-b7a9-d9f94f2d54a0" />
  </Results>
  <TestDefinitions>
    <UnitTest name="MockRepositoryTests4" storage="d:\a\rcs-front\rcs-front\kassa.tests\bin\debug\net8.0\kassa.tests.dll" id="2486bace-5605-762b-c0ee-d108e8300ef5">
      <Execution id="677886ce-9c97-4a92-9991-6c00d057d1bf" />
      <TestMethod codeBase="D:\a\rcs-front\rcs-front\Kassa.Tests\bin\Debug\net8.0\Kassa.Tests.dll" adapterTypeName="executor://mstestadapter/v2" className="Kassa.Tests.MockTests" name="MockRepositoryTests4" />
    </UnitTest>
    <UnitTest name="MockRepositoryTests2" storage="d:\a\rcs-front\rcs-front\kassa.tests\bin\debug\net8.0\kassa.tests.dll" id="b85b9cd0-1bcf-2c09-696c-ba58ea2c8960">
      <Execution id="1201e390-f4d1-439e-b48a-2855fe60b260" />
      <TestMethod codeBase="D:\a\rcs-front\rcs-front\Kassa.Tests\bin\Debug\net8.0\Kassa.Tests.dll" adapterTypeName="executor://mstestadapter/v2" className="Kassa.Tests.MockTests" name="MockRepositoryTests2" />
    </UnitTest>
    <UnitTest name="MockRepositoryTests3" storage="d:\a\rcs-front\rcs-front\kassa.tests\bin\debug\net8.0\kassa.tests.dll" id="4d9a623e-042e-c9ac-b488-194bbf075b36">
      <Execution id="235b3762-c358-4cd5-b7a9-d9f94f2d54a0" />
      <TestMethod codeBase="D:\a\rcs-front\rcs-front\Kassa.Tests\bin\Debug\net8.0\Kassa.Tests.dll" adapterTypeName="executor://mstestadapter/v2" className="Kassa.Tests.MockTests" name="MockRepositoryTests3" />
    </UnitTest>
    <UnitTest name="MockRepositoryTests" storage="d:\a\rcs-front\rcs-front\kassa.tests\bin\debug\net8.0\kassa.tests.dll" id="0605805d-d351-459d-0d69-eb18696cb82e">
      <Execution id="71cbe1f6-985b-4090-884e-5a5c495a5b64" />
      <TestMethod codeBase="D:\a\rcs-front\rcs-front\Kassa.Tests\bin\Debug\net8.0\Kassa.Tests.dll" adapterTypeName="executor://mstestadapter/v2" className="Kassa.Tests.MockTests" name="MockRepositoryTests" />
    </UnitTest>
  </TestDefinitions>
  <TestEntries>
    <TestEntry testId="b85b9cd0-1bcf-2c09-696c-ba58ea2c8960" executionId="1201e390-f4d1-439e-b48a-2855fe60b260" testListId="8c84fa94-04c1-424b-9868-57a2d4851a1d" />
    <TestEntry testId="2486bace-5605-762b-c0ee-d108e8300ef5" executionId="677886ce-9c97-4a92-9991-6c00d057d1bf" testListId="8c84fa94-04c1-424b-9868-57a2d4851a1d" />
    <TestEntry testId="0605805d-d351-459d-0d69-eb18696cb82e" executionId="71cbe1f6-985b-4090-884e-5a5c495a5b64" testListId="8c84fa94-04c1-424b-9868-57a2d4851a1d" />
    <TestEntry testId="4d9a623e-042e-c9ac-b488-194bbf075b36" executionId="235b3762-c358-4cd5-b7a9-d9f94f2d54a0" testListId="8c84fa94-04c1-424b-9868-57a2d4851a1d" />
  </TestEntries>
  <TestLists>
    <TestList name="Results Not in a List" id="8c84fa94-04c1-424b-9868-57a2d4851a1d" />
    <TestList name="All Loaded Results" id="19431567-8539-422a-85d7-44ee4e166bda" />
  </TestLists>
  <ResultSummary outcome="Completed">
    <Counters total="4" executed="4" passed="4" failed="0" error="0" timeout="0" aborted="0" inconclusive="0" passedButRunAborted="0" notRunnable="0" notExecuted="0" disconnected="0" warning="0" completed="0" inProgress="0" pending="0" />
  </ResultSummary>
</TestRun>