<?xml version="1.0" encoding="utf-8"?>
<TestRun id="b0b73382-ec6e-4803-85c0-e2116a69c051" name="runneradmin@fv-az1495-420 2024-07-30 12:21:32" runUser="fv-az1495-420\runneradmin" xmlns="http://microsoft.com/schemas/VisualStudio/TeamTest/2010">
  <Times creation="2024-07-30T12:21:32.4144580+00:00" queuing="2024-07-30T12:21:32.4144581+00:00" start="2024-07-30T12:21:30.6090251+00:00" finish="2024-07-30T12:21:32.4196713+00:00" />
  <TestSettings name="default" id="63295213-6837-45ec-9afc-2ed1473f70a2">
    <Deployment runDeploymentRoot="runneradmin_fv-az1495-420_2024-07-30_12_21_32" />
  </TestSettings>
  <Results>
    <UnitTestResult executionId="770a8ea4-f487-4611-89d6-3c9736cad993" testId="4d9a623e-042e-c9ac-b488-194bbf075b36" testName="MockRepositoryTests3" computerName="fv-az1495-420" duration="00:00:00.0073235" startTime="2024-07-30T12:21:31.3109614+00:00" endTime="2024-07-30T12:21:31.3184322+00:00" testType="13cdc9d9-ddb5-4fa4-a97d-d965ccfc6d4b" outcome="Passed" testListId="8c84fa94-04c1-424b-9868-57a2d4851a1d" relativeResultsDirectory="770a8ea4-f487-4611-89d6-3c9736cad993" />
    <UnitTestResult executionId="06534af8-2681-4a50-88d7-6155523a602e" testId="2486bace-5605-762b-c0ee-d108e8300ef5" testName="MockRepositoryTests4" computerName="fv-az1495-420" duration="00:00:00.0044584" startTime="2024-07-30T12:21:31.3184774+00:00" endTime="2024-07-30T12:21:31.3249930+00:00" testType="13cdc9d9-ddb5-4fa4-a97d-d965ccfc6d4b" outcome="Passed" testListId="8c84fa94-04c1-424b-9868-57a2d4851a1d" relativeResultsDirectory="06534af8-2681-4a50-88d7-6155523a602e" />
    <UnitTestResult executionId="9253d249-0920-4081-93c1-ac3108ca95e0" testId="0605805d-d351-459d-0d69-eb18696cb82e" testName="MockRepositoryTests" computerName="fv-az1495-420" duration="00:00:00.0589863" startTime="2024-07-30T12:21:31.1970868+00:00" endTime="2024-07-30T12:21:31.2922338+00:00" testType="13cdc9d9-ddb5-4fa4-a97d-d965ccfc6d4b" outcome="Passed" testListId="8c84fa94-04c1-424b-9868-57a2d4851a1d" relativeResultsDirectory="9253d249-0920-4081-93c1-ac3108ca95e0" />
    <UnitTestResult executionId="1d08d868-d9a9-4f71-bed9-96566e5c2770" testId="b85b9cd0-1bcf-2c09-696c-ba58ea2c8960" testName="MockRepositoryTests2" computerName="fv-az1495-420" duration="00:00:00.0125627" startTime="2024-07-30T12:21:31.2978057+00:00" endTime="2024-07-30T12:21:31.3106052+00:00" testType="13cdc9d9-ddb5-4fa4-a97d-d965ccfc6d4b" outcome="Passed" testListId="8c84fa94-04c1-424b-9868-57a2d4851a1d" relativeResultsDirectory="1d08d868-d9a9-4f71-bed9-96566e5c2770" />
  </Results>
  <TestDefinitions>
    <UnitTest name="MockRepositoryTests4" storage="d:\a\rcs-front\rcs-front\kassa.tests\bin\debug\net8.0\kassa.tests.dll" id="2486bace-5605-762b-c0ee-d108e8300ef5">
      <Execution id="06534af8-2681-4a50-88d7-6155523a602e" />
      <TestMethod codeBase="D:\a\rcs-front\rcs-front\Kassa.Tests\bin\Debug\net8.0\Kassa.Tests.dll" adapterTypeName="executor://mstestadapter/v2" className="Kassa.Tests.MockTests" name="MockRepositoryTests4" />
    </UnitTest>
    <UnitTest name="MockRepositoryTests2" storage="d:\a\rcs-front\rcs-front\kassa.tests\bin\debug\net8.0\kassa.tests.dll" id="b85b9cd0-1bcf-2c09-696c-ba58ea2c8960">
      <Execution id="1d08d868-d9a9-4f71-bed9-96566e5c2770" />
      <TestMethod codeBase="D:\a\rcs-front\rcs-front\Kassa.Tests\bin\Debug\net8.0\Kassa.Tests.dll" adapterTypeName="executor://mstestadapter/v2" className="Kassa.Tests.MockTests" name="MockRepositoryTests2" />
    </UnitTest>
    <UnitTest name="MockRepositoryTests3" storage="d:\a\rcs-front\rcs-front\kassa.tests\bin\debug\net8.0\kassa.tests.dll" id="4d9a623e-042e-c9ac-b488-194bbf075b36">
      <Execution id="770a8ea4-f487-4611-89d6-3c9736cad993" />
      <TestMethod codeBase="D:\a\rcs-front\rcs-front\Kassa.Tests\bin\Debug\net8.0\Kassa.Tests.dll" adapterTypeName="executor://mstestadapter/v2" className="Kassa.Tests.MockTests" name="MockRepositoryTests3" />
    </UnitTest>
    <UnitTest name="MockRepositoryTests" storage="d:\a\rcs-front\rcs-front\kassa.tests\bin\debug\net8.0\kassa.tests.dll" id="0605805d-d351-459d-0d69-eb18696cb82e">
      <Execution id="9253d249-0920-4081-93c1-ac3108ca95e0" />
      <TestMethod codeBase="D:\a\rcs-front\rcs-front\Kassa.Tests\bin\Debug\net8.0\Kassa.Tests.dll" adapterTypeName="executor://mstestadapter/v2" className="Kassa.Tests.MockTests" name="MockRepositoryTests" />
    </UnitTest>
  </TestDefinitions>
  <TestEntries>
    <TestEntry testId="4d9a623e-042e-c9ac-b488-194bbf075b36" executionId="770a8ea4-f487-4611-89d6-3c9736cad993" testListId="8c84fa94-04c1-424b-9868-57a2d4851a1d" />
    <TestEntry testId="2486bace-5605-762b-c0ee-d108e8300ef5" executionId="06534af8-2681-4a50-88d7-6155523a602e" testListId="8c84fa94-04c1-424b-9868-57a2d4851a1d" />
    <TestEntry testId="0605805d-d351-459d-0d69-eb18696cb82e" executionId="9253d249-0920-4081-93c1-ac3108ca95e0" testListId="8c84fa94-04c1-424b-9868-57a2d4851a1d" />
    <TestEntry testId="b85b9cd0-1bcf-2c09-696c-ba58ea2c8960" executionId="1d08d868-d9a9-4f71-bed9-96566e5c2770" testListId="8c84fa94-04c1-424b-9868-57a2d4851a1d" />
  </TestEntries>
  <TestLists>
    <TestList name="Results Not in a List" id="8c84fa94-04c1-424b-9868-57a2d4851a1d" />
    <TestList name="All Loaded Results" id="19431567-8539-422a-85d7-44ee4e166bda" />
  </TestLists>
  <ResultSummary outcome="Completed">
    <Counters total="4" executed="4" passed="4" failed="0" error="0" timeout="0" aborted="0" inconclusive="0" passedButRunAborted="0" notRunnable="0" notExecuted="0" disconnected="0" warning="0" completed="0" inProgress="0" pending="0" />
  </ResultSummary>
</TestRun>