<?xml version="1.0" encoding="utf-8"?>
<TestRun id="93d43faa-f8d4-4877-8149-50f64427731c" name="runneradmin@fv-az1760-924 2024-07-03 13:21:26" runUser="fv-az1760-924\runneradmin" xmlns="http://microsoft.com/schemas/VisualStudio/TeamTest/2010">
  <Times creation="2024-07-03T13:21:26.3689893+00:00" queuing="2024-07-03T13:21:26.3689894+00:00" start="2024-07-03T13:21:24.5870797+00:00" finish="2024-07-03T13:21:26.3738406+00:00" />
  <TestSettings name="default" id="71db6f6e-9745-4949-b5ca-787e3fdf9d32">
    <Deployment runDeploymentRoot="runneradmin_fv-az1760-924_2024-07-03_13_21_26" />
  </TestSettings>
  <Results>
    <UnitTestResult executionId="c117cbc0-a3ba-4472-a438-3051178c0b7d" testId="b85b9cd0-1bcf-2c09-696c-ba58ea2c8960" testName="MockRepositoryTests2" computerName="fv-az1760-924" duration="00:00:00.0082217" startTime="2024-07-03T13:21:25.2567707+00:00" endTime="2024-07-03T13:21:25.2651993+00:00" testType="13cdc9d9-ddb5-4fa4-a97d-d965ccfc6d4b" outcome="Passed" testListId="8c84fa94-04c1-424b-9868-57a2d4851a1d" relativeResultsDirectory="c117cbc0-a3ba-4472-a438-3051178c0b7d" />
    <UnitTestResult executionId="554a0880-f4b8-4b64-a189-09326171bcb0" testId="2486bace-5605-762b-c0ee-d108e8300ef5" testName="MockRepositoryTests4" computerName="fv-az1760-924" duration="00:00:00.0030801" startTime="2024-07-03T13:21:25.2711249+00:00" endTime="2024-07-03T13:21:25.2756840+00:00" testType="13cdc9d9-ddb5-4fa4-a97d-d965ccfc6d4b" outcome="Passed" testListId="8c84fa94-04c1-424b-9868-57a2d4851a1d" relativeResultsDirectory="554a0880-f4b8-4b64-a189-09326171bcb0" />
    <UnitTestResult executionId="0aa2bddd-207c-493a-8867-caf4a05dc773" testId="4d9a623e-042e-c9ac-b488-194bbf075b36" testName="MockRepositoryTests3" computerName="fv-az1760-924" duration="00:00:00.0053007" startTime="2024-07-03T13:21:25.2656371+00:00" endTime="2024-07-03T13:21:25.2710752+00:00" testType="13cdc9d9-ddb5-4fa4-a97d-d965ccfc6d4b" outcome="Passed" testListId="8c84fa94-04c1-424b-9868-57a2d4851a1d" relativeResultsDirectory="0aa2bddd-207c-493a-8867-caf4a05dc773" />
    <UnitTestResult executionId="3171c7bf-35b4-4369-877e-cd5752c7c0b2" testId="0605805d-d351-459d-0d69-eb18696cb82e" testName="MockRepositoryTests" computerName="fv-az1760-924" duration="00:00:00.0680832" startTime="2024-07-03T13:21:25.1515935+00:00" endTime="2024-07-03T13:21:25.2529112+00:00" testType="13cdc9d9-ddb5-4fa4-a97d-d965ccfc6d4b" outcome="Passed" testListId="8c84fa94-04c1-424b-9868-57a2d4851a1d" relativeResultsDirectory="3171c7bf-35b4-4369-877e-cd5752c7c0b2" />
  </Results>
  <TestDefinitions>
    <UnitTest name="MockRepositoryTests4" storage="d:\a\rcs-front\rcs-front\kassa.tests\bin\debug\net8.0\kassa.tests.dll" id="2486bace-5605-762b-c0ee-d108e8300ef5">
      <Execution id="554a0880-f4b8-4b64-a189-09326171bcb0" />
      <TestMethod codeBase="D:\a\rcs-front\rcs-front\Kassa.Tests\bin\Debug\net8.0\Kassa.Tests.dll" adapterTypeName="executor://mstestadapter/v2" className="Kassa.Tests.MockTests" name="MockRepositoryTests4" />
    </UnitTest>
    <UnitTest name="MockRepositoryTests2" storage="d:\a\rcs-front\rcs-front\kassa.tests\bin\debug\net8.0\kassa.tests.dll" id="b85b9cd0-1bcf-2c09-696c-ba58ea2c8960">
      <Execution id="c117cbc0-a3ba-4472-a438-3051178c0b7d" />
      <TestMethod codeBase="D:\a\rcs-front\rcs-front\Kassa.Tests\bin\Debug\net8.0\Kassa.Tests.dll" adapterTypeName="executor://mstestadapter/v2" className="Kassa.Tests.MockTests" name="MockRepositoryTests2" />
    </UnitTest>
    <UnitTest name="MockRepositoryTests3" storage="d:\a\rcs-front\rcs-front\kassa.tests\bin\debug\net8.0\kassa.tests.dll" id="4d9a623e-042e-c9ac-b488-194bbf075b36">
      <Execution id="0aa2bddd-207c-493a-8867-caf4a05dc773" />
      <TestMethod codeBase="D:\a\rcs-front\rcs-front\Kassa.Tests\bin\Debug\net8.0\Kassa.Tests.dll" adapterTypeName="executor://mstestadapter/v2" className="Kassa.Tests.MockTests" name="MockRepositoryTests3" />
    </UnitTest>
    <UnitTest name="MockRepositoryTests" storage="d:\a\rcs-front\rcs-front\kassa.tests\bin\debug\net8.0\kassa.tests.dll" id="0605805d-d351-459d-0d69-eb18696cb82e">
      <Execution id="3171c7bf-35b4-4369-877e-cd5752c7c0b2" />
      <TestMethod codeBase="D:\a\rcs-front\rcs-front\Kassa.Tests\bin\Debug\net8.0\Kassa.Tests.dll" adapterTypeName="executor://mstestadapter/v2" className="Kassa.Tests.MockTests" name="MockRepositoryTests" />
    </UnitTest>
  </TestDefinitions>
  <TestEntries>
    <TestEntry testId="b85b9cd0-1bcf-2c09-696c-ba58ea2c8960" executionId="c117cbc0-a3ba-4472-a438-3051178c0b7d" testListId="8c84fa94-04c1-424b-9868-57a2d4851a1d" />
    <TestEntry testId="2486bace-5605-762b-c0ee-d108e8300ef5" executionId="554a0880-f4b8-4b64-a189-09326171bcb0" testListId="8c84fa94-04c1-424b-9868-57a2d4851a1d" />
    <TestEntry testId="4d9a623e-042e-c9ac-b488-194bbf075b36" executionId="0aa2bddd-207c-493a-8867-caf4a05dc773" testListId="8c84fa94-04c1-424b-9868-57a2d4851a1d" />
    <TestEntry testId="0605805d-d351-459d-0d69-eb18696cb82e" executionId="3171c7bf-35b4-4369-877e-cd5752c7c0b2" testListId="8c84fa94-04c1-424b-9868-57a2d4851a1d" />
  </TestEntries>
  <TestLists>
    <TestList name="Results Not in a List" id="8c84fa94-04c1-424b-9868-57a2d4851a1d" />
    <TestList name="All Loaded Results" id="19431567-8539-422a-85d7-44ee4e166bda" />
  </TestLists>
  <ResultSummary outcome="Completed">
    <Counters total="4" executed="4" passed="4" failed="0" error="0" timeout="0" aborted="0" inconclusive="0" passedButRunAborted="0" notRunnable="0" notExecuted="0" disconnected="0" warning="0" completed="0" inProgress="0" pending="0" />
  </ResultSummary>
</TestRun>