<?xml version="1.0" encoding="utf-8"?>
<TestRun id="83b1eef2-5158-493f-879c-ca1f0c7072b9" name="runneradmin@fv-az844-166 2024-09-04 13:59:35" runUser="fv-az844-166\runneradmin" xmlns="http://microsoft.com/schemas/VisualStudio/TeamTest/2010">
  <Times creation="2024-09-04T13:59:35.7069155+00:00" queuing="2024-09-04T13:59:35.7069157+00:00" start="2024-09-04T13:59:33.6011243+00:00" finish="2024-09-04T13:59:35.7116076+00:00" />
  <TestSettings name="default" id="a7bf4ccf-b5f9-4dce-9962-4d98dbe7f849">
    <Deployment runDeploymentRoot="runneradmin_fv-az844-166_2024-09-04_13_59_35" />
  </TestSettings>
  <Results>
    <UnitTestResult executionId="dd539afe-2cb5-436f-9116-300b73ed31b9" testId="b14ed372-5092-16be-ef0f-a37705e5b90e" testName="IntoSeveralEqualPartChangingCountOfServingTest" computerName="fv-az844-166" duration="00:00:00.0003436" startTime="2024-09-04T13:59:34.4323518+00:00" endTime="2024-09-04T13:59:34.4327974+00:00" testType="13cdc9d9-ddb5-4fa4-a97d-d965ccfc6d4b" outcome="Passed" testListId="8c84fa94-04c1-424b-9868-57a2d4851a1d" relativeResultsDirectory="dd539afe-2cb5-436f-9116-300b73ed31b9" />
    <UnitTestResult executionId="fbf912c4-558b-49e0-9d18-4fb896c3c9cf" testId="0605805d-d351-459d-0d69-eb18696cb82e" testName="MockRepositoryTests" computerName="fv-az844-166" duration="00:00:00.0753060" startTime="2024-09-04T13:59:34.4334465+00:00" endTime="2024-09-04T13:59:34.5089787+00:00" testType="13cdc9d9-ddb5-4fa4-a97d-d965ccfc6d4b" outcome="Passed" testListId="8c84fa94-04c1-424b-9868-57a2d4851a1d" relativeResultsDirectory="fbf912c4-558b-49e0-9d18-4fb896c3c9cf" />
    <UnitTestResult executionId="e27224bf-1517-4b54-816e-0397d6b28767" testId="dc1388c2-cdbe-63f3-c39a-1ba8dd07596e" testName="IntoSeveralEqualPartChangingServingDividerTest" computerName="fv-az844-166" duration="00:00:00.0003319" startTime="2024-09-04T13:59:34.4328299+00:00" endTime="2024-09-04T13:59:34.4334127+00:00" testType="13cdc9d9-ddb5-4fa4-a97d-d965ccfc6d4b" outcome="Passed" testListId="8c84fa94-04c1-424b-9868-57a2d4851a1d" relativeResultsDirectory="e27224bf-1517-4b54-816e-0397d6b28767" />
    <UnitTestResult executionId="f6f82ec6-1cb4-4963-b6b3-773ad01b6b5a" testId="b85b9cd0-1bcf-2c09-696c-ba58ea2c8960" testName="MockRepositoryTests2" computerName="fv-az844-166" duration="00:00:00.0104706" startTime="2024-09-04T13:59:34.5090451+00:00" endTime="2024-09-04T13:59:34.5196620+00:00" testType="13cdc9d9-ddb5-4fa4-a97d-d965ccfc6d4b" outcome="Passed" testListId="8c84fa94-04c1-424b-9868-57a2d4851a1d" relativeResultsDirectory="f6f82ec6-1cb4-4963-b6b3-773ad01b6b5a" />
    <UnitTestResult executionId="aa096a8b-0392-487f-bbe8-91aa6c4efdf6" testId="84b67449-b2d8-2fdc-fbf6-70dc0749c3d7" testName="IntoSeveralEqualPartTest" computerName="fv-az844-166" duration="00:00:00.2082954" startTime="2024-09-04T13:59:34.1694833+00:00" endTime="2024-09-04T13:59:34.4247798+00:00" testType="13cdc9d9-ddb5-4fa4-a97d-d965ccfc6d4b" outcome="Passed" testListId="8c84fa94-04c1-424b-9868-57a2d4851a1d" relativeResultsDirectory="aa096a8b-0392-487f-bbe8-91aa6c4efdf6">
      <Output>
        <StdOut>Debug Trace:&#xD;
LogHost: *** Detected Unit Test Runner, setting MainThreadScheduler to CurrentThread *** (.cctor)&#xD;
LogHost: If we are not actually in a test runner, please file a bug

 (.cctor)&#xD;
LogHost: ReactiveUI acts differently under a test runner, see the docs
 (.cctor)&#xD;
LogHost: for more info about what to expect (.cctor)</StdOut>
      </Output>
    </UnitTestResult>
    <UnitTestResult executionId="c3912d9b-9409-481f-b407-a6bb6f87164e" testId="4d9a623e-042e-c9ac-b488-194bbf075b36" testName="MockRepositoryTests3" computerName="fv-az844-166" duration="00:00:00.0069219" startTime="2024-09-04T13:59:34.5197017+00:00" endTime="2024-09-04T13:59:34.5267378+00:00" testType="13cdc9d9-ddb5-4fa4-a97d-d965ccfc6d4b" outcome="Passed" testListId="8c84fa94-04c1-424b-9868-57a2d4851a1d" relativeResultsDirectory="c3912d9b-9409-481f-b407-a6bb6f87164e" />
    <UnitTestResult executionId="b54ffcc0-1317-42dd-9049-700cb286255b" testId="42517f55-819d-1745-5aff-9e87da2cf069" testName="IntoSeveralEqualPartChangingTotalTest" computerName="fv-az844-166" duration="00:00:00.0015808" startTime="2024-09-04T13:59:34.4302261+00:00" endTime="2024-09-04T13:59:34.4320230+00:00" testType="13cdc9d9-ddb5-4fa4-a97d-d965ccfc6d4b" outcome="Passed" testListId="8c84fa94-04c1-424b-9868-57a2d4851a1d" relativeResultsDirectory="b54ffcc0-1317-42dd-9049-700cb286255b" />
    <UnitTestResult executionId="17f11843-9b37-4a5c-bc50-117def130f36" testId="2486bace-5605-762b-c0ee-d108e8300ef5" testName="MockRepositoryTests4" computerName="fv-az844-166" duration="00:00:00.0043610" startTime="2024-09-04T13:59:34.5267807+00:00" endTime="2024-09-04T13:59:34.5324276+00:00" testType="13cdc9d9-ddb5-4fa4-a97d-d965ccfc6d4b" outcome="Passed" testListId="8c84fa94-04c1-424b-9868-57a2d4851a1d" relativeResultsDirectory="17f11843-9b37-4a5c-bc50-117def130f36" />
  </Results>
  <TestDefinitions>
    <UnitTest name="MockRepositoryTests4" storage="d:\a\rcs-front\rcs-front\kassa.tests\bin\debug\net8.0\kassa.tests.dll" id="2486bace-5605-762b-c0ee-d108e8300ef5">
      <Execution id="17f11843-9b37-4a5c-bc50-117def130f36" />
      <TestMethod codeBase="D:\a\rcs-front\rcs-front\Kassa.Tests\bin\Debug\net8.0\Kassa.Tests.dll" adapterTypeName="executor://mstestadapter/v2" className="Kassa.Tests.MockTests" name="MockRepositoryTests4" />
    </UnitTest>
    <UnitTest name="MockRepositoryTests2" storage="d:\a\rcs-front\rcs-front\kassa.tests\bin\debug\net8.0\kassa.tests.dll" id="b85b9cd0-1bcf-2c09-696c-ba58ea2c8960">
      <Execution id="f6f82ec6-1cb4-4963-b6b3-773ad01b6b5a" />
      <TestMethod codeBase="D:\a\rcs-front\rcs-front\Kassa.Tests\bin\Debug\net8.0\Kassa.Tests.dll" adapterTypeName="executor://mstestadapter/v2" className="Kassa.Tests.MockTests" name="MockRepositoryTests2" />
    </UnitTest>
    <UnitTest name="IntoSeveralEqualPartTest" storage="d:\a\rcs-front\rcs-front\kassa.tests\bin\debug\net8.0\kassa.tests.dll" id="84b67449-b2d8-2fdc-fbf6-70dc0749c3d7">
      <Execution id="aa096a8b-0392-487f-bbe8-91aa6c4efdf6" />
      <TestMethod codeBase="D:\a\rcs-front\rcs-front\Kassa.Tests\bin\Debug\net8.0\Kassa.Tests.dll" adapterTypeName="executor://mstestadapter/v2" className="Kassa.Tests.MethodOfDivisionTests" name="IntoSeveralEqualPartTest" />
    </UnitTest>
    <UnitTest name="IntoSeveralEqualPartChangingServingDividerTest" storage="d:\a\rcs-front\rcs-front\kassa.tests\bin\debug\net8.0\kassa.tests.dll" id="dc1388c2-cdbe-63f3-c39a-1ba8dd07596e">
      <Execution id="e27224bf-1517-4b54-816e-0397d6b28767" />
      <TestMethod codeBase="D:\a\rcs-front\rcs-front\Kassa.Tests\bin\Debug\net8.0\Kassa.Tests.dll" adapterTypeName="executor://mstestadapter/v2" className="Kassa.Tests.MethodOfDivisionTests" name="IntoSeveralEqualPartChangingServingDividerTest" />
    </UnitTest>
    <UnitTest name="MockRepositoryTests3" storage="d:\a\rcs-front\rcs-front\kassa.tests\bin\debug\net8.0\kassa.tests.dll" id="4d9a623e-042e-c9ac-b488-194bbf075b36">
      <Execution id="c3912d9b-9409-481f-b407-a6bb6f87164e" />
      <TestMethod codeBase="D:\a\rcs-front\rcs-front\Kassa.Tests\bin\Debug\net8.0\Kassa.Tests.dll" adapterTypeName="executor://mstestadapter/v2" className="Kassa.Tests.MockTests" name="MockRepositoryTests3" />
    </UnitTest>
    <UnitTest name="IntoSeveralEqualPartChangingTotalTest" storage="d:\a\rcs-front\rcs-front\kassa.tests\bin\debug\net8.0\kassa.tests.dll" id="42517f55-819d-1745-5aff-9e87da2cf069">
      <Execution id="b54ffcc0-1317-42dd-9049-700cb286255b" />
      <TestMethod codeBase="D:\a\rcs-front\rcs-front\Kassa.Tests\bin\Debug\net8.0\Kassa.Tests.dll" adapterTypeName="executor://mstestadapter/v2" className="Kassa.Tests.MethodOfDivisionTests" name="IntoSeveralEqualPartChangingTotalTest" />
    </UnitTest>
    <UnitTest name="IntoSeveralEqualPartChangingCountOfServingTest" storage="d:\a\rcs-front\rcs-front\kassa.tests\bin\debug\net8.0\kassa.tests.dll" id="b14ed372-5092-16be-ef0f-a37705e5b90e">
      <Execution id="dd539afe-2cb5-436f-9116-300b73ed31b9" />
      <TestMethod codeBase="D:\a\rcs-front\rcs-front\Kassa.Tests\bin\Debug\net8.0\Kassa.Tests.dll" adapterTypeName="executor://mstestadapter/v2" className="Kassa.Tests.MethodOfDivisionTests" name="IntoSeveralEqualPartChangingCountOfServingTest" />
    </UnitTest>
    <UnitTest name="MockRepositoryTests" storage="d:\a\rcs-front\rcs-front\kassa.tests\bin\debug\net8.0\kassa.tests.dll" id="0605805d-d351-459d-0d69-eb18696cb82e">
      <Execution id="fbf912c4-558b-49e0-9d18-4fb896c3c9cf" />
      <TestMethod codeBase="D:\a\rcs-front\rcs-front\Kassa.Tests\bin\Debug\net8.0\Kassa.Tests.dll" adapterTypeName="executor://mstestadapter/v2" className="Kassa.Tests.MockTests" name="MockRepositoryTests" />
    </UnitTest>
  </TestDefinitions>
  <TestEntries>
    <TestEntry testId="b14ed372-5092-16be-ef0f-a37705e5b90e" executionId="dd539afe-2cb5-436f-9116-300b73ed31b9" testListId="8c84fa94-04c1-424b-9868-57a2d4851a1d" />
    <TestEntry testId="0605805d-d351-459d-0d69-eb18696cb82e" executionId="fbf912c4-558b-49e0-9d18-4fb896c3c9cf" testListId="8c84fa94-04c1-424b-9868-57a2d4851a1d" />
    <TestEntry testId="dc1388c2-cdbe-63f3-c39a-1ba8dd07596e" executionId="e27224bf-1517-4b54-816e-0397d6b28767" testListId="8c84fa94-04c1-424b-9868-57a2d4851a1d" />
    <TestEntry testId="b85b9cd0-1bcf-2c09-696c-ba58ea2c8960" executionId="f6f82ec6-1cb4-4963-b6b3-773ad01b6b5a" testListId="8c84fa94-04c1-424b-9868-57a2d4851a1d" />
    <TestEntry testId="84b67449-b2d8-2fdc-fbf6-70dc0749c3d7" executionId="aa096a8b-0392-487f-bbe8-91aa6c4efdf6" testListId="8c84fa94-04c1-424b-9868-57a2d4851a1d" />
    <TestEntry testId="4d9a623e-042e-c9ac-b488-194bbf075b36" executionId="c3912d9b-9409-481f-b407-a6bb6f87164e" testListId="8c84fa94-04c1-424b-9868-57a2d4851a1d" />
    <TestEntry testId="42517f55-819d-1745-5aff-9e87da2cf069" executionId="b54ffcc0-1317-42dd-9049-700cb286255b" testListId="8c84fa94-04c1-424b-9868-57a2d4851a1d" />
    <TestEntry testId="2486bace-5605-762b-c0ee-d108e8300ef5" executionId="17f11843-9b37-4a5c-bc50-117def130f36" testListId="8c84fa94-04c1-424b-9868-57a2d4851a1d" />
  </TestEntries>
  <TestLists>
    <TestList name="Results Not in a List" id="8c84fa94-04c1-424b-9868-57a2d4851a1d" />
    <TestList name="All Loaded Results" id="19431567-8539-422a-85d7-44ee4e166bda" />
  </TestLists>
  <ResultSummary outcome="Completed">
    <Counters total="8" executed="8" passed="8" failed="0" error="0" timeout="0" aborted="0" inconclusive="0" passedButRunAborted="0" notRunnable="0" notExecuted="0" disconnected="0" warning="0" completed="0" inProgress="0" pending="0" />
  </ResultSummary>
</TestRun>