<?xml version="1.0" encoding="utf-8"?>
<TestRun id="2242bcb3-81dd-4613-ac0f-62066c79cb5b" name="runneradmin@fv-az1347-515 2024-07-17 09:21:00" runUser="fv-az1347-515\runneradmin" xmlns="http://microsoft.com/schemas/VisualStudio/TeamTest/2010">
  <Times creation="2024-07-17T09:21:00.6321636+00:00" queuing="2024-07-17T09:21:00.6321637+00:00" start="2024-07-17T09:20:59.9381050+00:00" finish="2024-07-17T09:21:00.6368150+00:00" />
  <TestSettings name="default" id="23f0bf80-e365-4330-a7f2-ab807e21f8d0">
    <Deployment runDeploymentRoot="runneradmin_fv-az1347-515_2024-07-17_09_21_00" />
  </TestSettings>
  <Results>
    <UnitTestResult executionId="0ee272c3-b3a9-4ec6-9eaa-2d03813c7c36" testId="0605805d-d351-459d-0d69-eb18696cb82e" testName="MockRepositoryTests" computerName="fv-az1347-515" duration="00:00:00.0532089" startTime="2024-07-17T09:21:00.3962640+00:00" endTime="2024-07-17T09:21:00.4603409+00:00" testType="13cdc9d9-ddb5-4fa4-a97d-d965ccfc6d4b" outcome="Passed" testListId="8c84fa94-04c1-424b-9868-57a2d4851a1d" relativeResultsDirectory="0ee272c3-b3a9-4ec6-9eaa-2d03813c7c36" />
    <UnitTestResult executionId="e5296eff-d886-4f71-ad12-48e6490b4ec6" testId="b85b9cd0-1bcf-2c09-696c-ba58ea2c8960" testName="MockRepositoryTests2" computerName="fv-az1347-515" duration="00:00:00.0123120" startTime="2024-07-17T09:21:00.4658337+00:00" endTime="2024-07-17T09:21:00.4783498+00:00" testType="13cdc9d9-ddb5-4fa4-a97d-d965ccfc6d4b" outcome="Passed" testListId="8c84fa94-04c1-424b-9868-57a2d4851a1d" relativeResultsDirectory="e5296eff-d886-4f71-ad12-48e6490b4ec6" />
    <UnitTestResult executionId="f783938c-330c-4fe0-87cf-78b267e5ab29" testId="4d9a623e-042e-c9ac-b488-194bbf075b36" testName="MockRepositoryTests3" computerName="fv-az1347-515" duration="00:00:00.0071374" startTime="2024-07-17T09:21:00.4786832+00:00" endTime="2024-07-17T09:21:00.4859441+00:00" testType="13cdc9d9-ddb5-4fa4-a97d-d965ccfc6d4b" outcome="Passed" testListId="8c84fa94-04c1-424b-9868-57a2d4851a1d" relativeResultsDirectory="f783938c-330c-4fe0-87cf-78b267e5ab29" />
    <UnitTestResult executionId="266f8fe8-00ad-4fcd-b52f-4d30ce3f02c0" testId="2486bace-5605-762b-c0ee-d108e8300ef5" testName="MockRepositoryTests4" computerName="fv-az1347-515" duration="00:00:00.0043643" startTime="2024-07-17T09:21:00.4859828+00:00" endTime="2024-07-17T09:21:00.4921977+00:00" testType="13cdc9d9-ddb5-4fa4-a97d-d965ccfc6d4b" outcome="Passed" testListId="8c84fa94-04c1-424b-9868-57a2d4851a1d" relativeResultsDirectory="266f8fe8-00ad-4fcd-b52f-4d30ce3f02c0" />
  </Results>
  <TestDefinitions>
    <UnitTest name="MockRepositoryTests4" storage="d:\a\rcs-front\rcs-front\kassa.tests\bin\debug\net8.0\kassa.tests.dll" id="2486bace-5605-762b-c0ee-d108e8300ef5">
      <Execution id="266f8fe8-00ad-4fcd-b52f-4d30ce3f02c0" />
      <TestMethod codeBase="D:\a\rcs-front\rcs-front\Kassa.Tests\bin\Debug\net8.0\Kassa.Tests.dll" adapterTypeName="executor://mstestadapter/v2" className="Kassa.Tests.MockTests" name="MockRepositoryTests4" />
    </UnitTest>
    <UnitTest name="MockRepositoryTests2" storage="d:\a\rcs-front\rcs-front\kassa.tests\bin\debug\net8.0\kassa.tests.dll" id="b85b9cd0-1bcf-2c09-696c-ba58ea2c8960">
      <Execution id="e5296eff-d886-4f71-ad12-48e6490b4ec6" />
      <TestMethod codeBase="D:\a\rcs-front\rcs-front\Kassa.Tests\bin\Debug\net8.0\Kassa.Tests.dll" adapterTypeName="executor://mstestadapter/v2" className="Kassa.Tests.MockTests" name="MockRepositoryTests2" />
    </UnitTest>
    <UnitTest name="MockRepositoryTests3" storage="d:\a\rcs-front\rcs-front\kassa.tests\bin\debug\net8.0\kassa.tests.dll" id="4d9a623e-042e-c9ac-b488-194bbf075b36">
      <Execution id="f783938c-330c-4fe0-87cf-78b267e5ab29" />
      <TestMethod codeBase="D:\a\rcs-front\rcs-front\Kassa.Tests\bin\Debug\net8.0\Kassa.Tests.dll" adapterTypeName="executor://mstestadapter/v2" className="Kassa.Tests.MockTests" name="MockRepositoryTests3" />
    </UnitTest>
    <UnitTest name="MockRepositoryTests" storage="d:\a\rcs-front\rcs-front\kassa.tests\bin\debug\net8.0\kassa.tests.dll" id="0605805d-d351-459d-0d69-eb18696cb82e">
      <Execution id="0ee272c3-b3a9-4ec6-9eaa-2d03813c7c36" />
      <TestMethod codeBase="D:\a\rcs-front\rcs-front\Kassa.Tests\bin\Debug\net8.0\Kassa.Tests.dll" adapterTypeName="executor://mstestadapter/v2" className="Kassa.Tests.MockTests" name="MockRepositoryTests" />
    </UnitTest>
  </TestDefinitions>
  <TestEntries>
    <TestEntry testId="0605805d-d351-459d-0d69-eb18696cb82e" executionId="0ee272c3-b3a9-4ec6-9eaa-2d03813c7c36" testListId="8c84fa94-04c1-424b-9868-57a2d4851a1d" />
    <TestEntry testId="b85b9cd0-1bcf-2c09-696c-ba58ea2c8960" executionId="e5296eff-d886-4f71-ad12-48e6490b4ec6" testListId="8c84fa94-04c1-424b-9868-57a2d4851a1d" />
    <TestEntry testId="4d9a623e-042e-c9ac-b488-194bbf075b36" executionId="f783938c-330c-4fe0-87cf-78b267e5ab29" testListId="8c84fa94-04c1-424b-9868-57a2d4851a1d" />
    <TestEntry testId="2486bace-5605-762b-c0ee-d108e8300ef5" executionId="266f8fe8-00ad-4fcd-b52f-4d30ce3f02c0" testListId="8c84fa94-04c1-424b-9868-57a2d4851a1d" />
  </TestEntries>
  <TestLists>
    <TestList name="Results Not in a List" id="8c84fa94-04c1-424b-9868-57a2d4851a1d" />
    <TestList name="All Loaded Results" id="19431567-8539-422a-85d7-44ee4e166bda" />
  </TestLists>
  <ResultSummary outcome="Completed">
    <Counters total="4" executed="4" passed="4" failed="0" error="0" timeout="0" aborted="0" inconclusive="0" passedButRunAborted="0" notRunnable="0" notExecuted="0" disconnected="0" warning="0" completed="0" inProgress="0" pending="0" />
  </ResultSummary>
</TestRun>