<?xml version="1.0" encoding="utf-8"?>
<TestRun id="c4d796b9-78b0-437e-b083-cce38b462881" name="runneradmin@fv-az1455-48 2024-08-26 08:28:34" runUser="fv-az1455-48\runneradmin" xmlns="http://microsoft.com/schemas/VisualStudio/TeamTest/2010">
  <Times creation="2024-08-26T08:28:34.6124237+00:00" queuing="2024-08-26T08:28:34.6124239+00:00" start="2024-08-26T08:28:33.7032774+00:00" finish="2024-08-26T08:28:34.6188573+00:00" />
  <TestSettings name="default" id="6a536666-4100-46f6-a8d1-2d1a379e9f48">
    <Deployment runDeploymentRoot="runneradmin_fv-az1455-48_2024-08-26_08_28_34" />
  </TestSettings>
  <Results>
    <UnitTestResult executionId="744d972a-f317-41ab-b876-4d626e83c3d1" testId="4d9a623e-042e-c9ac-b488-194bbf075b36" testName="MockRepositoryTests3" computerName="fv-az1455-48" duration="00:00:00.0072586" startTime="2024-08-26T08:28:34.4296431+00:00" endTime="2024-08-26T08:28:34.4370345+00:00" testType="13cdc9d9-ddb5-4fa4-a97d-d965ccfc6d4b" outcome="Passed" testListId="8c84fa94-04c1-424b-9868-57a2d4851a1d" relativeResultsDirectory="744d972a-f317-41ab-b876-4d626e83c3d1" />
    <UnitTestResult executionId="5d9d4a4c-dcfe-49b5-8839-7ad01eb213e6" testId="0605805d-d351-459d-0d69-eb18696cb82e" testName="MockRepositoryTests" computerName="fv-az1455-48" duration="00:00:00.0578006" startTime="2024-08-26T08:28:34.3375457+00:00" endTime="2024-08-26T08:28:34.4109722+00:00" testType="13cdc9d9-ddb5-4fa4-a97d-d965ccfc6d4b" outcome="Passed" testListId="8c84fa94-04c1-424b-9868-57a2d4851a1d" relativeResultsDirectory="5d9d4a4c-dcfe-49b5-8839-7ad01eb213e6" />
    <UnitTestResult executionId="fd039b78-5f7a-42d2-954d-9f6c745a6dc4" testId="2486bace-5605-762b-c0ee-d108e8300ef5" testName="MockRepositoryTests4" computerName="fv-az1455-48" duration="00:00:00.0043339" startTime="2024-08-26T08:28:34.4370742+00:00" endTime="2024-08-26T08:28:34.4433266+00:00" testType="13cdc9d9-ddb5-4fa4-a97d-d965ccfc6d4b" outcome="Passed" testListId="8c84fa94-04c1-424b-9868-57a2d4851a1d" relativeResultsDirectory="fd039b78-5f7a-42d2-954d-9f6c745a6dc4" />
    <UnitTestResult executionId="2c58d3ca-7f5e-4ec8-a7ed-57f616b7c2c3" testId="b85b9cd0-1bcf-2c09-696c-ba58ea2c8960" testName="MockRepositoryTests2" computerName="fv-az1455-48" duration="00:00:00.0125606" startTime="2024-08-26T08:28:34.4164955+00:00" endTime="2024-08-26T08:28:34.4292899+00:00" testType="13cdc9d9-ddb5-4fa4-a97d-d965ccfc6d4b" outcome="Passed" testListId="8c84fa94-04c1-424b-9868-57a2d4851a1d" relativeResultsDirectory="2c58d3ca-7f5e-4ec8-a7ed-57f616b7c2c3" />
  </Results>
  <TestDefinitions>
    <UnitTest name="MockRepositoryTests4" storage="d:\a\rcs-front\rcs-front\kassa.tests\bin\debug\net8.0\kassa.tests.dll" id="2486bace-5605-762b-c0ee-d108e8300ef5">
      <Execution id="fd039b78-5f7a-42d2-954d-9f6c745a6dc4" />
      <TestMethod codeBase="D:\a\rcs-front\rcs-front\Kassa.Tests\bin\Debug\net8.0\Kassa.Tests.dll" adapterTypeName="executor://mstestadapter/v2" className="Kassa.Tests.MockTests" name="MockRepositoryTests4" />
    </UnitTest>
    <UnitTest name="MockRepositoryTests2" storage="d:\a\rcs-front\rcs-front\kassa.tests\bin\debug\net8.0\kassa.tests.dll" id="b85b9cd0-1bcf-2c09-696c-ba58ea2c8960">
      <Execution id="2c58d3ca-7f5e-4ec8-a7ed-57f616b7c2c3" />
      <TestMethod codeBase="D:\a\rcs-front\rcs-front\Kassa.Tests\bin\Debug\net8.0\Kassa.Tests.dll" adapterTypeName="executor://mstestadapter/v2" className="Kassa.Tests.MockTests" name="MockRepositoryTests2" />
    </UnitTest>
    <UnitTest name="MockRepositoryTests3" storage="d:\a\rcs-front\rcs-front\kassa.tests\bin\debug\net8.0\kassa.tests.dll" id="4d9a623e-042e-c9ac-b488-194bbf075b36">
      <Execution id="744d972a-f317-41ab-b876-4d626e83c3d1" />
      <TestMethod codeBase="D:\a\rcs-front\rcs-front\Kassa.Tests\bin\Debug\net8.0\Kassa.Tests.dll" adapterTypeName="executor://mstestadapter/v2" className="Kassa.Tests.MockTests" name="MockRepositoryTests3" />
    </UnitTest>
    <UnitTest name="MockRepositoryTests" storage="d:\a\rcs-front\rcs-front\kassa.tests\bin\debug\net8.0\kassa.tests.dll" id="0605805d-d351-459d-0d69-eb18696cb82e">
      <Execution id="5d9d4a4c-dcfe-49b5-8839-7ad01eb213e6" />
      <TestMethod codeBase="D:\a\rcs-front\rcs-front\Kassa.Tests\bin\Debug\net8.0\Kassa.Tests.dll" adapterTypeName="executor://mstestadapter/v2" className="Kassa.Tests.MockTests" name="MockRepositoryTests" />
    </UnitTest>
  </TestDefinitions>
  <TestEntries>
    <TestEntry testId="4d9a623e-042e-c9ac-b488-194bbf075b36" executionId="744d972a-f317-41ab-b876-4d626e83c3d1" testListId="8c84fa94-04c1-424b-9868-57a2d4851a1d" />
    <TestEntry testId="0605805d-d351-459d-0d69-eb18696cb82e" executionId="5d9d4a4c-dcfe-49b5-8839-7ad01eb213e6" testListId="8c84fa94-04c1-424b-9868-57a2d4851a1d" />
    <TestEntry testId="2486bace-5605-762b-c0ee-d108e8300ef5" executionId="fd039b78-5f7a-42d2-954d-9f6c745a6dc4" testListId="8c84fa94-04c1-424b-9868-57a2d4851a1d" />
    <TestEntry testId="b85b9cd0-1bcf-2c09-696c-ba58ea2c8960" executionId="2c58d3ca-7f5e-4ec8-a7ed-57f616b7c2c3" testListId="8c84fa94-04c1-424b-9868-57a2d4851a1d" />
  </TestEntries>
  <TestLists>
    <TestList name="Results Not in a List" id="8c84fa94-04c1-424b-9868-57a2d4851a1d" />
    <TestList name="All Loaded Results" id="19431567-8539-422a-85d7-44ee4e166bda" />
  </TestLists>
  <ResultSummary outcome="Completed">
    <Counters total="4" executed="4" passed="4" failed="0" error="0" timeout="0" aborted="0" inconclusive="0" passedButRunAborted="0" notRunnable="0" notExecuted="0" disconnected="0" warning="0" completed="0" inProgress="0" pending="0" />
  </ResultSummary>
</TestRun>