<?xml version="1.0" encoding="utf-8"?>
<TestRun id="b013a8e5-2a38-48c8-975a-60d1737e29dc" name="runneradmin@fv-az1760-924 2024-07-04 08:43:04" runUser="fv-az1760-924\runneradmin" xmlns="http://microsoft.com/schemas/VisualStudio/TeamTest/2010">
  <Times creation="2024-07-04T08:43:04.5045784+00:00" queuing="2024-07-04T08:43:04.5045785+00:00" start="2024-07-04T08:43:02.9221197+00:00" finish="2024-07-04T08:43:04.5094592+00:00" />
  <TestSettings name="default" id="84267fb9-8cc2-4b47-9119-eecf83de7996">
    <Deployment runDeploymentRoot="runneradmin_fv-az1760-924_2024-07-04_08_43_04" />
  </TestSettings>
  <Results>
    <UnitTestResult executionId="54f59ddf-b903-4e0a-97ad-a50baf6b4729" testId="4d9a623e-042e-c9ac-b488-194bbf075b36" testName="MockRepositoryTests3" computerName="fv-az1760-924" duration="00:00:00.0051117" startTime="2024-07-04T08:43:03.5849790+00:00" endTime="2024-07-04T08:43:03.5901860+00:00" testType="13cdc9d9-ddb5-4fa4-a97d-d965ccfc6d4b" outcome="Passed" testListId="8c84fa94-04c1-424b-9868-57a2d4851a1d" relativeResultsDirectory="54f59ddf-b903-4e0a-97ad-a50baf6b4729" />
    <UnitTestResult executionId="c0294d53-618d-48eb-90ff-b05d73b5f1a3" testId="b85b9cd0-1bcf-2c09-696c-ba58ea2c8960" testName="MockRepositoryTests2" computerName="fv-az1760-924" duration="00:00:00.0079915" startTime="2024-07-04T08:43:03.5765947+00:00" endTime="2024-07-04T08:43:03.5847385+00:00" testType="13cdc9d9-ddb5-4fa4-a97d-d965ccfc6d4b" outcome="Passed" testListId="8c84fa94-04c1-424b-9868-57a2d4851a1d" relativeResultsDirectory="c0294d53-618d-48eb-90ff-b05d73b5f1a3" />
    <UnitTestResult executionId="8b588629-b318-45ff-a0ef-7e96d6a12644" testId="2486bace-5605-762b-c0ee-d108e8300ef5" testName="MockRepositoryTests4" computerName="fv-az1760-924" duration="00:00:00.0029871" startTime="2024-07-04T08:43:03.5902130+00:00" endTime="2024-07-04T08:43:03.5944903+00:00" testType="13cdc9d9-ddb5-4fa4-a97d-d965ccfc6d4b" outcome="Passed" testListId="8c84fa94-04c1-424b-9868-57a2d4851a1d" relativeResultsDirectory="8b588629-b318-45ff-a0ef-7e96d6a12644" />
    <UnitTestResult executionId="95816e80-864e-49f5-82df-f8418583266a" testId="0605805d-d351-459d-0d69-eb18696cb82e" testName="MockRepositoryTests" computerName="fv-az1760-924" duration="00:00:00.0586990" startTime="2024-07-04T08:43:03.4843828+00:00" endTime="2024-07-04T08:43:03.5727486+00:00" testType="13cdc9d9-ddb5-4fa4-a97d-d965ccfc6d4b" outcome="Passed" testListId="8c84fa94-04c1-424b-9868-57a2d4851a1d" relativeResultsDirectory="95816e80-864e-49f5-82df-f8418583266a" />
  </Results>
  <TestDefinitions>
    <UnitTest name="MockRepositoryTests4" storage="d:\a\rcs-front\rcs-front\kassa.tests\bin\debug\net8.0\kassa.tests.dll" id="2486bace-5605-762b-c0ee-d108e8300ef5">
      <Execution id="8b588629-b318-45ff-a0ef-7e96d6a12644" />
      <TestMethod codeBase="D:\a\rcs-front\rcs-front\Kassa.Tests\bin\Debug\net8.0\Kassa.Tests.dll" adapterTypeName="executor://mstestadapter/v2" className="Kassa.Tests.MockTests" name="MockRepositoryTests4" />
    </UnitTest>
    <UnitTest name="MockRepositoryTests2" storage="d:\a\rcs-front\rcs-front\kassa.tests\bin\debug\net8.0\kassa.tests.dll" id="b85b9cd0-1bcf-2c09-696c-ba58ea2c8960">
      <Execution id="c0294d53-618d-48eb-90ff-b05d73b5f1a3" />
      <TestMethod codeBase="D:\a\rcs-front\rcs-front\Kassa.Tests\bin\Debug\net8.0\Kassa.Tests.dll" adapterTypeName="executor://mstestadapter/v2" className="Kassa.Tests.MockTests" name="MockRepositoryTests2" />
    </UnitTest>
    <UnitTest name="MockRepositoryTests3" storage="d:\a\rcs-front\rcs-front\kassa.tests\bin\debug\net8.0\kassa.tests.dll" id="4d9a623e-042e-c9ac-b488-194bbf075b36">
      <Execution id="54f59ddf-b903-4e0a-97ad-a50baf6b4729" />
      <TestMethod codeBase="D:\a\rcs-front\rcs-front\Kassa.Tests\bin\Debug\net8.0\Kassa.Tests.dll" adapterTypeName="executor://mstestadapter/v2" className="Kassa.Tests.MockTests" name="MockRepositoryTests3" />
    </UnitTest>
    <UnitTest name="MockRepositoryTests" storage="d:\a\rcs-front\rcs-front\kassa.tests\bin\debug\net8.0\kassa.tests.dll" id="0605805d-d351-459d-0d69-eb18696cb82e">
      <Execution id="95816e80-864e-49f5-82df-f8418583266a" />
      <TestMethod codeBase="D:\a\rcs-front\rcs-front\Kassa.Tests\bin\Debug\net8.0\Kassa.Tests.dll" adapterTypeName="executor://mstestadapter/v2" className="Kassa.Tests.MockTests" name="MockRepositoryTests" />
    </UnitTest>
  </TestDefinitions>
  <TestEntries>
    <TestEntry testId="4d9a623e-042e-c9ac-b488-194bbf075b36" executionId="54f59ddf-b903-4e0a-97ad-a50baf6b4729" testListId="8c84fa94-04c1-424b-9868-57a2d4851a1d" />
    <TestEntry testId="b85b9cd0-1bcf-2c09-696c-ba58ea2c8960" executionId="c0294d53-618d-48eb-90ff-b05d73b5f1a3" testListId="8c84fa94-04c1-424b-9868-57a2d4851a1d" />
    <TestEntry testId="2486bace-5605-762b-c0ee-d108e8300ef5" executionId="8b588629-b318-45ff-a0ef-7e96d6a12644" testListId="8c84fa94-04c1-424b-9868-57a2d4851a1d" />
    <TestEntry testId="0605805d-d351-459d-0d69-eb18696cb82e" executionId="95816e80-864e-49f5-82df-f8418583266a" testListId="8c84fa94-04c1-424b-9868-57a2d4851a1d" />
  </TestEntries>
  <TestLists>
    <TestList name="Results Not in a List" id="8c84fa94-04c1-424b-9868-57a2d4851a1d" />
    <TestList name="All Loaded Results" id="19431567-8539-422a-85d7-44ee4e166bda" />
  </TestLists>
  <ResultSummary outcome="Completed">
    <Counters total="4" executed="4" passed="4" failed="0" error="0" timeout="0" aborted="0" inconclusive="0" passedButRunAborted="0" notRunnable="0" notExecuted="0" disconnected="0" warning="0" completed="0" inProgress="0" pending="0" />
  </ResultSummary>
</TestRun>