<?xml version="1.0" encoding="utf-8"?>
<TestRun id="a5d3f630-92db-45ef-975f-d5131668421f" name="runneradmin@fv-az980-186 2024-07-04 13:07:27" runUser="fv-az980-186\runneradmin" xmlns="http://microsoft.com/schemas/VisualStudio/TeamTest/2010">
  <Times creation="2024-07-04T13:07:27.3991656+00:00" queuing="2024-07-04T13:07:27.3991657+00:00" start="2024-07-04T13:07:24.1328856+00:00" finish="2024-07-04T13:07:27.4038788+00:00" />
  <TestSettings name="default" id="f6d6689c-bc72-4df1-ba79-cdaa526f164b">
    <Deployment runDeploymentRoot="runneradmin_fv-az980-186_2024-07-04_13_07_27" />
  </TestSettings>
  <Results>
    <UnitTestResult executionId="cba9a30b-90a0-4fca-ab48-eca44823089e" testId="2486bace-5605-762b-c0ee-d108e8300ef5" testName="MockRepositoryTests4" computerName="fv-az980-186" duration="00:00:00.0044549" startTime="2024-07-04T13:07:25.2452725+00:00" endTime="2024-07-04T13:07:25.2515857+00:00" testType="13cdc9d9-ddb5-4fa4-a97d-d965ccfc6d4b" outcome="Passed" testListId="8c84fa94-04c1-424b-9868-57a2d4851a1d" relativeResultsDirectory="cba9a30b-90a0-4fca-ab48-eca44823089e" />
    <UnitTestResult executionId="67d8c126-587c-4ad3-8beb-d86b92f8dcb6" testId="b85b9cd0-1bcf-2c09-696c-ba58ea2c8960" testName="MockRepositoryTests2" computerName="fv-az980-186" duration="00:00:00.0078967" startTime="2024-07-04T13:07:25.2294512+00:00" endTime="2024-07-04T13:07:25.2375065+00:00" testType="13cdc9d9-ddb5-4fa4-a97d-d965ccfc6d4b" outcome="Passed" testListId="8c84fa94-04c1-424b-9868-57a2d4851a1d" relativeResultsDirectory="67d8c126-587c-4ad3-8beb-d86b92f8dcb6" />
    <UnitTestResult executionId="3231393d-2f10-405a-a58b-5fd2aeff4361" testId="4d9a623e-042e-c9ac-b488-194bbf075b36" testName="MockRepositoryTests3" computerName="fv-az980-186" duration="00:00:00.0072304" startTime="2024-07-04T13:07:25.2378325+00:00" endTime="2024-07-04T13:07:25.2452351+00:00" testType="13cdc9d9-ddb5-4fa4-a97d-d965ccfc6d4b" outcome="Passed" testListId="8c84fa94-04c1-424b-9868-57a2d4851a1d" relativeResultsDirectory="3231393d-2f10-405a-a58b-5fd2aeff4361" />
    <UnitTestResult executionId="c5be712c-912b-4547-95e1-9847fd855aa4" testId="0605805d-d351-459d-0d69-eb18696cb82e" testName="MockRepositoryTests" computerName="fv-az980-186" duration="00:00:00.0387801" startTime="2024-07-04T13:07:25.1337127+00:00" endTime="2024-07-04T13:07:25.2257728+00:00" testType="13cdc9d9-ddb5-4fa4-a97d-d965ccfc6d4b" outcome="Passed" testListId="8c84fa94-04c1-424b-9868-57a2d4851a1d" relativeResultsDirectory="c5be712c-912b-4547-95e1-9847fd855aa4" />
  </Results>
  <TestDefinitions>
    <UnitTest name="MockRepositoryTests4" storage="d:\a\rcs-front\rcs-front\kassa.tests\bin\debug\net8.0\kassa.tests.dll" id="2486bace-5605-762b-c0ee-d108e8300ef5">
      <Execution id="cba9a30b-90a0-4fca-ab48-eca44823089e" />
      <TestMethod codeBase="D:\a\rcs-front\rcs-front\Kassa.Tests\bin\Debug\net8.0\Kassa.Tests.dll" adapterTypeName="executor://mstestadapter/v2" className="Kassa.Tests.MockTests" name="MockRepositoryTests4" />
    </UnitTest>
    <UnitTest name="MockRepositoryTests2" storage="d:\a\rcs-front\rcs-front\kassa.tests\bin\debug\net8.0\kassa.tests.dll" id="b85b9cd0-1bcf-2c09-696c-ba58ea2c8960">
      <Execution id="67d8c126-587c-4ad3-8beb-d86b92f8dcb6" />
      <TestMethod codeBase="D:\a\rcs-front\rcs-front\Kassa.Tests\bin\Debug\net8.0\Kassa.Tests.dll" adapterTypeName="executor://mstestadapter/v2" className="Kassa.Tests.MockTests" name="MockRepositoryTests2" />
    </UnitTest>
    <UnitTest name="MockRepositoryTests3" storage="d:\a\rcs-front\rcs-front\kassa.tests\bin\debug\net8.0\kassa.tests.dll" id="4d9a623e-042e-c9ac-b488-194bbf075b36">
      <Execution id="3231393d-2f10-405a-a58b-5fd2aeff4361" />
      <TestMethod codeBase="D:\a\rcs-front\rcs-front\Kassa.Tests\bin\Debug\net8.0\Kassa.Tests.dll" adapterTypeName="executor://mstestadapter/v2" className="Kassa.Tests.MockTests" name="MockRepositoryTests3" />
    </UnitTest>
    <UnitTest name="MockRepositoryTests" storage="d:\a\rcs-front\rcs-front\kassa.tests\bin\debug\net8.0\kassa.tests.dll" id="0605805d-d351-459d-0d69-eb18696cb82e">
      <Execution id="c5be712c-912b-4547-95e1-9847fd855aa4" />
      <TestMethod codeBase="D:\a\rcs-front\rcs-front\Kassa.Tests\bin\Debug\net8.0\Kassa.Tests.dll" adapterTypeName="executor://mstestadapter/v2" className="Kassa.Tests.MockTests" name="MockRepositoryTests" />
    </UnitTest>
  </TestDefinitions>
  <TestEntries>
    <TestEntry testId="2486bace-5605-762b-c0ee-d108e8300ef5" executionId="cba9a30b-90a0-4fca-ab48-eca44823089e" testListId="8c84fa94-04c1-424b-9868-57a2d4851a1d" />
    <TestEntry testId="b85b9cd0-1bcf-2c09-696c-ba58ea2c8960" executionId="67d8c126-587c-4ad3-8beb-d86b92f8dcb6" testListId="8c84fa94-04c1-424b-9868-57a2d4851a1d" />
    <TestEntry testId="4d9a623e-042e-c9ac-b488-194bbf075b36" executionId="3231393d-2f10-405a-a58b-5fd2aeff4361" testListId="8c84fa94-04c1-424b-9868-57a2d4851a1d" />
    <TestEntry testId="0605805d-d351-459d-0d69-eb18696cb82e" executionId="c5be712c-912b-4547-95e1-9847fd855aa4" testListId="8c84fa94-04c1-424b-9868-57a2d4851a1d" />
  </TestEntries>
  <TestLists>
    <TestList name="Results Not in a List" id="8c84fa94-04c1-424b-9868-57a2d4851a1d" />
    <TestList name="All Loaded Results" id="19431567-8539-422a-85d7-44ee4e166bda" />
  </TestLists>
  <ResultSummary outcome="Completed">
    <Counters total="4" executed="4" passed="4" failed="0" error="0" timeout="0" aborted="0" inconclusive="0" passedButRunAborted="0" notRunnable="0" notExecuted="0" disconnected="0" warning="0" completed="0" inProgress="0" pending="0" />
  </ResultSummary>
</TestRun>